#! /usr/bin/vvp
:ivl_version "11.0 (stable)";
:ivl_delay_selection "TYPICAL";
:vpi_time_precision + 0;
:vpi_module "/usr/lib/x86_64-linux-gnu/ivl/system.vpi";
:vpi_module "/usr/lib/x86_64-linux-gnu/ivl/vhdl_sys.vpi";
:vpi_module "/usr/lib/x86_64-linux-gnu/ivl/vhdl_textio.vpi";
:vpi_module "/usr/lib/x86_64-linux-gnu/ivl/v2005_math.vpi";
:vpi_module "/usr/lib/x86_64-linux-gnu/ivl/va_math.vpi";
S_0x55a24e3ea040 .scope module, "Guia_0302" "Guia_0302" 2 12;
 .timescale 0 0;
v0x55a24e3c2350_0 .var "a", 5 0;
v0x55a24e3c27b0_0 .var "aR", 5 0;
v0x55a24e3c2ba0_0 .var "b", 7 0;
v0x55a24e4104d0_0 .var "bR", 7 0;
v0x55a24e4105b0_0 .var "c", 5 0;
v0x55a24e4106e0_0 .var "cR", 5 0;
v0x55a24e4107c0_0 .var "d", 9 0;
v0x55a24e4108a0_0 .var "dR", 9 0;
v0x55a24e410980_0 .var "e", 7 0;
v0x55a24e410a60_0 .var "eR", 7 0;
S_0x55a24e3ea1d0 .scope begin, "main" "main" 2 27, 2 27 0, S_0x55a24e3ea040;
 .timescale 0 0;
    .scope S_0x55a24e3ea040;
T_0 ;
    %pushi/vec4 57, 0, 6;
    %store/vec4 v0x55a24e3c2350_0, 0, 6;
    %pushi/vec4 178, 0, 8;
    %store/vec4 v0x55a24e3c2ba0_0, 0, 8;
    %pushi/vec4 45, 0, 6;
    %store/vec4 v0x55a24e4105b0_0, 0, 6;
    %pushi/vec4 102, 0, 10;
    %store/vec4 v0x55a24e4107c0_0, 0, 10;
    %pushi/vec4 111, 0, 8;
    %store/vec4 v0x55a24e410980_0, 0, 8;
    %pushi/vec4 0, 0, 6;
    %store/vec4 v0x55a24e3c27b0_0, 0, 6;
    %pushi/vec4 0, 0, 8;
    %store/vec4 v0x55a24e4104d0_0, 0, 8;
    %pushi/vec4 0, 0, 6;
    %store/vec4 v0x55a24e4106e0_0, 0, 6;
    %pushi/vec4 0, 0, 10;
    %store/vec4 v0x55a24e4108a0_0, 0, 10;
    %pushi/vec4 0, 0, 8;
    %store/vec4 v0x55a24e410a60_0, 0, 8;
    %end;
    .thread T_0;
    .scope S_0x55a24e3ea040;
T_1 ;
    %fork t_1, S_0x55a24e3ea1d0;
    %jmp t_0;
    .scope S_0x55a24e3ea1d0;
t_1 ;
    %vpi_call 2 28 "$display", "Guia_0302 - Tests" {0 0 0};
    %load/vec4 v0x55a24e3c2350_0;
    %inv;
    %addi 1, 0, 6;
    %store/vec4 v0x55a24e3c27b0_0, 0, 6;
    %load/vec4 v0x55a24e3c2350_0;
    %inv;
    %vpi_call 2 30 "$display", "a = %8b -> C1(a) = %8b -> C2(a) = %8b", v0x55a24e3c2350_0, S<0,vec4,u6>, v0x55a24e3c27b0_0 {1 0 0};
    %load/vec4 v0x55a24e3c2ba0_0;
    %inv;
    %addi 1, 0, 8;
    %store/vec4 v0x55a24e4104d0_0, 0, 8;
    %load/vec4 v0x55a24e3c2ba0_0;
    %inv;
    %vpi_call 2 32 "$display", "b = %8b -> C1(b) = %8b -> C2(b) = %8b", v0x55a24e3c2ba0_0, S<0,vec4,u8>, v0x55a24e4104d0_0 {1 0 0};
    %load/vec4 v0x55a24e4105b0_0;
    %inv;
    %addi 1, 0, 6;
    %store/vec4 v0x55a24e4106e0_0, 0, 6;
    %load/vec4 v0x55a24e4105b0_0;
    %inv;
    %vpi_call 2 34 "$display", "c = %8b -> C1(c) = %8b -> C2(c) = %8b", v0x55a24e4105b0_0, S<0,vec4,u6>, v0x55a24e4106e0_0 {1 0 0};
    %load/vec4 v0x55a24e4107c0_0;
    %inv;
    %addi 1, 0, 10;
    %store/vec4 v0x55a24e4108a0_0, 0, 10;
    %load/vec4 v0x55a24e4107c0_0;
    %inv;
    %vpi_call 2 36 "$display", "d = %10b -> C1(c) = %10b -> C2(c) = %10b", v0x55a24e4107c0_0, S<0,vec4,u10>, v0x55a24e4108a0_0 {1 0 0};
    %load/vec4 v0x55a24e410980_0;
    %inv;
    %addi 1, 0, 8;
    %store/vec4 v0x55a24e410a60_0, 0, 8;
    %load/vec4 v0x55a24e410980_0;
    %inv;
    %vpi_call 2 38 "$display", "e = %8b -> C1(c) = %8b -> C2(c) = %8b", v0x55a24e410980_0, S<0,vec4,u8>, v0x55a24e410a60_0 {1 0 0};
    %end;
    .scope S_0x55a24e3ea040;
t_0 %join;
    %end;
    .thread T_1;
# The file index is used to find the file name in the following table.
:file_names 3;
    "N/A";
    "<interactive>";
    "Guia_0302.v";
