#! /usr/bin/vvp
:ivl_version "11.0 (stable)";
:ivl_delay_selection "TYPICAL";
:vpi_time_precision + 0;
:vpi_module "/usr/lib/x86_64-linux-gnu/ivl/system.vpi";
:vpi_module "/usr/lib/x86_64-linux-gnu/ivl/vhdl_sys.vpi";
:vpi_module "/usr/lib/x86_64-linux-gnu/ivl/vhdl_textio.vpi";
:vpi_module "/usr/lib/x86_64-linux-gnu/ivl/v2005_math.vpi";
:vpi_module "/usr/lib/x86_64-linux-gnu/ivl/va_math.vpi";
S_0x562006a4dcf0 .scope module, "Guia_0304" "Guia_0304" 2 11;
 .timescale 0 0;
v0x562006a4f350_0 .var/s "R", 8 0;
v0x562006a4f7b0_0 .var/s "R2", 12 0;
v0x562006a4fba0_0 .var/s "a1", 7 0;
v0x562006aa63b0_0 .var/s "a2", 7 0;
v0x562006aa6490_0 .var/s "b1", 7 0;
v0x562006aa65c0_0 .var/s "b2", 7 0;
v0x562006aa66a0_0 .var/s "c1", 5 0;
v0x562006aa6780_0 .var/s "c2", 5 0;
v0x562006aa6860_0 .var/s "d1", 9 0;
v0x562006aa6940_0 .var/s "d2", 9 0;
v0x562006aa6a20_0 .var/s "e1", 12 0;
v0x562006aa6b00_0 .var/s "e2", 12 0;
S_0x562006a4de80 .scope begin, "main" "main" 2 33, 2 33 0, S_0x562006a4dcf0;
 .timescale 0 0;
    .scope S_0x562006a4dcf0;
T_0 ;
    %pushi/vec4 25, 0, 8;
    %store/vec4 v0x562006a4fba0_0, 0, 8;
    %pushi/vec4 13, 0, 8;
    %store/vec4 v0x562006aa63b0_0, 0, 8;
    %pushi/vec4 93, 0, 8;
    %store/vec4 v0x562006aa6490_0, 0, 8;
    %pushi/vec4 36, 0, 8;
    %store/vec4 v0x562006aa65c0_0, 0, 8;
    %pushi/vec4 54, 0, 6;
    %store/vec4 v0x562006aa66a0_0, 0, 6;
    %pushi/vec4 45, 0, 6;
    %store/vec4 v0x562006aa6780_0, 0, 6;
    %pushi/vec4 254, 0, 10;
    %store/vec4 v0x562006aa6860_0, 0, 10;
    %pushi/vec4 183, 0, 10;
    %store/vec4 v0x562006aa6940_0, 0, 10;
    %pushi/vec4 2002, 0, 13;
    %store/vec4 v0x562006aa6a20_0, 0, 13;
    %pushi/vec4 2641, 0, 13;
    %store/vec4 v0x562006aa6b00_0, 0, 13;
    %pushi/vec4 0, 0, 9;
    %store/vec4 v0x562006a4f350_0, 0, 9;
    %pushi/vec4 0, 0, 13;
    %store/vec4 v0x562006a4f7b0_0, 0, 13;
    %end;
    .thread T_0;
    .scope S_0x562006a4dcf0;
T_1 ;
    %fork t_1, S_0x562006a4de80;
    %jmp t_0;
    .scope S_0x562006a4de80;
t_1 ;
    %vpi_call 2 34 "$display", "Guia_0304 - Tests" {0 0 0};
    %vpi_call 2 36 "$display", "a1 = %8b = %d", v0x562006a4fba0_0, v0x562006a4fba0_0 {0 0 0};
    %vpi_call 2 37 "$display", "a2 = %8b = %d", v0x562006aa63b0_0, v0x562006aa63b0_0 {0 0 0};
    %load/vec4 v0x562006a4fba0_0;
    %pad/s 9;
    %load/vec4 v0x562006aa63b0_0;
    %pad/s 9;
    %sub;
    %store/vec4 v0x562006a4f350_0, 0, 9;
    %vpi_call 2 39 "$display", "R = a1-a2 = %8b-%8b = %8b = %d\012", v0x562006a4fba0_0, v0x562006aa63b0_0, v0x562006a4f350_0, v0x562006a4f350_0 {0 0 0};
    %load/vec4 v0x562006aa6490_0;
    %parti/s 4, 0, 2;
    %cvt/rv;
    %pushi/real 1073741824, 4066; load=1.00000
    %mul/wr;
    %pushi/vec4 16, 0, 32;
    %cvt/rv/s;
    %div/wr;
    %vpi_call 2 42 "$display", "b1 = %b (Parte inteira: %d, Parte fracion\303\241ria: %0.4f)", v0x562006aa6490_0, &PV<v0x562006aa6490_0, 4, 4>, W<0,r> {0 1 0};
    %load/vec4 v0x562006aa65c0_0;
    %parti/s 4, 0, 2;
    %cvt/rv;
    %pushi/real 1073741824, 4066; load=1.00000
    %mul/wr;
    %pushi/vec4 16, 0, 32;
    %cvt/rv/s;
    %div/wr;
    %vpi_call 2 43 "$display", "b2 = %b (Parte inteira: %d, Parte fracion\303\241ria: %0.4f)", v0x562006aa65c0_0, &PV<v0x562006aa65c0_0, 4, 4>, W<0,r> {0 1 0};
    %load/vec4 v0x562006aa6490_0;
    %pad/s 9;
    %load/vec4 v0x562006aa65c0_0;
    %pad/s 9;
    %sub;
    %store/vec4 v0x562006a4f350_0, 0, 9;
    %load/vec4 v0x562006a4f350_0;
    %parti/s 4, 0, 2;
    %cvt/rv;
    %pushi/real 1073741824, 4066; load=1.00000
    %mul/wr;
    %pushi/vec4 16, 0, 32;
    %cvt/rv/s;
    %div/wr;
    %load/vec4 v0x562006a4f350_0;
    %parti/s 3, 4, 4;
    %cvt/rv;
    %load/vec4 v0x562006a4f350_0;
    %parti/s 4, 0, 2;
    %cvt/rv;
    %pushi/real 1073741824, 4066; load=1.00000
    %mul/wr;
    %pushi/vec4 16, 0, 32;
    %cvt/rv/s;
    %div/wr;
    %add/wr;
    %vpi_call 2 46 "$display", "R = b1 - b2 = %b - %b = %b.%b => (Inteiro)%d (Fracionario) %0.4f = %f\012", v0x562006aa6490_0, v0x562006aa65c0_0, &PV<v0x562006a4f350_0, 4, 4>, &PV<v0x562006a4f350_0, 0, 4>, &PV<v0x562006a4f350_0, 4, 4>, W<1,r>, W<0,r> {0 2 0};
    %vpi_call 2 48 "$display", "c1 = %6b = %d", v0x562006aa66a0_0, v0x562006aa66a0_0 {0 0 0};
    %vpi_call 2 49 "$display", "c2 = %6b = %d", v0x562006aa6780_0, v0x562006aa6780_0 {0 0 0};
    %load/vec4 v0x562006aa66a0_0;
    %pad/s 9;
    %load/vec4 v0x562006aa6780_0;
    %pad/s 9;
    %sub;
    %store/vec4 v0x562006a4f350_0, 0, 9;
    %vpi_call 2 51 "$display", "R = c1-c2 = %6b-%6b = %6b = %d(10) = %1d%1d(4)\012", v0x562006aa66a0_0, v0x562006aa6780_0, v0x562006a4f350_0, v0x562006a4f350_0, &PV<v0x562006a4f350_0, 2, 2>, &PV<v0x562006a4f350_0, 0, 2> {0 0 0};
    %vpi_call 2 53 "$display", "d1 = %10b = %d", v0x562006aa6860_0, v0x562006aa6860_0 {0 0 0};
    %vpi_call 2 54 "$display", "d2 = %10b = %d", v0x562006aa6940_0, v0x562006aa6940_0 {0 0 0};
    %load/vec4 v0x562006aa6860_0;
    %load/vec4 v0x562006aa6940_0;
    %sub;
    %pad/s 9;
    %store/vec4 v0x562006a4f350_0, 0, 9;
    %vpi_call 2 56 "$display", "R = d1-d2 = %10b-%10b = %10b = %d(10) = %o(8) \012", v0x562006aa6860_0, v0x562006aa6940_0, v0x562006a4f350_0, v0x562006a4f350_0, v0x562006a4f350_0 {0 0 0};
    %vpi_call 2 58 "$display", "e1 = %13b = %d", v0x562006aa6a20_0, v0x562006aa6a20_0 {0 0 0};
    %vpi_call 2 59 "$display", "e2 = %13b = %d", v0x562006aa6b00_0, v0x562006aa6b00_0 {0 0 0};
    %load/vec4 v0x562006aa6a20_0;
    %load/vec4 v0x562006aa6b00_0;
    %sub;
    %store/vec4 v0x562006a4f7b0_0, 0, 13;
    %vpi_call 2 61 "$display", "R = e1-e2 = %b-%b = %b = %d(10) = %h(16)\012", v0x562006aa6a20_0, v0x562006aa6b00_0, v0x562006a4f7b0_0, v0x562006a4f7b0_0, v0x562006a4f7b0_0 {0 0 0};
    %end;
    .scope S_0x562006a4dcf0;
t_0 %join;
    %end;
    .thread T_1;
# The file index is used to find the file name in the following table.
:file_names 3;
    "N/A";
    "<interactive>";
    "Guia_0304.v";
