#! /usr/bin/vvp
:ivl_version "11.0 (stable)";
:ivl_delay_selection "TYPICAL";
:vpi_time_precision + 0;
:vpi_module "/usr/lib/x86_64-linux-gnu/ivl/system.vpi";
:vpi_module "/usr/lib/x86_64-linux-gnu/ivl/vhdl_sys.vpi";
:vpi_module "/usr/lib/x86_64-linux-gnu/ivl/vhdl_textio.vpi";
:vpi_module "/usr/lib/x86_64-linux-gnu/ivl/v2005_math.vpi";
:vpi_module "/usr/lib/x86_64-linux-gnu/ivl/va_math.vpi";
S_0x55eb66318cf0 .scope module, "Guia_0305" "Guia_0305" 2 11;
 .timescale 0 0;
v0x55eb6631a350_0 .var/s "Ra", 6 0;
v0x55eb6631a7b0_0 .var/s "Rb", 6 0;
v0x55eb6631aba0_0 .var/s "Rc", 6 0;
v0x55eb66371f40_0 .var/s "Rd", 7 0;
v0x55eb66372020_0 .var/s "Re", 7 0;
v0x55eb66372150_0 .var "a1", 5 0;
v0x55eb66372230_0 .var "a2", 3 0;
v0x55eb66372310_0 .var "b1", 6 0;
v0x55eb663723f0_0 .var "b2", 6 0;
v0x55eb663724d0_0 .var "c1", 5 0;
v0x55eb663725b0_0 .var "c2", 7 0;
v0x55eb66372690_0 .var "d1", 7 0;
v0x55eb66372770_0 .var "d2", 6 0;
v0x55eb66372850_0 .var "e1", 7 0;
v0x55eb66372930_0 .var "e2", 7 0;
S_0x55eb66318e80 .scope begin, "main" "main" 2 36, 2 36 0, S_0x55eb66318cf0;
 .timescale 0 0;
    .scope S_0x55eb66318cf0;
T_0 ;
    %pushi/vec4 53, 0, 6;
    %store/vec4 v0x55eb66372150_0, 0, 6;
    %pushi/vec4 11, 0, 4;
    %store/vec4 v0x55eb66372230_0, 0, 4;
    %pushi/vec4 89, 0, 7;
    %store/vec4 v0x55eb66372310_0, 0, 7;
    %pushi/vec4 50, 0, 7;
    %store/vec4 v0x55eb663723f0_0, 0, 7;
    %pushi/vec4 39, 0, 6;
    %store/vec4 v0x55eb663724d0_0, 0, 6;
    %pushi/vec4 61, 0, 8;
    %store/vec4 v0x55eb663725b0_0, 0, 8;
    %pushi/vec4 197, 0, 8;
    %store/vec4 v0x55eb66372690_0, 0, 8;
    %pushi/vec4 89, 0, 7;
    %store/vec4 v0x55eb66372770_0, 0, 7;
    %pushi/vec4 126, 0, 8;
    %store/vec4 v0x55eb66372850_0, 0, 8;
    %pushi/vec4 45, 0, 8;
    %store/vec4 v0x55eb66372930_0, 0, 8;
    %pushi/vec4 0, 0, 7;
    %store/vec4 v0x55eb6631a350_0, 0, 7;
    %pushi/vec4 0, 0, 7;
    %store/vec4 v0x55eb6631a7b0_0, 0, 7;
    %pushi/vec4 0, 0, 7;
    %store/vec4 v0x55eb6631aba0_0, 0, 7;
    %pushi/vec4 0, 0, 8;
    %store/vec4 v0x55eb66371f40_0, 0, 8;
    %pushi/vec4 0, 0, 8;
    %store/vec4 v0x55eb66372020_0, 0, 8;
    %end;
    .thread T_0;
    .scope S_0x55eb66318cf0;
T_1 ;
    %fork t_1, S_0x55eb66318e80;
    %jmp t_0;
    .scope S_0x55eb66318e80;
t_1 ;
    %vpi_call 2 37 "$display", "Guia_0305 - Tests" {0 0 0};
    %vpi_call 2 39 "$display", "a1 = %8b = %d", v0x55eb66372150_0, v0x55eb66372150_0 {0 0 0};
    %vpi_call 2 40 "$display", "a2 = %8b = %d", v0x55eb66372230_0, v0x55eb66372230_0 {0 0 0};
    %load/vec4 v0x55eb66372150_0;
    %pad/u 7;
    %load/vec4 v0x55eb66372230_0;
    %pad/u 7;
    %sub;
    %store/vec4 v0x55eb6631a350_0, 0, 7;
    %vpi_call 2 42 "$display", "R = a1+a2 = %6b-%4b = %8b = %d = %o(8)\012", v0x55eb66372150_0, v0x55eb66372230_0, v0x55eb6631a350_0, v0x55eb6631a350_0, v0x55eb6631a350_0 {0 0 0};
    %load/vec4 v0x55eb66372310_0;
    %parti/s 4, 0, 2;
    %cvt/rv;
    %pushi/real 1073741824, 4066; load=1.00000
    %mul/wr;
    %pushi/vec4 16, 0, 32;
    %cvt/rv/s;
    %div/wr;
    %vpi_call 2 45 "$display", "b1 = %b (Parte inteira: %d, Parte fracion\303\241ria: %0.4f)", v0x55eb66372310_0, &PV<v0x55eb66372310_0, 4, 3>, W<0,r> {0 1 0};
    %load/vec4 v0x55eb663723f0_0;
    %parti/s 4, 0, 2;
    %cvt/rv;
    %pushi/real 1073741824, 4066; load=1.00000
    %mul/wr;
    %pushi/vec4 16, 0, 32;
    %cvt/rv/s;
    %div/wr;
    %vpi_call 2 46 "$display", "b2 = %b (Parte inteira: %d, Parte fracion\303\241ria: %0.4f)", v0x55eb663723f0_0, &PV<v0x55eb663723f0_0, 4, 3>, W<0,r> {0 1 0};
    %load/vec4 v0x55eb66372310_0;
    %load/vec4 v0x55eb663723f0_0;
    %sub;
    %store/vec4 v0x55eb6631a7b0_0, 0, 7;
    %load/vec4 v0x55eb6631a7b0_0;
    %parti/s 3, 4, 4;
    %cvt/rv;
    %load/vec4 v0x55eb6631a7b0_0;
    %parti/s 4, 0, 2;
    %cvt/rv;
    %pushi/real 1073741824, 4066; load=1.00000
    %mul/wr;
    %pushi/vec4 16, 0, 32;
    %cvt/rv/s;
    %div/wr;
    %add/wr;
    %load/vec4 v0x55eb6631a7b0_0;
    %parti/s 3, 4, 4;
    %cvt/rv;
    %load/vec4 v0x55eb6631a7b0_0;
    %parti/s 4, 0, 2;
    %cvt/rv;
    %pushi/real 1073741824, 4066; load=1.00000
    %mul/wr;
    %pushi/vec4 16, 0, 32;
    %cvt/rv/s;
    %div/wr;
    %add/wr;
    %vpi_call 2 49 "$display", "R = b1 - b2 = %b - %b = %b.%b => %f(10) = %o(8)\012", v0x55eb66372310_0, v0x55eb663723f0_0, &PV<v0x55eb6631a7b0_0, 4, 3>, &PV<v0x55eb6631a7b0_0, 0, 4>, W<1,r>, W<0,r> {0 2 0};
    %vpi_call 2 51 "$display", "c1 = %8b = %d", v0x55eb663724d0_0, v0x55eb663724d0_0 {0 0 0};
    %vpi_call 2 52 "$display", "c2 = %8b = %d", v0x55eb663725b0_0, v0x55eb663725b0_0 {0 0 0};
    %load/vec4 v0x55eb663724d0_0;
    %pad/u 8;
    %load/vec4 v0x55eb663725b0_0;
    %sub;
    %pad/u 7;
    %store/vec4 v0x55eb6631aba0_0, 0, 7;
    %vpi_call 2 54 "$display", "R = c1-c2 = %6b-%6b = %6b = %d(10) = -%o(8)\012", v0x55eb663724d0_0, v0x55eb663725b0_0, v0x55eb6631aba0_0, v0x55eb6631aba0_0, v0x55eb6631aba0_0 {0 0 0};
    %vpi_call 2 56 "$display", "d1 = %10b = %d", v0x55eb66372690_0, v0x55eb66372690_0 {0 0 0};
    %vpi_call 2 57 "$display", "d2 = %10b = %d", v0x55eb66372770_0, v0x55eb66372770_0 {0 0 0};
    %load/vec4 v0x55eb66372690_0;
    %load/vec4 v0x55eb66372770_0;
    %pad/u 8;
    %sub;
    %store/vec4 v0x55eb66371f40_0, 0, 8;
    %vpi_call 2 59 "$display", "R = d1-d2 = %10b-%10b = %10b = %d(10) = %o(8) \012", v0x55eb66372690_0, v0x55eb66372770_0, v0x55eb66371f40_0, v0x55eb66371f40_0, v0x55eb66371f40_0 {0 0 0};
    %vpi_call 2 61 "$display", "e1 = %13b = %d", v0x55eb66372850_0, v0x55eb66372850_0 {0 0 0};
    %vpi_call 2 62 "$display", "e2 = %13b = %d", v0x55eb66372930_0, v0x55eb66372930_0 {0 0 0};
    %load/vec4 v0x55eb66372850_0;
    %load/vec4 v0x55eb66372930_0;
    %sub;
    %store/vec4 v0x55eb66372020_0, 0, 8;
    %vpi_call 2 64 "$display", "R = e1-e2 = %b-%b = %b = %d(10) = %o(8)\012", v0x55eb66372850_0, v0x55eb66372930_0, v0x55eb66372020_0, v0x55eb66372020_0, v0x55eb66372020_0 {0 0 0};
    %end;
    .scope S_0x55eb66318cf0;
t_0 %join;
    %end;
    .thread T_1;
# The file index is used to find the file name in the following table.
:file_names 3;
    "N/A";
    "<interactive>";
    "Guia_0305.v";
