#! /usr/bin/vvp
:ivl_version "11.0 (stable)";
:ivl_delay_selection "TYPICAL";
:vpi_time_precision + 0;
:vpi_module "/usr/lib/x86_64-linux-gnu/ivl/system.vpi";
:vpi_module "/usr/lib/x86_64-linux-gnu/ivl/vhdl_sys.vpi";
:vpi_module "/usr/lib/x86_64-linux-gnu/ivl/vhdl_textio.vpi";
:vpi_module "/usr/lib/x86_64-linux-gnu/ivl/v2005_math.vpi";
:vpi_module "/usr/lib/x86_64-linux-gnu/ivl/va_math.vpi";
S_0x55847350b010 .scope module, "R0103" "R0103" 2 28;
 .timescale 0 0;
v0x558473526020_0 .net "sA", 0 0, L_0x558473526750;  1 drivers
v0x5584735260f0_0 .net "sB", 0 0, L_0x558473526e00;  1 drivers
v0x5584735261c0_0 .var "x", 0 0;
v0x5584735262e0_0 .var "y", 0 0;
v0x5584735263d0_0 .var "z", 0 0;
S_0x55847350b1a0 .scope module, "f01a" "f_a" 2 36, 2 16 0, S_0x55847350b010;
 .timescale 0 0;
    .port_info 0 /OUTPUT 1 "s";
    .port_info 1 /INPUT 1 "a";
    .port_info 2 /INPUT 1 "b";
    .port_info 3 /INPUT 1 "c";
L_0x5584735264c0 .functor NOT 1, v0x5584735261c0_0, C4<0>, C4<0>, C4<0>;
L_0x558473526530 .functor OR 1, L_0x5584735264c0, v0x5584735262e0_0, C4<0>, C4<0>;
L_0x5584735265f0 .functor NOT 1, v0x5584735263d0_0, C4<0>, C4<0>, C4<0>;
L_0x5584735266b0 .functor OR 1, v0x5584735262e0_0, L_0x5584735265f0, C4<0>, C4<0>;
L_0x558473526750 .functor AND 1, L_0x558473526530, L_0x5584735266b0, C4<1>, C4<1>;
v0x55847350c140_0 .net *"_ivl_0", 0 0, L_0x5584735264c0;  1 drivers
v0x558473524d10_0 .net *"_ivl_2", 0 0, L_0x558473526530;  1 drivers
v0x558473524df0_0 .net *"_ivl_4", 0 0, L_0x5584735265f0;  1 drivers
v0x558473524eb0_0 .net *"_ivl_6", 0 0, L_0x5584735266b0;  1 drivers
v0x558473524f90_0 .net "a", 0 0, v0x5584735261c0_0;  1 drivers
v0x5584735250a0_0 .net "b", 0 0, v0x5584735262e0_0;  1 drivers
v0x558473525160_0 .net "c", 0 0, v0x5584735263d0_0;  1 drivers
v0x558473525220_0 .net "s", 0 0, L_0x558473526750;  alias, 1 drivers
S_0x558473525360 .scope module, "f01b" "f_b" 2 37, 2 21 0, S_0x55847350b010;
 .timescale 0 0;
    .port_info 0 /OUTPUT 1 "s";
    .port_info 1 /INPUT 1 "x";
    .port_info 2 /INPUT 1 "y";
L_0x5584735268b0 .functor NOT 1, v0x5584735261c0_0, C4<0>, C4<0>, C4<0>;
L_0x5584735269b0 .functor AND 1, L_0x5584735268b0, v0x5584735262e0_0, C4<1>, C4<1>;
L_0x558473526a20 .functor NOT 1, L_0x5584735269b0, C4<0>, C4<0>, C4<0>;
L_0x558473526ae0 .functor NOT 1, v0x5584735261c0_0, C4<0>, C4<0>, C4<0>;
L_0x558473526b80 .functor NOT 1, v0x5584735262e0_0, C4<0>, C4<0>, C4<0>;
L_0x558473526bf0 .functor AND 1, L_0x558473526ae0, L_0x558473526b80, C4<1>, C4<1>;
L_0x558473526d40 .functor NOT 1, L_0x558473526bf0, C4<0>, C4<0>, C4<0>;
L_0x558473526e00 .functor AND 1, L_0x558473526a20, L_0x558473526d40, C4<1>, C4<1>;
v0x5584735255b0_0 .net *"_ivl_0", 0 0, L_0x5584735268b0;  1 drivers
v0x5584735256b0_0 .net *"_ivl_10", 0 0, L_0x558473526bf0;  1 drivers
v0x558473525790_0 .net *"_ivl_12", 0 0, L_0x558473526d40;  1 drivers
v0x558473525850_0 .net *"_ivl_2", 0 0, L_0x5584735269b0;  1 drivers
v0x558473525930_0 .net *"_ivl_4", 0 0, L_0x558473526a20;  1 drivers
v0x558473525a60_0 .net *"_ivl_6", 0 0, L_0x558473526ae0;  1 drivers
v0x558473525b40_0 .net *"_ivl_8", 0 0, L_0x558473526b80;  1 drivers
v0x558473525c20_0 .net "s", 0 0, L_0x558473526e00;  alias, 1 drivers
v0x558473525ce0_0 .net "x", 0 0, v0x5584735261c0_0;  alias, 1 drivers
v0x558473525d80_0 .net "y", 0 0, v0x5584735262e0_0;  alias, 1 drivers
S_0x558473525e60 .scope begin, "main" "main" 2 40, 2 40 0, S_0x55847350b010;
 .timescale 0 0;
    .scope S_0x55847350b010;
T_0 ;
    %fork t_1, S_0x558473525e60;
    %jmp t_0;
    .scope S_0x558473525e60;
t_1 ;
    %vpi_call 2 41 "$display", "R0103 - Tests" {0 0 0};
    %vpi_call 2 43 "$display", "   x    y    z " {0 0 0};
    %vpi_call 2 44 "$display", "   a    b    c    sA   sB" {0 0 0};
    %vpi_call 2 45 "$monitor", "%4b %4b %4b %4b %4b", v0x5584735261c0_0, v0x5584735262e0_0, v0x5584735263d0_0, v0x558473526020_0, v0x5584735260f0_0 {0 0 0};
    %pushi/vec4 0, 0, 1;
    %store/vec4 v0x5584735261c0_0, 0, 1;
    %pushi/vec4 0, 0, 1;
    %store/vec4 v0x5584735262e0_0, 0, 1;
    %pushi/vec4 0, 0, 1;
    %store/vec4 v0x5584735263d0_0, 0, 1;
    %delay 1, 0;
    %pushi/vec4 0, 0, 1;
    %store/vec4 v0x5584735261c0_0, 0, 1;
    %pushi/vec4 0, 0, 1;
    %store/vec4 v0x5584735262e0_0, 0, 1;
    %pushi/vec4 1, 0, 1;
    %store/vec4 v0x5584735263d0_0, 0, 1;
    %delay 1, 0;
    %pushi/vec4 0, 0, 1;
    %store/vec4 v0x5584735261c0_0, 0, 1;
    %pushi/vec4 1, 0, 1;
    %store/vec4 v0x5584735262e0_0, 0, 1;
    %pushi/vec4 0, 0, 1;
    %store/vec4 v0x5584735263d0_0, 0, 1;
    %delay 1, 0;
    %pushi/vec4 0, 0, 1;
    %store/vec4 v0x5584735261c0_0, 0, 1;
    %pushi/vec4 1, 0, 1;
    %store/vec4 v0x5584735262e0_0, 0, 1;
    %pushi/vec4 1, 0, 1;
    %store/vec4 v0x5584735263d0_0, 0, 1;
    %delay 1, 0;
    %pushi/vec4 1, 0, 1;
    %store/vec4 v0x5584735261c0_0, 0, 1;
    %pushi/vec4 0, 0, 1;
    %store/vec4 v0x5584735262e0_0, 0, 1;
    %pushi/vec4 0, 0, 1;
    %store/vec4 v0x5584735263d0_0, 0, 1;
    %delay 1, 0;
    %pushi/vec4 1, 0, 1;
    %store/vec4 v0x5584735261c0_0, 0, 1;
    %pushi/vec4 1, 0, 1;
    %store/vec4 v0x5584735262e0_0, 0, 1;
    %pushi/vec4 0, 0, 1;
    %store/vec4 v0x5584735263d0_0, 0, 1;
    %delay 1, 0;
    %pushi/vec4 1, 0, 1;
    %store/vec4 v0x5584735261c0_0, 0, 1;
    %pushi/vec4 1, 0, 1;
    %store/vec4 v0x5584735262e0_0, 0, 1;
    %pushi/vec4 1, 0, 1;
    %store/vec4 v0x5584735263d0_0, 0, 1;
    %end;
    .scope S_0x55847350b010;
t_0 %join;
    %end;
    .thread T_0;
# The file index is used to find the file name in the following table.
:file_names 3;
    "N/A";
    "<interactive>";
    "R0103.v";
