#! /usr/bin/vvp
:ivl_version "11.0 (stable)";
:ivl_delay_selection "TYPICAL";
:vpi_time_precision + 0;
:vpi_module "/usr/lib/x86_64-linux-gnu/ivl/system.vpi";
:vpi_module "/usr/lib/x86_64-linux-gnu/ivl/vhdl_sys.vpi";
:vpi_module "/usr/lib/x86_64-linux-gnu/ivl/vhdl_textio.vpi";
:vpi_module "/usr/lib/x86_64-linux-gnu/ivl/v2005_math.vpi";
:vpi_module "/usr/lib/x86_64-linux-gnu/ivl/va_math.vpi";
S_0x564699d60cf0 .scope module, "test_RAM_1x4" "test_RAM_1x4" 2 13;
 .timescale 0 0;
v0x564699dccd20_0 .var "addr", 0 0;
v0x564699dcce10_0 .var "clear", 0 0;
v0x564699dcceb0_0 .var "clk", 0 0;
v0x564699dccfb0_0 .var "in1", 0 0;
v0x564699dcd050_0 .var "in2", 0 0;
v0x564699dcd0f0_0 .var "in3", 0 0;
v0x564699dcd1e0_0 .var "in4", 0 0;
v0x564699dcd2d0_0 .net "out1", 0 0, L_0x564699dcd9d0;  1 drivers
v0x564699dcd370_0 .net "out2", 0 0, L_0x564699dcdc10;  1 drivers
v0x564699dcd410_0 .net "out3", 0 0, L_0x564699dcdf00;  1 drivers
v0x564699dcd4b0_0 .net "out4", 0 0, L_0x564699dce090;  1 drivers
v0x564699dcd550_0 .var "r_w", 0 0;
S_0x564699d60e80 .scope module, "dut" "RAM_1x4" 2 21, 3 13 0, S_0x564699d60cf0;
 .timescale 0 0;
    .port_info 0 /OUTPUT 1 "out1";
    .port_info 1 /OUTPUT 1 "out2";
    .port_info 2 /OUTPUT 1 "out3";
    .port_info 3 /OUTPUT 1 "out4";
    .port_info 4 /INPUT 1 "in1";
    .port_info 5 /INPUT 1 "in2";
    .port_info 6 /INPUT 1 "in3";
    .port_info 7 /INPUT 1 "in4";
    .port_info 8 /INPUT 1 "addr";
    .port_info 9 /INPUT 1 "r_w";
    .port_info 10 /INPUT 1 "clk";
    .port_info 11 /INPUT 1 "clear";
L_0x564699d9f3e0 .functor AND 1, v0x564699dccd20_0, v0x564699dcd550_0, v0x564699dcceb0_0, C4<1>;
L_0x564699dcd6c0 .functor NOT 1, v0x564699dccfb0_0, C4<0>, C4<0>, C4<0>;
L_0x564699dcd730 .functor NOT 1, v0x564699dcd050_0, C4<0>, C4<0>, C4<0>;
L_0x564699dcd7d0 .functor NOT 1, v0x564699dcd0f0_0, C4<0>, C4<0>, C4<0>;
L_0x564699dcd900 .functor NOT 1, v0x564699dcd1e0_0, C4<0>, C4<0>, C4<0>;
L_0x564699dcd9d0 .functor AND 1, v0x564699dccd20_0, L_0x564699dcdb50, v0x564699dc9ae0_0, C4<1>;
L_0x564699dcdb50 .functor NOT 1, v0x564699dcceb0_0, C4<0>, C4<0>, C4<0>;
L_0x564699dcdc10 .functor AND 1, v0x564699dccd20_0, L_0x564699dcddb0, v0x564699dca3a0_0, C4<1>;
L_0x564699dcddb0 .functor NOT 1, v0x564699dcceb0_0, C4<0>, C4<0>, C4<0>;
L_0x564699dcdf00 .functor AND 1, v0x564699dccd20_0, L_0x564699dce020, v0x564699dcad20_0, C4<1>;
L_0x564699dce020 .functor NOT 1, v0x564699dcceb0_0, C4<0>, C4<0>, C4<0>;
L_0x564699dce090 .functor AND 1, v0x564699dccd20_0, L_0x564699dce210, v0x564699dcb6a0_0, C4<1>;
L_0x564699dce210 .functor NOT 1, v0x564699dcceb0_0, C4<0>, C4<0>, C4<0>;
v0x564699dcb940_0 .net *"_ivl_16", 0 0, L_0x564699dcdb50;  1 drivers
v0x564699dcba40_0 .net *"_ivl_18", 0 0, L_0x564699dcddb0;  1 drivers
v0x564699dcbb20_0 .net *"_ivl_20", 0 0, L_0x564699dce020;  1 drivers
v0x564699dcbbe0_0 .net *"_ivl_22", 0 0, L_0x564699dce210;  1 drivers
v0x564699dcbcc0_0 .net "addr", 0 0, v0x564699dccd20_0;  1 drivers
v0x564699dcbdd0_0 .net "and1", 0 0, L_0x564699d9f3e0;  1 drivers
v0x564699dcbe70_0 .net "clear", 0 0, v0x564699dcce10_0;  1 drivers
v0x564699dcbf10_0 .net "clk", 0 0, v0x564699dcceb0_0;  1 drivers
v0x564699dcbfd0_0 .net "in1", 0 0, v0x564699dccfb0_0;  1 drivers
v0x564699dcc100_0 .net "in2", 0 0, v0x564699dcd050_0;  1 drivers
v0x564699dcc1a0_0 .net "in3", 0 0, v0x564699dcd0f0_0;  1 drivers
v0x564699dcc240_0 .net "in4", 0 0, v0x564699dcd1e0_0;  1 drivers
v0x564699dcc2e0_0 .net "out1", 0 0, L_0x564699dcd9d0;  alias, 1 drivers
v0x564699dcc380_0 .net "out2", 0 0, L_0x564699dcdc10;  alias, 1 drivers
v0x564699dcc420_0 .net "out3", 0 0, L_0x564699dcdf00;  alias, 1 drivers
v0x564699dcc4c0_0 .net "out4", 0 0, L_0x564699dce090;  alias, 1 drivers
v0x564699dcc560_0 .net "q1", 0 0, v0x564699dc9ae0_0;  1 drivers
v0x564699dcc630_0 .net "q2", 0 0, v0x564699dca3a0_0;  1 drivers
v0x564699dcc700_0 .net "q3", 0 0, v0x564699dcad20_0;  1 drivers
v0x564699dcc7d0_0 .net "q4", 0 0, v0x564699dcb6a0_0;  1 drivers
v0x564699dcc8a0_0 .net "qnot1", 0 0, v0x564699dc9ba0_0;  1 drivers
v0x564699dcc970_0 .net "qnot2", 0 0, v0x564699dca460_0;  1 drivers
v0x564699dcca40_0 .net "qnot3", 0 0, v0x564699dcade0_0;  1 drivers
v0x564699dccb10_0 .net "qnot4", 0 0, v0x564699dcb760_0;  1 drivers
v0x564699dccbe0_0 .net "r_w", 0 0, v0x564699dcd550_0;  1 drivers
S_0x564699da2ed0 .scope module, "Flip_Flop_JK1" "jkff" 3 24, 4 13 0, S_0x564699d60e80;
 .timescale 0 0;
    .port_info 0 /OUTPUT 1 "q";
    .port_info 1 /OUTPUT 1 "qnot";
    .port_info 2 /INPUT 1 "j";
    .port_info 3 /INPUT 1 "k";
    .port_info 4 /INPUT 1 "clk";
    .port_info 5 /INPUT 1 "preset";
    .port_info 6 /INPUT 1 "clear";
v0x564699da3160_0 .net "clear", 0 0, v0x564699dcce10_0;  alias, 1 drivers
v0x564699dc97b0_0 .net "clk", 0 0, L_0x564699d9f3e0;  alias, 1 drivers
v0x564699dc9870_0 .net "j", 0 0, v0x564699dccfb0_0;  alias, 1 drivers
v0x564699dc9910_0 .net "k", 0 0, L_0x564699dcd6c0;  1 drivers
L_0x7fad07e9e018 .functor BUFT 1, C4<0>, C4<0>, C4<0>, C4<0>;
v0x564699dc99d0_0 .net "preset", 0 0, L_0x7fad07e9e018;  1 drivers
v0x564699dc9ae0_0 .var "q", 0 0;
v0x564699dc9ba0_0 .var "qnot", 0 0;
E_0x564699d9fff0 .event posedge, v0x564699da3160_0, v0x564699dc99d0_0, v0x564699dc97b0_0;
S_0x564699dc9d40 .scope module, "Flip_Flop_JK2" "jkff" 3 26, 4 13 0, S_0x564699d60e80;
 .timescale 0 0;
    .port_info 0 /OUTPUT 1 "q";
    .port_info 1 /OUTPUT 1 "qnot";
    .port_info 2 /INPUT 1 "j";
    .port_info 3 /INPUT 1 "k";
    .port_info 4 /INPUT 1 "clk";
    .port_info 5 /INPUT 1 "preset";
    .port_info 6 /INPUT 1 "clear";
v0x564699dca010_0 .net "clear", 0 0, v0x564699dcce10_0;  alias, 1 drivers
v0x564699dca0d0_0 .net "clk", 0 0, L_0x564699d9f3e0;  alias, 1 drivers
v0x564699dca170_0 .net "j", 0 0, v0x564699dcd050_0;  alias, 1 drivers
v0x564699dca210_0 .net "k", 0 0, L_0x564699dcd730;  1 drivers
L_0x7fad07e9e060 .functor BUFT 1, C4<0>, C4<0>, C4<0>, C4<0>;
v0x564699dca2b0_0 .net "preset", 0 0, L_0x7fad07e9e060;  1 drivers
v0x564699dca3a0_0 .var "q", 0 0;
v0x564699dca460_0 .var "qnot", 0 0;
E_0x564699d84a70 .event posedge, v0x564699da3160_0, v0x564699dca2b0_0, v0x564699dc97b0_0;
S_0x564699dca600 .scope module, "Flip_Flop_JK3" "jkff" 3 28, 4 13 0, S_0x564699d60e80;
 .timescale 0 0;
    .port_info 0 /OUTPUT 1 "q";
    .port_info 1 /OUTPUT 1 "qnot";
    .port_info 2 /INPUT 1 "j";
    .port_info 3 /INPUT 1 "k";
    .port_info 4 /INPUT 1 "clk";
    .port_info 5 /INPUT 1 "preset";
    .port_info 6 /INPUT 1 "clear";
v0x564699dca8b0_0 .net "clear", 0 0, v0x564699dcce10_0;  alias, 1 drivers
v0x564699dca9c0_0 .net "clk", 0 0, L_0x564699d9f3e0;  alias, 1 drivers
v0x564699dcaad0_0 .net "j", 0 0, v0x564699dcd0f0_0;  alias, 1 drivers
v0x564699dcab70_0 .net "k", 0 0, L_0x564699dcd7d0;  1 drivers
L_0x7fad07e9e0a8 .functor BUFT 1, C4<0>, C4<0>, C4<0>, C4<0>;
v0x564699dcac10_0 .net "preset", 0 0, L_0x7fad07e9e0a8;  1 drivers
v0x564699dcad20_0 .var "q", 0 0;
v0x564699dcade0_0 .var "qnot", 0 0;
E_0x564699dab000 .event posedge, v0x564699da3160_0, v0x564699dcac10_0, v0x564699dc97b0_0;
S_0x564699dcafc0 .scope module, "Flip_Flop_JK4" "jkff" 3 30, 4 13 0, S_0x564699d60e80;
 .timescale 0 0;
    .port_info 0 /OUTPUT 1 "q";
    .port_info 1 /OUTPUT 1 "qnot";
    .port_info 2 /INPUT 1 "j";
    .port_info 3 /INPUT 1 "k";
    .port_info 4 /INPUT 1 "clk";
    .port_info 5 /INPUT 1 "preset";
    .port_info 6 /INPUT 1 "clear";
v0x564699dcb2d0_0 .net "clear", 0 0, v0x564699dcce10_0;  alias, 1 drivers
v0x564699dcb390_0 .net "clk", 0 0, L_0x564699d9f3e0;  alias, 1 drivers
v0x564699dcb450_0 .net "j", 0 0, v0x564699dcd1e0_0;  alias, 1 drivers
v0x564699dcb4f0_0 .net "k", 0 0, L_0x564699dcd900;  1 drivers
L_0x7fad07e9e0f0 .functor BUFT 1, C4<0>, C4<0>, C4<0>, C4<0>;
v0x564699dcb590_0 .net "preset", 0 0, L_0x7fad07e9e0f0;  1 drivers
v0x564699dcb6a0_0 .var "q", 0 0;
v0x564699dcb760_0 .var "qnot", 0 0;
E_0x564699dcb250 .event posedge, v0x564699da3160_0, v0x564699dcb590_0, v0x564699dc97b0_0;
    .scope S_0x564699da2ed0;
T_0 ;
    %wait E_0x564699d9fff0;
    %load/vec4 v0x564699da3160_0;
    %flag_set/vec4 8;
    %jmp/0xz  T_0.0, 8;
    %pushi/vec4 0, 0, 1;
    %assign/vec4 v0x564699dc9ae0_0, 0;
    %pushi/vec4 1, 0, 1;
    %assign/vec4 v0x564699dc9ba0_0, 0;
    %jmp T_0.1;
T_0.0 ;
    %load/vec4 v0x564699dc99d0_0;
    %flag_set/vec4 8;
    %jmp/0xz  T_0.2, 8;
    %pushi/vec4 1, 0, 1;
    %assign/vec4 v0x564699dc9ae0_0, 0;
    %pushi/vec4 0, 0, 1;
    %assign/vec4 v0x564699dc9ba0_0, 0;
    %jmp T_0.3;
T_0.2 ;
    %load/vec4 v0x564699dc9870_0;
    %load/vec4 v0x564699dc9910_0;
    %inv;
    %and;
    %flag_set/vec4 8;
    %jmp/0xz  T_0.4, 8;
    %pushi/vec4 1, 0, 1;
    %assign/vec4 v0x564699dc9ae0_0, 0;
    %pushi/vec4 0, 0, 1;
    %assign/vec4 v0x564699dc9ba0_0, 0;
    %jmp T_0.5;
T_0.4 ;
    %load/vec4 v0x564699dc9870_0;
    %inv;
    %load/vec4 v0x564699dc9910_0;
    %and;
    %flag_set/vec4 8;
    %jmp/0xz  T_0.6, 8;
    %pushi/vec4 0, 0, 1;
    %assign/vec4 v0x564699dc9ae0_0, 0;
    %pushi/vec4 1, 0, 1;
    %assign/vec4 v0x564699dc9ba0_0, 0;
    %jmp T_0.7;
T_0.6 ;
    %load/vec4 v0x564699dc9870_0;
    %load/vec4 v0x564699dc9910_0;
    %and;
    %flag_set/vec4 8;
    %jmp/0xz  T_0.8, 8;
    %load/vec4 v0x564699dc9ae0_0;
    %inv;
    %assign/vec4 v0x564699dc9ae0_0, 0;
    %load/vec4 v0x564699dc9ba0_0;
    %inv;
    %assign/vec4 v0x564699dc9ba0_0, 0;
T_0.8 ;
T_0.7 ;
T_0.5 ;
T_0.3 ;
T_0.1 ;
    %jmp T_0;
    .thread T_0;
    .scope S_0x564699dc9d40;
T_1 ;
    %wait E_0x564699d84a70;
    %load/vec4 v0x564699dca010_0;
    %flag_set/vec4 8;
    %jmp/0xz  T_1.0, 8;
    %pushi/vec4 0, 0, 1;
    %assign/vec4 v0x564699dca3a0_0, 0;
    %pushi/vec4 1, 0, 1;
    %assign/vec4 v0x564699dca460_0, 0;
    %jmp T_1.1;
T_1.0 ;
    %load/vec4 v0x564699dca2b0_0;
    %flag_set/vec4 8;
    %jmp/0xz  T_1.2, 8;
    %pushi/vec4 1, 0, 1;
    %assign/vec4 v0x564699dca3a0_0, 0;
    %pushi/vec4 0, 0, 1;
    %assign/vec4 v0x564699dca460_0, 0;
    %jmp T_1.3;
T_1.2 ;
    %load/vec4 v0x564699dca170_0;
    %load/vec4 v0x564699dca210_0;
    %inv;
    %and;
    %flag_set/vec4 8;
    %jmp/0xz  T_1.4, 8;
    %pushi/vec4 1, 0, 1;
    %assign/vec4 v0x564699dca3a0_0, 0;
    %pushi/vec4 0, 0, 1;
    %assign/vec4 v0x564699dca460_0, 0;
    %jmp T_1.5;
T_1.4 ;
    %load/vec4 v0x564699dca170_0;
    %inv;
    %load/vec4 v0x564699dca210_0;
    %and;
    %flag_set/vec4 8;
    %jmp/0xz  T_1.6, 8;
    %pushi/vec4 0, 0, 1;
    %assign/vec4 v0x564699dca3a0_0, 0;
    %pushi/vec4 1, 0, 1;
    %assign/vec4 v0x564699dca460_0, 0;
    %jmp T_1.7;
T_1.6 ;
    %load/vec4 v0x564699dca170_0;
    %load/vec4 v0x564699dca210_0;
    %and;
    %flag_set/vec4 8;
    %jmp/0xz  T_1.8, 8;
    %load/vec4 v0x564699dca3a0_0;
    %inv;
    %assign/vec4 v0x564699dca3a0_0, 0;
    %load/vec4 v0x564699dca460_0;
    %inv;
    %assign/vec4 v0x564699dca460_0, 0;
T_1.8 ;
T_1.7 ;
T_1.5 ;
T_1.3 ;
T_1.1 ;
    %jmp T_1;
    .thread T_1;
    .scope S_0x564699dca600;
T_2 ;
    %wait E_0x564699dab000;
    %load/vec4 v0x564699dca8b0_0;
    %flag_set/vec4 8;
    %jmp/0xz  T_2.0, 8;
    %pushi/vec4 0, 0, 1;
    %assign/vec4 v0x564699dcad20_0, 0;
    %pushi/vec4 1, 0, 1;
    %assign/vec4 v0x564699dcade0_0, 0;
    %jmp T_2.1;
T_2.0 ;
    %load/vec4 v0x564699dcac10_0;
    %flag_set/vec4 8;
    %jmp/0xz  T_2.2, 8;
    %pushi/vec4 1, 0, 1;
    %assign/vec4 v0x564699dcad20_0, 0;
    %pushi/vec4 0, 0, 1;
    %assign/vec4 v0x564699dcade0_0, 0;
    %jmp T_2.3;
T_2.2 ;
    %load/vec4 v0x564699dcaad0_0;
    %load/vec4 v0x564699dcab70_0;
    %inv;
    %and;
    %flag_set/vec4 8;
    %jmp/0xz  T_2.4, 8;
    %pushi/vec4 1, 0, 1;
    %assign/vec4 v0x564699dcad20_0, 0;
    %pushi/vec4 0, 0, 1;
    %assign/vec4 v0x564699dcade0_0, 0;
    %jmp T_2.5;
T_2.4 ;
    %load/vec4 v0x564699dcaad0_0;
    %inv;
    %load/vec4 v0x564699dcab70_0;
    %and;
    %flag_set/vec4 8;
    %jmp/0xz  T_2.6, 8;
    %pushi/vec4 0, 0, 1;
    %assign/vec4 v0x564699dcad20_0, 0;
    %pushi/vec4 1, 0, 1;
    %assign/vec4 v0x564699dcade0_0, 0;
    %jmp T_2.7;
T_2.6 ;
    %load/vec4 v0x564699dcaad0_0;
    %load/vec4 v0x564699dcab70_0;
    %and;
    %flag_set/vec4 8;
    %jmp/0xz  T_2.8, 8;
    %load/vec4 v0x564699dcad20_0;
    %inv;
    %assign/vec4 v0x564699dcad20_0, 0;
    %load/vec4 v0x564699dcade0_0;
    %inv;
    %assign/vec4 v0x564699dcade0_0, 0;
T_2.8 ;
T_2.7 ;
T_2.5 ;
T_2.3 ;
T_2.1 ;
    %jmp T_2;
    .thread T_2;
    .scope S_0x564699dcafc0;
T_3 ;
    %wait E_0x564699dcb250;
    %load/vec4 v0x564699dcb2d0_0;
    %flag_set/vec4 8;
    %jmp/0xz  T_3.0, 8;
    %pushi/vec4 0, 0, 1;
    %assign/vec4 v0x564699dcb6a0_0, 0;
    %pushi/vec4 1, 0, 1;
    %assign/vec4 v0x564699dcb760_0, 0;
    %jmp T_3.1;
T_3.0 ;
    %load/vec4 v0x564699dcb590_0;
    %flag_set/vec4 8;
    %jmp/0xz  T_3.2, 8;
    %pushi/vec4 1, 0, 1;
    %assign/vec4 v0x564699dcb6a0_0, 0;
    %pushi/vec4 0, 0, 1;
    %assign/vec4 v0x564699dcb760_0, 0;
    %jmp T_3.3;
T_3.2 ;
    %load/vec4 v0x564699dcb450_0;
    %load/vec4 v0x564699dcb4f0_0;
    %inv;
    %and;
    %flag_set/vec4 8;
    %jmp/0xz  T_3.4, 8;
    %pushi/vec4 1, 0, 1;
    %assign/vec4 v0x564699dcb6a0_0, 0;
    %pushi/vec4 0, 0, 1;
    %assign/vec4 v0x564699dcb760_0, 0;
    %jmp T_3.5;
T_3.4 ;
    %load/vec4 v0x564699dcb450_0;
    %inv;
    %load/vec4 v0x564699dcb4f0_0;
    %and;
    %flag_set/vec4 8;
    %jmp/0xz  T_3.6, 8;
    %pushi/vec4 0, 0, 1;
    %assign/vec4 v0x564699dcb6a0_0, 0;
    %pushi/vec4 1, 0, 1;
    %assign/vec4 v0x564699dcb760_0, 0;
    %jmp T_3.7;
T_3.6 ;
    %load/vec4 v0x564699dcb450_0;
    %load/vec4 v0x564699dcb4f0_0;
    %and;
    %flag_set/vec4 8;
    %jmp/0xz  T_3.8, 8;
    %load/vec4 v0x564699dcb6a0_0;
    %inv;
    %assign/vec4 v0x564699dcb6a0_0, 0;
    %load/vec4 v0x564699dcb760_0;
    %inv;
    %assign/vec4 v0x564699dcb760_0, 0;
T_3.8 ;
T_3.7 ;
T_3.5 ;
T_3.3 ;
T_3.1 ;
    %jmp T_3;
    .thread T_3;
    .scope S_0x564699d60cf0;
T_4 ;
    %pushi/vec4 0, 0, 1;
    %store/vec4 v0x564699dcceb0_0, 0, 1;
T_4.0 ;
    %delay 5, 0;
    %load/vec4 v0x564699dcceb0_0;
    %inv;
    %store/vec4 v0x564699dcceb0_0, 0, 1;
    %jmp T_4.0;
    %end;
    .thread T_4;
    .scope S_0x564699d60cf0;
T_5 ;
    %vpi_call 2 31 "$monitor", "Tempo=%0t | addr=%b | r_w=%b | in=%b%b%b%b | clear=%b | out=%b%b%b%b", $time, v0x564699dccd20_0, v0x564699dcd550_0, v0x564699dccfb0_0, v0x564699dcd050_0, v0x564699dcd0f0_0, v0x564699dcd1e0_0, v0x564699dcce10_0, v0x564699dcd2d0_0, v0x564699dcd370_0, v0x564699dcd410_0, v0x564699dcd4b0_0 {0 0 0};
    %pushi/vec4 0, 0, 1;
    %store/vec4 v0x564699dccfb0_0, 0, 1;
    %pushi/vec4 0, 0, 1;
    %store/vec4 v0x564699dcd050_0, 0, 1;
    %pushi/vec4 0, 0, 1;
    %store/vec4 v0x564699dcd0f0_0, 0, 1;
    %pushi/vec4 0, 0, 1;
    %store/vec4 v0x564699dcd1e0_0, 0, 1;
    %pushi/vec4 0, 0, 1;
    %store/vec4 v0x564699dccd20_0, 0, 1;
    %pushi/vec4 0, 0, 1;
    %store/vec4 v0x564699dcd550_0, 0, 1;
    %pushi/vec4 1, 0, 1;
    %store/vec4 v0x564699dcce10_0, 0, 1;
    %delay 10, 0;
    %pushi/vec4 0, 0, 1;
    %store/vec4 v0x564699dcce10_0, 0, 1;
    %pushi/vec4 1, 0, 1;
    %store/vec4 v0x564699dccd20_0, 0, 1;
    %pushi/vec4 1, 0, 1;
    %store/vec4 v0x564699dcd550_0, 0, 1;
    %pushi/vec4 1, 0, 1;
    %store/vec4 v0x564699dccfb0_0, 0, 1;
    %pushi/vec4 0, 0, 1;
    %store/vec4 v0x564699dcd050_0, 0, 1;
    %pushi/vec4 1, 0, 1;
    %store/vec4 v0x564699dcd0f0_0, 0, 1;
    %pushi/vec4 0, 0, 1;
    %store/vec4 v0x564699dcd1e0_0, 0, 1;
    %delay 10, 0;
    %pushi/vec4 1, 0, 1;
    %store/vec4 v0x564699dccd20_0, 0, 1;
    %pushi/vec4 0, 0, 1;
    %store/vec4 v0x564699dcd550_0, 0, 1;
    %delay 10, 0;
    %pushi/vec4 0, 0, 1;
    %store/vec4 v0x564699dccfb0_0, 0, 1;
    %pushi/vec4 1, 0, 1;
    %store/vec4 v0x564699dcd050_0, 0, 1;
    %pushi/vec4 0, 0, 1;
    %store/vec4 v0x564699dcd0f0_0, 0, 1;
    %pushi/vec4 1, 0, 1;
    %store/vec4 v0x564699dcd1e0_0, 0, 1;
    %delay 10, 0;
    %pushi/vec4 1, 0, 1;
    %store/vec4 v0x564699dccd20_0, 0, 1;
    %pushi/vec4 1, 0, 1;
    %store/vec4 v0x564699dcd550_0, 0, 1;
    %delay 10, 0;
    %pushi/vec4 1, 0, 1;
    %store/vec4 v0x564699dccd20_0, 0, 1;
    %pushi/vec4 0, 0, 1;
    %store/vec4 v0x564699dcd550_0, 0, 1;
    %delay 10, 0;
    %pushi/vec4 1, 0, 1;
    %store/vec4 v0x564699dcce10_0, 0, 1;
    %delay 10, 0;
    %pushi/vec4 0, 0, 1;
    %store/vec4 v0x564699dcce10_0, 0, 1;
    %pushi/vec4 1, 0, 1;
    %store/vec4 v0x564699dccd20_0, 0, 1;
    %pushi/vec4 0, 0, 1;
    %store/vec4 v0x564699dcd550_0, 0, 1;
    %delay 10, 0;
    %vpi_call 2 68 "$finish" {0 0 0};
    %end;
    .thread T_5;
# The file index is used to find the file name in the following table.
:file_names 5;
    "N/A";
    "<interactive>";
    "Guia_1201.v";
    "./RAM_1x4.v";
    "./Flip_Flop_JK.v";
