#! /usr/bin/vvp
:ivl_version "11.0 (stable)";
:ivl_delay_selection "TYPICAL";
:vpi_time_precision + 0;
:vpi_module "/usr/lib/x86_64-linux-gnu/ivl/system.vpi";
:vpi_module "/usr/lib/x86_64-linux-gnu/ivl/vhdl_sys.vpi";
:vpi_module "/usr/lib/x86_64-linux-gnu/ivl/vhdl_textio.vpi";
:vpi_module "/usr/lib/x86_64-linux-gnu/ivl/v2005_math.vpi";
:vpi_module "/usr/lib/x86_64-linux-gnu/ivl/va_math.vpi";
S_0x559f632c3170 .scope module, "test_RAM_1x8" "test_RAM_1x8" 2 14;
 .timescale 0 0;
v0x559f63326980_0 .var "addr", 0 0;
v0x559f63326a40_0 .var "clear", 0 0;
v0x559f63326b00_0 .var "clk", 0 0;
v0x559f63326ba0_0 .var "in1", 0 0;
v0x559f63326c40_0 .var "in2", 0 0;
v0x559f63326d30_0 .var "in3", 0 0;
v0x559f63326dd0_0 .var "in4", 0 0;
v0x559f63326e70_0 .var "in5", 0 0;
v0x559f63326f10_0 .var "in6", 0 0;
v0x559f63326fb0_0 .var "in7", 0 0;
v0x559f63327050_0 .var "in8", 0 0;
v0x559f633270f0_0 .net "out1", 0 0, L_0x559f63327ef0;  1 drivers
v0x559f63327190_0 .net "out2", 0 0, L_0x559f63328070;  1 drivers
v0x559f63327280_0 .net "out3", 0 0, L_0x559f633281a0;  1 drivers
v0x559f63327370_0 .net "out4", 0 0, L_0x559f633282e0;  1 drivers
v0x559f63327460_0 .net "out5", 0 0, L_0x559f63328ac0;  1 drivers
v0x559f63327550_0 .net "out6", 0 0, L_0x559f63328c40;  1 drivers
v0x559f63327750_0 .net "out7", 0 0, L_0x559f63328dc0;  1 drivers
v0x559f63327840_0 .net "out8", 0 0, L_0x559f63328f50;  1 drivers
v0x559f63327930_0 .var "r_w", 0 0;
S_0x559f632c2f90 .scope module, "dut" "RAM_1x8" 2 22, 3 14 0, S_0x559f632c3170;
 .timescale 0 0;
    .port_info 0 /OUTPUT 1 "out1";
    .port_info 1 /OUTPUT 1 "out2";
    .port_info 2 /OUTPUT 1 "out3";
    .port_info 3 /OUTPUT 1 "out4";
    .port_info 4 /OUTPUT 1 "out5";
    .port_info 5 /OUTPUT 1 "out6";
    .port_info 6 /OUTPUT 1 "out7";
    .port_info 7 /OUTPUT 1 "out8";
    .port_info 8 /INPUT 1 "in1";
    .port_info 9 /INPUT 1 "in2";
    .port_info 10 /INPUT 1 "in3";
    .port_info 11 /INPUT 1 "in4";
    .port_info 12 /INPUT 1 "in5";
    .port_info 13 /INPUT 1 "in6";
    .port_info 14 /INPUT 1 "in7";
    .port_info 15 /INPUT 1 "in8";
    .port_info 16 /INPUT 1 "addr";
    .port_info 17 /INPUT 1 "r_w";
    .port_info 18 /INPUT 1 "clk";
    .port_info 19 /INPUT 1 "clear";
v0x559f633256f0_0 .net "addr", 0 0, v0x559f63326980_0;  1 drivers
v0x559f633257b0_0 .net "clear", 0 0, v0x559f63326a40_0;  1 drivers
v0x559f63325870_0 .net "clk", 0 0, v0x559f63326b00_0;  1 drivers
v0x559f63325910_0 .net "in1", 0 0, v0x559f63326ba0_0;  1 drivers
v0x559f63325a00_0 .net "in2", 0 0, v0x559f63326c40_0;  1 drivers
v0x559f63325b40_0 .net "in3", 0 0, v0x559f63326d30_0;  1 drivers
v0x559f63325c30_0 .net "in4", 0 0, v0x559f63326dd0_0;  1 drivers
v0x559f63325d20_0 .net "in5", 0 0, v0x559f63326e70_0;  1 drivers
v0x559f63325e10_0 .net "in6", 0 0, v0x559f63326f10_0;  1 drivers
v0x559f63325eb0_0 .net "in7", 0 0, v0x559f63326fb0_0;  1 drivers
v0x559f63325fa0_0 .net "in8", 0 0, v0x559f63327050_0;  1 drivers
v0x559f63326090_0 .net "out1", 0 0, L_0x559f63327ef0;  alias, 1 drivers
v0x559f63326130_0 .net "out2", 0 0, L_0x559f63328070;  alias, 1 drivers
v0x559f633261d0_0 .net "out3", 0 0, L_0x559f633281a0;  alias, 1 drivers
v0x559f63326270_0 .net "out4", 0 0, L_0x559f633282e0;  alias, 1 drivers
v0x559f63326310_0 .net "out5", 0 0, L_0x559f63328ac0;  alias, 1 drivers
v0x559f633263b0_0 .net "out6", 0 0, L_0x559f63328c40;  alias, 1 drivers
v0x559f63326560_0 .net "out7", 0 0, L_0x559f63328dc0;  alias, 1 drivers
v0x559f63326600_0 .net "out8", 0 0, L_0x559f63328f50;  alias, 1 drivers
v0x559f633266a0_0 .net "r_w", 0 0, v0x559f63327930_0;  1 drivers
S_0x559f632da100 .scope module, "ram_1" "RAM_1x4" 3 23, 4 13 0, S_0x559f632c2f90;
 .timescale 0 0;
    .port_info 0 /OUTPUT 1 "out1";
    .port_info 1 /OUTPUT 1 "out2";
    .port_info 2 /OUTPUT 1 "out3";
    .port_info 3 /OUTPUT 1 "out4";
    .port_info 4 /INPUT 1 "in1";
    .port_info 5 /INPUT 1 "in2";
    .port_info 6 /INPUT 1 "in3";
    .port_info 7 /INPUT 1 "in4";
    .port_info 8 /INPUT 1 "addr";
    .port_info 9 /INPUT 1 "r_w";
    .port_info 10 /INPUT 1 "clk";
    .port_info 11 /INPUT 1 "clear";
L_0x559f632d6420 .functor AND 1, v0x559f63326980_0, v0x559f63327930_0, v0x559f63326b00_0, C4<1>;
L_0x559f63327af0 .functor NOT 1, v0x559f63326ba0_0, C4<0>, C4<0>, C4<0>;
L_0x559f63327bf0 .functor NOT 1, v0x559f63326c40_0, C4<0>, C4<0>, C4<0>;
L_0x559f63327cf0 .functor NOT 1, v0x559f63326d30_0, C4<0>, C4<0>, C4<0>;
L_0x559f63327df0 .functor NOT 1, v0x559f63326dd0_0, C4<0>, C4<0>, C4<0>;
L_0x559f63327ef0 .functor AND 1, v0x559f63326980_0, L_0x559f63328000, v0x559f6331e760_0, C4<1>;
L_0x559f63328000 .functor NOT 1, v0x559f63326b00_0, C4<0>, C4<0>, C4<0>;
L_0x559f63328070 .functor AND 1, v0x559f63326980_0, L_0x559f63328130, v0x559f6331ef70_0, C4<1>;
L_0x559f63328130 .functor NOT 1, v0x559f63326b00_0, C4<0>, C4<0>, C4<0>;
L_0x559f633281a0 .functor AND 1, v0x559f63326980_0, L_0x559f63328270, v0x559f6331f8f0_0, C4<1>;
L_0x559f63328270 .functor NOT 1, v0x559f63326b00_0, C4<0>, C4<0>, C4<0>;
L_0x559f633282e0 .functor AND 1, v0x559f63326980_0, L_0x559f633284d0, v0x559f63320270_0, C4<1>;
L_0x559f633284d0 .functor NOT 1, v0x559f63326b00_0, C4<0>, C4<0>, C4<0>;
v0x559f63320510_0 .net *"_ivl_16", 0 0, L_0x559f63328000;  1 drivers
v0x559f63320610_0 .net *"_ivl_18", 0 0, L_0x559f63328130;  1 drivers
v0x559f633206f0_0 .net *"_ivl_20", 0 0, L_0x559f63328270;  1 drivers
v0x559f633207b0_0 .net *"_ivl_22", 0 0, L_0x559f633284d0;  1 drivers
v0x559f63320890_0 .net "addr", 0 0, v0x559f63326980_0;  alias, 1 drivers
v0x559f633209a0_0 .net "and1", 0 0, L_0x559f632d6420;  1 drivers
v0x559f63320a40_0 .net "clear", 0 0, v0x559f63326a40_0;  alias, 1 drivers
v0x559f63320ae0_0 .net "clk", 0 0, v0x559f63326b00_0;  alias, 1 drivers
v0x559f63320ba0_0 .net "in1", 0 0, v0x559f63326ba0_0;  alias, 1 drivers
v0x559f63320cd0_0 .net "in2", 0 0, v0x559f63326c40_0;  alias, 1 drivers
v0x559f63320d70_0 .net "in3", 0 0, v0x559f63326d30_0;  alias, 1 drivers
v0x559f63320e10_0 .net "in4", 0 0, v0x559f63326dd0_0;  alias, 1 drivers
v0x559f63320eb0_0 .net "out1", 0 0, L_0x559f63327ef0;  alias, 1 drivers
v0x559f63320f50_0 .net "out2", 0 0, L_0x559f63328070;  alias, 1 drivers
v0x559f63320ff0_0 .net "out3", 0 0, L_0x559f633281a0;  alias, 1 drivers
v0x559f63321090_0 .net "out4", 0 0, L_0x559f633282e0;  alias, 1 drivers
v0x559f63321130_0 .net "q1", 0 0, v0x559f6331e760_0;  1 drivers
v0x559f63321200_0 .net "q2", 0 0, v0x559f6331ef70_0;  1 drivers
v0x559f633212d0_0 .net "q3", 0 0, v0x559f6331f8f0_0;  1 drivers
v0x559f633213a0_0 .net "q4", 0 0, v0x559f63320270_0;  1 drivers
v0x559f63321470_0 .net "qnot1", 0 0, v0x559f6331e820_0;  1 drivers
v0x559f63321540_0 .net "qnot2", 0 0, v0x559f6331f030_0;  1 drivers
v0x559f63321610_0 .net "qnot3", 0 0, v0x559f6331f9b0_0;  1 drivers
v0x559f633216e0_0 .net "qnot4", 0 0, v0x559f63320330_0;  1 drivers
v0x559f633217b0_0 .net "r_w", 0 0, v0x559f63327930_0;  alias, 1 drivers
S_0x559f63297cf0 .scope module, "Flip_Flop_JK1" "jkff" 4 24, 5 13 0, S_0x559f632da100;
 .timescale 0 0;
    .port_info 0 /OUTPUT 1 "q";
    .port_info 1 /OUTPUT 1 "qnot";
    .port_info 2 /INPUT 1 "j";
    .port_info 3 /INPUT 1 "k";
    .port_info 4 /INPUT 1 "clk";
    .port_info 5 /INPUT 1 "preset";
    .port_info 6 /INPUT 1 "clear";
v0x559f632fc8d0_0 .net "clear", 0 0, v0x559f63326a40_0;  alias, 1 drivers
v0x559f632fc970_0 .net "clk", 0 0, L_0x559f632d6420;  alias, 1 drivers
v0x559f6331e4f0_0 .net "j", 0 0, v0x559f63326ba0_0;  alias, 1 drivers
v0x559f6331e590_0 .net "k", 0 0, L_0x559f63327af0;  1 drivers
L_0x7f434108e018 .functor BUFT 1, C4<0>, C4<0>, C4<0>, C4<0>;
v0x559f6331e650_0 .net "preset", 0 0, L_0x7f434108e018;  1 drivers
v0x559f6331e760_0 .var "q", 0 0;
v0x559f6331e820_0 .var "qnot", 0 0;
E_0x559f632d7030 .event posedge, v0x559f632fc8d0_0, v0x559f6331e650_0, v0x559f632fc970_0;
S_0x559f6331e9c0 .scope module, "Flip_Flop_JK2" "jkff" 4 26, 5 13 0, S_0x559f632da100;
 .timescale 0 0;
    .port_info 0 /OUTPUT 1 "q";
    .port_info 1 /OUTPUT 1 "qnot";
    .port_info 2 /INPUT 1 "j";
    .port_info 3 /INPUT 1 "k";
    .port_info 4 /INPUT 1 "clk";
    .port_info 5 /INPUT 1 "preset";
    .port_info 6 /INPUT 1 "clear";
v0x559f6331ebe0_0 .net "clear", 0 0, v0x559f63326a40_0;  alias, 1 drivers
v0x559f6331eca0_0 .net "clk", 0 0, L_0x559f632d6420;  alias, 1 drivers
v0x559f6331ed40_0 .net "j", 0 0, v0x559f63326c40_0;  alias, 1 drivers
v0x559f6331ede0_0 .net "k", 0 0, L_0x559f63327bf0;  1 drivers
L_0x7f434108e060 .functor BUFT 1, C4<0>, C4<0>, C4<0>, C4<0>;
v0x559f6331ee80_0 .net "preset", 0 0, L_0x7f434108e060;  1 drivers
v0x559f6331ef70_0 .var "q", 0 0;
v0x559f6331f030_0 .var "qnot", 0 0;
E_0x559f632bba70 .event posedge, v0x559f632fc8d0_0, v0x559f6331ee80_0, v0x559f632fc970_0;
S_0x559f6331f1d0 .scope module, "Flip_Flop_JK3" "jkff" 4 28, 5 13 0, S_0x559f632da100;
 .timescale 0 0;
    .port_info 0 /OUTPUT 1 "q";
    .port_info 1 /OUTPUT 1 "qnot";
    .port_info 2 /INPUT 1 "j";
    .port_info 3 /INPUT 1 "k";
    .port_info 4 /INPUT 1 "clk";
    .port_info 5 /INPUT 1 "preset";
    .port_info 6 /INPUT 1 "clear";
v0x559f6331f480_0 .net "clear", 0 0, v0x559f63326a40_0;  alias, 1 drivers
v0x559f6331f590_0 .net "clk", 0 0, L_0x559f632d6420;  alias, 1 drivers
v0x559f6331f6a0_0 .net "j", 0 0, v0x559f63326d30_0;  alias, 1 drivers
v0x559f6331f740_0 .net "k", 0 0, L_0x559f63327cf0;  1 drivers
L_0x7f434108e0a8 .functor BUFT 1, C4<0>, C4<0>, C4<0>, C4<0>;
v0x559f6331f7e0_0 .net "preset", 0 0, L_0x7f434108e0a8;  1 drivers
v0x559f6331f8f0_0 .var "q", 0 0;
v0x559f6331f9b0_0 .var "qnot", 0 0;
E_0x559f63302140 .event posedge, v0x559f632fc8d0_0, v0x559f6331f7e0_0, v0x559f632fc970_0;
S_0x559f6331fb90 .scope module, "Flip_Flop_JK4" "jkff" 4 30, 5 13 0, S_0x559f632da100;
 .timescale 0 0;
    .port_info 0 /OUTPUT 1 "q";
    .port_info 1 /OUTPUT 1 "qnot";
    .port_info 2 /INPUT 1 "j";
    .port_info 3 /INPUT 1 "k";
    .port_info 4 /INPUT 1 "clk";
    .port_info 5 /INPUT 1 "preset";
    .port_info 6 /INPUT 1 "clear";
v0x559f6331fea0_0 .net "clear", 0 0, v0x559f63326a40_0;  alias, 1 drivers
v0x559f6331ff60_0 .net "clk", 0 0, L_0x559f632d6420;  alias, 1 drivers
v0x559f63320020_0 .net "j", 0 0, v0x559f63326dd0_0;  alias, 1 drivers
v0x559f633200c0_0 .net "k", 0 0, L_0x559f63327df0;  1 drivers
L_0x7f434108e0f0 .functor BUFT 1, C4<0>, C4<0>, C4<0>, C4<0>;
v0x559f63320160_0 .net "preset", 0 0, L_0x7f434108e0f0;  1 drivers
v0x559f63320270_0 .var "q", 0 0;
v0x559f63320330_0 .var "qnot", 0 0;
E_0x559f6331fe20 .event posedge, v0x559f632fc8d0_0, v0x559f63320160_0, v0x559f632fc970_0;
S_0x559f633218f0 .scope module, "ram_2" "RAM_1x4" 3 25, 4 13 0, S_0x559f632c2f90;
 .timescale 0 0;
    .port_info 0 /OUTPUT 1 "out1";
    .port_info 1 /OUTPUT 1 "out2";
    .port_info 2 /OUTPUT 1 "out3";
    .port_info 3 /OUTPUT 1 "out4";
    .port_info 4 /INPUT 1 "in1";
    .port_info 5 /INPUT 1 "in2";
    .port_info 6 /INPUT 1 "in3";
    .port_info 7 /INPUT 1 "in4";
    .port_info 8 /INPUT 1 "addr";
    .port_info 9 /INPUT 1 "r_w";
    .port_info 10 /INPUT 1 "clk";
    .port_info 11 /INPUT 1 "clear";
L_0x559f63328650 .functor AND 1, v0x559f63326980_0, v0x559f63327930_0, v0x559f63326b00_0, C4<1>;
L_0x559f633286c0 .functor NOT 1, v0x559f63326e70_0, C4<0>, C4<0>, C4<0>;
L_0x559f63328730 .functor NOT 1, v0x559f63326f10_0, C4<0>, C4<0>, C4<0>;
L_0x559f633287d0 .functor NOT 1, v0x559f63326fb0_0, C4<0>, C4<0>, C4<0>;
L_0x559f63328960 .functor NOT 1, v0x559f63327050_0, C4<0>, C4<0>, C4<0>;
L_0x559f63328ac0 .functor AND 1, v0x559f63326980_0, L_0x559f63328bd0, v0x559f63322260_0, C4<1>;
L_0x559f63328bd0 .functor NOT 1, v0x559f63326b00_0, C4<0>, C4<0>, C4<0>;
L_0x559f63328c40 .functor AND 1, v0x559f63326980_0, L_0x559f63328d00, v0x559f63322bf0_0, C4<1>;
L_0x559f63328d00 .functor NOT 1, v0x559f63326b00_0, C4<0>, C4<0>, C4<0>;
L_0x559f63328dc0 .functor AND 1, v0x559f63326980_0, L_0x559f63328ee0, v0x559f633235a0_0, C4<1>;
L_0x559f63328ee0 .functor NOT 1, v0x559f63326b00_0, C4<0>, C4<0>, C4<0>;
L_0x559f63328f50 .functor AND 1, v0x559f63326980_0, L_0x559f63329080, v0x559f63323f20_0, C4<1>;
L_0x559f63329080 .functor NOT 1, v0x559f63326b00_0, C4<0>, C4<0>, C4<0>;
v0x559f633241c0_0 .net *"_ivl_16", 0 0, L_0x559f63328bd0;  1 drivers
v0x559f633242c0_0 .net *"_ivl_18", 0 0, L_0x559f63328d00;  1 drivers
v0x559f633243a0_0 .net *"_ivl_20", 0 0, L_0x559f63328ee0;  1 drivers
v0x559f63324460_0 .net *"_ivl_22", 0 0, L_0x559f63329080;  1 drivers
v0x559f63324540_0 .net "addr", 0 0, v0x559f63326980_0;  alias, 1 drivers
v0x559f63324630_0 .net "and1", 0 0, L_0x559f63328650;  1 drivers
v0x559f633246d0_0 .net "clear", 0 0, v0x559f63326a40_0;  alias, 1 drivers
v0x559f63324770_0 .net "clk", 0 0, v0x559f63326b00_0;  alias, 1 drivers
v0x559f63324840_0 .net "in1", 0 0, v0x559f63326e70_0;  alias, 1 drivers
v0x559f63324910_0 .net "in2", 0 0, v0x559f63326f10_0;  alias, 1 drivers
v0x559f633249e0_0 .net "in3", 0 0, v0x559f63326fb0_0;  alias, 1 drivers
v0x559f63324ab0_0 .net "in4", 0 0, v0x559f63327050_0;  alias, 1 drivers
v0x559f63324b80_0 .net "out1", 0 0, L_0x559f63328ac0;  alias, 1 drivers
v0x559f63324c20_0 .net "out2", 0 0, L_0x559f63328c40;  alias, 1 drivers
v0x559f63324cc0_0 .net "out3", 0 0, L_0x559f63328dc0;  alias, 1 drivers
v0x559f63324d60_0 .net "out4", 0 0, L_0x559f63328f50;  alias, 1 drivers
v0x559f63324e00_0 .net "q1", 0 0, v0x559f63322260_0;  1 drivers
v0x559f63324fe0_0 .net "q2", 0 0, v0x559f63322bf0_0;  1 drivers
v0x559f633250b0_0 .net "q3", 0 0, v0x559f633235a0_0;  1 drivers
v0x559f63325180_0 .net "q4", 0 0, v0x559f63323f20_0;  1 drivers
v0x559f63325250_0 .net "qnot1", 0 0, v0x559f63322320_0;  1 drivers
v0x559f63325320_0 .net "qnot2", 0 0, v0x559f63322cb0_0;  1 drivers
v0x559f633253f0_0 .net "qnot3", 0 0, v0x559f63323660_0;  1 drivers
v0x559f633254c0_0 .net "qnot4", 0 0, v0x559f63323fe0_0;  1 drivers
v0x559f63325590_0 .net "r_w", 0 0, v0x559f63327930_0;  alias, 1 drivers
S_0x559f63321bd0 .scope module, "Flip_Flop_JK1" "jkff" 4 24, 5 13 0, S_0x559f633218f0;
 .timescale 0 0;
    .port_info 0 /OUTPUT 1 "q";
    .port_info 1 /OUTPUT 1 "qnot";
    .port_info 2 /INPUT 1 "j";
    .port_info 3 /INPUT 1 "k";
    .port_info 4 /INPUT 1 "clk";
    .port_info 5 /INPUT 1 "preset";
    .port_info 6 /INPUT 1 "clear";
v0x559f63321e90_0 .net "clear", 0 0, v0x559f63326a40_0;  alias, 1 drivers
v0x559f63321f50_0 .net "clk", 0 0, L_0x559f63328650;  alias, 1 drivers
v0x559f63322010_0 .net "j", 0 0, v0x559f63326e70_0;  alias, 1 drivers
v0x559f633220e0_0 .net "k", 0 0, L_0x559f633286c0;  1 drivers
L_0x7f434108e138 .functor BUFT 1, C4<0>, C4<0>, C4<0>, C4<0>;
v0x559f633221a0_0 .net "preset", 0 0, L_0x7f434108e138;  1 drivers
v0x559f63322260_0 .var "q", 0 0;
v0x559f63322320_0 .var "qnot", 0 0;
E_0x559f63321e10 .event posedge, v0x559f632fc8d0_0, v0x559f633221a0_0, v0x559f63321f50_0;
S_0x559f63322500 .scope module, "Flip_Flop_JK2" "jkff" 4 26, 5 13 0, S_0x559f633218f0;
 .timescale 0 0;
    .port_info 0 /OUTPUT 1 "q";
    .port_info 1 /OUTPUT 1 "qnot";
    .port_info 2 /INPUT 1 "j";
    .port_info 3 /INPUT 1 "k";
    .port_info 4 /INPUT 1 "clk";
    .port_info 5 /INPUT 1 "preset";
    .port_info 6 /INPUT 1 "clear";
v0x559f63322810_0 .net "clear", 0 0, v0x559f63326a40_0;  alias, 1 drivers
v0x559f633228d0_0 .net "clk", 0 0, L_0x559f63328650;  alias, 1 drivers
v0x559f63322990_0 .net "j", 0 0, v0x559f63326f10_0;  alias, 1 drivers
v0x559f63322a60_0 .net "k", 0 0, L_0x559f63328730;  1 drivers
L_0x7f434108e180 .functor BUFT 1, C4<0>, C4<0>, C4<0>, C4<0>;
v0x559f63322b00_0 .net "preset", 0 0, L_0x7f434108e180;  1 drivers
v0x559f63322bf0_0 .var "q", 0 0;
v0x559f63322cb0_0 .var "qnot", 0 0;
E_0x559f633227b0 .event posedge, v0x559f632fc8d0_0, v0x559f63322b00_0, v0x559f63321f50_0;
S_0x559f63322e90 .scope module, "Flip_Flop_JK3" "jkff" 4 28, 5 13 0, S_0x559f633218f0;
 .timescale 0 0;
    .port_info 0 /OUTPUT 1 "q";
    .port_info 1 /OUTPUT 1 "qnot";
    .port_info 2 /INPUT 1 "j";
    .port_info 3 /INPUT 1 "k";
    .port_info 4 /INPUT 1 "clk";
    .port_info 5 /INPUT 1 "preset";
    .port_info 6 /INPUT 1 "clear";
v0x559f63323180_0 .net "clear", 0 0, v0x559f63326a40_0;  alias, 1 drivers
v0x559f63323240_0 .net "clk", 0 0, L_0x559f63328650;  alias, 1 drivers
v0x559f63323350_0 .net "j", 0 0, v0x559f63326fb0_0;  alias, 1 drivers
v0x559f633233f0_0 .net "k", 0 0, L_0x559f633287d0;  1 drivers
L_0x7f434108e1c8 .functor BUFT 1, C4<0>, C4<0>, C4<0>, C4<0>;
v0x559f63323490_0 .net "preset", 0 0, L_0x7f434108e1c8;  1 drivers
v0x559f633235a0_0 .var "q", 0 0;
v0x559f63323660_0 .var "qnot", 0 0;
E_0x559f63323120 .event posedge, v0x559f632fc8d0_0, v0x559f63323490_0, v0x559f63321f50_0;
S_0x559f63323840 .scope module, "Flip_Flop_JK4" "jkff" 4 30, 5 13 0, S_0x559f633218f0;
 .timescale 0 0;
    .port_info 0 /OUTPUT 1 "q";
    .port_info 1 /OUTPUT 1 "qnot";
    .port_info 2 /INPUT 1 "j";
    .port_info 3 /INPUT 1 "k";
    .port_info 4 /INPUT 1 "clk";
    .port_info 5 /INPUT 1 "preset";
    .port_info 6 /INPUT 1 "clear";
v0x559f63323b50_0 .net "clear", 0 0, v0x559f63326a40_0;  alias, 1 drivers
v0x559f63323c10_0 .net "clk", 0 0, L_0x559f63328650;  alias, 1 drivers
v0x559f63323cd0_0 .net "j", 0 0, v0x559f63327050_0;  alias, 1 drivers
v0x559f63323d70_0 .net "k", 0 0, L_0x559f63328960;  1 drivers
L_0x7f434108e210 .functor BUFT 1, C4<0>, C4<0>, C4<0>, C4<0>;
v0x559f63323e10_0 .net "preset", 0 0, L_0x7f434108e210;  1 drivers
v0x559f63323f20_0 .var "q", 0 0;
v0x559f63323fe0_0 .var "qnot", 0 0;
E_0x559f63323ad0 .event posedge, v0x559f632fc8d0_0, v0x559f63323e10_0, v0x559f63321f50_0;
    .scope S_0x559f63297cf0;
T_0 ;
    %wait E_0x559f632d7030;
    %load/vec4 v0x559f632fc8d0_0;
    %flag_set/vec4 8;
    %jmp/0xz  T_0.0, 8;
    %pushi/vec4 0, 0, 1;
    %assign/vec4 v0x559f6331e760_0, 0;
    %pushi/vec4 1, 0, 1;
    %assign/vec4 v0x559f6331e820_0, 0;
    %jmp T_0.1;
T_0.0 ;
    %load/vec4 v0x559f6331e650_0;
    %flag_set/vec4 8;
    %jmp/0xz  T_0.2, 8;
    %pushi/vec4 1, 0, 1;
    %assign/vec4 v0x559f6331e760_0, 0;
    %pushi/vec4 0, 0, 1;
    %assign/vec4 v0x559f6331e820_0, 0;
    %jmp T_0.3;
T_0.2 ;
    %load/vec4 v0x559f6331e4f0_0;
    %load/vec4 v0x559f6331e590_0;
    %inv;
    %and;
    %flag_set/vec4 8;
    %jmp/0xz  T_0.4, 8;
    %pushi/vec4 1, 0, 1;
    %assign/vec4 v0x559f6331e760_0, 0;
    %pushi/vec4 0, 0, 1;
    %assign/vec4 v0x559f6331e820_0, 0;
    %jmp T_0.5;
T_0.4 ;
    %load/vec4 v0x559f6331e4f0_0;
    %inv;
    %load/vec4 v0x559f6331e590_0;
    %and;
    %flag_set/vec4 8;
    %jmp/0xz  T_0.6, 8;
    %pushi/vec4 0, 0, 1;
    %assign/vec4 v0x559f6331e760_0, 0;
    %pushi/vec4 1, 0, 1;
    %assign/vec4 v0x559f6331e820_0, 0;
    %jmp T_0.7;
T_0.6 ;
    %load/vec4 v0x559f6331e4f0_0;
    %load/vec4 v0x559f6331e590_0;
    %and;
    %flag_set/vec4 8;
    %jmp/0xz  T_0.8, 8;
    %load/vec4 v0x559f6331e760_0;
    %inv;
    %assign/vec4 v0x559f6331e760_0, 0;
    %load/vec4 v0x559f6331e820_0;
    %inv;
    %assign/vec4 v0x559f6331e820_0, 0;
T_0.8 ;
T_0.7 ;
T_0.5 ;
T_0.3 ;
T_0.1 ;
    %jmp T_0;
    .thread T_0;
    .scope S_0x559f6331e9c0;
T_1 ;
    %wait E_0x559f632bba70;
    %load/vec4 v0x559f6331ebe0_0;
    %flag_set/vec4 8;
    %jmp/0xz  T_1.0, 8;
    %pushi/vec4 0, 0, 1;
    %assign/vec4 v0x559f6331ef70_0, 0;
    %pushi/vec4 1, 0, 1;
    %assign/vec4 v0x559f6331f030_0, 0;
    %jmp T_1.1;
T_1.0 ;
    %load/vec4 v0x559f6331ee80_0;
    %flag_set/vec4 8;
    %jmp/0xz  T_1.2, 8;
    %pushi/vec4 1, 0, 1;
    %assign/vec4 v0x559f6331ef70_0, 0;
    %pushi/vec4 0, 0, 1;
    %assign/vec4 v0x559f6331f030_0, 0;
    %jmp T_1.3;
T_1.2 ;
    %load/vec4 v0x559f6331ed40_0;
    %load/vec4 v0x559f6331ede0_0;
    %inv;
    %and;
    %flag_set/vec4 8;
    %jmp/0xz  T_1.4, 8;
    %pushi/vec4 1, 0, 1;
    %assign/vec4 v0x559f6331ef70_0, 0;
    %pushi/vec4 0, 0, 1;
    %assign/vec4 v0x559f6331f030_0, 0;
    %jmp T_1.5;
T_1.4 ;
    %load/vec4 v0x559f6331ed40_0;
    %inv;
    %load/vec4 v0x559f6331ede0_0;
    %and;
    %flag_set/vec4 8;
    %jmp/0xz  T_1.6, 8;
    %pushi/vec4 0, 0, 1;
    %assign/vec4 v0x559f6331ef70_0, 0;
    %pushi/vec4 1, 0, 1;
    %assign/vec4 v0x559f6331f030_0, 0;
    %jmp T_1.7;
T_1.6 ;
    %load/vec4 v0x559f6331ed40_0;
    %load/vec4 v0x559f6331ede0_0;
    %and;
    %flag_set/vec4 8;
    %jmp/0xz  T_1.8, 8;
    %load/vec4 v0x559f6331ef70_0;
    %inv;
    %assign/vec4 v0x559f6331ef70_0, 0;
    %load/vec4 v0x559f6331f030_0;
    %inv;
    %assign/vec4 v0x559f6331f030_0, 0;
T_1.8 ;
T_1.7 ;
T_1.5 ;
T_1.3 ;
T_1.1 ;
    %jmp T_1;
    .thread T_1;
    .scope S_0x559f6331f1d0;
T_2 ;
    %wait E_0x559f63302140;
    %load/vec4 v0x559f6331f480_0;
    %flag_set/vec4 8;
    %jmp/0xz  T_2.0, 8;
    %pushi/vec4 0, 0, 1;
    %assign/vec4 v0x559f6331f8f0_0, 0;
    %pushi/vec4 1, 0, 1;
    %assign/vec4 v0x559f6331f9b0_0, 0;
    %jmp T_2.1;
T_2.0 ;
    %load/vec4 v0x559f6331f7e0_0;
    %flag_set/vec4 8;
    %jmp/0xz  T_2.2, 8;
    %pushi/vec4 1, 0, 1;
    %assign/vec4 v0x559f6331f8f0_0, 0;
    %pushi/vec4 0, 0, 1;
    %assign/vec4 v0x559f6331f9b0_0, 0;
    %jmp T_2.3;
T_2.2 ;
    %load/vec4 v0x559f6331f6a0_0;
    %load/vec4 v0x559f6331f740_0;
    %inv;
    %and;
    %flag_set/vec4 8;
    %jmp/0xz  T_2.4, 8;
    %pushi/vec4 1, 0, 1;
    %assign/vec4 v0x559f6331f8f0_0, 0;
    %pushi/vec4 0, 0, 1;
    %assign/vec4 v0x559f6331f9b0_0, 0;
    %jmp T_2.5;
T_2.4 ;
    %load/vec4 v0x559f6331f6a0_0;
    %inv;
    %load/vec4 v0x559f6331f740_0;
    %and;
    %flag_set/vec4 8;
    %jmp/0xz  T_2.6, 8;
    %pushi/vec4 0, 0, 1;
    %assign/vec4 v0x559f6331f8f0_0, 0;
    %pushi/vec4 1, 0, 1;
    %assign/vec4 v0x559f6331f9b0_0, 0;
    %jmp T_2.7;
T_2.6 ;
    %load/vec4 v0x559f6331f6a0_0;
    %load/vec4 v0x559f6331f740_0;
    %and;
    %flag_set/vec4 8;
    %jmp/0xz  T_2.8, 8;
    %load/vec4 v0x559f6331f8f0_0;
    %inv;
    %assign/vec4 v0x559f6331f8f0_0, 0;
    %load/vec4 v0x559f6331f9b0_0;
    %inv;
    %assign/vec4 v0x559f6331f9b0_0, 0;
T_2.8 ;
T_2.7 ;
T_2.5 ;
T_2.3 ;
T_2.1 ;
    %jmp T_2;
    .thread T_2;
    .scope S_0x559f6331fb90;
T_3 ;
    %wait E_0x559f6331fe20;
    %load/vec4 v0x559f6331fea0_0;
    %flag_set/vec4 8;
    %jmp/0xz  T_3.0, 8;
    %pushi/vec4 0, 0, 1;
    %assign/vec4 v0x559f63320270_0, 0;
    %pushi/vec4 1, 0, 1;
    %assign/vec4 v0x559f63320330_0, 0;
    %jmp T_3.1;
T_3.0 ;
    %load/vec4 v0x559f63320160_0;
    %flag_set/vec4 8;
    %jmp/0xz  T_3.2, 8;
    %pushi/vec4 1, 0, 1;
    %assign/vec4 v0x559f63320270_0, 0;
    %pushi/vec4 0, 0, 1;
    %assign/vec4 v0x559f63320330_0, 0;
    %jmp T_3.3;
T_3.2 ;
    %load/vec4 v0x559f63320020_0;
    %load/vec4 v0x559f633200c0_0;
    %inv;
    %and;
    %flag_set/vec4 8;
    %jmp/0xz  T_3.4, 8;
    %pushi/vec4 1, 0, 1;
    %assign/vec4 v0x559f63320270_0, 0;
    %pushi/vec4 0, 0, 1;
    %assign/vec4 v0x559f63320330_0, 0;
    %jmp T_3.5;
T_3.4 ;
    %load/vec4 v0x559f63320020_0;
    %inv;
    %load/vec4 v0x559f633200c0_0;
    %and;
    %flag_set/vec4 8;
    %jmp/0xz  T_3.6, 8;
    %pushi/vec4 0, 0, 1;
    %assign/vec4 v0x559f63320270_0, 0;
    %pushi/vec4 1, 0, 1;
    %assign/vec4 v0x559f63320330_0, 0;
    %jmp T_3.7;
T_3.6 ;
    %load/vec4 v0x559f63320020_0;
    %load/vec4 v0x559f633200c0_0;
    %and;
    %flag_set/vec4 8;
    %jmp/0xz  T_3.8, 8;
    %load/vec4 v0x559f63320270_0;
    %inv;
    %assign/vec4 v0x559f63320270_0, 0;
    %load/vec4 v0x559f63320330_0;
    %inv;
    %assign/vec4 v0x559f63320330_0, 0;
T_3.8 ;
T_3.7 ;
T_3.5 ;
T_3.3 ;
T_3.1 ;
    %jmp T_3;
    .thread T_3;
    .scope S_0x559f63321bd0;
T_4 ;
    %wait E_0x559f63321e10;
    %load/vec4 v0x559f63321e90_0;
    %flag_set/vec4 8;
    %jmp/0xz  T_4.0, 8;
    %pushi/vec4 0, 0, 1;
    %assign/vec4 v0x559f63322260_0, 0;
    %pushi/vec4 1, 0, 1;
    %assign/vec4 v0x559f63322320_0, 0;
    %jmp T_4.1;
T_4.0 ;
    %load/vec4 v0x559f633221a0_0;
    %flag_set/vec4 8;
    %jmp/0xz  T_4.2, 8;
    %pushi/vec4 1, 0, 1;
    %assign/vec4 v0x559f63322260_0, 0;
    %pushi/vec4 0, 0, 1;
    %assign/vec4 v0x559f63322320_0, 0;
    %jmp T_4.3;
T_4.2 ;
    %load/vec4 v0x559f63322010_0;
    %load/vec4 v0x559f633220e0_0;
    %inv;
    %and;
    %flag_set/vec4 8;
    %jmp/0xz  T_4.4, 8;
    %pushi/vec4 1, 0, 1;
    %assign/vec4 v0x559f63322260_0, 0;
    %pushi/vec4 0, 0, 1;
    %assign/vec4 v0x559f63322320_0, 0;
    %jmp T_4.5;
T_4.4 ;
    %load/vec4 v0x559f63322010_0;
    %inv;
    %load/vec4 v0x559f633220e0_0;
    %and;
    %flag_set/vec4 8;
    %jmp/0xz  T_4.6, 8;
    %pushi/vec4 0, 0, 1;
    %assign/vec4 v0x559f63322260_0, 0;
    %pushi/vec4 1, 0, 1;
    %assign/vec4 v0x559f63322320_0, 0;
    %jmp T_4.7;
T_4.6 ;
    %load/vec4 v0x559f63322010_0;
    %load/vec4 v0x559f633220e0_0;
    %and;
    %flag_set/vec4 8;
    %jmp/0xz  T_4.8, 8;
    %load/vec4 v0x559f63322260_0;
    %inv;
    %assign/vec4 v0x559f63322260_0, 0;
    %load/vec4 v0x559f63322320_0;
    %inv;
    %assign/vec4 v0x559f63322320_0, 0;
T_4.8 ;
T_4.7 ;
T_4.5 ;
T_4.3 ;
T_4.1 ;
    %jmp T_4;
    .thread T_4;
    .scope S_0x559f63322500;
T_5 ;
    %wait E_0x559f633227b0;
    %load/vec4 v0x559f63322810_0;
    %flag_set/vec4 8;
    %jmp/0xz  T_5.0, 8;
    %pushi/vec4 0, 0, 1;
    %assign/vec4 v0x559f63322bf0_0, 0;
    %pushi/vec4 1, 0, 1;
    %assign/vec4 v0x559f63322cb0_0, 0;
    %jmp T_5.1;
T_5.0 ;
    %load/vec4 v0x559f63322b00_0;
    %flag_set/vec4 8;
    %jmp/0xz  T_5.2, 8;
    %pushi/vec4 1, 0, 1;
    %assign/vec4 v0x559f63322bf0_0, 0;
    %pushi/vec4 0, 0, 1;
    %assign/vec4 v0x559f63322cb0_0, 0;
    %jmp T_5.3;
T_5.2 ;
    %load/vec4 v0x559f63322990_0;
    %load/vec4 v0x559f63322a60_0;
    %inv;
    %and;
    %flag_set/vec4 8;
    %jmp/0xz  T_5.4, 8;
    %pushi/vec4 1, 0, 1;
    %assign/vec4 v0x559f63322bf0_0, 0;
    %pushi/vec4 0, 0, 1;
    %assign/vec4 v0x559f63322cb0_0, 0;
    %jmp T_5.5;
T_5.4 ;
    %load/vec4 v0x559f63322990_0;
    %inv;
    %load/vec4 v0x559f63322a60_0;
    %and;
    %flag_set/vec4 8;
    %jmp/0xz  T_5.6, 8;
    %pushi/vec4 0, 0, 1;
    %assign/vec4 v0x559f63322bf0_0, 0;
    %pushi/vec4 1, 0, 1;
    %assign/vec4 v0x559f63322cb0_0, 0;
    %jmp T_5.7;
T_5.6 ;
    %load/vec4 v0x559f63322990_0;
    %load/vec4 v0x559f63322a60_0;
    %and;
    %flag_set/vec4 8;
    %jmp/0xz  T_5.8, 8;
    %load/vec4 v0x559f63322bf0_0;
    %inv;
    %assign/vec4 v0x559f63322bf0_0, 0;
    %load/vec4 v0x559f63322cb0_0;
    %inv;
    %assign/vec4 v0x559f63322cb0_0, 0;
T_5.8 ;
T_5.7 ;
T_5.5 ;
T_5.3 ;
T_5.1 ;
    %jmp T_5;
    .thread T_5;
    .scope S_0x559f63322e90;
T_6 ;
    %wait E_0x559f63323120;
    %load/vec4 v0x559f63323180_0;
    %flag_set/vec4 8;
    %jmp/0xz  T_6.0, 8;
    %pushi/vec4 0, 0, 1;
    %assign/vec4 v0x559f633235a0_0, 0;
    %pushi/vec4 1, 0, 1;
    %assign/vec4 v0x559f63323660_0, 0;
    %jmp T_6.1;
T_6.0 ;
    %load/vec4 v0x559f63323490_0;
    %flag_set/vec4 8;
    %jmp/0xz  T_6.2, 8;
    %pushi/vec4 1, 0, 1;
    %assign/vec4 v0x559f633235a0_0, 0;
    %pushi/vec4 0, 0, 1;
    %assign/vec4 v0x559f63323660_0, 0;
    %jmp T_6.3;
T_6.2 ;
    %load/vec4 v0x559f63323350_0;
    %load/vec4 v0x559f633233f0_0;
    %inv;
    %and;
    %flag_set/vec4 8;
    %jmp/0xz  T_6.4, 8;
    %pushi/vec4 1, 0, 1;
    %assign/vec4 v0x559f633235a0_0, 0;
    %pushi/vec4 0, 0, 1;
    %assign/vec4 v0x559f63323660_0, 0;
    %jmp T_6.5;
T_6.4 ;
    %load/vec4 v0x559f63323350_0;
    %inv;
    %load/vec4 v0x559f633233f0_0;
    %and;
    %flag_set/vec4 8;
    %jmp/0xz  T_6.6, 8;
    %pushi/vec4 0, 0, 1;
    %assign/vec4 v0x559f633235a0_0, 0;
    %pushi/vec4 1, 0, 1;
    %assign/vec4 v0x559f63323660_0, 0;
    %jmp T_6.7;
T_6.6 ;
    %load/vec4 v0x559f63323350_0;
    %load/vec4 v0x559f633233f0_0;
    %and;
    %flag_set/vec4 8;
    %jmp/0xz  T_6.8, 8;
    %load/vec4 v0x559f633235a0_0;
    %inv;
    %assign/vec4 v0x559f633235a0_0, 0;
    %load/vec4 v0x559f63323660_0;
    %inv;
    %assign/vec4 v0x559f63323660_0, 0;
T_6.8 ;
T_6.7 ;
T_6.5 ;
T_6.3 ;
T_6.1 ;
    %jmp T_6;
    .thread T_6;
    .scope S_0x559f63323840;
T_7 ;
    %wait E_0x559f63323ad0;
    %load/vec4 v0x559f63323b50_0;
    %flag_set/vec4 8;
    %jmp/0xz  T_7.0, 8;
    %pushi/vec4 0, 0, 1;
    %assign/vec4 v0x559f63323f20_0, 0;
    %pushi/vec4 1, 0, 1;
    %assign/vec4 v0x559f63323fe0_0, 0;
    %jmp T_7.1;
T_7.0 ;
    %load/vec4 v0x559f63323e10_0;
    %flag_set/vec4 8;
    %jmp/0xz  T_7.2, 8;
    %pushi/vec4 1, 0, 1;
    %assign/vec4 v0x559f63323f20_0, 0;
    %pushi/vec4 0, 0, 1;
    %assign/vec4 v0x559f63323fe0_0, 0;
    %jmp T_7.3;
T_7.2 ;
    %load/vec4 v0x559f63323cd0_0;
    %load/vec4 v0x559f63323d70_0;
    %inv;
    %and;
    %flag_set/vec4 8;
    %jmp/0xz  T_7.4, 8;
    %pushi/vec4 1, 0, 1;
    %assign/vec4 v0x559f63323f20_0, 0;
    %pushi/vec4 0, 0, 1;
    %assign/vec4 v0x559f63323fe0_0, 0;
    %jmp T_7.5;
T_7.4 ;
    %load/vec4 v0x559f63323cd0_0;
    %inv;
    %load/vec4 v0x559f63323d70_0;
    %and;
    %flag_set/vec4 8;
    %jmp/0xz  T_7.6, 8;
    %pushi/vec4 0, 0, 1;
    %assign/vec4 v0x559f63323f20_0, 0;
    %pushi/vec4 1, 0, 1;
    %assign/vec4 v0x559f63323fe0_0, 0;
    %jmp T_7.7;
T_7.6 ;
    %load/vec4 v0x559f63323cd0_0;
    %load/vec4 v0x559f63323d70_0;
    %and;
    %flag_set/vec4 8;
    %jmp/0xz  T_7.8, 8;
    %load/vec4 v0x559f63323f20_0;
    %inv;
    %assign/vec4 v0x559f63323f20_0, 0;
    %load/vec4 v0x559f63323fe0_0;
    %inv;
    %assign/vec4 v0x559f63323fe0_0, 0;
T_7.8 ;
T_7.7 ;
T_7.5 ;
T_7.3 ;
T_7.1 ;
    %jmp T_7;
    .thread T_7;
    .scope S_0x559f632c3170;
T_8 ;
    %pushi/vec4 0, 0, 1;
    %store/vec4 v0x559f63326b00_0, 0, 1;
T_8.0 ;
    %delay 5, 0;
    %load/vec4 v0x559f63326b00_0;
    %inv;
    %store/vec4 v0x559f63326b00_0, 0, 1;
    %jmp T_8.0;
    %end;
    .thread T_8;
    .scope S_0x559f632c3170;
T_9 ;
    %vpi_call 2 34 "$monitor", "Tempo=%0t | addr=%b | r_w=%b | in=%b%b%b%b%b%b%b%b | clear=%b | out=%b%b%b%b%b%b%b%b", $time, v0x559f63326980_0, v0x559f63327930_0, v0x559f63326ba0_0, v0x559f63326c40_0, v0x559f63326d30_0, v0x559f63326dd0_0, v0x559f63326e70_0, v0x559f63326f10_0, v0x559f63326fb0_0, v0x559f63327050_0, v0x559f63326a40_0, v0x559f633270f0_0, v0x559f63327190_0, v0x559f63327280_0, v0x559f63327370_0, v0x559f63327460_0, v0x559f63327550_0, v0x559f63327750_0, v0x559f63327840_0 {0 0 0};
    %pushi/vec4 0, 0, 1;
    %store/vec4 v0x559f63326ba0_0, 0, 1;
    %pushi/vec4 0, 0, 1;
    %store/vec4 v0x559f63326c40_0, 0, 1;
    %pushi/vec4 0, 0, 1;
    %store/vec4 v0x559f63326d30_0, 0, 1;
    %pushi/vec4 0, 0, 1;
    %store/vec4 v0x559f63326dd0_0, 0, 1;
    %pushi/vec4 0, 0, 1;
    %store/vec4 v0x559f63326e70_0, 0, 1;
    %pushi/vec4 0, 0, 1;
    %store/vec4 v0x559f63326f10_0, 0, 1;
    %pushi/vec4 0, 0, 1;
    %store/vec4 v0x559f63326fb0_0, 0, 1;
    %pushi/vec4 0, 0, 1;
    %store/vec4 v0x559f63327050_0, 0, 1;
    %pushi/vec4 0, 0, 1;
    %store/vec4 v0x559f63326980_0, 0, 1;
    %pushi/vec4 0, 0, 1;
    %store/vec4 v0x559f63327930_0, 0, 1;
    %pushi/vec4 1, 0, 1;
    %store/vec4 v0x559f63326a40_0, 0, 1;
    %delay 10, 0;
    %pushi/vec4 0, 0, 1;
    %store/vec4 v0x559f63326a40_0, 0, 1;
    %delay 10, 0;
    %pushi/vec4 1, 0, 1;
    %store/vec4 v0x559f63326ba0_0, 0, 1;
    %pushi/vec4 1, 0, 1;
    %store/vec4 v0x559f63326c40_0, 0, 1;
    %pushi/vec4 0, 0, 1;
    %store/vec4 v0x559f63326d30_0, 0, 1;
    %pushi/vec4 0, 0, 1;
    %store/vec4 v0x559f63326dd0_0, 0, 1;
    %pushi/vec4 0, 0, 1;
    %store/vec4 v0x559f63326e70_0, 0, 1;
    %pushi/vec4 0, 0, 1;
    %store/vec4 v0x559f63326f10_0, 0, 1;
    %pushi/vec4 0, 0, 1;
    %store/vec4 v0x559f63326fb0_0, 0, 1;
    %pushi/vec4 0, 0, 1;
    %store/vec4 v0x559f63327050_0, 0, 1;
    %pushi/vec4 0, 0, 1;
    %store/vec4 v0x559f63326980_0, 0, 1;
    %pushi/vec4 1, 0, 1;
    %store/vec4 v0x559f63327930_0, 0, 1;
    %delay 10, 0;
    %pushi/vec4 1, 0, 1;
    %store/vec4 v0x559f63326ba0_0, 0, 1;
    %pushi/vec4 1, 0, 1;
    %store/vec4 v0x559f63326c40_0, 0, 1;
    %pushi/vec4 0, 0, 1;
    %store/vec4 v0x559f63326d30_0, 0, 1;
    %pushi/vec4 0, 0, 1;
    %store/vec4 v0x559f63326dd0_0, 0, 1;
    %pushi/vec4 0, 0, 1;
    %store/vec4 v0x559f63326e70_0, 0, 1;
    %pushi/vec4 0, 0, 1;
    %store/vec4 v0x559f63326f10_0, 0, 1;
    %pushi/vec4 0, 0, 1;
    %store/vec4 v0x559f63326fb0_0, 0, 1;
    %pushi/vec4 0, 0, 1;
    %store/vec4 v0x559f63327050_0, 0, 1;
    %pushi/vec4 0, 0, 1;
    %store/vec4 v0x559f63326980_0, 0, 1;
    %pushi/vec4 1, 0, 1;
    %store/vec4 v0x559f63327930_0, 0, 1;
    %delay 10, 0;
    %pushi/vec4 1, 0, 1;
    %store/vec4 v0x559f63326980_0, 0, 1;
    %pushi/vec4 1, 0, 1;
    %store/vec4 v0x559f63327930_0, 0, 1;
    %pushi/vec4 1, 0, 1;
    %store/vec4 v0x559f63326ba0_0, 0, 1;
    %pushi/vec4 0, 0, 1;
    %store/vec4 v0x559f63326c40_0, 0, 1;
    %pushi/vec4 1, 0, 1;
    %store/vec4 v0x559f63326d30_0, 0, 1;
    %pushi/vec4 0, 0, 1;
    %store/vec4 v0x559f63326dd0_0, 0, 1;
    %pushi/vec4 1, 0, 1;
    %store/vec4 v0x559f63326e70_0, 0, 1;
    %pushi/vec4 0, 0, 1;
    %store/vec4 v0x559f63326f10_0, 0, 1;
    %pushi/vec4 1, 0, 1;
    %store/vec4 v0x559f63326fb0_0, 0, 1;
    %pushi/vec4 0, 0, 1;
    %store/vec4 v0x559f63327050_0, 0, 1;
    %delay 10, 0;
    %pushi/vec4 0, 0, 1;
    %store/vec4 v0x559f63326980_0, 0, 1;
    %pushi/vec4 1, 0, 1;
    %store/vec4 v0x559f63327930_0, 0, 1;
    %delay 10, 0;
    %pushi/vec4 0, 0, 1;
    %store/vec4 v0x559f63326ba0_0, 0, 1;
    %pushi/vec4 0, 0, 1;
    %store/vec4 v0x559f63326c40_0, 0, 1;
    %pushi/vec4 0, 0, 1;
    %store/vec4 v0x559f63326d30_0, 0, 1;
    %pushi/vec4 0, 0, 1;
    %store/vec4 v0x559f63326dd0_0, 0, 1;
    %pushi/vec4 1, 0, 1;
    %store/vec4 v0x559f63326e70_0, 0, 1;
    %pushi/vec4 1, 0, 1;
    %store/vec4 v0x559f63326f10_0, 0, 1;
    %pushi/vec4 1, 0, 1;
    %store/vec4 v0x559f63326fb0_0, 0, 1;
    %pushi/vec4 1, 0, 1;
    %store/vec4 v0x559f63327050_0, 0, 1;
    %pushi/vec4 1, 0, 1;
    %store/vec4 v0x559f63326980_0, 0, 1;
    %pushi/vec4 1, 0, 1;
    %store/vec4 v0x559f63327930_0, 0, 1;
    %delay 10, 0;
    %pushi/vec4 1, 0, 1;
    %store/vec4 v0x559f63326980_0, 0, 1;
    %pushi/vec4 1, 0, 1;
    %store/vec4 v0x559f63327930_0, 0, 1;
    %delay 10, 0;
    %pushi/vec4 1, 0, 1;
    %store/vec4 v0x559f63326a40_0, 0, 1;
    %delay 10, 0;
    %pushi/vec4 0, 0, 1;
    %store/vec4 v0x559f63326a40_0, 0, 1;
    %pushi/vec4 1, 0, 1;
    %store/vec4 v0x559f63326980_0, 0, 1;
    %pushi/vec4 0, 0, 1;
    %store/vec4 v0x559f63327930_0, 0, 1;
    %delay 10, 0;
    %vpi_call 2 86 "$finish" {0 0 0};
    %end;
    .thread T_9;
# The file index is used to find the file name in the following table.
:file_names 6;
    "N/A";
    "<interactive>";
    "Guia_1202.v";
    "./RAM_1x8.v";
    "./RAM_1x4.v";
    "./Flip_Flop_JK.v";
