#! /usr/bin/vvp
:ivl_version "11.0 (stable)";
:ivl_delay_selection "TYPICAL";
:vpi_time_precision + 0;
:vpi_module "/usr/lib/x86_64-linux-gnu/ivl/system.vpi";
:vpi_module "/usr/lib/x86_64-linux-gnu/ivl/vhdl_sys.vpi";
:vpi_module "/usr/lib/x86_64-linux-gnu/ivl/vhdl_textio.vpi";
:vpi_module "/usr/lib/x86_64-linux-gnu/ivl/v2005_math.vpi";
:vpi_module "/usr/lib/x86_64-linux-gnu/ivl/va_math.vpi";
S_0x558f036bcdc0 .scope module, "Guia_0902" "Guia_0902" 2 66;
 .timescale 0 0;
v0x558f0370f970_0 .net "clock", 0 0, v0x558f036e5db0_0;  1 drivers
v0x558f0370fa10_0 .net "p1", 0 0, v0x558f0370ec40_0;  1 drivers
v0x558f0370fad0_0 .net "p2", 0 0, v0x558f0370f040_0;  1 drivers
v0x558f0370fba0_0 .net "p3", 0 0, v0x558f0370f440_0;  1 drivers
v0x558f0370fc70_0 .net "p4", 0 0, v0x558f0370f850_0;  1 drivers
S_0x558f036bcf50 .scope module, "clk" "clock" 2 68, 3 15 0, S_0x558f036bcdc0;
 .timescale 0 0;
    .port_info 0 /OUTPUT 1 "clk";
v0x558f036e5db0_0 .var "clk", 0 0;
S_0x558f0370ea00 .scope module, "pls1" "pulse1" 2 70, 2 16 0, S_0x558f036bcdc0;
 .timescale 0 0;
    .port_info 0 /OUTPUT 1 "signal";
    .port_info 1 /INPUT 1 "clock";
v0x558f036be7b0_0 .net "clock", 0 0, v0x558f036e5db0_0;  alias, 1 drivers
v0x558f0370ec40_0 .var "signal", 0 0;
E_0x558f036fd170 .event posedge, v0x558f036e5db0_0;
S_0x558f0370ed40 .scope module, "pls2" "pulse2" 2 71, 2 30 0, S_0x558f036bcdc0;
 .timescale 0 0;
    .port_info 0 /OUTPUT 1 "signal";
    .port_info 1 /INPUT 1 "clock";
v0x558f0370ef50_0 .net "clock", 0 0, v0x558f036e5db0_0;  alias, 1 drivers
v0x558f0370f040_0 .var "signal", 0 0;
S_0x558f0370f160 .scope module, "pls3" "pulse3" 2 72, 2 41 0, S_0x558f036bcdc0;
 .timescale 0 0;
    .port_info 0 /OUTPUT 1 "signal";
    .port_info 1 /INPUT 1 "clock";
v0x558f0370f380_0 .net "clock", 0 0, v0x558f036e5db0_0;  alias, 1 drivers
v0x558f0370f440_0 .var "signal", 0 0;
E_0x558f036e60c0 .event negedge, v0x558f036e5db0_0;
S_0x558f0370f560 .scope module, "pls4" "pulse4" 2 73, 2 53 0, S_0x558f036bcdc0;
 .timescale 0 0;
    .port_info 0 /OUTPUT 1 "signal";
    .port_info 1 /INPUT 1 "clock";
v0x558f0370f790_0 .net "clock", 0 0, v0x558f036e5db0_0;  alias, 1 drivers
v0x558f0370f850_0 .var "signal", 0 0;
    .scope S_0x558f036bcf50;
T_0 ;
    %pushi/vec4 0, 0, 1;
    %store/vec4 v0x558f036e5db0_0, 0, 1;
    %end;
    .thread T_0;
    .scope S_0x558f036bcf50;
T_1 ;
    %delay 12, 0;
    %load/vec4 v0x558f036e5db0_0;
    %inv;
    %store/vec4 v0x558f036e5db0_0, 0, 1;
    %jmp T_1;
    .thread T_1;
    .scope S_0x558f0370ea00;
T_2 ;
    %wait E_0x558f036fd170;
    %pushi/vec4 1, 0, 1;
    %store/vec4 v0x558f0370ec40_0, 0, 1;
    %delay 4, 0;
    %pushi/vec4 0, 0, 1;
    %store/vec4 v0x558f0370ec40_0, 0, 1;
    %delay 4, 0;
    %pushi/vec4 1, 0, 1;
    %store/vec4 v0x558f0370ec40_0, 0, 1;
    %delay 4, 0;
    %pushi/vec4 0, 0, 1;
    %store/vec4 v0x558f0370ec40_0, 0, 1;
    %delay 4, 0;
    %pushi/vec4 1, 0, 1;
    %store/vec4 v0x558f0370ec40_0, 0, 1;
    %delay 4, 0;
    %pushi/vec4 0, 0, 1;
    %store/vec4 v0x558f0370ec40_0, 0, 1;
    %jmp T_2;
    .thread T_2;
    .scope S_0x558f0370ed40;
T_3 ;
    %wait E_0x558f036fd170;
    %pushi/vec4 1, 0, 1;
    %store/vec4 v0x558f0370f040_0, 0, 1;
    %delay 5, 0;
    %pushi/vec4 0, 0, 1;
    %store/vec4 v0x558f0370f040_0, 0, 1;
    %jmp T_3;
    .thread T_3;
    .scope S_0x558f0370f160;
T_4 ;
    %wait E_0x558f036e60c0;
    %pushi/vec4 1, 0, 1;
    %store/vec4 v0x558f0370f440_0, 0, 1;
    %delay 15, 0;
    %pushi/vec4 0, 0, 1;
    %store/vec4 v0x558f0370f440_0, 0, 1;
    %delay 15, 0;
    %pushi/vec4 1, 0, 1;
    %store/vec4 v0x558f0370f440_0, 0, 1;
    %jmp T_4;
    .thread T_4;
    .scope S_0x558f0370f560;
T_5 ;
    %wait E_0x558f036e60c0;
    %pushi/vec4 1, 0, 1;
    %store/vec4 v0x558f0370f850_0, 0, 1;
    %delay 20, 0;
    %pushi/vec4 0, 0, 1;
    %store/vec4 v0x558f0370f850_0, 0, 1;
    %delay 20, 0;
    %pushi/vec4 1, 0, 1;
    %store/vec4 v0x558f0370f850_0, 0, 1;
    %delay 20, 0;
    %pushi/vec4 0, 0, 1;
    %store/vec4 v0x558f0370f850_0, 0, 1;
    %jmp T_5;
    .thread T_5;
    .scope S_0x558f036bcdc0;
T_6 ;
    %vpi_call 2 75 "$dumpfile", " Guia_0902.vcd" {0 0 0};
    %vpi_call 2 76 "$dumpvars", 32'sb00000000000000000000000000000001, v0x558f0370f970_0, v0x558f0370fa10_0, v0x558f0370fad0_0, v0x558f0370fba0_0, v0x558f0370fc70_0 {0 0 0};
    %delay 480, 0;
    %vpi_call 2 77 "$finish" {0 0 0};
    %end;
    .thread T_6;
# The file index is used to find the file name in the following table.
:file_names 4;
    "N/A";
    "<interactive>";
    "Guia_0902.v";
    "./clock.v";
