#! /usr/bin/vvp
:ivl_version "11.0 (stable)";
:ivl_delay_selection "TYPICAL";
:vpi_time_precision + 0;
:vpi_module "/usr/lib/x86_64-linux-gnu/ivl/system.vpi";
:vpi_module "/usr/lib/x86_64-linux-gnu/ivl/vhdl_sys.vpi";
:vpi_module "/usr/lib/x86_64-linux-gnu/ivl/vhdl_textio.vpi";
:vpi_module "/usr/lib/x86_64-linux-gnu/ivl/v2005_math.vpi";
:vpi_module "/usr/lib/x86_64-linux-gnu/ivl/va_math.vpi";
S_0x55a261202fe0 .scope module, "Guia_0903" "Guia_0903" 2 62;
 .timescale 0 0;
v0x55a2612141a0_0 .net "clock", 0 0, v0x55a2611cb350_0;  1 drivers
v0x55a261214290_0 .net "p1", 0 0, v0x55a2611cbba0_0;  1 drivers
S_0x55a261203170 .scope module, "clk" "clock" 2 64, 2 28 0, S_0x55a261202fe0;
 .timescale 0 0;
    .port_info 0 /OUTPUT 1 "clk";
v0x55a2611cb350_0 .var "clk", 0 0;
S_0x55a261213f40 .scope module, "pls1" "pulse1" 2 65, 2 44 0, S_0x55a261202fe0;
 .timescale 0 0;
    .port_info 0 /OUTPUT 1 "signal";
    .port_info 1 /INPUT 1 "clock";
v0x55a2611cb7b0_0 .net "clock", 0 0, v0x55a2611cb350_0;  alias, 1 drivers
v0x55a2611cbba0_0 .var "signal", 0 0;
    .scope S_0x55a261203170;
T_0 ;
    %pushi/vec4 0, 0, 1;
    %store/vec4 v0x55a2611cb350_0, 0, 1;
    %end;
    .thread T_0;
    .scope S_0x55a261203170;
T_1 ;
    %delay 12, 0;
    %load/vec4 v0x55a2611cb350_0;
    %inv;
    %store/vec4 v0x55a2611cb350_0, 0, 1;
    %jmp T_1;
    .thread T_1;
    .scope S_0x55a261213f40;
T_2 ;
    %pushi/vec4 0, 0, 1;
    %store/vec4 v0x55a2611cbba0_0, 0, 1;
    %end;
    .thread T_2;
    .scope S_0x55a261213f40;
T_3 ;
    %delay 36, 0;
    %load/vec4 v0x55a2611cbba0_0;
    %inv;
    %store/vec4 v0x55a2611cbba0_0, 0, 1;
    %jmp T_3;
    .thread T_3;
    .scope S_0x55a261202fe0;
T_4 ;
    %vpi_call 2 69 "$dumpfile", " Guia_0903.vcd" {0 0 0};
    %vpi_call 2 70 "$dumpvars", 32'sb00000000000000000000000000000001, v0x55a2612141a0_0, v0x55a261214290_0 {0 0 0};
    %delay 480, 0;
    %vpi_call 2 71 "$finish" {0 0 0};
    %end;
    .thread T_4;
# The file index is used to find the file name in the following table.
:file_names 3;
    "N/A";
    "<interactive>";
    "Guia_0903.v";
