#! /usr/bin/vvp
:ivl_version "11.0 (stable)";
:ivl_delay_selection "TYPICAL";
:vpi_time_precision + 0;
:vpi_module "/usr/lib/x86_64-linux-gnu/ivl/system.vpi";
:vpi_module "/usr/lib/x86_64-linux-gnu/ivl/vhdl_sys.vpi";
:vpi_module "/usr/lib/x86_64-linux-gnu/ivl/vhdl_textio.vpi";
:vpi_module "/usr/lib/x86_64-linux-gnu/ivl/v2005_math.vpi";
:vpi_module "/usr/lib/x86_64-linux-gnu/ivl/va_math.vpi";
S_0x557cbd1fd8f0 .scope module, "test_f02" "test_f02" 2 93;
 .timescale 0 0;
v0x557cbd225a20_0 .net "a", 0 0, L_0x557cbd226ee0;  1 drivers
v0x557cbd225ae0_0 .net "aS", 0 0, L_0x557cbd2272e0;  1 drivers
v0x557cbd225bb0_0 .net "b", 0 0, L_0x557cbd228150;  1 drivers
v0x557cbd225cb0_0 .net "bS", 0 0, L_0x557cbd2283f0;  1 drivers
v0x557cbd225d80_0 .net "c", 0 0, L_0x557cbd2291d0;  1 drivers
v0x557cbd225e20_0 .net "cS", 0 0, L_0x557cbd2297d0;  1 drivers
v0x557cbd225ef0_0 .net "d", 0 0, L_0x557cbd22a650;  1 drivers
v0x557cbd225fc0_0 .net "dS", 0 0, L_0x557cbd22aa10;  1 drivers
v0x557cbd226090_0 .net "e", 0 0, L_0x557cbd22c690;  1 drivers
v0x557cbd226160_0 .net "eS", 0 0, L_0x557cbd22cb10;  1 drivers
v0x557cbd226230_0 .var "x", 0 0;
v0x557cbd2262d0_0 .var "y", 0 0;
v0x557cbd226370_0 .var "z", 0 0;
S_0x557cbd1f7970 .scope begin, "main" "main" 2 117, 2 117 0, S_0x557cbd1fd8f0;
 .timescale 0 0;
S_0x557cbd1f24a0 .scope module, "moduloA" "f02a" 2 100, 2 13 0, S_0x557cbd1fd8f0;
 .timescale 0 0;
    .port_info 0 /OUTPUT 1 "s";
    .port_info 1 /INPUT 1 "x";
    .port_info 2 /INPUT 1 "y";
    .port_info 3 /INPUT 1 "z";
L_0x557cbd226410 .functor OR 1, v0x557cbd226230_0, v0x557cbd2262d0_0, C4<0>, C4<0>;
L_0x557cbd2264b0 .functor NOT 1, v0x557cbd226370_0, C4<0>, C4<0>, C4<0>;
L_0x557cbd226550 .functor OR 1, L_0x557cbd226410, L_0x557cbd2264b0, C4<0>, C4<0>;
L_0x557cbd226640 .functor NOT 1, v0x557cbd226230_0, C4<0>, C4<0>, C4<0>;
L_0x557cbd2266e0 .functor NOT 1, v0x557cbd2262d0_0, C4<0>, C4<0>, C4<0>;
L_0x557cbd226750 .functor OR 1, L_0x557cbd226640, L_0x557cbd2266e0, C4<0>, C4<0>;
L_0x557cbd2268d0 .functor NOT 1, v0x557cbd226370_0, C4<0>, C4<0>, C4<0>;
L_0x557cbd226940 .functor OR 1, L_0x557cbd226750, L_0x557cbd2268d0, C4<0>, C4<0>;
L_0x557cbd226aa0 .functor AND 1, L_0x557cbd226550, L_0x557cbd226940, C4<1>, C4<1>;
L_0x557cbd226bb0 .functor NOT 1, v0x557cbd226230_0, C4<0>, C4<0>, C4<0>;
L_0x557cbd226c80 .functor OR 1, L_0x557cbd226bb0, v0x557cbd2262d0_0, C4<0>, C4<0>;
L_0x557cbd226cf0 .functor NOT 1, v0x557cbd226370_0, C4<0>, C4<0>, C4<0>;
L_0x557cbd226dd0 .functor OR 1, L_0x557cbd226c80, L_0x557cbd226cf0, C4<0>, C4<0>;
L_0x557cbd226ee0 .functor AND 1, L_0x557cbd226aa0, L_0x557cbd226dd0, C4<1>, C4<1>;
v0x557cbd1e7c70_0 .net *"_ivl_0", 0 0, L_0x557cbd226410;  1 drivers
v0x557cbd1e85f0_0 .net *"_ivl_10", 0 0, L_0x557cbd226750;  1 drivers
v0x557cbd1e8470_0 .net *"_ivl_12", 0 0, L_0x557cbd2268d0;  1 drivers
v0x557cbd21cd10_0 .net *"_ivl_14", 0 0, L_0x557cbd226940;  1 drivers
v0x557cbd21cdf0_0 .net *"_ivl_16", 0 0, L_0x557cbd226aa0;  1 drivers
v0x557cbd21cf20_0 .net *"_ivl_18", 0 0, L_0x557cbd226bb0;  1 drivers
v0x557cbd21d000_0 .net *"_ivl_2", 0 0, L_0x557cbd2264b0;  1 drivers
v0x557cbd21d0e0_0 .net *"_ivl_20", 0 0, L_0x557cbd226c80;  1 drivers
v0x557cbd21d1c0_0 .net *"_ivl_22", 0 0, L_0x557cbd226cf0;  1 drivers
v0x557cbd21d2a0_0 .net *"_ivl_24", 0 0, L_0x557cbd226dd0;  1 drivers
v0x557cbd21d380_0 .net *"_ivl_4", 0 0, L_0x557cbd226550;  1 drivers
v0x557cbd21d460_0 .net *"_ivl_6", 0 0, L_0x557cbd226640;  1 drivers
v0x557cbd21d540_0 .net *"_ivl_8", 0 0, L_0x557cbd2266e0;  1 drivers
v0x557cbd21d620_0 .net "s", 0 0, L_0x557cbd226ee0;  alias, 1 drivers
v0x557cbd21d6e0_0 .net "x", 0 0, v0x557cbd226230_0;  1 drivers
v0x557cbd21d7a0_0 .net "y", 0 0, v0x557cbd2262d0_0;  1 drivers
v0x557cbd21d860_0 .net "z", 0 0, v0x557cbd226370_0;  1 drivers
S_0x557cbd21d9a0 .scope module, "moduloB" "f02b" 2 103, 2 29 0, S_0x557cbd1fd8f0;
 .timescale 0 0;
    .port_info 0 /OUTPUT 1 "s";
    .port_info 1 /INPUT 1 "x";
    .port_info 2 /INPUT 1 "y";
    .port_info 3 /INPUT 1 "z";
L_0x557cbd227440 .functor OR 1, v0x557cbd226230_0, v0x557cbd2262d0_0, C4<0>, C4<0>;
L_0x557cbd2274b0 .functor OR 1, L_0x557cbd227440, v0x557cbd226370_0, C4<0>, C4<0>;
L_0x557cbd227780 .functor NOT 1, v0x557cbd226230_0, C4<0>, C4<0>, C4<0>;
L_0x557cbd227a00 .functor NOT 1, v0x557cbd2262d0_0, C4<0>, C4<0>, C4<0>;
L_0x557cbd227cb0 .functor OR 1, L_0x557cbd227780, L_0x557cbd227a00, C4<0>, C4<0>;
L_0x557cbd227dc0 .functor OR 1, L_0x557cbd227cb0, v0x557cbd226370_0, C4<0>, C4<0>;
L_0x557cbd227ec0 .functor AND 1, L_0x557cbd2274b0, L_0x557cbd227dc0, C4<1>, C4<1>;
L_0x557cbd227fd0 .functor OR 1, v0x557cbd226230_0, v0x557cbd2262d0_0, C4<0>, C4<0>;
L_0x557cbd228090 .functor OR 1, L_0x557cbd227fd0, v0x557cbd226370_0, C4<0>, C4<0>;
L_0x557cbd228150 .functor AND 1, L_0x557cbd227ec0, L_0x557cbd228090, C4<1>, C4<1>;
v0x557cbd21db30_0 .net *"_ivl_0", 0 0, L_0x557cbd227440;  1 drivers
v0x557cbd21dc10_0 .net *"_ivl_10", 0 0, L_0x557cbd227dc0;  1 drivers
v0x557cbd21dcf0_0 .net *"_ivl_12", 0 0, L_0x557cbd227ec0;  1 drivers
v0x557cbd21ddb0_0 .net *"_ivl_14", 0 0, L_0x557cbd227fd0;  1 drivers
v0x557cbd21de90_0 .net *"_ivl_16", 0 0, L_0x557cbd228090;  1 drivers
v0x557cbd21dfc0_0 .net *"_ivl_2", 0 0, L_0x557cbd2274b0;  1 drivers
v0x557cbd21e0a0_0 .net *"_ivl_4", 0 0, L_0x557cbd227780;  1 drivers
v0x557cbd21e180_0 .net *"_ivl_6", 0 0, L_0x557cbd227a00;  1 drivers
v0x557cbd21e260_0 .net *"_ivl_8", 0 0, L_0x557cbd227cb0;  1 drivers
v0x557cbd21e340_0 .net "s", 0 0, L_0x557cbd228150;  alias, 1 drivers
v0x557cbd21e400_0 .net "x", 0 0, v0x557cbd226230_0;  alias, 1 drivers
v0x557cbd21e4a0_0 .net "y", 0 0, v0x557cbd2262d0_0;  alias, 1 drivers
v0x557cbd21e540_0 .net "z", 0 0, v0x557cbd226370_0;  alias, 1 drivers
S_0x557cbd21e660 .scope module, "moduloC" "f02c" 2 106, 2 45 0, S_0x557cbd1fd8f0;
 .timescale 0 0;
    .port_info 0 /OUTPUT 1 "s";
    .port_info 1 /INPUT 1 "x";
    .port_info 2 /INPUT 1 "y";
    .port_info 3 /INPUT 1 "z";
L_0x557cbd228500 .functor OR 1, v0x557cbd226230_0, v0x557cbd2262d0_0, C4<0>, C4<0>;
L_0x557cbd228570 .functor NOT 1, v0x557cbd226370_0, C4<0>, C4<0>, C4<0>;
L_0x557cbd2285e0 .functor OR 1, L_0x557cbd228500, L_0x557cbd228570, C4<0>, C4<0>;
L_0x557cbd2286f0 .functor NOT 1, v0x557cbd2262d0_0, C4<0>, C4<0>, C4<0>;
L_0x557cbd228760 .functor OR 1, v0x557cbd226230_0, L_0x557cbd2286f0, C4<0>, C4<0>;
L_0x557cbd228820 .functor OR 1, L_0x557cbd228760, v0x557cbd226370_0, C4<0>, C4<0>;
L_0x557cbd2288e0 .functor AND 1, L_0x557cbd2285e0, L_0x557cbd228820, C4<1>, C4<1>;
L_0x557cbd2289f0 .functor NOT 1, v0x557cbd2262d0_0, C4<0>, C4<0>, C4<0>;
L_0x557cbd228ab0 .functor OR 1, v0x557cbd226230_0, L_0x557cbd2289f0, C4<0>, C4<0>;
L_0x557cbd228b70 .functor NOT 1, v0x557cbd226370_0, C4<0>, C4<0>, C4<0>;
L_0x557cbd228c40 .functor OR 1, L_0x557cbd228ab0, L_0x557cbd228b70, C4<0>, C4<0>;
L_0x557cbd228d00 .functor AND 1, L_0x557cbd2288e0, L_0x557cbd228c40, C4<1>, C4<1>;
L_0x557cbd228e80 .functor NOT 1, v0x557cbd226230_0, C4<0>, C4<0>, C4<0>;
L_0x557cbd228ef0 .functor OR 1, L_0x557cbd228e80, v0x557cbd2262d0_0, C4<0>, C4<0>;
L_0x557cbd228e10 .functor NOT 1, v0x557cbd226370_0, C4<0>, C4<0>, C4<0>;
L_0x557cbd229030 .functor OR 1, L_0x557cbd228ef0, L_0x557cbd228e10, C4<0>, C4<0>;
L_0x557cbd2291d0 .functor AND 1, L_0x557cbd228d00, L_0x557cbd229030, C4<1>, C4<1>;
v0x557cbd21e860_0 .net *"_ivl_0", 0 0, L_0x557cbd228500;  1 drivers
v0x557cbd21e960_0 .net *"_ivl_10", 0 0, L_0x557cbd228820;  1 drivers
v0x557cbd21ea40_0 .net *"_ivl_12", 0 0, L_0x557cbd2288e0;  1 drivers
v0x557cbd21eb30_0 .net *"_ivl_14", 0 0, L_0x557cbd2289f0;  1 drivers
v0x557cbd21ec10_0 .net *"_ivl_16", 0 0, L_0x557cbd228ab0;  1 drivers
v0x557cbd21ed40_0 .net *"_ivl_18", 0 0, L_0x557cbd228b70;  1 drivers
v0x557cbd21ee20_0 .net *"_ivl_2", 0 0, L_0x557cbd228570;  1 drivers
v0x557cbd21ef00_0 .net *"_ivl_20", 0 0, L_0x557cbd228c40;  1 drivers
v0x557cbd21efe0_0 .net *"_ivl_22", 0 0, L_0x557cbd228d00;  1 drivers
v0x557cbd21f0c0_0 .net *"_ivl_24", 0 0, L_0x557cbd228e80;  1 drivers
v0x557cbd21f1a0_0 .net *"_ivl_26", 0 0, L_0x557cbd228ef0;  1 drivers
v0x557cbd21f280_0 .net *"_ivl_28", 0 0, L_0x557cbd228e10;  1 drivers
v0x557cbd21f360_0 .net *"_ivl_30", 0 0, L_0x557cbd229030;  1 drivers
v0x557cbd21f440_0 .net *"_ivl_4", 0 0, L_0x557cbd2285e0;  1 drivers
v0x557cbd21f520_0 .net *"_ivl_6", 0 0, L_0x557cbd2286f0;  1 drivers
v0x557cbd21f600_0 .net *"_ivl_8", 0 0, L_0x557cbd228760;  1 drivers
v0x557cbd21f6e0_0 .net "s", 0 0, L_0x557cbd2291d0;  alias, 1 drivers
v0x557cbd21f7a0_0 .net "x", 0 0, v0x557cbd226230_0;  alias, 1 drivers
v0x557cbd21f840_0 .net "y", 0 0, v0x557cbd2262d0_0;  alias, 1 drivers
v0x557cbd21f930_0 .net "z", 0 0, v0x557cbd226370_0;  alias, 1 drivers
S_0x557cbd21faa0 .scope module, "moduloD" "f02d" 2 109, 2 61 0, S_0x557cbd1fd8f0;
 .timescale 0 0;
    .port_info 0 /OUTPUT 1 "s";
    .port_info 1 /INPUT 1 "x";
    .port_info 2 /INPUT 1 "y";
    .port_info 3 /INPUT 1 "z";
L_0x557cbd229980 .functor OR 1, v0x557cbd226230_0, v0x557cbd2262d0_0, C4<0>, C4<0>;
L_0x557cbd2299f0 .functor OR 1, L_0x557cbd229980, v0x557cbd226370_0, C4<0>, C4<0>;
L_0x557cbd229ab0 .functor NOT 1, v0x557cbd2262d0_0, C4<0>, C4<0>, C4<0>;
L_0x557cbd229b20 .functor OR 1, v0x557cbd226230_0, L_0x557cbd229ab0, C4<0>, C4<0>;
L_0x557cbd229be0 .functor NOT 1, v0x557cbd226370_0, C4<0>, C4<0>, C4<0>;
L_0x557cbd229c50 .functor OR 1, L_0x557cbd229b20, L_0x557cbd229be0, C4<0>, C4<0>;
L_0x557cbd229d60 .functor AND 1, L_0x557cbd2299f0, L_0x557cbd229c50, C4<1>, C4<1>;
L_0x557cbd229e70 .functor NOT 1, v0x557cbd226230_0, C4<0>, C4<0>, C4<0>;
L_0x557cbd229f30 .functor NOT 1, v0x557cbd2262d0_0, C4<0>, C4<0>, C4<0>;
L_0x557cbd229fa0 .functor OR 1, L_0x557cbd229e70, L_0x557cbd229f30, C4<0>, C4<0>;
L_0x557cbd22a110 .functor NOT 1, v0x557cbd226370_0, C4<0>, C4<0>, C4<0>;
L_0x557cbd22a180 .functor OR 1, L_0x557cbd229fa0, L_0x557cbd22a110, C4<0>, C4<0>;
L_0x557cbd22a2b0 .functor AND 1, L_0x557cbd229d60, L_0x557cbd22a180, C4<1>, C4<1>;
L_0x557cbd22a3c0 .functor NOT 1, v0x557cbd226230_0, C4<0>, C4<0>, C4<0>;
L_0x557cbd22a240 .functor OR 1, L_0x557cbd22a3c0, v0x557cbd2262d0_0, C4<0>, C4<0>;
L_0x557cbd22a500 .functor OR 1, L_0x557cbd22a240, v0x557cbd226370_0, C4<0>, C4<0>;
L_0x557cbd22a650 .functor AND 1, L_0x557cbd22a2b0, L_0x557cbd22a500, C4<1>, C4<1>;
v0x557cbd21fd40_0 .net *"_ivl_0", 0 0, L_0x557cbd229980;  1 drivers
v0x557cbd21fe40_0 .net *"_ivl_10", 0 0, L_0x557cbd229c50;  1 drivers
v0x557cbd21ff20_0 .net *"_ivl_12", 0 0, L_0x557cbd229d60;  1 drivers
v0x557cbd21ffe0_0 .net *"_ivl_14", 0 0, L_0x557cbd229e70;  1 drivers
v0x557cbd2200c0_0 .net *"_ivl_16", 0 0, L_0x557cbd229f30;  1 drivers
v0x557cbd2201f0_0 .net *"_ivl_18", 0 0, L_0x557cbd229fa0;  1 drivers
v0x557cbd2202d0_0 .net *"_ivl_2", 0 0, L_0x557cbd2299f0;  1 drivers
v0x557cbd2203b0_0 .net *"_ivl_20", 0 0, L_0x557cbd22a110;  1 drivers
v0x557cbd220490_0 .net *"_ivl_22", 0 0, L_0x557cbd22a180;  1 drivers
v0x557cbd220570_0 .net *"_ivl_24", 0 0, L_0x557cbd22a2b0;  1 drivers
v0x557cbd220650_0 .net *"_ivl_26", 0 0, L_0x557cbd22a3c0;  1 drivers
v0x557cbd220730_0 .net *"_ivl_28", 0 0, L_0x557cbd22a240;  1 drivers
v0x557cbd220810_0 .net *"_ivl_30", 0 0, L_0x557cbd22a500;  1 drivers
v0x557cbd2208f0_0 .net *"_ivl_4", 0 0, L_0x557cbd229ab0;  1 drivers
v0x557cbd2209d0_0 .net *"_ivl_6", 0 0, L_0x557cbd229b20;  1 drivers
v0x557cbd220ab0_0 .net *"_ivl_8", 0 0, L_0x557cbd229be0;  1 drivers
v0x557cbd220b90_0 .net "s", 0 0, L_0x557cbd22a650;  alias, 1 drivers
v0x557cbd220d60_0 .net "x", 0 0, v0x557cbd226230_0;  alias, 1 drivers
v0x557cbd220e00_0 .net "y", 0 0, v0x557cbd2262d0_0;  alias, 1 drivers
v0x557cbd220ea0_0 .net "z", 0 0, v0x557cbd226370_0;  alias, 1 drivers
S_0x557cbd220fc0 .scope module, "moduloE" "f02e" 2 112, 2 77 0, S_0x557cbd1fd8f0;
 .timescale 0 0;
    .port_info 0 /OUTPUT 1 "s";
    .port_info 1 /INPUT 1 "x";
    .port_info 2 /INPUT 1 "y";
    .port_info 3 /INPUT 1 "z";
L_0x557cbd22ab70 .functor NOT 1, v0x557cbd2262d0_0, C4<0>, C4<0>, C4<0>;
L_0x557cbd22abe0 .functor OR 1, v0x557cbd226230_0, L_0x557cbd22ab70, C4<0>, C4<0>;
L_0x557cbd22aca0 .functor OR 1, L_0x557cbd22abe0, v0x557cbd226370_0, C4<0>, C4<0>;
L_0x557cbd22b170 .functor NOT 1, v0x557cbd2262d0_0, C4<0>, C4<0>, C4<0>;
L_0x557cbd22b5f0 .functor OR 1, v0x557cbd226230_0, L_0x557cbd22b170, C4<0>, C4<0>;
L_0x557cbd22b6b0 .functor NOT 1, v0x557cbd226370_0, C4<0>, C4<0>, C4<0>;
L_0x557cbd22b720 .functor OR 1, L_0x557cbd22b5f0, L_0x557cbd22b6b0, C4<0>, C4<0>;
L_0x557cbd22b830 .functor AND 1, L_0x557cbd22aca0, L_0x557cbd22b720, C4<1>, C4<1>;
L_0x557cbd22b990 .functor NOT 1, v0x557cbd226230_0, C4<0>, C4<0>, C4<0>;
L_0x557cbd22ba00 .functor NOT 1, v0x557cbd2262d0_0, C4<0>, C4<0>, C4<0>;
L_0x557cbd22bad0 .functor OR 1, L_0x557cbd22b990, L_0x557cbd22ba00, C4<0>, C4<0>;
L_0x557cbd22bb90 .functor OR 1, L_0x557cbd22bad0, v0x557cbd226370_0, C4<0>, C4<0>;
L_0x557cbd22bcc0 .functor AND 1, L_0x557cbd22b830, L_0x557cbd22bb90, C4<1>, C4<1>;
L_0x557cbd22bdd0 .functor NOT 1, v0x557cbd226230_0, C4<0>, C4<0>, C4<0>;
L_0x557cbd22bc50 .functor NOT 1, v0x557cbd2262d0_0, C4<0>, C4<0>, C4<0>;
L_0x557cbd22c2d0 .functor OR 1, L_0x557cbd22bdd0, L_0x557cbd22bc50, C4<0>, C4<0>;
L_0x557cbd22c470 .functor NOT 1, v0x557cbd226370_0, C4<0>, C4<0>, C4<0>;
L_0x557cbd22c4e0 .functor OR 1, L_0x557cbd22c2d0, L_0x557cbd22c470, C4<0>, C4<0>;
L_0x557cbd22c690 .functor AND 1, L_0x557cbd22bcc0, L_0x557cbd22c4e0, C4<1>, C4<1>;
v0x557cbd2211c0_0 .net *"_ivl_0", 0 0, L_0x557cbd22ab70;  1 drivers
v0x557cbd2212c0_0 .net *"_ivl_10", 0 0, L_0x557cbd22b6b0;  1 drivers
v0x557cbd2213a0_0 .net *"_ivl_12", 0 0, L_0x557cbd22b720;  1 drivers
v0x557cbd221460_0 .net *"_ivl_14", 0 0, L_0x557cbd22b830;  1 drivers
v0x557cbd221540_0 .net *"_ivl_16", 0 0, L_0x557cbd22b990;  1 drivers
v0x557cbd221670_0 .net *"_ivl_18", 0 0, L_0x557cbd22ba00;  1 drivers
v0x557cbd221750_0 .net *"_ivl_2", 0 0, L_0x557cbd22abe0;  1 drivers
v0x557cbd221830_0 .net *"_ivl_20", 0 0, L_0x557cbd22bad0;  1 drivers
v0x557cbd221910_0 .net *"_ivl_22", 0 0, L_0x557cbd22bb90;  1 drivers
v0x557cbd2219f0_0 .net *"_ivl_24", 0 0, L_0x557cbd22bcc0;  1 drivers
v0x557cbd221ad0_0 .net *"_ivl_26", 0 0, L_0x557cbd22bdd0;  1 drivers
v0x557cbd221bb0_0 .net *"_ivl_28", 0 0, L_0x557cbd22bc50;  1 drivers
v0x557cbd221c90_0 .net *"_ivl_30", 0 0, L_0x557cbd22c2d0;  1 drivers
v0x557cbd221d70_0 .net *"_ivl_32", 0 0, L_0x557cbd22c470;  1 drivers
v0x557cbd221e50_0 .net *"_ivl_34", 0 0, L_0x557cbd22c4e0;  1 drivers
v0x557cbd221f30_0 .net *"_ivl_4", 0 0, L_0x557cbd22aca0;  1 drivers
v0x557cbd222010_0 .net *"_ivl_6", 0 0, L_0x557cbd22b170;  1 drivers
v0x557cbd222200_0 .net *"_ivl_8", 0 0, L_0x557cbd22b5f0;  1 drivers
v0x557cbd2222e0_0 .net "s", 0 0, L_0x557cbd22c690;  alias, 1 drivers
v0x557cbd2223a0_0 .net "x", 0 0, v0x557cbd226230_0;  alias, 1 drivers
v0x557cbd222440_0 .net "y", 0 0, v0x557cbd2262d0_0;  alias, 1 drivers
v0x557cbd222570_0 .net "z", 0 0, v0x557cbd226370_0;  alias, 1 drivers
S_0x557cbd222720 .scope module, "moduloSA" "sf02a" 2 101, 2 21 0, S_0x557cbd1fd8f0;
 .timescale 0 0;
    .port_info 0 /OUTPUT 1 "s";
    .port_info 1 /INPUT 1 "x";
    .port_info 2 /INPUT 1 "y";
    .port_info 3 /INPUT 1 "z";
L_0x557cbd226d60 .functor NOT 1, v0x557cbd226370_0, C4<0>, C4<0>, C4<0>;
L_0x557cbd2270c0 .functor OR 1, v0x557cbd2262d0_0, L_0x557cbd226d60, C4<0>, C4<0>;
L_0x557cbd227180 .functor NOT 1, v0x557cbd226230_0, C4<0>, C4<0>, C4<0>;
L_0x557cbd2271f0 .functor OR 1, L_0x557cbd227180, v0x557cbd226370_0, C4<0>, C4<0>;
L_0x557cbd2272e0 .functor AND 1, L_0x557cbd2270c0, L_0x557cbd2271f0, C4<1>, C4<1>;
v0x557cbd222920_0 .net *"_ivl_0", 0 0, L_0x557cbd226d60;  1 drivers
v0x557cbd222a20_0 .net *"_ivl_2", 0 0, L_0x557cbd2270c0;  1 drivers
v0x557cbd222b00_0 .net *"_ivl_4", 0 0, L_0x557cbd227180;  1 drivers
v0x557cbd222bc0_0 .net *"_ivl_6", 0 0, L_0x557cbd2271f0;  1 drivers
v0x557cbd222ca0_0 .net "s", 0 0, L_0x557cbd2272e0;  alias, 1 drivers
v0x557cbd222d60_0 .net "x", 0 0, v0x557cbd226230_0;  alias, 1 drivers
v0x557cbd222e00_0 .net "y", 0 0, v0x557cbd2262d0_0;  alias, 1 drivers
v0x557cbd222ea0_0 .net "z", 0 0, v0x557cbd226370_0;  alias, 1 drivers
S_0x557cbd222fc0 .scope module, "moduloSB" "sf02b" 2 104, 2 37 0, S_0x557cbd1fd8f0;
 .timescale 0 0;
    .port_info 0 /OUTPUT 1 "s";
    .port_info 1 /INPUT 1 "x";
    .port_info 2 /INPUT 1 "y";
    .port_info 3 /INPUT 1 "z";
L_0x557cbd228310 .functor NOT 1, v0x557cbd226230_0, C4<0>, C4<0>, C4<0>;
L_0x557cbd228380 .functor AND 1, v0x557cbd2262d0_0, L_0x557cbd228310, C4<1>, C4<1>;
L_0x557cbd2283f0 .functor OR 1, v0x557cbd226370_0, L_0x557cbd228380, C4<0>, C4<0>;
v0x557cbd2231c0_0 .net *"_ivl_0", 0 0, L_0x557cbd228310;  1 drivers
v0x557cbd2232c0_0 .net *"_ivl_2", 0 0, L_0x557cbd228380;  1 drivers
v0x557cbd2233a0_0 .net "s", 0 0, L_0x557cbd2283f0;  alias, 1 drivers
v0x557cbd223440_0 .net "x", 0 0, v0x557cbd226230_0;  alias, 1 drivers
v0x557cbd2234e0_0 .net "y", 0 0, v0x557cbd2262d0_0;  alias, 1 drivers
v0x557cbd223580_0 .net "z", 0 0, v0x557cbd226370_0;  alias, 1 drivers
S_0x557cbd2236a0 .scope module, "moduloSC" "sf02c" 2 107, 2 53 0, S_0x557cbd1fd8f0;
 .timescale 0 0;
    .port_info 0 /OUTPUT 1 "s";
    .port_info 1 /INPUT 1 "x";
    .port_info 2 /INPUT 1 "y";
    .port_info 3 /INPUT 1 "z";
L_0x557cbd229330 .functor NOT 1, v0x557cbd226370_0, C4<0>, C4<0>, C4<0>;
L_0x557cbd2293a0 .functor OR 1, v0x557cbd226230_0, L_0x557cbd229330, C4<0>, C4<0>;
L_0x557cbd229460 .functor NOT 1, v0x557cbd2262d0_0, C4<0>, C4<0>, C4<0>;
L_0x557cbd2294d0 .functor OR 1, v0x557cbd226230_0, L_0x557cbd229460, C4<0>, C4<0>;
L_0x557cbd229590 .functor AND 1, L_0x557cbd2293a0, L_0x557cbd2294d0, C4<1>, C4<1>;
L_0x557cbd2296a0 .functor NOT 1, v0x557cbd226370_0, C4<0>, C4<0>, C4<0>;
L_0x557cbd229710 .functor OR 1, v0x557cbd2262d0_0, L_0x557cbd2296a0, C4<0>, C4<0>;
L_0x557cbd2297d0 .functor AND 1, L_0x557cbd229590, L_0x557cbd229710, C4<1>, C4<1>;
v0x557cbd223980_0 .net *"_ivl_0", 0 0, L_0x557cbd229330;  1 drivers
v0x557cbd223a80_0 .net *"_ivl_10", 0 0, L_0x557cbd2296a0;  1 drivers
v0x557cbd223b60_0 .net *"_ivl_12", 0 0, L_0x557cbd229710;  1 drivers
v0x557cbd223c50_0 .net *"_ivl_2", 0 0, L_0x557cbd2293a0;  1 drivers
v0x557cbd223d30_0 .net *"_ivl_4", 0 0, L_0x557cbd229460;  1 drivers
v0x557cbd223e10_0 .net *"_ivl_6", 0 0, L_0x557cbd2294d0;  1 drivers
v0x557cbd223ef0_0 .net *"_ivl_8", 0 0, L_0x557cbd229590;  1 drivers
v0x557cbd223fd0_0 .net "s", 0 0, L_0x557cbd2297d0;  alias, 1 drivers
v0x557cbd224090_0 .net "x", 0 0, v0x557cbd226230_0;  alias, 1 drivers
v0x557cbd2241c0_0 .net "y", 0 0, v0x557cbd2262d0_0;  alias, 1 drivers
v0x557cbd224260_0 .net "z", 0 0, v0x557cbd226370_0;  alias, 1 drivers
S_0x557cbd224380 .scope module, "moduloSD" "sf02d" 2 110, 2 69 0, S_0x557cbd1fd8f0;
 .timescale 0 0;
    .port_info 0 /OUTPUT 1 "s";
    .port_info 1 /INPUT 1 "x";
    .port_info 2 /INPUT 1 "y";
    .port_info 3 /INPUT 1 "z";
L_0x557cbd22a7b0 .functor OR 1, v0x557cbd2262d0_0, v0x557cbd226370_0, C4<0>, C4<0>;
L_0x557cbd22a820 .functor NOT 1, v0x557cbd2262d0_0, C4<0>, C4<0>, C4<0>;
L_0x557cbd22a890 .functor NOT 1, v0x557cbd226370_0, C4<0>, C4<0>, C4<0>;
L_0x557cbd22a900 .functor OR 1, L_0x557cbd22a820, L_0x557cbd22a890, C4<0>, C4<0>;
L_0x557cbd22aa10 .functor AND 1, L_0x557cbd22a7b0, L_0x557cbd22a900, C4<1>, C4<1>;
v0x557cbd224580_0 .net *"_ivl_0", 0 0, L_0x557cbd22a7b0;  1 drivers
v0x557cbd224680_0 .net *"_ivl_2", 0 0, L_0x557cbd22a820;  1 drivers
v0x557cbd224760_0 .net *"_ivl_4", 0 0, L_0x557cbd22a890;  1 drivers
v0x557cbd224850_0 .net *"_ivl_6", 0 0, L_0x557cbd22a900;  1 drivers
v0x557cbd224930_0 .net "s", 0 0, L_0x557cbd22aa10;  alias, 1 drivers
v0x557cbd224a40_0 .net "x", 0 0, v0x557cbd226230_0;  alias, 1 drivers
v0x557cbd224bf0_0 .net "y", 0 0, v0x557cbd2262d0_0;  alias, 1 drivers
v0x557cbd224da0_0 .net "z", 0 0, v0x557cbd226370_0;  alias, 1 drivers
S_0x557cbd224fd0 .scope module, "moduloSE" "sf02e" 2 113, 2 85 0, S_0x557cbd1fd8f0;
 .timescale 0 0;
    .port_info 0 /OUTPUT 1 "s";
    .port_info 1 /INPUT 1 "x";
    .port_info 2 /INPUT 1 "y";
    .port_info 3 /INPUT 1 "z";
L_0x557cbd22c7f0 .functor NOT 1, v0x557cbd2262d0_0, C4<0>, C4<0>, C4<0>;
L_0x557cbd22c860 .functor OR 1, v0x557cbd226230_0, L_0x557cbd22c7f0, C4<0>, C4<0>;
L_0x557cbd22c920 .functor NOT 1, v0x557cbd226230_0, C4<0>, C4<0>, C4<0>;
L_0x557cbd22c990 .functor NOT 1, v0x557cbd2262d0_0, C4<0>, C4<0>, C4<0>;
L_0x557cbd22ca00 .functor OR 1, L_0x557cbd22c920, L_0x557cbd22c990, C4<0>, C4<0>;
L_0x557cbd22cb10 .functor AND 1, L_0x557cbd22c860, L_0x557cbd22ca00, C4<1>, C4<1>;
v0x557cbd225220_0 .net *"_ivl_0", 0 0, L_0x557cbd22c7f0;  1 drivers
v0x557cbd225320_0 .net *"_ivl_2", 0 0, L_0x557cbd22c860;  1 drivers
v0x557cbd225400_0 .net *"_ivl_4", 0 0, L_0x557cbd22c920;  1 drivers
v0x557cbd2254f0_0 .net *"_ivl_6", 0 0, L_0x557cbd22c990;  1 drivers
v0x557cbd2255d0_0 .net *"_ivl_8", 0 0, L_0x557cbd22ca00;  1 drivers
v0x557cbd225700_0 .net "s", 0 0, L_0x557cbd22cb10;  alias, 1 drivers
v0x557cbd2257c0_0 .net "x", 0 0, v0x557cbd226230_0;  alias, 1 drivers
v0x557cbd225860_0 .net "y", 0 0, v0x557cbd2262d0_0;  alias, 1 drivers
v0x557cbd225900_0 .net "z", 0 0, v0x557cbd226370_0;  alias, 1 drivers
    .scope S_0x557cbd1fd8f0;
T_0 ;
    %fork t_1, S_0x557cbd1f7970;
    %jmp t_0;
    .scope S_0x557cbd1f7970;
t_1 ;
    %vpi_call 2 118 "$display", "Guia_0602 - Davi C\303\242ndido - 857859" {0 0 0};
    %vpi_call 2 119 "$display", "Test module" {0 0 0};
    %vpi_call 2 120 "$display", "   x    y    z    a    Sa   b    Sb   c    Sc   d    Sd   e    Se" {0 0 0};
    %vpi_call 2 122 "$monitor", "%4b %4b %4b %4b %4b %4b %4b %4b %4b %4b %4b %4b %4b", v0x557cbd226230_0, v0x557cbd2262d0_0, v0x557cbd226370_0, v0x557cbd225a20_0, v0x557cbd225ae0_0, v0x557cbd225bb0_0, v0x557cbd225cb0_0, v0x557cbd225d80_0, v0x557cbd225e20_0, v0x557cbd225ef0_0, v0x557cbd225fc0_0, v0x557cbd226090_0, v0x557cbd226160_0 {0 0 0};
    %pushi/vec4 0, 0, 1;
    %store/vec4 v0x557cbd226230_0, 0, 1;
    %pushi/vec4 0, 0, 1;
    %store/vec4 v0x557cbd2262d0_0, 0, 1;
    %pushi/vec4 0, 0, 1;
    %store/vec4 v0x557cbd226370_0, 0, 1;
    %delay 1, 0;
    %pushi/vec4 0, 0, 1;
    %store/vec4 v0x557cbd226230_0, 0, 1;
    %pushi/vec4 0, 0, 1;
    %store/vec4 v0x557cbd2262d0_0, 0, 1;
    %pushi/vec4 1, 0, 1;
    %store/vec4 v0x557cbd226370_0, 0, 1;
    %delay 1, 0;
    %pushi/vec4 0, 0, 1;
    %store/vec4 v0x557cbd226230_0, 0, 1;
    %pushi/vec4 1, 0, 1;
    %store/vec4 v0x557cbd2262d0_0, 0, 1;
    %pushi/vec4 0, 0, 1;
    %store/vec4 v0x557cbd226370_0, 0, 1;
    %delay 1, 0;
    %pushi/vec4 0, 0, 1;
    %store/vec4 v0x557cbd226230_0, 0, 1;
    %pushi/vec4 1, 0, 1;
    %store/vec4 v0x557cbd2262d0_0, 0, 1;
    %pushi/vec4 1, 0, 1;
    %store/vec4 v0x557cbd226370_0, 0, 1;
    %delay 1, 0;
    %pushi/vec4 1, 0, 1;
    %store/vec4 v0x557cbd226230_0, 0, 1;
    %pushi/vec4 1, 0, 1;
    %store/vec4 v0x557cbd2262d0_0, 0, 1;
    %pushi/vec4 0, 0, 1;
    %store/vec4 v0x557cbd226370_0, 0, 1;
    %delay 1, 0;
    %pushi/vec4 1, 0, 1;
    %store/vec4 v0x557cbd226230_0, 0, 1;
    %pushi/vec4 1, 0, 1;
    %store/vec4 v0x557cbd2262d0_0, 0, 1;
    %pushi/vec4 1, 0, 1;
    %store/vec4 v0x557cbd226370_0, 0, 1;
    %delay 1, 0;
    %pushi/vec4 1, 0, 1;
    %store/vec4 v0x557cbd226230_0, 0, 1;
    %pushi/vec4 0, 0, 1;
    %store/vec4 v0x557cbd2262d0_0, 0, 1;
    %pushi/vec4 0, 0, 1;
    %store/vec4 v0x557cbd226370_0, 0, 1;
    %delay 1, 0;
    %pushi/vec4 1, 0, 1;
    %store/vec4 v0x557cbd226230_0, 0, 1;
    %pushi/vec4 0, 0, 1;
    %store/vec4 v0x557cbd2262d0_0, 0, 1;
    %pushi/vec4 1, 0, 1;
    %store/vec4 v0x557cbd226370_0, 0, 1;
    %end;
    .scope S_0x557cbd1fd8f0;
t_0 %join;
    %end;
    .thread T_0;
# The file index is used to find the file name in the following table.
:file_names 3;
    "N/A";
    "<interactive>";
    "Guia_0602.v";
