#! /usr/bin/vvp
:ivl_version "11.0 (stable)";
:ivl_delay_selection "TYPICAL";
:vpi_time_precision + 0;
:vpi_module "/usr/lib/x86_64-linux-gnu/ivl/system.vpi";
:vpi_module "/usr/lib/x86_64-linux-gnu/ivl/vhdl_sys.vpi";
:vpi_module "/usr/lib/x86_64-linux-gnu/ivl/vhdl_textio.vpi";
:vpi_module "/usr/lib/x86_64-linux-gnu/ivl/v2005_math.vpi";
:vpi_module "/usr/lib/x86_64-linux-gnu/ivl/va_math.vpi";
S_0x55845741acd0 .scope module, "test_f04" "test_f04" 2 93;
 .timescale 0 0;
v0x55845744edd0_0 .net "a", 0 0, L_0x558457450c50;  1 drivers
v0x55845744ee90_0 .net "aS", 0 0, L_0x558457452060;  1 drivers
v0x55845744ef60_0 .net "b", 0 0, L_0x558457453d30;  1 drivers
v0x55845744f060_0 .net "bS", 0 0, L_0x558457454f40;  1 drivers
v0x55845744f130_0 .net "c", 0 0, L_0x558457456de0;  1 drivers
v0x55845744f1d0_0 .net "cS", 0 0, L_0x558457458c20;  1 drivers
v0x55845744f2a0_0 .net "d", 0 0, L_0x55845745b1a0;  1 drivers
v0x55845744f370_0 .net "dS", 0 0, L_0x55845745c380;  1 drivers
v0x55845744f440_0 .net "e", 0 0, L_0x55845745f380;  1 drivers
v0x55845744f510_0 .net "eS", 0 0, L_0x558457460190;  1 drivers
v0x55845744f5e0_0 .var "w", 0 0;
v0x55845744f680_0 .var "x", 0 0;
v0x55845744f720_0 .var "y", 0 0;
v0x55845744f7c0_0 .var "z", 0 0;
S_0x55845740bde0 .scope begin, "main" "main" 2 118, 2 118 0, S_0x55845741acd0;
 .timescale 0 0;
S_0x5584573fe1c0 .scope module, "moduloA" "f04a" 2 101, 2 13 0, S_0x55845741acd0;
 .timescale 0 0;
    .port_info 0 /OUTPUT 1 "s";
    .port_info 1 /INPUT 1 "x";
    .port_info 2 /INPUT 1 "y";
    .port_info 3 /INPUT 1 "w";
    .port_info 4 /INPUT 1 "z";
L_0x55845741bc40 .functor OR 1, v0x55845744f680_0, v0x55845744f720_0, C4<0>, C4<0>;
L_0x55845741bcb0 .functor NOT 1, v0x55845744f5e0_0, C4<0>, C4<0>, C4<0>;
L_0x55845744f8c0 .functor OR 1, L_0x55845741bc40, L_0x55845741bcb0, C4<0>, C4<0>;
L_0x55845744f9b0 .functor OR 1, L_0x55845744f8c0, v0x55845744f7c0_0, C4<0>, C4<0>;
L_0x55845744faa0 .functor NOT 1, v0x55845744f720_0, C4<0>, C4<0>, C4<0>;
L_0x55845744fb10 .functor OR 1, v0x55845744f680_0, L_0x55845744faa0, C4<0>, C4<0>;
L_0x55845744fc10 .functor NOT 1, v0x55845744f5e0_0, C4<0>, C4<0>, C4<0>;
L_0x55845744fc80 .functor OR 1, L_0x55845744fb10, L_0x55845744fc10, C4<0>, C4<0>;
L_0x55845744fde0 .functor NOT 1, v0x55845744f7c0_0, C4<0>, C4<0>, C4<0>;
L_0x55845744fe50 .functor OR 1, L_0x55845744fc80, L_0x55845744fde0, C4<0>, C4<0>;
L_0x55845744ffc0 .functor AND 1, L_0x55845744f9b0, L_0x55845744fe50, C4<1>, C4<1>;
L_0x558457450080 .functor NOT 1, v0x55845744f720_0, C4<0>, C4<0>, C4<0>;
L_0x558457450160 .functor OR 1, v0x55845744f680_0, L_0x558457450080, C4<0>, C4<0>;
L_0x558457450220 .functor NOT 1, v0x55845744f5e0_0, C4<0>, C4<0>, C4<0>;
L_0x5584574500f0 .functor OR 1, L_0x558457450160, L_0x558457450220, C4<0>, C4<0>;
L_0x5584574503b0 .functor OR 1, L_0x5584574500f0, v0x55845744f7c0_0, C4<0>, C4<0>;
L_0x558457450500 .functor AND 1, L_0x55845744ffc0, L_0x5584574503b0, C4<1>, C4<1>;
L_0x558457450610 .functor NOT 1, v0x55845744f680_0, C4<0>, C4<0>, C4<0>;
L_0x558457450720 .functor NOT 1, v0x55845744f720_0, C4<0>, C4<0>, C4<0>;
L_0x558457450790 .functor OR 1, L_0x558457450610, L_0x558457450720, C4<0>, C4<0>;
L_0x558457450950 .functor NOT 1, v0x55845744f5e0_0, C4<0>, C4<0>, C4<0>;
L_0x5584574509c0 .functor OR 1, L_0x558457450790, L_0x558457450950, C4<0>, C4<0>;
L_0x558457450b90 .functor OR 1, L_0x5584574509c0, v0x55845744f7c0_0, C4<0>, C4<0>;
L_0x558457450c50 .functor AND 1, L_0x558457450500, L_0x558457450b90, C4<1>, C4<1>;
v0x5584573d9430_0 .net *"_ivl_0", 0 0, L_0x55845741bc40;  1 drivers
v0x5584573da100_0 .net *"_ivl_10", 0 0, L_0x55845744fb10;  1 drivers
v0x5584573d9f80_0 .net *"_ivl_12", 0 0, L_0x55845744fc10;  1 drivers
v0x5584573d9e00_0 .net *"_ivl_14", 0 0, L_0x55845744fc80;  1 drivers
v0x55845741bf40_0 .net *"_ivl_16", 0 0, L_0x55845744fde0;  1 drivers
v0x55845741bfe0_0 .net *"_ivl_18", 0 0, L_0x55845744fe50;  1 drivers
v0x55845743cac0_0 .net *"_ivl_2", 0 0, L_0x55845741bcb0;  1 drivers
v0x55845743cba0_0 .net *"_ivl_20", 0 0, L_0x55845744ffc0;  1 drivers
v0x55845743cc80_0 .net *"_ivl_22", 0 0, L_0x558457450080;  1 drivers
v0x55845743cd60_0 .net *"_ivl_24", 0 0, L_0x558457450160;  1 drivers
v0x55845743ce40_0 .net *"_ivl_26", 0 0, L_0x558457450220;  1 drivers
v0x55845743cf20_0 .net *"_ivl_28", 0 0, L_0x5584574500f0;  1 drivers
v0x55845743d000_0 .net *"_ivl_30", 0 0, L_0x5584574503b0;  1 drivers
v0x55845743d0e0_0 .net *"_ivl_32", 0 0, L_0x558457450500;  1 drivers
v0x55845743d1c0_0 .net *"_ivl_34", 0 0, L_0x558457450610;  1 drivers
v0x55845743d2a0_0 .net *"_ivl_36", 0 0, L_0x558457450720;  1 drivers
v0x55845743d380_0 .net *"_ivl_38", 0 0, L_0x558457450790;  1 drivers
v0x55845743d460_0 .net *"_ivl_4", 0 0, L_0x55845744f8c0;  1 drivers
v0x55845743d540_0 .net *"_ivl_40", 0 0, L_0x558457450950;  1 drivers
v0x55845743d620_0 .net *"_ivl_42", 0 0, L_0x5584574509c0;  1 drivers
v0x55845743d700_0 .net *"_ivl_44", 0 0, L_0x558457450b90;  1 drivers
v0x55845743d7e0_0 .net *"_ivl_6", 0 0, L_0x55845744f9b0;  1 drivers
v0x55845743d8c0_0 .net *"_ivl_8", 0 0, L_0x55845744faa0;  1 drivers
v0x55845743d9a0_0 .net "s", 0 0, L_0x558457450c50;  alias, 1 drivers
v0x55845743da60_0 .net "w", 0 0, v0x55845744f5e0_0;  1 drivers
v0x55845743db20_0 .net "x", 0 0, v0x55845744f680_0;  1 drivers
v0x55845743dbe0_0 .net "y", 0 0, v0x55845744f720_0;  1 drivers
v0x55845743dca0_0 .net "z", 0 0, v0x55845744f7c0_0;  1 drivers
S_0x55845743de00 .scope module, "moduloB" "f04b" 2 104, 2 29 0, S_0x55845741acd0;
 .timescale 0 0;
    .port_info 0 /OUTPUT 1 "s";
    .port_info 1 /INPUT 1 "x";
    .port_info 2 /INPUT 1 "y";
    .port_info 3 /INPUT 1 "w";
    .port_info 4 /INPUT 1 "z";
L_0x5584574521c0 .functor NOT 1, v0x55845744f720_0, C4<0>, C4<0>, C4<0>;
L_0x558457452230 .functor OR 1, v0x55845744f680_0, L_0x5584574521c0, C4<0>, C4<0>;
L_0x5584574522f0 .functor OR 1, L_0x558457452230, v0x55845744f5e0_0, C4<0>, C4<0>;
L_0x5584574523b0 .functor OR 1, L_0x5584574522f0, v0x55845744f7c0_0, C4<0>, C4<0>;
L_0x5584574524a0 .functor NOT 1, v0x55845744f720_0, C4<0>, C4<0>, C4<0>;
L_0x558457452510 .functor OR 1, v0x55845744f680_0, L_0x5584574524a0, C4<0>, C4<0>;
L_0x5584574525d0 .functor OR 1, L_0x558457452510, v0x55845744f5e0_0, C4<0>, C4<0>;
L_0x558457452690 .functor NOT 1, v0x55845744f7c0_0, C4<0>, C4<0>, C4<0>;
L_0x558457452750 .functor OR 1, L_0x5584574525d0, L_0x558457452690, C4<0>, C4<0>;
L_0x558457452860 .functor AND 1, L_0x5584574523b0, L_0x558457452750, C4<1>, C4<1>;
L_0x5584574529d0 .functor NOT 1, v0x55845744f680_0, C4<0>, C4<0>, C4<0>;
L_0x558457452a40 .functor NOT 1, v0x55845744f720_0, C4<0>, C4<0>, C4<0>;
L_0x558457452b20 .functor OR 1, L_0x5584574529d0, L_0x558457452a40, C4<0>, C4<0>;
L_0x558457452be0 .functor OR 1, L_0x558457452b20, v0x55845744f5e0_0, C4<0>, C4<0>;
L_0x558457452ab0 .functor NOT 1, v0x55845744f7c0_0, C4<0>, C4<0>, C4<0>;
L_0x558457452d20 .functor OR 1, L_0x558457452be0, L_0x558457452ab0, C4<0>, C4<0>;
L_0x558457452ec0 .functor AND 1, L_0x558457452860, L_0x558457452d20, C4<1>, C4<1>;
L_0x558457452fd0 .functor NOT 1, v0x55845744f680_0, C4<0>, C4<0>, C4<0>;
L_0x5584574530e0 .functor NOT 1, v0x55845744f720_0, C4<0>, C4<0>, C4<0>;
L_0x558457453150 .functor OR 1, L_0x558457452fd0, L_0x5584574530e0, C4<0>, C4<0>;
L_0x558457453310 .functor NOT 1, v0x55845744f5e0_0, C4<0>, C4<0>, C4<0>;
L_0x558457453380 .functor OR 1, L_0x558457453150, L_0x558457453310, C4<0>, C4<0>;
L_0x558457453550 .functor OR 1, L_0x558457453380, v0x55845744f7c0_0, C4<0>, C4<0>;
L_0x558457453610 .functor AND 1, L_0x558457452ec0, L_0x558457453550, C4<1>, C4<1>;
L_0x5584574537f0 .functor NOT 1, v0x55845744f680_0, C4<0>, C4<0>, C4<0>;
L_0x558457453860 .functor OR 1, L_0x5584574537f0, v0x55845744f720_0, C4<0>, C4<0>;
L_0x558457453a00 .functor OR 1, L_0x558457453860, v0x55845744f5e0_0, C4<0>, C4<0>;
L_0x558457453ac0 .functor NOT 1, v0x55845744f7c0_0, C4<0>, C4<0>, C4<0>;
L_0x558457453c20 .functor OR 1, L_0x558457453a00, L_0x558457453ac0, C4<0>, C4<0>;
L_0x558457453d30 .functor AND 1, L_0x558457453610, L_0x558457453c20, C4<1>, C4<1>;
v0x55845743df90_0 .net *"_ivl_0", 0 0, L_0x5584574521c0;  1 drivers
v0x55845743e070_0 .net *"_ivl_10", 0 0, L_0x558457452510;  1 drivers
v0x55845743e150_0 .net *"_ivl_12", 0 0, L_0x5584574525d0;  1 drivers
v0x55845743e210_0 .net *"_ivl_14", 0 0, L_0x558457452690;  1 drivers
v0x55845743e2f0_0 .net *"_ivl_16", 0 0, L_0x558457452750;  1 drivers
v0x55845743e420_0 .net *"_ivl_18", 0 0, L_0x558457452860;  1 drivers
v0x55845743e500_0 .net *"_ivl_2", 0 0, L_0x558457452230;  1 drivers
v0x55845743e5e0_0 .net *"_ivl_20", 0 0, L_0x5584574529d0;  1 drivers
v0x55845743e6c0_0 .net *"_ivl_22", 0 0, L_0x558457452a40;  1 drivers
v0x55845743e7a0_0 .net *"_ivl_24", 0 0, L_0x558457452b20;  1 drivers
v0x55845743e880_0 .net *"_ivl_26", 0 0, L_0x558457452be0;  1 drivers
v0x55845743e960_0 .net *"_ivl_28", 0 0, L_0x558457452ab0;  1 drivers
v0x55845743ea40_0 .net *"_ivl_30", 0 0, L_0x558457452d20;  1 drivers
v0x55845743eb20_0 .net *"_ivl_32", 0 0, L_0x558457452ec0;  1 drivers
v0x55845743ec00_0 .net *"_ivl_34", 0 0, L_0x558457452fd0;  1 drivers
v0x55845743ece0_0 .net *"_ivl_36", 0 0, L_0x5584574530e0;  1 drivers
v0x55845743edc0_0 .net *"_ivl_38", 0 0, L_0x558457453150;  1 drivers
v0x55845743eea0_0 .net *"_ivl_4", 0 0, L_0x5584574522f0;  1 drivers
v0x55845743ef80_0 .net *"_ivl_40", 0 0, L_0x558457453310;  1 drivers
v0x55845743f060_0 .net *"_ivl_42", 0 0, L_0x558457453380;  1 drivers
v0x55845743f140_0 .net *"_ivl_44", 0 0, L_0x558457453550;  1 drivers
v0x55845743f220_0 .net *"_ivl_46", 0 0, L_0x558457453610;  1 drivers
v0x55845743f300_0 .net *"_ivl_48", 0 0, L_0x5584574537f0;  1 drivers
v0x55845743f3e0_0 .net *"_ivl_50", 0 0, L_0x558457453860;  1 drivers
v0x55845743f4c0_0 .net *"_ivl_52", 0 0, L_0x558457453a00;  1 drivers
v0x55845743f5a0_0 .net *"_ivl_54", 0 0, L_0x558457453ac0;  1 drivers
v0x55845743f680_0 .net *"_ivl_56", 0 0, L_0x558457453c20;  1 drivers
v0x55845743f760_0 .net *"_ivl_6", 0 0, L_0x5584574523b0;  1 drivers
v0x55845743f840_0 .net *"_ivl_8", 0 0, L_0x5584574524a0;  1 drivers
v0x55845743f920_0 .net "s", 0 0, L_0x558457453d30;  alias, 1 drivers
v0x55845743f9e0_0 .net "w", 0 0, v0x55845744f5e0_0;  alias, 1 drivers
v0x55845743fa80_0 .net "x", 0 0, v0x55845744f680_0;  alias, 1 drivers
v0x55845743fb20_0 .net "y", 0 0, v0x55845744f720_0;  alias, 1 drivers
v0x55845743fbf0_0 .net "z", 0 0, v0x55845744f7c0_0;  alias, 1 drivers
S_0x55845743fd10 .scope module, "moduloC" "f04c" 2 107, 2 45 0, S_0x55845741acd0;
 .timescale 0 0;
    .port_info 0 /OUTPUT 1 "s";
    .port_info 1 /INPUT 1 "x";
    .port_info 2 /INPUT 1 "y";
    .port_info 3 /INPUT 1 "w";
    .port_info 4 /INPUT 1 "z";
L_0x558457455150 .functor NOT 1, v0x55845744f720_0, C4<0>, C4<0>, C4<0>;
L_0x5584574551c0 .functor OR 1, v0x55845744f680_0, L_0x558457455150, C4<0>, C4<0>;
L_0x558457455280 .functor OR 1, L_0x5584574551c0, v0x55845744f5e0_0, C4<0>, C4<0>;
L_0x558457455340 .functor OR 1, L_0x558457455280, v0x55845744f7c0_0, C4<0>, C4<0>;
L_0x558457455400 .functor NOT 1, v0x55845744f720_0, C4<0>, C4<0>, C4<0>;
L_0x558457455470 .functor OR 1, v0x55845744f680_0, L_0x558457455400, C4<0>, C4<0>;
L_0x558457455530 .functor NOT 1, v0x55845744f5e0_0, C4<0>, C4<0>, C4<0>;
L_0x5584574555a0 .functor OR 1, L_0x558457455470, L_0x558457455530, C4<0>, C4<0>;
L_0x558457455700 .functor NOT 1, v0x55845744f7c0_0, C4<0>, C4<0>, C4<0>;
L_0x558457455770 .functor OR 1, L_0x5584574555a0, L_0x558457455700, C4<0>, C4<0>;
L_0x5584574558e0 .functor AND 1, L_0x558457455340, L_0x558457455770, C4<1>, C4<1>;
L_0x5584574559a0 .functor NOT 1, v0x55845744f680_0, C4<0>, C4<0>, C4<0>;
L_0x558457455a80 .functor NOT 1, v0x55845744f720_0, C4<0>, C4<0>, C4<0>;
L_0x558457455af0 .functor OR 1, L_0x5584574559a0, L_0x558457455a80, C4<0>, C4<0>;
L_0x558457455a10 .functor OR 1, L_0x558457455af0, v0x55845744f5e0_0, C4<0>, C4<0>;
L_0x558457455cd0 .functor NOT 1, v0x55845744f7c0_0, C4<0>, C4<0>, C4<0>;
L_0x558457455dd0 .functor OR 1, L_0x558457455a10, L_0x558457455cd0, C4<0>, C4<0>;
L_0x558457455ee0 .functor AND 1, L_0x5584574558e0, L_0x558457455dd0, C4<1>, C4<1>;
L_0x558457455d40 .functor NOT 1, v0x55845744f680_0, C4<0>, C4<0>, C4<0>;
L_0x558457456090 .functor NOT 1, v0x55845744f720_0, C4<0>, C4<0>, C4<0>;
L_0x5584574561b0 .functor OR 1, L_0x558457455d40, L_0x558457456090, C4<0>, C4<0>;
L_0x5584574562c0 .functor NOT 1, v0x55845744f5e0_0, C4<0>, C4<0>, C4<0>;
L_0x5584574563f0 .functor OR 1, L_0x5584574561b0, L_0x5584574562c0, C4<0>, C4<0>;
L_0x558457456500 .functor NOT 1, v0x55845744f7c0_0, C4<0>, C4<0>, C4<0>;
L_0x558457456640 .functor OR 1, L_0x5584574563f0, L_0x558457456500, C4<0>, C4<0>;
L_0x558457456750 .functor AND 1, L_0x558457455ee0, L_0x558457456640, C4<1>, C4<1>;
L_0x558457456940 .functor NOT 1, v0x55845744f680_0, C4<0>, C4<0>, C4<0>;
L_0x5584574569b0 .functor OR 1, L_0x558457456940, v0x55845744f720_0, C4<0>, C4<0>;
L_0x558457456b60 .functor OR 1, L_0x5584574569b0, v0x55845744f5e0_0, C4<0>, C4<0>;
L_0x558457456c20 .functor OR 1, L_0x558457456b60, v0x55845744f7c0_0, C4<0>, C4<0>;
L_0x558457456de0 .functor AND 1, L_0x558457456750, L_0x558457456c20, C4<1>, C4<1>;
v0x55845743ff20_0 .net *"_ivl_0", 0 0, L_0x558457455150;  1 drivers
v0x558457440020_0 .net *"_ivl_10", 0 0, L_0x558457455470;  1 drivers
v0x558457440100_0 .net *"_ivl_12", 0 0, L_0x558457455530;  1 drivers
v0x5584574401f0_0 .net *"_ivl_14", 0 0, L_0x5584574555a0;  1 drivers
v0x5584574402d0_0 .net *"_ivl_16", 0 0, L_0x558457455700;  1 drivers
v0x558457440400_0 .net *"_ivl_18", 0 0, L_0x558457455770;  1 drivers
v0x5584574404e0_0 .net *"_ivl_2", 0 0, L_0x5584574551c0;  1 drivers
v0x5584574405c0_0 .net *"_ivl_20", 0 0, L_0x5584574558e0;  1 drivers
v0x5584574406a0_0 .net *"_ivl_22", 0 0, L_0x5584574559a0;  1 drivers
v0x558457440780_0 .net *"_ivl_24", 0 0, L_0x558457455a80;  1 drivers
v0x558457440860_0 .net *"_ivl_26", 0 0, L_0x558457455af0;  1 drivers
v0x558457440940_0 .net *"_ivl_28", 0 0, L_0x558457455a10;  1 drivers
v0x558457440a20_0 .net *"_ivl_30", 0 0, L_0x558457455cd0;  1 drivers
v0x558457440b00_0 .net *"_ivl_32", 0 0, L_0x558457455dd0;  1 drivers
v0x558457440be0_0 .net *"_ivl_34", 0 0, L_0x558457455ee0;  1 drivers
v0x558457440cc0_0 .net *"_ivl_36", 0 0, L_0x558457455d40;  1 drivers
v0x558457440da0_0 .net *"_ivl_38", 0 0, L_0x558457456090;  1 drivers
v0x558457440e80_0 .net *"_ivl_4", 0 0, L_0x558457455280;  1 drivers
v0x558457440f60_0 .net *"_ivl_40", 0 0, L_0x5584574561b0;  1 drivers
v0x558457441040_0 .net *"_ivl_42", 0 0, L_0x5584574562c0;  1 drivers
v0x558457441120_0 .net *"_ivl_44", 0 0, L_0x5584574563f0;  1 drivers
v0x558457441200_0 .net *"_ivl_46", 0 0, L_0x558457456500;  1 drivers
v0x5584574412e0_0 .net *"_ivl_48", 0 0, L_0x558457456640;  1 drivers
v0x5584574413c0_0 .net *"_ivl_50", 0 0, L_0x558457456750;  1 drivers
v0x5584574414a0_0 .net *"_ivl_52", 0 0, L_0x558457456940;  1 drivers
v0x558457441580_0 .net *"_ivl_54", 0 0, L_0x5584574569b0;  1 drivers
v0x558457441660_0 .net *"_ivl_56", 0 0, L_0x558457456b60;  1 drivers
v0x558457441740_0 .net *"_ivl_58", 0 0, L_0x558457456c20;  1 drivers
v0x558457441820_0 .net *"_ivl_6", 0 0, L_0x558457455340;  1 drivers
v0x558457441900_0 .net *"_ivl_8", 0 0, L_0x558457455400;  1 drivers
v0x5584574419e0_0 .net "s", 0 0, L_0x558457456de0;  alias, 1 drivers
v0x558457441aa0_0 .net "w", 0 0, v0x55845744f5e0_0;  alias, 1 drivers
v0x558457441b40_0 .net "x", 0 0, v0x55845744f680_0;  alias, 1 drivers
v0x558457441e40_0 .net "y", 0 0, v0x55845744f720_0;  alias, 1 drivers
v0x558457441f30_0 .net "z", 0 0, v0x55845744f7c0_0;  alias, 1 drivers
S_0x5584574420c0 .scope module, "moduloD" "f04d" 2 110, 2 61 0, S_0x55845741acd0;
 .timescale 0 0;
    .port_info 0 /OUTPUT 1 "s";
    .port_info 1 /INPUT 1 "x";
    .port_info 2 /INPUT 1 "y";
    .port_info 3 /INPUT 1 "w";
    .port_info 4 /INPUT 1 "z";
L_0x558457458d80 .functor OR 1, v0x55845744f680_0, v0x55845744f720_0, C4<0>, C4<0>;
L_0x558457458df0 .functor OR 1, L_0x558457458d80, v0x55845744f5e0_0, C4<0>, C4<0>;
L_0x558457458eb0 .functor NOT 1, v0x55845744f7c0_0, C4<0>, C4<0>, C4<0>;
L_0x558457458f20 .functor OR 1, L_0x558457458df0, L_0x558457458eb0, C4<0>, C4<0>;
L_0x558457459030 .functor NOT 1, v0x55845744f720_0, C4<0>, C4<0>, C4<0>;
L_0x5584574590a0 .functor OR 1, v0x55845744f680_0, L_0x558457459030, C4<0>, C4<0>;
L_0x558457459160 .functor OR 1, L_0x5584574590a0, v0x55845744f5e0_0, C4<0>, C4<0>;
L_0x558457459220 .functor NOT 1, v0x55845744f7c0_0, C4<0>, C4<0>, C4<0>;
L_0x5584574592e0 .functor OR 1, L_0x558457459160, L_0x558457459220, C4<0>, C4<0>;
L_0x5584574593f0 .functor AND 1, L_0x558457458f20, L_0x5584574592e0, C4<1>, C4<1>;
L_0x558457459560 .functor NOT 1, v0x55845744f680_0, C4<0>, C4<0>, C4<0>;
L_0x5584574595d0 .functor NOT 1, v0x55845744f720_0, C4<0>, C4<0>, C4<0>;
L_0x5584574596b0 .functor OR 1, L_0x558457459560, L_0x5584574595d0, C4<0>, C4<0>;
L_0x558457459770 .functor NOT 1, v0x55845744f5e0_0, C4<0>, C4<0>, C4<0>;
L_0x558457459640 .functor OR 1, L_0x5584574596b0, L_0x558457459770, C4<0>, C4<0>;
L_0x558457459900 .functor NOT 1, v0x55845744f7c0_0, C4<0>, C4<0>, C4<0>;
L_0x558457459a00 .functor OR 1, L_0x558457459640, L_0x558457459900, C4<0>, C4<0>;
L_0x558457459b10 .functor AND 1, L_0x5584574593f0, L_0x558457459a00, C4<1>, C4<1>;
L_0x558457459970 .functor NOT 1, v0x55845744f680_0, C4<0>, C4<0>, C4<0>;
L_0x558457459cc0 .functor NOT 1, v0x55845744f720_0, C4<0>, C4<0>, C4<0>;
L_0x558457459de0 .functor OR 1, L_0x558457459970, L_0x558457459cc0, C4<0>, C4<0>;
L_0x558457459ef0 .functor NOT 1, v0x55845744f5e0_0, C4<0>, C4<0>, C4<0>;
L_0x55845745a020 .functor OR 1, L_0x558457459de0, L_0x558457459ef0, C4<0>, C4<0>;
L_0x55845745a130 .functor OR 1, L_0x55845745a020, v0x55845744f7c0_0, C4<0>, C4<0>;
L_0x55845745a2c0 .functor AND 1, L_0x558457459b10, L_0x55845745a130, C4<1>, C4<1>;
L_0x55845745a3d0 .functor NOT 1, v0x55845744f680_0, C4<0>, C4<0>, C4<0>;
L_0x55845745a520 .functor OR 1, L_0x55845745a3d0, v0x55845744f720_0, C4<0>, C4<0>;
L_0x55845745a5e0 .functor OR 1, L_0x55845745a520, v0x55845744f5e0_0, C4<0>, C4<0>;
L_0x55845745a790 .functor NOT 1, v0x55845744f7c0_0, C4<0>, C4<0>, C4<0>;
L_0x55845745a800 .functor OR 1, L_0x55845745a5e0, L_0x55845745a790, C4<0>, C4<0>;
L_0x55845745aa10 .functor AND 1, L_0x55845745a2c0, L_0x55845745a800, C4<1>, C4<1>;
L_0x55845745ab20 .functor NOT 1, v0x55845744f680_0, C4<0>, C4<0>, C4<0>;
L_0x55845745aca0 .functor OR 1, L_0x55845745ab20, v0x55845744f720_0, C4<0>, C4<0>;
L_0x55845745ad60 .functor NOT 1, v0x55845744f5e0_0, C4<0>, C4<0>, C4<0>;
L_0x55845745aef0 .functor OR 1, L_0x55845745aca0, L_0x55845745ad60, C4<0>, C4<0>;
L_0x55845745b000 .functor NOT 1, v0x55845744f7c0_0, C4<0>, C4<0>, C4<0>;
L_0x55845745add0 .functor OR 1, L_0x55845745aef0, L_0x55845745b000, C4<0>, C4<0>;
L_0x55845745b1a0 .functor AND 1, L_0x55845745aa10, L_0x55845745add0, C4<1>, C4<1>;
v0x558457442370_0 .net *"_ivl_0", 0 0, L_0x558457458d80;  1 drivers
v0x558457442470_0 .net *"_ivl_10", 0 0, L_0x5584574590a0;  1 drivers
v0x558457442550_0 .net *"_ivl_12", 0 0, L_0x558457459160;  1 drivers
v0x558457442610_0 .net *"_ivl_14", 0 0, L_0x558457459220;  1 drivers
v0x5584574426f0_0 .net *"_ivl_16", 0 0, L_0x5584574592e0;  1 drivers
v0x558457442820_0 .net *"_ivl_18", 0 0, L_0x5584574593f0;  1 drivers
v0x558457442900_0 .net *"_ivl_2", 0 0, L_0x558457458df0;  1 drivers
v0x5584574429e0_0 .net *"_ivl_20", 0 0, L_0x558457459560;  1 drivers
v0x558457442ac0_0 .net *"_ivl_22", 0 0, L_0x5584574595d0;  1 drivers
v0x558457442ba0_0 .net *"_ivl_24", 0 0, L_0x5584574596b0;  1 drivers
v0x558457442c80_0 .net *"_ivl_26", 0 0, L_0x558457459770;  1 drivers
v0x558457442d60_0 .net *"_ivl_28", 0 0, L_0x558457459640;  1 drivers
v0x558457442e40_0 .net *"_ivl_30", 0 0, L_0x558457459900;  1 drivers
v0x558457442f20_0 .net *"_ivl_32", 0 0, L_0x558457459a00;  1 drivers
v0x558457443000_0 .net *"_ivl_34", 0 0, L_0x558457459b10;  1 drivers
v0x5584574430e0_0 .net *"_ivl_36", 0 0, L_0x558457459970;  1 drivers
v0x5584574431c0_0 .net *"_ivl_38", 0 0, L_0x558457459cc0;  1 drivers
v0x5584574432a0_0 .net *"_ivl_4", 0 0, L_0x558457458eb0;  1 drivers
v0x558457443380_0 .net *"_ivl_40", 0 0, L_0x558457459de0;  1 drivers
v0x558457443460_0 .net *"_ivl_42", 0 0, L_0x558457459ef0;  1 drivers
v0x558457443540_0 .net *"_ivl_44", 0 0, L_0x55845745a020;  1 drivers
v0x558457443620_0 .net *"_ivl_46", 0 0, L_0x55845745a130;  1 drivers
v0x558457443700_0 .net *"_ivl_48", 0 0, L_0x55845745a2c0;  1 drivers
v0x5584574437e0_0 .net *"_ivl_50", 0 0, L_0x55845745a3d0;  1 drivers
v0x5584574438c0_0 .net *"_ivl_52", 0 0, L_0x55845745a520;  1 drivers
v0x5584574439a0_0 .net *"_ivl_54", 0 0, L_0x55845745a5e0;  1 drivers
v0x558457443a80_0 .net *"_ivl_56", 0 0, L_0x55845745a790;  1 drivers
v0x558457443b60_0 .net *"_ivl_58", 0 0, L_0x55845745a800;  1 drivers
v0x558457443c40_0 .net *"_ivl_6", 0 0, L_0x558457458f20;  1 drivers
v0x558457443d20_0 .net *"_ivl_60", 0 0, L_0x55845745aa10;  1 drivers
v0x558457443e00_0 .net *"_ivl_62", 0 0, L_0x55845745ab20;  1 drivers
v0x558457443ee0_0 .net *"_ivl_64", 0 0, L_0x55845745aca0;  1 drivers
v0x558457443fc0_0 .net *"_ivl_66", 0 0, L_0x55845745ad60;  1 drivers
v0x5584574442b0_0 .net *"_ivl_68", 0 0, L_0x55845745aef0;  1 drivers
v0x558457444390_0 .net *"_ivl_70", 0 0, L_0x55845745b000;  1 drivers
v0x558457444470_0 .net *"_ivl_72", 0 0, L_0x55845745add0;  1 drivers
v0x558457444550_0 .net *"_ivl_8", 0 0, L_0x558457459030;  1 drivers
v0x558457444630_0 .net "s", 0 0, L_0x55845745b1a0;  alias, 1 drivers
v0x5584574446f0_0 .net "w", 0 0, v0x55845744f5e0_0;  alias, 1 drivers
v0x558457444790_0 .net "x", 0 0, v0x55845744f680_0;  alias, 1 drivers
v0x558457444830_0 .net "y", 0 0, v0x55845744f720_0;  alias, 1 drivers
v0x5584574448d0_0 .net "z", 0 0, v0x55845744f7c0_0;  alias, 1 drivers
S_0x558457444a10 .scope module, "moduloE" "f04e" 2 113, 2 77 0, S_0x55845741acd0;
 .timescale 0 0;
    .port_info 0 /OUTPUT 1 "s";
    .port_info 1 /INPUT 1 "x";
    .port_info 2 /INPUT 1 "y";
    .port_info 3 /INPUT 1 "w";
    .port_info 4 /INPUT 1 "z";
L_0x55845745c590 .functor OR 1, v0x55845744f680_0, v0x55845744f720_0, C4<0>, C4<0>;
L_0x55845745c600 .functor NOT 1, v0x55845744f5e0_0, C4<0>, C4<0>, C4<0>;
L_0x55845745c670 .functor OR 1, L_0x55845745c590, L_0x55845745c600, C4<0>, C4<0>;
L_0x55845745c780 .functor OR 1, L_0x55845745c670, v0x55845744f7c0_0, C4<0>, C4<0>;
L_0x55845745c840 .functor NOT 1, v0x55845744f720_0, C4<0>, C4<0>, C4<0>;
L_0x55845745c8b0 .functor OR 1, v0x55845744f680_0, L_0x55845745c840, C4<0>, C4<0>;
L_0x55845745c970 .functor OR 1, L_0x55845745c8b0, v0x55845744f5e0_0, C4<0>, C4<0>;
L_0x55845745ca30 .functor NOT 1, v0x55845744f7c0_0, C4<0>, C4<0>, C4<0>;
L_0x55845745caf0 .functor OR 1, L_0x55845745c970, L_0x55845745ca30, C4<0>, C4<0>;
L_0x55845745cc00 .functor AND 1, L_0x55845745c780, L_0x55845745caf0, C4<1>, C4<1>;
L_0x55845745cd10 .functor NOT 1, v0x55845744f720_0, C4<0>, C4<0>, C4<0>;
L_0x55845745cd80 .functor OR 1, v0x55845744f680_0, L_0x55845745cd10, C4<0>, C4<0>;
L_0x55845745ce60 .functor NOT 1, v0x55845744f5e0_0, C4<0>, C4<0>, C4<0>;
L_0x55845745ced0 .functor OR 1, L_0x55845745cd80, L_0x55845745ce60, C4<0>, C4<0>;
L_0x55845745cdf0 .functor NOT 1, v0x55845744f7c0_0, C4<0>, C4<0>, C4<0>;
L_0x55845745d060 .functor OR 1, L_0x55845745ced0, L_0x55845745cdf0, C4<0>, C4<0>;
L_0x55845745d200 .functor AND 1, L_0x55845745cc00, L_0x55845745d060, C4<1>, C4<1>;
L_0x55845745d310 .functor NOT 1, v0x55845744f720_0, C4<0>, C4<0>, C4<0>;
L_0x55845745d170 .functor OR 1, v0x55845744f680_0, L_0x55845745d310, C4<0>, C4<0>;
L_0x55845745d470 .functor NOT 1, v0x55845744f5e0_0, C4<0>, C4<0>, C4<0>;
L_0x55845745d380 .functor OR 1, L_0x55845745d170, L_0x55845745d470, C4<0>, C4<0>;
L_0x55845745d630 .functor OR 1, L_0x55845745d380, v0x55845744f7c0_0, C4<0>, C4<0>;
L_0x55845745d7b0 .functor AND 1, L_0x55845745d200, L_0x55845745d630, C4<1>, C4<1>;
L_0x55845745d8c0 .functor NOT 1, v0x55845744f680_0, C4<0>, C4<0>, C4<0>;
L_0x55845745da00 .functor NOT 1, v0x55845744f720_0, C4<0>, C4<0>, C4<0>;
L_0x55845745da70 .functor OR 1, L_0x55845745d8c0, L_0x55845745da00, C4<0>, C4<0>;
L_0x55845745dc60 .functor OR 1, L_0x55845745da70, v0x55845744f5e0_0, C4<0>, C4<0>;
L_0x55845745dd20 .functor NOT 1, v0x55845744f7c0_0, C4<0>, C4<0>, C4<0>;
L_0x55845745de80 .functor OR 1, L_0x55845745dc60, L_0x55845745dd20, C4<0>, C4<0>;
L_0x55845745df90 .functor AND 1, L_0x55845745d7b0, L_0x55845745de80, C4<1>, C4<1>;
L_0x55845745e1a0 .functor NOT 1, v0x55845744f680_0, C4<0>, C4<0>, C4<0>;
L_0x55845745e210 .functor NOT 1, v0x55845744f720_0, C4<0>, C4<0>, C4<0>;
L_0x55845745e390 .functor OR 1, L_0x55845745e1a0, L_0x55845745e210, C4<0>, C4<0>;
L_0x55845745e4a0 .functor NOT 1, v0x55845744f5e0_0, C4<0>, C4<0>, C4<0>;
L_0x55845745e630 .functor OR 1, L_0x55845745e390, L_0x55845745e4a0, C4<0>, C4<0>;
L_0x55845745e740 .functor NOT 1, v0x55845744f7c0_0, C4<0>, C4<0>, C4<0>;
L_0x55845745e510 .functor OR 1, L_0x55845745e630, L_0x55845745e740, C4<0>, C4<0>;
L_0x55845745e8e0 .functor AND 1, L_0x55845745df90, L_0x55845745e510, C4<1>, C4<1>;
L_0x55845745eb30 .functor NOT 1, v0x55845744f680_0, C4<0>, C4<0>, C4<0>;
L_0x55845745eba0 .functor OR 1, L_0x55845745eb30, v0x55845744f720_0, C4<0>, C4<0>;
L_0x55845745edb0 .functor NOT 1, v0x55845744f5e0_0, C4<0>, C4<0>, C4<0>;
L_0x55845745ee20 .functor OR 1, L_0x55845745eba0, L_0x55845745edb0, C4<0>, C4<0>;
L_0x55845745f090 .functor NOT 1, v0x55845744f7c0_0, C4<0>, C4<0>, C4<0>;
L_0x55845745f100 .functor OR 1, L_0x55845745ee20, L_0x55845745f090, C4<0>, C4<0>;
L_0x55845745f380 .functor AND 1, L_0x55845745e8e0, L_0x55845745f100, C4<1>, C4<1>;
v0x558457444c20_0 .net *"_ivl_0", 0 0, L_0x55845745c590;  1 drivers
v0x558457444d20_0 .net *"_ivl_10", 0 0, L_0x55845745c8b0;  1 drivers
v0x558457444e00_0 .net *"_ivl_12", 0 0, L_0x55845745c970;  1 drivers
v0x558457444ec0_0 .net *"_ivl_14", 0 0, L_0x55845745ca30;  1 drivers
v0x558457444fa0_0 .net *"_ivl_16", 0 0, L_0x55845745caf0;  1 drivers
v0x5584574450d0_0 .net *"_ivl_18", 0 0, L_0x55845745cc00;  1 drivers
v0x5584574451b0_0 .net *"_ivl_2", 0 0, L_0x55845745c600;  1 drivers
v0x558457445290_0 .net *"_ivl_20", 0 0, L_0x55845745cd10;  1 drivers
v0x558457445370_0 .net *"_ivl_22", 0 0, L_0x55845745cd80;  1 drivers
v0x558457445450_0 .net *"_ivl_24", 0 0, L_0x55845745ce60;  1 drivers
v0x558457445530_0 .net *"_ivl_26", 0 0, L_0x55845745ced0;  1 drivers
v0x558457445610_0 .net *"_ivl_28", 0 0, L_0x55845745cdf0;  1 drivers
v0x5584574456f0_0 .net *"_ivl_30", 0 0, L_0x55845745d060;  1 drivers
v0x5584574457d0_0 .net *"_ivl_32", 0 0, L_0x55845745d200;  1 drivers
v0x5584574458b0_0 .net *"_ivl_34", 0 0, L_0x55845745d310;  1 drivers
v0x558457445990_0 .net *"_ivl_36", 0 0, L_0x55845745d170;  1 drivers
v0x558457445a70_0 .net *"_ivl_38", 0 0, L_0x55845745d470;  1 drivers
v0x558457445b50_0 .net *"_ivl_4", 0 0, L_0x55845745c670;  1 drivers
v0x558457445c30_0 .net *"_ivl_40", 0 0, L_0x55845745d380;  1 drivers
v0x558457445d10_0 .net *"_ivl_42", 0 0, L_0x55845745d630;  1 drivers
v0x558457445df0_0 .net *"_ivl_44", 0 0, L_0x55845745d7b0;  1 drivers
v0x558457445ed0_0 .net *"_ivl_46", 0 0, L_0x55845745d8c0;  1 drivers
v0x558457445fb0_0 .net *"_ivl_48", 0 0, L_0x55845745da00;  1 drivers
v0x558457446090_0 .net *"_ivl_50", 0 0, L_0x55845745da70;  1 drivers
v0x558457446170_0 .net *"_ivl_52", 0 0, L_0x55845745dc60;  1 drivers
v0x558457446250_0 .net *"_ivl_54", 0 0, L_0x55845745dd20;  1 drivers
v0x558457446330_0 .net *"_ivl_56", 0 0, L_0x55845745de80;  1 drivers
v0x558457446410_0 .net *"_ivl_58", 0 0, L_0x55845745df90;  1 drivers
v0x5584574464f0_0 .net *"_ivl_6", 0 0, L_0x55845745c780;  1 drivers
v0x5584574465d0_0 .net *"_ivl_60", 0 0, L_0x55845745e1a0;  1 drivers
v0x5584574466b0_0 .net *"_ivl_62", 0 0, L_0x55845745e210;  1 drivers
v0x558457446790_0 .net *"_ivl_64", 0 0, L_0x55845745e390;  1 drivers
v0x558457446870_0 .net *"_ivl_66", 0 0, L_0x55845745e4a0;  1 drivers
v0x558457446b60_0 .net *"_ivl_68", 0 0, L_0x55845745e630;  1 drivers
v0x558457446c40_0 .net *"_ivl_70", 0 0, L_0x55845745e740;  1 drivers
v0x558457446d20_0 .net *"_ivl_72", 0 0, L_0x55845745e510;  1 drivers
v0x558457446e00_0 .net *"_ivl_74", 0 0, L_0x55845745e8e0;  1 drivers
v0x558457446ee0_0 .net *"_ivl_76", 0 0, L_0x55845745eb30;  1 drivers
v0x558457446fc0_0 .net *"_ivl_78", 0 0, L_0x55845745eba0;  1 drivers
v0x5584574470a0_0 .net *"_ivl_8", 0 0, L_0x55845745c840;  1 drivers
v0x558457447180_0 .net *"_ivl_80", 0 0, L_0x55845745edb0;  1 drivers
v0x558457447260_0 .net *"_ivl_82", 0 0, L_0x55845745ee20;  1 drivers
v0x558457447340_0 .net *"_ivl_84", 0 0, L_0x55845745f090;  1 drivers
v0x558457447420_0 .net *"_ivl_86", 0 0, L_0x55845745f100;  1 drivers
v0x558457447500_0 .net "s", 0 0, L_0x55845745f380;  alias, 1 drivers
v0x5584574475c0_0 .net "w", 0 0, v0x55845744f5e0_0;  alias, 1 drivers
v0x558457447660_0 .net "x", 0 0, v0x55845744f680_0;  alias, 1 drivers
v0x558457447700_0 .net "y", 0 0, v0x55845744f720_0;  alias, 1 drivers
v0x558457447830_0 .net "z", 0 0, v0x55845744f7c0_0;  alias, 1 drivers
S_0x558457447a00 .scope module, "moduloSA" "sf04a" 2 102, 2 21 0, S_0x55845741acd0;
 .timescale 0 0;
    .port_info 0 /OUTPUT 1 "s";
    .port_info 1 /INPUT 1 "x";
    .port_info 2 /INPUT 1 "y";
    .port_info 3 /INPUT 1 "w";
    .port_info 4 /INPUT 1 "z";
L_0x558457450e80 .functor NOT 1, v0x55845744f5e0_0, C4<0>, C4<0>, C4<0>;
L_0x558457450ef0 .functor OR 1, v0x55845744f680_0, L_0x558457450e80, C4<0>, C4<0>;
L_0x558457450fb0 .functor OR 1, L_0x558457450ef0, v0x55845744f7c0_0, C4<0>, C4<0>;
L_0x558457451070 .functor NOT 1, v0x55845744f720_0, C4<0>, C4<0>, C4<0>;
L_0x558457451110 .functor OR 1, v0x55845744f680_0, L_0x558457451070, C4<0>, C4<0>;
L_0x5584574513e0 .functor NOT 1, v0x55845744f5e0_0, C4<0>, C4<0>, C4<0>;
L_0x5584574516a0 .functor OR 1, L_0x558457451110, L_0x5584574513e0, C4<0>, C4<0>;
L_0x5584574517b0 .functor AND 1, L_0x558457450fb0, L_0x5584574516a0, C4<1>, C4<1>;
L_0x558457451910 .functor NOT 1, v0x55845744f720_0, C4<0>, C4<0>, C4<0>;
L_0x558457451b90 .functor NOT 1, v0x55845744f5e0_0, C4<0>, C4<0>, C4<0>;
L_0x558457451c60 .functor OR 1, L_0x558457451910, L_0x558457451b90, C4<0>, C4<0>;
L_0x558457451d20 .functor OR 1, L_0x558457451c60, v0x55845744f7c0_0, C4<0>, C4<0>;
L_0x558457452060 .functor AND 1, L_0x5584574517b0, L_0x558457451d20, C4<1>, C4<1>;
v0x558457447c10_0 .net *"_ivl_0", 0 0, L_0x558457450e80;  1 drivers
v0x558457447d10_0 .net *"_ivl_10", 0 0, L_0x5584574513e0;  1 drivers
v0x558457447df0_0 .net *"_ivl_12", 0 0, L_0x5584574516a0;  1 drivers
v0x558457447eb0_0 .net *"_ivl_14", 0 0, L_0x5584574517b0;  1 drivers
v0x558457447f90_0 .net *"_ivl_16", 0 0, L_0x558457451910;  1 drivers
v0x558457448070_0 .net *"_ivl_18", 0 0, L_0x558457451b90;  1 drivers
v0x558457448150_0 .net *"_ivl_2", 0 0, L_0x558457450ef0;  1 drivers
v0x558457448230_0 .net *"_ivl_20", 0 0, L_0x558457451c60;  1 drivers
v0x558457448310_0 .net *"_ivl_22", 0 0, L_0x558457451d20;  1 drivers
v0x558457448480_0 .net *"_ivl_4", 0 0, L_0x558457450fb0;  1 drivers
v0x558457448560_0 .net *"_ivl_6", 0 0, L_0x558457451070;  1 drivers
v0x558457448640_0 .net *"_ivl_8", 0 0, L_0x558457451110;  1 drivers
v0x558457448720_0 .net "s", 0 0, L_0x558457452060;  alias, 1 drivers
v0x5584574487e0_0 .net "w", 0 0, v0x55845744f5e0_0;  alias, 1 drivers
v0x558457448880_0 .net "x", 0 0, v0x55845744f680_0;  alias, 1 drivers
v0x558457448920_0 .net "y", 0 0, v0x55845744f720_0;  alias, 1 drivers
v0x5584574489c0_0 .net "z", 0 0, v0x55845744f7c0_0;  alias, 1 drivers
S_0x558457448b00 .scope module, "moduloSB" "sf04b" 2 105, 2 37 0, S_0x55845741acd0;
 .timescale 0 0;
    .port_info 0 /OUTPUT 1 "s";
    .port_info 1 /INPUT 1 "x";
    .port_info 2 /INPUT 1 "y";
    .port_info 3 /INPUT 1 "w";
    .port_info 4 /INPUT 1 "z";
L_0x558457453f90 .functor NOT 1, v0x55845744f720_0, C4<0>, C4<0>, C4<0>;
L_0x558457454000 .functor OR 1, v0x55845744f680_0, L_0x558457453f90, C4<0>, C4<0>;
L_0x5584574540c0 .functor OR 1, L_0x558457454000, v0x55845744f5e0_0, C4<0>, C4<0>;
L_0x558457454180 .functor NOT 1, v0x55845744f720_0, C4<0>, C4<0>, C4<0>;
L_0x5584574541f0 .functor OR 1, L_0x558457454180, v0x55845744f5e0_0, C4<0>, C4<0>;
L_0x5584574542b0 .functor NOT 1, v0x55845744f7c0_0, C4<0>, C4<0>, C4<0>;
L_0x558457454320 .functor OR 1, L_0x5584574541f0, L_0x5584574542b0, C4<0>, C4<0>;
L_0x558457454430 .functor AND 1, L_0x5584574540c0, L_0x558457454320, C4<1>, C4<1>;
L_0x558457454590 .functor NOT 1, v0x55845744f680_0, C4<0>, C4<0>, C4<0>;
L_0x558457454600 .functor OR 1, L_0x558457454590, v0x55845744f5e0_0, C4<0>, C4<0>;
L_0x558457454720 .functor NOT 1, v0x55845744f7c0_0, C4<0>, C4<0>, C4<0>;
L_0x558457454790 .functor OR 1, L_0x558457454600, L_0x558457454720, C4<0>, C4<0>;
L_0x5584574548c0 .functor AND 1, L_0x558457454430, L_0x558457454790, C4<1>, C4<1>;
L_0x5584574549d0 .functor NOT 1, v0x55845744f680_0, C4<0>, C4<0>, C4<0>;
L_0x558457454850 .functor NOT 1, v0x55845744f720_0, C4<0>, C4<0>, C4<0>;
L_0x558457454ac0 .functor OR 1, L_0x5584574549d0, L_0x558457454850, C4<0>, C4<0>;
L_0x558457454c60 .functor NOT 1, v0x55845744f5e0_0, C4<0>, C4<0>, C4<0>;
L_0x558457454cd0 .functor OR 1, L_0x558457454ac0, L_0x558457454c60, C4<0>, C4<0>;
L_0x558457454e80 .functor OR 1, L_0x558457454cd0, v0x55845744f7c0_0, C4<0>, C4<0>;
L_0x558457454f40 .functor AND 1, L_0x5584574548c0, L_0x558457454e80, C4<1>, C4<1>;
v0x558457448d10_0 .net *"_ivl_0", 0 0, L_0x558457453f90;  1 drivers
v0x558457448e10_0 .net *"_ivl_10", 0 0, L_0x5584574542b0;  1 drivers
v0x558457448ef0_0 .net *"_ivl_12", 0 0, L_0x558457454320;  1 drivers
v0x558457448fb0_0 .net *"_ivl_14", 0 0, L_0x558457454430;  1 drivers
v0x558457449090_0 .net *"_ivl_16", 0 0, L_0x558457454590;  1 drivers
v0x558457449170_0 .net *"_ivl_18", 0 0, L_0x558457454600;  1 drivers
v0x558457449250_0 .net *"_ivl_2", 0 0, L_0x558457454000;  1 drivers
v0x558457449330_0 .net *"_ivl_20", 0 0, L_0x558457454720;  1 drivers
v0x558457449410_0 .net *"_ivl_22", 0 0, L_0x558457454790;  1 drivers
v0x5584574494f0_0 .net *"_ivl_24", 0 0, L_0x5584574548c0;  1 drivers
v0x5584574495d0_0 .net *"_ivl_26", 0 0, L_0x5584574549d0;  1 drivers
v0x5584574496b0_0 .net *"_ivl_28", 0 0, L_0x558457454850;  1 drivers
v0x558457449790_0 .net *"_ivl_30", 0 0, L_0x558457454ac0;  1 drivers
v0x558457449870_0 .net *"_ivl_32", 0 0, L_0x558457454c60;  1 drivers
v0x558457449950_0 .net *"_ivl_34", 0 0, L_0x558457454cd0;  1 drivers
v0x558457449a30_0 .net *"_ivl_36", 0 0, L_0x558457454e80;  1 drivers
v0x558457449b10_0 .net *"_ivl_4", 0 0, L_0x5584574540c0;  1 drivers
v0x558457449d00_0 .net *"_ivl_6", 0 0, L_0x558457454180;  1 drivers
v0x558457449de0_0 .net *"_ivl_8", 0 0, L_0x5584574541f0;  1 drivers
v0x558457449ec0_0 .net "s", 0 0, L_0x558457454f40;  alias, 1 drivers
v0x558457449f80_0 .net "w", 0 0, v0x55845744f5e0_0;  alias, 1 drivers
v0x55845744a020_0 .net "x", 0 0, v0x55845744f680_0;  alias, 1 drivers
v0x55845744a0c0_0 .net "y", 0 0, v0x55845744f720_0;  alias, 1 drivers
v0x55845744a160_0 .net "z", 0 0, v0x55845744f7c0_0;  alias, 1 drivers
S_0x55845744a2a0 .scope module, "moduloSC" "sf04c" 2 108, 2 53 0, S_0x55845741acd0;
 .timescale 0 0;
    .port_info 0 /OUTPUT 1 "s";
    .port_info 1 /INPUT 1 "x";
    .port_info 2 /INPUT 1 "y";
    .port_info 3 /INPUT 1 "w";
    .port_info 4 /INPUT 1 "z";
L_0x558457456f40 .functor NOT 1, v0x55845744f720_0, C4<0>, C4<0>, C4<0>;
L_0x558457456fb0 .functor OR 1, v0x55845744f680_0, L_0x558457456f40, C4<0>, C4<0>;
L_0x558457457070 .functor OR 1, L_0x558457456fb0, v0x55845744f5e0_0, C4<0>, C4<0>;
L_0x558457457130 .functor OR 1, L_0x558457457070, v0x55845744f7c0_0, C4<0>, C4<0>;
L_0x5584574571f0 .functor NOT 1, v0x55845744f720_0, C4<0>, C4<0>, C4<0>;
L_0x558457457260 .functor NOT 1, v0x55845744f5e0_0, C4<0>, C4<0>, C4<0>;
L_0x5584574572d0 .functor OR 1, L_0x5584574571f0, L_0x558457457260, C4<0>, C4<0>;
L_0x5584574573e0 .functor NOT 1, v0x55845744f7c0_0, C4<0>, C4<0>, C4<0>;
L_0x5584574574a0 .functor OR 1, L_0x5584574572d0, L_0x5584574573e0, C4<0>, C4<0>;
L_0x5584574575b0 .functor AND 1, L_0x558457457130, L_0x5584574574a0, C4<1>, C4<1>;
L_0x558457457720 .functor NOT 1, v0x55845744f680_0, C4<0>, C4<0>, C4<0>;
L_0x558457457790 .functor NOT 1, v0x55845744f720_0, C4<0>, C4<0>, C4<0>;
L_0x558457457c80 .functor OR 1, L_0x558457457720, L_0x558457457790, C4<0>, C4<0>;
L_0x558457457d40 .functor NOT 1, v0x55845744f7c0_0, C4<0>, C4<0>, C4<0>;
L_0x558457457c10 .functor OR 1, L_0x558457457c80, L_0x558457457d40, C4<0>, C4<0>;
L_0x5584574582e0 .functor AND 1, L_0x5584574575b0, L_0x558457457c10, C4<1>, C4<1>;
L_0x558457458480 .functor NOT 1, v0x55845744f680_0, C4<0>, C4<0>, C4<0>;
L_0x558457458900 .functor OR 1, L_0x558457458480, v0x55845744f720_0, C4<0>, C4<0>;
L_0x5584574583f0 .functor OR 1, L_0x558457458900, v0x55845744f5e0_0, C4<0>, C4<0>;
L_0x558457458ab0 .functor OR 1, L_0x5584574583f0, v0x55845744f7c0_0, C4<0>, C4<0>;
L_0x558457458c20 .functor AND 1, L_0x5584574582e0, L_0x558457458ab0, C4<1>, C4<1>;
v0x55845744a4b0_0 .net *"_ivl_0", 0 0, L_0x558457456f40;  1 drivers
v0x55845744a5b0_0 .net *"_ivl_10", 0 0, L_0x558457457260;  1 drivers
v0x55845744a690_0 .net *"_ivl_12", 0 0, L_0x5584574572d0;  1 drivers
v0x55845744a750_0 .net *"_ivl_14", 0 0, L_0x5584574573e0;  1 drivers
v0x55845744a830_0 .net *"_ivl_16", 0 0, L_0x5584574574a0;  1 drivers
v0x55845744a910_0 .net *"_ivl_18", 0 0, L_0x5584574575b0;  1 drivers
v0x55845744a9f0_0 .net *"_ivl_2", 0 0, L_0x558457456fb0;  1 drivers
v0x55845744aad0_0 .net *"_ivl_20", 0 0, L_0x558457457720;  1 drivers
v0x55845744abb0_0 .net *"_ivl_22", 0 0, L_0x558457457790;  1 drivers
v0x55845744ad20_0 .net *"_ivl_24", 0 0, L_0x558457457c80;  1 drivers
v0x55845744ae00_0 .net *"_ivl_26", 0 0, L_0x558457457d40;  1 drivers
v0x55845744aee0_0 .net *"_ivl_28", 0 0, L_0x558457457c10;  1 drivers
v0x55845744afc0_0 .net *"_ivl_30", 0 0, L_0x5584574582e0;  1 drivers
v0x55845744b0a0_0 .net *"_ivl_32", 0 0, L_0x558457458480;  1 drivers
v0x55845744b180_0 .net *"_ivl_34", 0 0, L_0x558457458900;  1 drivers
v0x55845744b260_0 .net *"_ivl_36", 0 0, L_0x5584574583f0;  1 drivers
v0x55845744b340_0 .net *"_ivl_38", 0 0, L_0x558457458ab0;  1 drivers
v0x55845744b530_0 .net *"_ivl_4", 0 0, L_0x558457457070;  1 drivers
v0x55845744b610_0 .net *"_ivl_6", 0 0, L_0x558457457130;  1 drivers
v0x55845744b6f0_0 .net *"_ivl_8", 0 0, L_0x5584574571f0;  1 drivers
v0x55845744b7d0_0 .net "s", 0 0, L_0x558457458c20;  alias, 1 drivers
v0x55845744b890_0 .net "w", 0 0, v0x55845744f5e0_0;  alias, 1 drivers
v0x55845744b930_0 .net "x", 0 0, v0x55845744f680_0;  alias, 1 drivers
v0x55845744b9d0_0 .net "y", 0 0, v0x55845744f720_0;  alias, 1 drivers
v0x55845744ba70_0 .net "z", 0 0, v0x55845744f7c0_0;  alias, 1 drivers
S_0x55845744bbb0 .scope module, "moduloSD" "sf04d" 2 111, 2 69 0, S_0x55845741acd0;
 .timescale 0 0;
    .port_info 0 /OUTPUT 1 "s";
    .port_info 1 /INPUT 1 "x";
    .port_info 2 /INPUT 1 "y";
    .port_info 3 /INPUT 1 "w";
    .port_info 4 /INPUT 1 "z";
L_0x55845745b440 .functor OR 1, v0x55845744f680_0, v0x55845744f5e0_0, C4<0>, C4<0>;
L_0x55845745b4b0 .functor NOT 1, v0x55845744f7c0_0, C4<0>, C4<0>, C4<0>;
L_0x55845745b520 .functor OR 1, L_0x55845745b440, L_0x55845745b4b0, C4<0>, C4<0>;
L_0x55845745b630 .functor NOT 1, v0x55845744f680_0, C4<0>, C4<0>, C4<0>;
L_0x55845745b6a0 .functor NOT 1, v0x55845744f720_0, C4<0>, C4<0>, C4<0>;
L_0x55845745b710 .functor OR 1, L_0x55845745b630, L_0x55845745b6a0, C4<0>, C4<0>;
L_0x55845745b820 .functor NOT 1, v0x55845744f5e0_0, C4<0>, C4<0>, C4<0>;
L_0x55845745b890 .functor OR 1, L_0x55845745b710, L_0x55845745b820, C4<0>, C4<0>;
L_0x55845745b9f0 .functor AND 1, L_0x55845745b520, L_0x55845745b890, C4<1>, C4<1>;
L_0x55845745bb00 .functor NOT 1, v0x55845744f680_0, C4<0>, C4<0>, C4<0>;
L_0x55845745bbd0 .functor NOT 1, v0x55845744f5e0_0, C4<0>, C4<0>, C4<0>;
L_0x55845745bc40 .functor OR 1, L_0x55845745bb00, L_0x55845745bbd0, C4<0>, C4<0>;
L_0x55845745bd70 .functor NOT 1, v0x55845744f7c0_0, C4<0>, C4<0>, C4<0>;
L_0x55845745bde0 .functor OR 1, L_0x55845745bc40, L_0x55845745bd70, C4<0>, C4<0>;
L_0x55845745bd00 .functor AND 1, L_0x55845745b9f0, L_0x55845745bde0, C4<1>, C4<1>;
L_0x55845745c010 .functor NOT 1, v0x55845744f680_0, C4<0>, C4<0>, C4<0>;
L_0x55845745c110 .functor OR 1, L_0x55845745c010, v0x55845744f720_0, C4<0>, C4<0>;
L_0x55845745c1d0 .functor NOT 1, v0x55845744f7c0_0, C4<0>, C4<0>, C4<0>;
L_0x55845745c080 .functor OR 1, L_0x55845745c110, L_0x55845745c1d0, C4<0>, C4<0>;
L_0x55845745c380 .functor AND 1, L_0x55845745bd00, L_0x55845745c080, C4<1>, C4<1>;
v0x55845744bdc0_0 .net *"_ivl_0", 0 0, L_0x55845745b440;  1 drivers
v0x55845744bec0_0 .net *"_ivl_10", 0 0, L_0x55845745b710;  1 drivers
v0x55845744bfa0_0 .net *"_ivl_12", 0 0, L_0x55845745b820;  1 drivers
v0x55845744c090_0 .net *"_ivl_14", 0 0, L_0x55845745b890;  1 drivers
v0x55845744c170_0 .net *"_ivl_16", 0 0, L_0x55845745b9f0;  1 drivers
v0x55845744c250_0 .net *"_ivl_18", 0 0, L_0x55845745bb00;  1 drivers
v0x55845744c330_0 .net *"_ivl_2", 0 0, L_0x55845745b4b0;  1 drivers
v0x55845744c410_0 .net *"_ivl_20", 0 0, L_0x55845745bbd0;  1 drivers
v0x55845744c4f0_0 .net *"_ivl_22", 0 0, L_0x55845745bc40;  1 drivers
v0x55845744c5d0_0 .net *"_ivl_24", 0 0, L_0x55845745bd70;  1 drivers
v0x55845744c6b0_0 .net *"_ivl_26", 0 0, L_0x55845745bde0;  1 drivers
v0x55845744c790_0 .net *"_ivl_28", 0 0, L_0x55845745bd00;  1 drivers
v0x55845744c870_0 .net *"_ivl_30", 0 0, L_0x55845745c010;  1 drivers
v0x55845744c950_0 .net *"_ivl_32", 0 0, L_0x55845745c110;  1 drivers
v0x55845744ca30_0 .net *"_ivl_34", 0 0, L_0x55845745c1d0;  1 drivers
v0x55845744cb10_0 .net *"_ivl_36", 0 0, L_0x55845745c080;  1 drivers
v0x55845744cbf0_0 .net *"_ivl_4", 0 0, L_0x55845745b520;  1 drivers
v0x55845744cde0_0 .net *"_ivl_6", 0 0, L_0x55845745b630;  1 drivers
v0x55845744cec0_0 .net *"_ivl_8", 0 0, L_0x55845745b6a0;  1 drivers
v0x55845744cfa0_0 .net "s", 0 0, L_0x55845745c380;  alias, 1 drivers
v0x55845744d060_0 .net "w", 0 0, v0x55845744f5e0_0;  alias, 1 drivers
v0x55845744d210_0 .net "x", 0 0, v0x55845744f680_0;  alias, 1 drivers
v0x55845744d3c0_0 .net "y", 0 0, v0x55845744f720_0;  alias, 1 drivers
v0x55845744d570_0 .net "z", 0 0, v0x55845744f7c0_0;  alias, 1 drivers
S_0x55845744d7c0 .scope module, "moduloSE" "sf04e" 2 114, 2 85 0, S_0x55845741acd0;
 .timescale 0 0;
    .port_info 0 /OUTPUT 1 "s";
    .port_info 1 /INPUT 1 "x";
    .port_info 2 /INPUT 1 "y";
    .port_info 3 /INPUT 1 "w";
    .port_info 4 /INPUT 1 "z";
L_0x55845745f4e0 .functor NOT 1, v0x55845744f5e0_0, C4<0>, C4<0>, C4<0>;
L_0x55845745f550 .functor OR 1, v0x55845744f680_0, L_0x55845745f4e0, C4<0>, C4<0>;
L_0x55845745f610 .functor OR 1, L_0x55845745f550, v0x55845744f7c0_0, C4<0>, C4<0>;
L_0x55845745f6d0 .functor NOT 1, v0x55845744f720_0, C4<0>, C4<0>, C4<0>;
L_0x55845745f740 .functor NOT 1, v0x55845744f7c0_0, C4<0>, C4<0>, C4<0>;
L_0x55845745f7b0 .functor OR 1, L_0x55845745f6d0, L_0x55845745f740, C4<0>, C4<0>;
L_0x55845745f8c0 .functor AND 1, L_0x55845745f610, L_0x55845745f7b0, C4<1>, C4<1>;
L_0x55845745f9d0 .functor NOT 1, v0x55845744f680_0, C4<0>, C4<0>, C4<0>;
L_0x55845745fa90 .functor NOT 1, v0x55845744f5e0_0, C4<0>, C4<0>, C4<0>;
L_0x55845745fb00 .functor OR 1, L_0x55845745f9d0, L_0x55845745fa90, C4<0>, C4<0>;
L_0x55845745fc10 .functor NOT 1, v0x55845744f7c0_0, C4<0>, C4<0>, C4<0>;
L_0x55845745fc80 .functor OR 1, L_0x55845745fb00, L_0x55845745fc10, C4<0>, C4<0>;
L_0x55845745fdb0 .functor AND 1, L_0x55845745f8c0, L_0x55845745fc80, C4<1>, C4<1>;
L_0x55845745fec0 .functor NOT 1, v0x55845744f720_0, C4<0>, C4<0>, C4<0>;
L_0x55845745fd40 .functor OR 1, v0x55845744f680_0, L_0x55845745fec0, C4<0>, C4<0>;
L_0x55845745ff80 .functor NOT 1, v0x55845744f5e0_0, C4<0>, C4<0>, C4<0>;
L_0x558457460080 .functor OR 1, L_0x55845745fd40, L_0x55845745ff80, C4<0>, C4<0>;
L_0x558457460190 .functor AND 1, L_0x55845745fdb0, L_0x558457460080, C4<1>, C4<1>;
v0x55845744d9d0_0 .net *"_ivl_0", 0 0, L_0x55845745f4e0;  1 drivers
v0x55845744dad0_0 .net *"_ivl_10", 0 0, L_0x55845745f7b0;  1 drivers
v0x55845744dbb0_0 .net *"_ivl_12", 0 0, L_0x55845745f8c0;  1 drivers
v0x55845744dca0_0 .net *"_ivl_14", 0 0, L_0x55845745f9d0;  1 drivers
v0x55845744dd80_0 .net *"_ivl_16", 0 0, L_0x55845745fa90;  1 drivers
v0x55845744de60_0 .net *"_ivl_18", 0 0, L_0x55845745fb00;  1 drivers
v0x55845744df40_0 .net *"_ivl_2", 0 0, L_0x55845745f550;  1 drivers
v0x55845744e020_0 .net *"_ivl_20", 0 0, L_0x55845745fc10;  1 drivers
v0x55845744e100_0 .net *"_ivl_22", 0 0, L_0x55845745fc80;  1 drivers
v0x55845744e1e0_0 .net *"_ivl_24", 0 0, L_0x55845745fdb0;  1 drivers
v0x55845744e2c0_0 .net *"_ivl_26", 0 0, L_0x55845745fec0;  1 drivers
v0x55845744e3a0_0 .net *"_ivl_28", 0 0, L_0x55845745fd40;  1 drivers
v0x55845744e480_0 .net *"_ivl_30", 0 0, L_0x55845745ff80;  1 drivers
v0x55845744e560_0 .net *"_ivl_32", 0 0, L_0x558457460080;  1 drivers
v0x55845744e640_0 .net *"_ivl_4", 0 0, L_0x55845745f610;  1 drivers
v0x55845744e720_0 .net *"_ivl_6", 0 0, L_0x55845745f6d0;  1 drivers
v0x55845744e800_0 .net *"_ivl_8", 0 0, L_0x55845745f740;  1 drivers
v0x55845744e9f0_0 .net "s", 0 0, L_0x558457460190;  alias, 1 drivers
v0x55845744eab0_0 .net "w", 0 0, v0x55845744f5e0_0;  alias, 1 drivers
v0x55845744eb50_0 .net "x", 0 0, v0x55845744f680_0;  alias, 1 drivers
v0x55845744ebf0_0 .net "y", 0 0, v0x55845744f720_0;  alias, 1 drivers
v0x55845744ec90_0 .net "z", 0 0, v0x55845744f7c0_0;  alias, 1 drivers
    .scope S_0x55845741acd0;
T_0 ;
    %fork t_1, S_0x55845740bde0;
    %jmp t_0;
    .scope S_0x55845740bde0;
t_1 ;
    %vpi_call 2 119 "$display", "Guia_0604 - Davi C\303\242ndido - 857859" {0 0 0};
    %vpi_call 2 120 "$display", "Test module" {0 0 0};
    %vpi_call 2 121 "$display", "   x    y    w    z    a    Sa   b    Sb   c    Sc   d    Sd   e    Se" {0 0 0};
    %vpi_call 2 123 "$monitor", "%4b %4b %4b %4b %4b %4b %4b %4b %4b %4b %4b %4b %4b %4b", v0x55845744f680_0, v0x55845744f720_0, v0x55845744f5e0_0, v0x55845744f7c0_0, v0x55845744edd0_0, v0x55845744ee90_0, v0x55845744ef60_0, v0x55845744f060_0, v0x55845744f130_0, v0x55845744f1d0_0, v0x55845744f2a0_0, v0x55845744f370_0, v0x55845744f440_0, v0x55845744f510_0 {0 0 0};
    %pushi/vec4 0, 0, 1;
    %store/vec4 v0x55845744f680_0, 0, 1;
    %pushi/vec4 0, 0, 1;
    %store/vec4 v0x55845744f720_0, 0, 1;
    %pushi/vec4 0, 0, 1;
    %store/vec4 v0x55845744f5e0_0, 0, 1;
    %pushi/vec4 0, 0, 1;
    %store/vec4 v0x55845744f7c0_0, 0, 1;
    %delay 1, 0;
    %pushi/vec4 0, 0, 1;
    %store/vec4 v0x55845744f680_0, 0, 1;
    %pushi/vec4 0, 0, 1;
    %store/vec4 v0x55845744f720_0, 0, 1;
    %pushi/vec4 0, 0, 1;
    %store/vec4 v0x55845744f5e0_0, 0, 1;
    %pushi/vec4 1, 0, 1;
    %store/vec4 v0x55845744f7c0_0, 0, 1;
    %delay 1, 0;
    %pushi/vec4 0, 0, 1;
    %store/vec4 v0x55845744f680_0, 0, 1;
    %pushi/vec4 0, 0, 1;
    %store/vec4 v0x55845744f720_0, 0, 1;
    %pushi/vec4 1, 0, 1;
    %store/vec4 v0x55845744f5e0_0, 0, 1;
    %pushi/vec4 1, 0, 1;
    %store/vec4 v0x55845744f7c0_0, 0, 1;
    %delay 1, 0;
    %pushi/vec4 0, 0, 1;
    %store/vec4 v0x55845744f680_0, 0, 1;
    %pushi/vec4 0, 0, 1;
    %store/vec4 v0x55845744f720_0, 0, 1;
    %pushi/vec4 1, 0, 1;
    %store/vec4 v0x55845744f5e0_0, 0, 1;
    %pushi/vec4 0, 0, 1;
    %store/vec4 v0x55845744f7c0_0, 0, 1;
    %delay 1, 0;
    %pushi/vec4 0, 0, 1;
    %store/vec4 v0x55845744f680_0, 0, 1;
    %pushi/vec4 1, 0, 1;
    %store/vec4 v0x55845744f720_0, 0, 1;
    %pushi/vec4 1, 0, 1;
    %store/vec4 v0x55845744f5e0_0, 0, 1;
    %pushi/vec4 0, 0, 1;
    %store/vec4 v0x55845744f7c0_0, 0, 1;
    %delay 1, 0;
    %pushi/vec4 0, 0, 1;
    %store/vec4 v0x55845744f680_0, 0, 1;
    %pushi/vec4 1, 0, 1;
    %store/vec4 v0x55845744f720_0, 0, 1;
    %pushi/vec4 1, 0, 1;
    %store/vec4 v0x55845744f5e0_0, 0, 1;
    %pushi/vec4 1, 0, 1;
    %store/vec4 v0x55845744f7c0_0, 0, 1;
    %delay 1, 0;
    %pushi/vec4 0, 0, 1;
    %store/vec4 v0x55845744f680_0, 0, 1;
    %pushi/vec4 1, 0, 1;
    %store/vec4 v0x55845744f720_0, 0, 1;
    %pushi/vec4 0, 0, 1;
    %store/vec4 v0x55845744f5e0_0, 0, 1;
    %pushi/vec4 1, 0, 1;
    %store/vec4 v0x55845744f7c0_0, 0, 1;
    %delay 1, 0;
    %pushi/vec4 0, 0, 1;
    %store/vec4 v0x55845744f680_0, 0, 1;
    %pushi/vec4 1, 0, 1;
    %store/vec4 v0x55845744f720_0, 0, 1;
    %pushi/vec4 0, 0, 1;
    %store/vec4 v0x55845744f5e0_0, 0, 1;
    %pushi/vec4 0, 0, 1;
    %store/vec4 v0x55845744f7c0_0, 0, 1;
    %delay 1, 0;
    %pushi/vec4 1, 0, 1;
    %store/vec4 v0x55845744f680_0, 0, 1;
    %pushi/vec4 1, 0, 1;
    %store/vec4 v0x55845744f720_0, 0, 1;
    %pushi/vec4 0, 0, 1;
    %store/vec4 v0x55845744f5e0_0, 0, 1;
    %pushi/vec4 0, 0, 1;
    %store/vec4 v0x55845744f7c0_0, 0, 1;
    %delay 1, 0;
    %pushi/vec4 1, 0, 1;
    %store/vec4 v0x55845744f680_0, 0, 1;
    %pushi/vec4 1, 0, 1;
    %store/vec4 v0x55845744f720_0, 0, 1;
    %pushi/vec4 0, 0, 1;
    %store/vec4 v0x55845744f5e0_0, 0, 1;
    %pushi/vec4 1, 0, 1;
    %store/vec4 v0x55845744f7c0_0, 0, 1;
    %delay 1, 0;
    %pushi/vec4 1, 0, 1;
    %store/vec4 v0x55845744f680_0, 0, 1;
    %pushi/vec4 1, 0, 1;
    %store/vec4 v0x55845744f720_0, 0, 1;
    %pushi/vec4 1, 0, 1;
    %store/vec4 v0x55845744f5e0_0, 0, 1;
    %pushi/vec4 1, 0, 1;
    %store/vec4 v0x55845744f7c0_0, 0, 1;
    %delay 1, 0;
    %pushi/vec4 1, 0, 1;
    %store/vec4 v0x55845744f680_0, 0, 1;
    %pushi/vec4 1, 0, 1;
    %store/vec4 v0x55845744f720_0, 0, 1;
    %pushi/vec4 1, 0, 1;
    %store/vec4 v0x55845744f5e0_0, 0, 1;
    %pushi/vec4 0, 0, 1;
    %store/vec4 v0x55845744f7c0_0, 0, 1;
    %delay 1, 0;
    %pushi/vec4 1, 0, 1;
    %store/vec4 v0x55845744f680_0, 0, 1;
    %pushi/vec4 0, 0, 1;
    %store/vec4 v0x55845744f720_0, 0, 1;
    %pushi/vec4 1, 0, 1;
    %store/vec4 v0x55845744f5e0_0, 0, 1;
    %pushi/vec4 0, 0, 1;
    %store/vec4 v0x55845744f7c0_0, 0, 1;
    %delay 1, 0;
    %pushi/vec4 1, 0, 1;
    %store/vec4 v0x55845744f680_0, 0, 1;
    %pushi/vec4 0, 0, 1;
    %store/vec4 v0x55845744f720_0, 0, 1;
    %pushi/vec4 1, 0, 1;
    %store/vec4 v0x55845744f5e0_0, 0, 1;
    %pushi/vec4 1, 0, 1;
    %store/vec4 v0x55845744f7c0_0, 0, 1;
    %delay 1, 0;
    %pushi/vec4 1, 0, 1;
    %store/vec4 v0x55845744f680_0, 0, 1;
    %pushi/vec4 0, 0, 1;
    %store/vec4 v0x55845744f720_0, 0, 1;
    %pushi/vec4 0, 0, 1;
    %store/vec4 v0x55845744f5e0_0, 0, 1;
    %pushi/vec4 1, 0, 1;
    %store/vec4 v0x55845744f7c0_0, 0, 1;
    %delay 1, 0;
    %pushi/vec4 1, 0, 1;
    %store/vec4 v0x55845744f680_0, 0, 1;
    %pushi/vec4 0, 0, 1;
    %store/vec4 v0x55845744f720_0, 0, 1;
    %pushi/vec4 0, 0, 1;
    %store/vec4 v0x55845744f5e0_0, 0, 1;
    %pushi/vec4 0, 0, 1;
    %store/vec4 v0x55845744f7c0_0, 0, 1;
    %end;
    .scope S_0x55845741acd0;
t_0 %join;
    %end;
    .thread T_0;
# The file index is used to find the file name in the following table.
:file_names 3;
    "N/A";
    "<interactive>";
    "Guia_0604.v";
