#! /usr/bin/vvp
:ivl_version "11.0 (stable)";
:ivl_delay_selection "TYPICAL";
:vpi_time_precision + 0;
:vpi_module "/usr/lib/x86_64-linux-gnu/ivl/system.vpi";
:vpi_module "/usr/lib/x86_64-linux-gnu/ivl/vhdl_sys.vpi";
:vpi_module "/usr/lib/x86_64-linux-gnu/ivl/vhdl_textio.vpi";
:vpi_module "/usr/lib/x86_64-linux-gnu/ivl/v2005_math.vpi";
:vpi_module "/usr/lib/x86_64-linux-gnu/ivl/va_math.vpi";
S_0x5642b96b07c0 .scope module, "test_f08" "test_f08" 2 28;
 .timescale 0 0;
v0x5642b96d99f0_0 .net "a", 0 0, L_0x5642b96db170;  1 drivers
v0x5642b96d9ab0_0 .net "aS", 0 0, L_0x5642b96dbe00;  1 drivers
v0x5642b96d9b80_0 .var "w", 0 0;
v0x5642b96d9c50_0 .var "x", 0 0;
v0x5642b96d9d40_0 .var "y", 0 0;
v0x5642b96d9e80_0 .var "z", 0 0;
S_0x5642b96b0950 .scope begin, "main" "main" 2 41, 2 41 0, S_0x5642b96b07c0;
 .timescale 0 0;
S_0x5642b96aed60 .scope module, "moduloA" "f08a" 2 36, 2 13 0, S_0x5642b96b07c0;
 .timescale 0 0;
    .port_info 0 /OUTPUT 1 "s";
    .port_info 1 /INPUT 1 "x";
    .port_info 2 /INPUT 1 "y";
    .port_info 3 /INPUT 1 "w";
    .port_info 4 /INPUT 1 "z";
L_0x5642b96d9f70 .functor NOT 1, v0x5642b96d9c50_0, C4<0>, C4<0>, C4<0>;
L_0x5642b96d9fe0 .functor NOT 1, v0x5642b96d9d40_0, C4<0>, C4<0>, C4<0>;
L_0x5642b96da050 .functor AND 1, L_0x5642b96d9f70, L_0x5642b96d9fe0, C4<1>, C4<1>;
L_0x5642b96da160 .functor AND 1, L_0x5642b96da050, v0x5642b96d9b80_0, C4<1>, C4<1>;
L_0x5642b96da250 .functor AND 1, L_0x5642b96da160, v0x5642b96d9e80_0, C4<1>, C4<1>;
L_0x5642b96da310 .functor AND 1, v0x5642b96d9c50_0, v0x5642b96d9d40_0, C4<1>, C4<1>;
L_0x5642b96da450 .functor AND 1, L_0x5642b96da310, v0x5642b96d9b80_0, C4<1>, C4<1>;
L_0x5642b96da550 .functor AND 1, L_0x5642b96da450, v0x5642b96d9e80_0, C4<1>, C4<1>;
L_0x5642b96da6a0 .functor OR 1, L_0x5642b96da250, L_0x5642b96da550, C4<0>, C4<0>;
L_0x5642b96da710 .functor NOT 1, v0x5642b96d9d40_0, C4<0>, C4<0>, C4<0>;
L_0x5642b96da7e0 .functor AND 1, v0x5642b96d9c50_0, L_0x5642b96da710, C4<1>, C4<1>;
L_0x5642b96da850 .functor AND 1, L_0x5642b96da7e0, v0x5642b96d9b80_0, C4<1>, C4<1>;
L_0x5642b96da980 .functor AND 1, L_0x5642b96da850, v0x5642b96d9e80_0, C4<1>, C4<1>;
L_0x5642b96daa40 .functor OR 1, L_0x5642b96da6a0, L_0x5642b96da980, C4<0>, C4<0>;
L_0x5642b96da910 .functor NOT 1, v0x5642b96d9d40_0, C4<0>, C4<0>, C4<0>;
L_0x5642b96dabd0 .functor AND 1, v0x5642b96d9c50_0, L_0x5642b96da910, C4<1>, C4<1>;
L_0x5642b96dad20 .functor NOT 1, v0x5642b96d9b80_0, C4<0>, C4<0>, C4<0>;
L_0x5642b96dad90 .functor AND 1, L_0x5642b96dabd0, L_0x5642b96dad20, C4<1>, C4<1>;
L_0x5642b96daf40 .functor NOT 1, v0x5642b96d9e80_0, C4<0>, C4<0>, C4<0>;
L_0x5642b96dafb0 .functor AND 1, L_0x5642b96dad90, L_0x5642b96daf40, C4<1>, C4<1>;
L_0x5642b96db170 .functor OR 1, L_0x5642b96daa40, L_0x5642b96dafb0, C4<0>, C4<0>;
v0x5642b96aef40_0 .net *"_ivl_0", 0 0, L_0x5642b96d9f70;  1 drivers
v0x5642b96d7650_0 .net *"_ivl_10", 0 0, L_0x5642b96da310;  1 drivers
v0x5642b96d7730_0 .net *"_ivl_12", 0 0, L_0x5642b96da450;  1 drivers
v0x5642b96d77f0_0 .net *"_ivl_14", 0 0, L_0x5642b96da550;  1 drivers
v0x5642b96d78d0_0 .net *"_ivl_16", 0 0, L_0x5642b96da6a0;  1 drivers
v0x5642b96d7a00_0 .net *"_ivl_18", 0 0, L_0x5642b96da710;  1 drivers
v0x5642b96d7ae0_0 .net *"_ivl_2", 0 0, L_0x5642b96d9fe0;  1 drivers
v0x5642b96d7bc0_0 .net *"_ivl_20", 0 0, L_0x5642b96da7e0;  1 drivers
v0x5642b96d7ca0_0 .net *"_ivl_22", 0 0, L_0x5642b96da850;  1 drivers
v0x5642b96d7d80_0 .net *"_ivl_24", 0 0, L_0x5642b96da980;  1 drivers
v0x5642b96d7e60_0 .net *"_ivl_26", 0 0, L_0x5642b96daa40;  1 drivers
v0x5642b96d7f40_0 .net *"_ivl_28", 0 0, L_0x5642b96da910;  1 drivers
v0x5642b96d8020_0 .net *"_ivl_30", 0 0, L_0x5642b96dabd0;  1 drivers
v0x5642b96d8100_0 .net *"_ivl_32", 0 0, L_0x5642b96dad20;  1 drivers
v0x5642b96d81e0_0 .net *"_ivl_34", 0 0, L_0x5642b96dad90;  1 drivers
v0x5642b96d82c0_0 .net *"_ivl_36", 0 0, L_0x5642b96daf40;  1 drivers
v0x5642b96d83a0_0 .net *"_ivl_38", 0 0, L_0x5642b96dafb0;  1 drivers
v0x5642b96d8480_0 .net *"_ivl_4", 0 0, L_0x5642b96da050;  1 drivers
v0x5642b96d8560_0 .net *"_ivl_6", 0 0, L_0x5642b96da160;  1 drivers
v0x5642b96d8640_0 .net *"_ivl_8", 0 0, L_0x5642b96da250;  1 drivers
v0x5642b96d8720_0 .net "s", 0 0, L_0x5642b96db170;  alias, 1 drivers
v0x5642b96d87e0_0 .net "w", 0 0, v0x5642b96d9b80_0;  1 drivers
v0x5642b96d88a0_0 .net "x", 0 0, v0x5642b96d9c50_0;  1 drivers
v0x5642b96d8960_0 .net "y", 0 0, v0x5642b96d9d40_0;  1 drivers
v0x5642b96d8a20_0 .net "z", 0 0, v0x5642b96d9e80_0;  1 drivers
S_0x5642b96d8b80 .scope module, "moduloSA" "sf08a" 2 37, 2 21 0, S_0x5642b96b07c0;
 .timescale 0 0;
    .port_info 0 /OUTPUT 1 "s";
    .port_info 1 /INPUT 1 "x";
    .port_info 2 /INPUT 1 "y";
    .port_info 3 /INPUT 1 "w";
    .port_info 4 /INPUT 1 "z";
L_0x5642b96db2d0 .functor AND 1, v0x5642b96d9b80_0, v0x5642b96d9e80_0, C4<1>, C4<1>;
L_0x5642b96db340 .functor NOT 1, v0x5642b96d9d40_0, C4<0>, C4<0>, C4<0>;
L_0x5642b96db3b0 .functor OR 1, L_0x5642b96db340, v0x5642b96d9c50_0, C4<0>, C4<0>;
L_0x5642b96db470 .functor AND 1, L_0x5642b96db2d0, L_0x5642b96db3b0, C4<1>, C4<1>;
L_0x5642b96db5b0 .functor NOT 1, v0x5642b96d9d40_0, C4<0>, C4<0>, C4<0>;
L_0x5642b96db620 .functor AND 1, v0x5642b96d9c50_0, L_0x5642b96db5b0, C4<1>, C4<1>;
L_0x5642b96db830 .functor NOT 1, v0x5642b96d9b80_0, C4<0>, C4<0>, C4<0>;
L_0x5642b96db9b0 .functor AND 1, L_0x5642b96db620, L_0x5642b96db830, C4<1>, C4<1>;
L_0x5642b96dbb10 .functor NOT 1, v0x5642b96d9e80_0, C4<0>, C4<0>, C4<0>;
L_0x5642b96dbc90 .functor AND 1, L_0x5642b96db9b0, L_0x5642b96dbb10, C4<1>, C4<1>;
L_0x5642b96dbe00 .functor OR 1, L_0x5642b96db470, L_0x5642b96dbc90, C4<0>, C4<0>;
v0x5642b96d8d10_0 .net *"_ivl_0", 0 0, L_0x5642b96db2d0;  1 drivers
v0x5642b96d8df0_0 .net *"_ivl_10", 0 0, L_0x5642b96db620;  1 drivers
v0x5642b96d8ed0_0 .net *"_ivl_12", 0 0, L_0x5642b96db830;  1 drivers
v0x5642b96d8f90_0 .net *"_ivl_14", 0 0, L_0x5642b96db9b0;  1 drivers
v0x5642b96d9070_0 .net *"_ivl_16", 0 0, L_0x5642b96dbb10;  1 drivers
v0x5642b96d91a0_0 .net *"_ivl_18", 0 0, L_0x5642b96dbc90;  1 drivers
v0x5642b96d9280_0 .net *"_ivl_2", 0 0, L_0x5642b96db340;  1 drivers
v0x5642b96d9360_0 .net *"_ivl_4", 0 0, L_0x5642b96db3b0;  1 drivers
v0x5642b96d9440_0 .net *"_ivl_6", 0 0, L_0x5642b96db470;  1 drivers
v0x5642b96d9520_0 .net *"_ivl_8", 0 0, L_0x5642b96db5b0;  1 drivers
v0x5642b96d9600_0 .net "s", 0 0, L_0x5642b96dbe00;  alias, 1 drivers
v0x5642b96d96c0_0 .net "w", 0 0, v0x5642b96d9b80_0;  alias, 1 drivers
v0x5642b96d9760_0 .net "x", 0 0, v0x5642b96d9c50_0;  alias, 1 drivers
v0x5642b96d9800_0 .net "y", 0 0, v0x5642b96d9d40_0;  alias, 1 drivers
v0x5642b96d98d0_0 .net "z", 0 0, v0x5642b96d9e80_0;  alias, 1 drivers
    .scope S_0x5642b96b07c0;
T_0 ;
    %fork t_1, S_0x5642b96b0950;
    %jmp t_0;
    .scope S_0x5642b96b0950;
t_1 ;
    %vpi_call 2 42 "$display", "Guia_0608 - Davi C\303\242ndido - 857859" {0 0 0};
    %vpi_call 2 43 "$display", "Test module" {0 0 0};
    %vpi_call 2 44 "$display", "   x    y    w    z    a    Sa" {0 0 0};
    %vpi_call 2 46 "$monitor", "%4b %4b %4b %4b %4b %4b ", v0x5642b96d9c50_0, v0x5642b96d9d40_0, v0x5642b96d9b80_0, v0x5642b96d9e80_0, v0x5642b96d99f0_0, v0x5642b96d9ab0_0 {0 0 0};
    %pushi/vec4 0, 0, 1;
    %store/vec4 v0x5642b96d9c50_0, 0, 1;
    %pushi/vec4 0, 0, 1;
    %store/vec4 v0x5642b96d9d40_0, 0, 1;
    %pushi/vec4 0, 0, 1;
    %store/vec4 v0x5642b96d9b80_0, 0, 1;
    %pushi/vec4 0, 0, 1;
    %store/vec4 v0x5642b96d9e80_0, 0, 1;
    %delay 1, 0;
    %pushi/vec4 0, 0, 1;
    %store/vec4 v0x5642b96d9c50_0, 0, 1;
    %pushi/vec4 0, 0, 1;
    %store/vec4 v0x5642b96d9d40_0, 0, 1;
    %pushi/vec4 0, 0, 1;
    %store/vec4 v0x5642b96d9b80_0, 0, 1;
    %pushi/vec4 1, 0, 1;
    %store/vec4 v0x5642b96d9e80_0, 0, 1;
    %delay 1, 0;
    %pushi/vec4 0, 0, 1;
    %store/vec4 v0x5642b96d9c50_0, 0, 1;
    %pushi/vec4 0, 0, 1;
    %store/vec4 v0x5642b96d9d40_0, 0, 1;
    %pushi/vec4 1, 0, 1;
    %store/vec4 v0x5642b96d9b80_0, 0, 1;
    %pushi/vec4 1, 0, 1;
    %store/vec4 v0x5642b96d9e80_0, 0, 1;
    %delay 1, 0;
    %pushi/vec4 0, 0, 1;
    %store/vec4 v0x5642b96d9c50_0, 0, 1;
    %pushi/vec4 0, 0, 1;
    %store/vec4 v0x5642b96d9d40_0, 0, 1;
    %pushi/vec4 1, 0, 1;
    %store/vec4 v0x5642b96d9b80_0, 0, 1;
    %pushi/vec4 0, 0, 1;
    %store/vec4 v0x5642b96d9e80_0, 0, 1;
    %delay 1, 0;
    %pushi/vec4 0, 0, 1;
    %store/vec4 v0x5642b96d9c50_0, 0, 1;
    %pushi/vec4 1, 0, 1;
    %store/vec4 v0x5642b96d9d40_0, 0, 1;
    %pushi/vec4 1, 0, 1;
    %store/vec4 v0x5642b96d9b80_0, 0, 1;
    %pushi/vec4 0, 0, 1;
    %store/vec4 v0x5642b96d9e80_0, 0, 1;
    %delay 1, 0;
    %pushi/vec4 0, 0, 1;
    %store/vec4 v0x5642b96d9c50_0, 0, 1;
    %pushi/vec4 1, 0, 1;
    %store/vec4 v0x5642b96d9d40_0, 0, 1;
    %pushi/vec4 1, 0, 1;
    %store/vec4 v0x5642b96d9b80_0, 0, 1;
    %pushi/vec4 1, 0, 1;
    %store/vec4 v0x5642b96d9e80_0, 0, 1;
    %delay 1, 0;
    %pushi/vec4 0, 0, 1;
    %store/vec4 v0x5642b96d9c50_0, 0, 1;
    %pushi/vec4 1, 0, 1;
    %store/vec4 v0x5642b96d9d40_0, 0, 1;
    %pushi/vec4 0, 0, 1;
    %store/vec4 v0x5642b96d9b80_0, 0, 1;
    %pushi/vec4 1, 0, 1;
    %store/vec4 v0x5642b96d9e80_0, 0, 1;
    %delay 1, 0;
    %pushi/vec4 0, 0, 1;
    %store/vec4 v0x5642b96d9c50_0, 0, 1;
    %pushi/vec4 1, 0, 1;
    %store/vec4 v0x5642b96d9d40_0, 0, 1;
    %pushi/vec4 0, 0, 1;
    %store/vec4 v0x5642b96d9b80_0, 0, 1;
    %pushi/vec4 0, 0, 1;
    %store/vec4 v0x5642b96d9e80_0, 0, 1;
    %delay 1, 0;
    %pushi/vec4 1, 0, 1;
    %store/vec4 v0x5642b96d9c50_0, 0, 1;
    %pushi/vec4 1, 0, 1;
    %store/vec4 v0x5642b96d9d40_0, 0, 1;
    %pushi/vec4 0, 0, 1;
    %store/vec4 v0x5642b96d9b80_0, 0, 1;
    %pushi/vec4 0, 0, 1;
    %store/vec4 v0x5642b96d9e80_0, 0, 1;
    %delay 1, 0;
    %pushi/vec4 1, 0, 1;
    %store/vec4 v0x5642b96d9c50_0, 0, 1;
    %pushi/vec4 1, 0, 1;
    %store/vec4 v0x5642b96d9d40_0, 0, 1;
    %pushi/vec4 0, 0, 1;
    %store/vec4 v0x5642b96d9b80_0, 0, 1;
    %pushi/vec4 1, 0, 1;
    %store/vec4 v0x5642b96d9e80_0, 0, 1;
    %delay 1, 0;
    %pushi/vec4 1, 0, 1;
    %store/vec4 v0x5642b96d9c50_0, 0, 1;
    %pushi/vec4 1, 0, 1;
    %store/vec4 v0x5642b96d9d40_0, 0, 1;
    %pushi/vec4 1, 0, 1;
    %store/vec4 v0x5642b96d9b80_0, 0, 1;
    %pushi/vec4 1, 0, 1;
    %store/vec4 v0x5642b96d9e80_0, 0, 1;
    %delay 1, 0;
    %pushi/vec4 1, 0, 1;
    %store/vec4 v0x5642b96d9c50_0, 0, 1;
    %pushi/vec4 1, 0, 1;
    %store/vec4 v0x5642b96d9d40_0, 0, 1;
    %pushi/vec4 1, 0, 1;
    %store/vec4 v0x5642b96d9b80_0, 0, 1;
    %pushi/vec4 0, 0, 1;
    %store/vec4 v0x5642b96d9e80_0, 0, 1;
    %delay 1, 0;
    %pushi/vec4 1, 0, 1;
    %store/vec4 v0x5642b96d9c50_0, 0, 1;
    %pushi/vec4 0, 0, 1;
    %store/vec4 v0x5642b96d9d40_0, 0, 1;
    %pushi/vec4 1, 0, 1;
    %store/vec4 v0x5642b96d9b80_0, 0, 1;
    %pushi/vec4 0, 0, 1;
    %store/vec4 v0x5642b96d9e80_0, 0, 1;
    %delay 1, 0;
    %pushi/vec4 1, 0, 1;
    %store/vec4 v0x5642b96d9c50_0, 0, 1;
    %pushi/vec4 0, 0, 1;
    %store/vec4 v0x5642b96d9d40_0, 0, 1;
    %pushi/vec4 1, 0, 1;
    %store/vec4 v0x5642b96d9b80_0, 0, 1;
    %pushi/vec4 1, 0, 1;
    %store/vec4 v0x5642b96d9e80_0, 0, 1;
    %delay 1, 0;
    %pushi/vec4 1, 0, 1;
    %store/vec4 v0x5642b96d9c50_0, 0, 1;
    %pushi/vec4 0, 0, 1;
    %store/vec4 v0x5642b96d9d40_0, 0, 1;
    %pushi/vec4 0, 0, 1;
    %store/vec4 v0x5642b96d9b80_0, 0, 1;
    %pushi/vec4 1, 0, 1;
    %store/vec4 v0x5642b96d9e80_0, 0, 1;
    %delay 1, 0;
    %pushi/vec4 1, 0, 1;
    %store/vec4 v0x5642b96d9c50_0, 0, 1;
    %pushi/vec4 0, 0, 1;
    %store/vec4 v0x5642b96d9d40_0, 0, 1;
    %pushi/vec4 0, 0, 1;
    %store/vec4 v0x5642b96d9b80_0, 0, 1;
    %pushi/vec4 0, 0, 1;
    %store/vec4 v0x5642b96d9e80_0, 0, 1;
    %end;
    .scope S_0x5642b96b07c0;
t_0 %join;
    %end;
    .thread T_0;
# The file index is used to find the file name in the following table.
:file_names 3;
    "N/A";
    "<interactive>";
    "Guia_0608.v";
