#! /usr/bin/vvp
:ivl_version "11.0 (stable)";
:ivl_delay_selection "TYPICAL";
:vpi_time_precision + 0;
:vpi_module "/usr/lib/x86_64-linux-gnu/ivl/system.vpi";
:vpi_module "/usr/lib/x86_64-linux-gnu/ivl/vhdl_sys.vpi";
:vpi_module "/usr/lib/x86_64-linux-gnu/ivl/vhdl_textio.vpi";
:vpi_module "/usr/lib/x86_64-linux-gnu/ivl/v2005_math.vpi";
:vpi_module "/usr/lib/x86_64-linux-gnu/ivl/va_math.vpi";
S_0x559fe26fc6c0 .scope module, "test_f07" "test_f07" 2 28;
 .timescale 0 0;
v0x559fe2717420_0 .net "a", 0 0, L_0x559fe2718130;  1 drivers
v0x559fe27174e0_0 .net "aS", 0 0, L_0x559fe27182b0;  1 drivers
v0x559fe27175b0_0 .var "x", 0 0;
v0x559fe27176d0_0 .var "y", 0 0;
v0x559fe27177c0_0 .var "z", 0 0;
S_0x559fe26fc850 .scope begin, "main" "main" 2 40, 2 40 0, S_0x559fe26fc6c0;
 .timescale 0 0;
S_0x559fe26fb410 .scope module, "moduloA" "f07a" 2 35, 2 13 0, S_0x559fe26fc6c0;
 .timescale 0 0;
    .port_info 0 /OUTPUT 1 "s";
    .port_info 1 /INPUT 1 "X";
    .port_info 2 /INPUT 1 "Y";
    .port_info 3 /INPUT 1 "Z";
L_0x559fe2717900 .functor NOT 1, v0x559fe27176d0_0, C4<0>, C4<0>, C4<0>;
L_0x559fe2717970 .functor OR 1, v0x559fe27175b0_0, L_0x559fe2717900, C4<0>, C4<0>;
L_0x559fe2717a30 .functor OR 1, L_0x559fe2717970, v0x559fe27177c0_0, C4<0>, C4<0>;
L_0x559fe2717af0 .functor NOT 1, v0x559fe27175b0_0, C4<0>, C4<0>, C4<0>;
L_0x559fe2717b90 .functor OR 1, L_0x559fe2717af0, v0x559fe27176d0_0, C4<0>, C4<0>;
L_0x559fe2717c90 .functor OR 1, L_0x559fe2717b90, v0x559fe27177c0_0, C4<0>, C4<0>;
L_0x559fe2717dd0 .functor AND 1, L_0x559fe2717a30, L_0x559fe2717c90, C4<1>, C4<1>;
L_0x559fe2717e90 .functor NOT 1, v0x559fe27176d0_0, C4<0>, C4<0>, C4<0>;
L_0x559fe2717f50 .functor OR 1, v0x559fe27175b0_0, L_0x559fe2717e90, C4<0>, C4<0>;
L_0x559fe2718010 .functor OR 1, L_0x559fe2717f50, v0x559fe27177c0_0, C4<0>, C4<0>;
L_0x559fe2718130 .functor AND 1, L_0x559fe2717dd0, L_0x559fe2718010, C4<1>, C4<1>;
v0x559fe26fb5f0_0 .net "X", 0 0, v0x559fe27175b0_0;  1 drivers
v0x559fe2716210_0 .net "Y", 0 0, v0x559fe27176d0_0;  1 drivers
v0x559fe27162d0_0 .net "Z", 0 0, v0x559fe27177c0_0;  1 drivers
v0x559fe2716370_0 .net *"_ivl_0", 0 0, L_0x559fe2717900;  1 drivers
v0x559fe2716450_0 .net *"_ivl_10", 0 0, L_0x559fe2717c90;  1 drivers
v0x559fe2716580_0 .net *"_ivl_12", 0 0, L_0x559fe2717dd0;  1 drivers
v0x559fe2716660_0 .net *"_ivl_14", 0 0, L_0x559fe2717e90;  1 drivers
v0x559fe2716740_0 .net *"_ivl_16", 0 0, L_0x559fe2717f50;  1 drivers
v0x559fe2716820_0 .net *"_ivl_18", 0 0, L_0x559fe2718010;  1 drivers
v0x559fe2716900_0 .net *"_ivl_2", 0 0, L_0x559fe2717970;  1 drivers
v0x559fe27169e0_0 .net *"_ivl_4", 0 0, L_0x559fe2717a30;  1 drivers
v0x559fe2716ac0_0 .net *"_ivl_6", 0 0, L_0x559fe2717af0;  1 drivers
v0x559fe2716ba0_0 .net *"_ivl_8", 0 0, L_0x559fe2717b90;  1 drivers
v0x559fe2716c80_0 .net "s", 0 0, L_0x559fe2718130;  alias, 1 drivers
S_0x559fe2716dc0 .scope module, "moduloSA" "sf07a" 2 36, 2 21 0, S_0x559fe26fc6c0;
 .timescale 0 0;
    .port_info 0 /OUTPUT 1 "s";
    .port_info 1 /INPUT 1 "X";
    .port_info 2 /INPUT 1 "Y";
    .port_info 3 /INPUT 1 "Z";
L_0x559fe2718240 .functor XNOR 1, v0x559fe27175b0_0, v0x559fe27176d0_0, C4<0>, C4<0>;
L_0x559fe27182b0 .functor OR 1, v0x559fe27177c0_0, L_0x559fe2718240, C4<0>, C4<0>;
v0x559fe2716fc0_0 .net "X", 0 0, v0x559fe27175b0_0;  alias, 1 drivers
v0x559fe2717060_0 .net "Y", 0 0, v0x559fe27176d0_0;  alias, 1 drivers
v0x559fe2717130_0 .net "Z", 0 0, v0x559fe27177c0_0;  alias, 1 drivers
v0x559fe2717230_0 .net *"_ivl_0", 0 0, L_0x559fe2718240;  1 drivers
v0x559fe27172d0_0 .net "s", 0 0, L_0x559fe27182b0;  alias, 1 drivers
    .scope S_0x559fe26fc6c0;
T_0 ;
    %fork t_1, S_0x559fe26fc850;
    %jmp t_0;
    .scope S_0x559fe26fc850;
t_1 ;
    %vpi_call 2 41 "$display", "Guia_0607 - Davi C\303\242ndido - 857859" {0 0 0};
    %vpi_call 2 42 "$display", "Test module" {0 0 0};
    %vpi_call 2 43 "$display", "   x    y    z    a    Sa  " {0 0 0};
    %vpi_call 2 45 "$monitor", "%4b %4b %4b %4b %4b", v0x559fe27175b0_0, v0x559fe27176d0_0, v0x559fe27177c0_0, v0x559fe2717420_0, v0x559fe27174e0_0 {0 0 0};
    %pushi/vec4 0, 0, 1;
    %store/vec4 v0x559fe27175b0_0, 0, 1;
    %pushi/vec4 0, 0, 1;
    %store/vec4 v0x559fe27176d0_0, 0, 1;
    %pushi/vec4 0, 0, 1;
    %store/vec4 v0x559fe27177c0_0, 0, 1;
    %delay 1, 0;
    %pushi/vec4 0, 0, 1;
    %store/vec4 v0x559fe27175b0_0, 0, 1;
    %pushi/vec4 0, 0, 1;
    %store/vec4 v0x559fe27176d0_0, 0, 1;
    %pushi/vec4 1, 0, 1;
    %store/vec4 v0x559fe27177c0_0, 0, 1;
    %delay 1, 0;
    %pushi/vec4 0, 0, 1;
    %store/vec4 v0x559fe27175b0_0, 0, 1;
    %pushi/vec4 1, 0, 1;
    %store/vec4 v0x559fe27176d0_0, 0, 1;
    %pushi/vec4 0, 0, 1;
    %store/vec4 v0x559fe27177c0_0, 0, 1;
    %delay 1, 0;
    %pushi/vec4 0, 0, 1;
    %store/vec4 v0x559fe27175b0_0, 0, 1;
    %pushi/vec4 1, 0, 1;
    %store/vec4 v0x559fe27176d0_0, 0, 1;
    %pushi/vec4 1, 0, 1;
    %store/vec4 v0x559fe27177c0_0, 0, 1;
    %delay 1, 0;
    %pushi/vec4 1, 0, 1;
    %store/vec4 v0x559fe27175b0_0, 0, 1;
    %pushi/vec4 1, 0, 1;
    %store/vec4 v0x559fe27176d0_0, 0, 1;
    %pushi/vec4 1, 0, 1;
    %store/vec4 v0x559fe27177c0_0, 0, 1;
    %delay 1, 0;
    %pushi/vec4 1, 0, 1;
    %store/vec4 v0x559fe27175b0_0, 0, 1;
    %pushi/vec4 1, 0, 1;
    %store/vec4 v0x559fe27176d0_0, 0, 1;
    %pushi/vec4 0, 0, 1;
    %store/vec4 v0x559fe27177c0_0, 0, 1;
    %delay 1, 0;
    %pushi/vec4 1, 0, 1;
    %store/vec4 v0x559fe27175b0_0, 0, 1;
    %pushi/vec4 0, 0, 1;
    %store/vec4 v0x559fe27176d0_0, 0, 1;
    %pushi/vec4 0, 0, 1;
    %store/vec4 v0x559fe27177c0_0, 0, 1;
    %delay 1, 0;
    %pushi/vec4 1, 0, 1;
    %store/vec4 v0x559fe27175b0_0, 0, 1;
    %pushi/vec4 0, 0, 1;
    %store/vec4 v0x559fe27176d0_0, 0, 1;
    %pushi/vec4 1, 0, 1;
    %store/vec4 v0x559fe27177c0_0, 0, 1;
    %end;
    .scope S_0x559fe26fc6c0;
t_0 %join;
    %end;
    .thread T_0;
# The file index is used to find the file name in the following table.
:file_names 3;
    "N/A";
    "<interactive>";
    "Guia_0607.v";
