#! /usr/bin/vvp
:ivl_version "11.0 (stable)";
:ivl_delay_selection "TYPICAL";
:vpi_time_precision + 0;
:vpi_module "/usr/lib/x86_64-linux-gnu/ivl/system.vpi";
:vpi_module "/usr/lib/x86_64-linux-gnu/ivl/vhdl_sys.vpi";
:vpi_module "/usr/lib/x86_64-linux-gnu/ivl/vhdl_textio.vpi";
:vpi_module "/usr/lib/x86_64-linux-gnu/ivl/v2005_math.vpi";
:vpi_module "/usr/lib/x86_64-linux-gnu/ivl/va_math.vpi";
S_0x5639c23edd70 .scope module, "test_f7" "test_f7" 2 44;
 .timescale 0 0;
v0x5639c2425730_0 .net "Resf0705", 0 0, L_0x5639c2427730;  1 drivers
v0x5639c24257d0_0 .var "sel_1", 0 0;
v0x5639c24258a0_0 .var "sel_2", 0 0;
v0x5639c24259a0_0 .var "sel_3", 0 0;
v0x5639c2425a70_0 .var "x", 0 0;
v0x5639c2425b60_0 .var "y", 0 0;
S_0x5639c23edf00 .scope module, "f0705" "f0705" 2 54, 2 14 0, S_0x5639c23edd70;
 .timescale 0 0;
    .port_info 0 /OUTPUT 1 "s";
    .port_info 1 /INPUT 1 "a";
    .port_info 2 /INPUT 1 "b";
    .port_info 3 /INPUT 1 "sel_1";
    .port_info 4 /INPUT 1 "sel_2";
    .port_info 5 /INPUT 1 "sel_3";
L_0x5639c23da9b0 .functor NOT 1, v0x5639c2425b60_0, C4<0>, C4<0>, C4<0>;
L_0x5639c23daad0 .functor AND 1, L_0x5639c23da9b0, L_0x5639c2425d90, L_0x5639c2425ea0, L_0x5639c2425fe0;
L_0x5639c2425d90 .functor NOT 1, v0x5639c24257d0_0, C4<0>, C4<0>, C4<0>;
L_0x5639c2425ea0 .functor NOT 1, v0x5639c24258a0_0, C4<0>, C4<0>, C4<0>;
L_0x5639c2425fe0 .functor NOT 1, v0x5639c24259a0_0, C4<0>, C4<0>, C4<0>;
L_0x5639c24260f0 .functor AND 1, v0x5639c2425a70_0, v0x5639c2425b60_0, C4<1>, C4<1>;
L_0x5639c24261f0 .functor AND 1, L_0x5639c24260f0, L_0x5639c24262b0, L_0x5639c24263c0, v0x5639c24259a0_0;
L_0x5639c24262b0 .functor NOT 1, v0x5639c24257d0_0, C4<0>, C4<0>, C4<0>;
L_0x5639c24263c0 .functor NOT 1, v0x5639c24258a0_0, C4<0>, C4<0>, C4<0>;
L_0x5639c2426480 .functor NAND 1, v0x5639c2425a70_0, v0x5639c2425b60_0, C4<1>, C4<1>;
L_0x5639c2426550 .functor AND 1, L_0x5639c2426480, L_0x5639c24265c0, v0x5639c24258a0_0, L_0x5639c2426730;
L_0x5639c24265c0 .functor NOT 1, v0x5639c24257d0_0, C4<0>, C4<0>, C4<0>;
L_0x5639c2426730 .functor NOT 1, v0x5639c24259a0_0, C4<0>, C4<0>, C4<0>;
L_0x5639c2426830 .functor OR 1, v0x5639c2425a70_0, v0x5639c2425b60_0, C4<0>, C4<0>;
L_0x5639c24266c0 .functor AND 1, L_0x5639c2426830, L_0x5639c24269b0, v0x5639c24258a0_0, v0x5639c24259a0_0;
L_0x5639c24269b0 .functor NOT 1, v0x5639c24257d0_0, C4<0>, C4<0>, C4<0>;
L_0x5639c2426ab0 .functor NOR 1, v0x5639c2425a70_0, v0x5639c2425b60_0, C4<0>, C4<0>;
L_0x5639c2426b20 .functor AND 1, L_0x5639c2426ab0, v0x5639c24257d0_0, L_0x5639c2426c90, L_0x5639c2426d50;
L_0x5639c2426c90 .functor NOT 1, v0x5639c24258a0_0, C4<0>, C4<0>, C4<0>;
L_0x5639c2426d50 .functor NOT 1, v0x5639c24259a0_0, C4<0>, C4<0>, C4<0>;
L_0x5639c2426ec0 .functor XOR 1, v0x5639c2425a70_0, v0x5639c2425b60_0, C4<0>, C4<0>;
L_0x5639c2426f30 .functor AND 1, L_0x5639c2426ec0, v0x5639c24257d0_0, L_0x5639c24270e0, v0x5639c24259a0_0;
L_0x5639c24270e0 .functor NOT 1, v0x5639c24258a0_0, C4<0>, C4<0>, C4<0>;
L_0x5639c24271a0 .functor XNOR 1, v0x5639c2425a70_0, v0x5639c2425b60_0, C4<0>, C4<0>;
L_0x5639c24272e0 .functor AND 1, L_0x5639c24271a0, v0x5639c24257d0_0, v0x5639c24258a0_0, v0x5639c24259a0_0;
L_0x5639c2427730/0/0 .functor OR 1, L_0x5639c23daad0, L_0x5639c24261f0, L_0x5639c2426550, L_0x5639c24266c0;
L_0x5639c2427730/0/4 .functor OR 1, L_0x5639c2426b20, L_0x5639c2426f30, L_0x5639c24272e0, C4<0>;
L_0x5639c2427730 .functor OR 1, L_0x5639c2427730/0/0, L_0x5639c2427730/0/4, C4<0>, C4<0>;
v0x5639c23ee180_0 .net "Res1", 0 0, L_0x5639c23daad0;  1 drivers
v0x5639c2423cb0_0 .net "Res2", 0 0, L_0x5639c24261f0;  1 drivers
v0x5639c2423d70_0 .net "Res3", 0 0, L_0x5639c2426550;  1 drivers
v0x5639c2423e10_0 .net "Res4", 0 0, L_0x5639c24266c0;  1 drivers
v0x5639c2423ed0_0 .net "Res5", 0 0, L_0x5639c2426b20;  1 drivers
v0x5639c2423fe0_0 .net "Res6", 0 0, L_0x5639c2426f30;  1 drivers
v0x5639c24240a0_0 .net "Res7", 0 0, L_0x5639c24272e0;  1 drivers
v0x5639c2424160_0 .net *"_ivl_0", 0 0, L_0x5639c2425d90;  1 drivers
v0x5639c2424240_0 .net *"_ivl_10", 0 0, L_0x5639c24265c0;  1 drivers
v0x5639c2424320_0 .net *"_ivl_12", 0 0, L_0x5639c2426730;  1 drivers
v0x5639c2424400_0 .net *"_ivl_14", 0 0, L_0x5639c24269b0;  1 drivers
v0x5639c24244e0_0 .net *"_ivl_16", 0 0, L_0x5639c2426c90;  1 drivers
v0x5639c24245c0_0 .net *"_ivl_18", 0 0, L_0x5639c2426d50;  1 drivers
v0x5639c24246a0_0 .net *"_ivl_2", 0 0, L_0x5639c2425ea0;  1 drivers
v0x5639c2424780_0 .net *"_ivl_20", 0 0, L_0x5639c24270e0;  1 drivers
v0x5639c2424860_0 .net *"_ivl_4", 0 0, L_0x5639c2425fe0;  1 drivers
v0x5639c2424940_0 .net *"_ivl_6", 0 0, L_0x5639c24262b0;  1 drivers
v0x5639c2424a20_0 .net *"_ivl_8", 0 0, L_0x5639c24263c0;  1 drivers
v0x5639c2424b00_0 .net "a", 0 0, v0x5639c2425a70_0;  1 drivers
v0x5639c2424bc0_0 .net "and11", 0 0, L_0x5639c24260f0;  1 drivers
v0x5639c2424c80_0 .net "b", 0 0, v0x5639c2425b60_0;  1 drivers
v0x5639c2424d40_0 .net "nand1", 0 0, L_0x5639c2426480;  1 drivers
v0x5639c2424e00_0 .net "nor1", 0 0, L_0x5639c2426ab0;  1 drivers
v0x5639c2424ec0_0 .net "not1", 0 0, L_0x5639c23da9b0;  1 drivers
v0x5639c2424f80_0 .net "or1", 0 0, L_0x5639c2426830;  1 drivers
v0x5639c2425040_0 .net "s", 0 0, L_0x5639c2427730;  alias, 1 drivers
v0x5639c2425100_0 .net "sel_1", 0 0, v0x5639c24257d0_0;  1 drivers
v0x5639c24251c0_0 .net "sel_2", 0 0, v0x5639c24258a0_0;  1 drivers
v0x5639c2425280_0 .net "sel_3", 0 0, v0x5639c24259a0_0;  1 drivers
v0x5639c2425340_0 .net "xnor1", 0 0, L_0x5639c24271a0;  1 drivers
v0x5639c2425400_0 .net "xor1", 0 0, L_0x5639c2426ec0;  1 drivers
S_0x5639c2425580 .scope begin, "main" "main" 2 58, 2 58 0, S_0x5639c23edd70;
 .timescale 0 0;
    .scope S_0x5639c23edd70;
T_0 ;
    %fork t_1, S_0x5639c2425580;
    %jmp t_0;
    .scope S_0x5639c2425580;
t_1 ;
    %vpi_call 2 59 "$display", "Guia_0705 - Davi C\303\242ndido de Almeida - 857859" {0 0 0};
    %vpi_call 2 60 "$display", "000-NOT 001-AND 010-NAND 011-OR 100-NOR 101-XOR 111-XNOR   " {0 0 0};
    %vpi_call 2 62 "$display", "   x    y   \011\011  s  \011\011    Result" {0 0 0};
    %delay 1, 0;
    %pushi/vec4 0, 0, 1;
    %store/vec4 v0x5639c2425a70_0, 0, 1;
    %pushi/vec4 0, 0, 1;
    %store/vec4 v0x5639c2425b60_0, 0, 1;
    %pushi/vec4 0, 0, 1;
    %store/vec4 v0x5639c24257d0_0, 0, 1;
    %pushi/vec4 0, 0, 1;
    %store/vec4 v0x5639c24258a0_0, 0, 1;
    %delay 1, 0;
    %vpi_call 2 66 "$monitor", "%4b %4b\011 %4b%4b%4b \011\011%4b", v0x5639c2425a70_0, v0x5639c2425b60_0, v0x5639c24257d0_0, v0x5639c24258a0_0, v0x5639c24259a0_0, v0x5639c2425730_0 {0 0 0};
    %pushi/vec4 0, 0, 1;
    %store/vec4 v0x5639c2425a70_0, 0, 1;
    %pushi/vec4 0, 0, 1;
    %store/vec4 v0x5639c2425b60_0, 0, 1;
    %pushi/vec4 0, 0, 1;
    %store/vec4 v0x5639c24257d0_0, 0, 1;
    %pushi/vec4 0, 0, 1;
    %store/vec4 v0x5639c24258a0_0, 0, 1;
    %pushi/vec4 0, 0, 1;
    %store/vec4 v0x5639c24259a0_0, 0, 1;
    %delay 1, 0;
    %pushi/vec4 0, 0, 1;
    %store/vec4 v0x5639c2425a70_0, 0, 1;
    %pushi/vec4 1, 0, 1;
    %store/vec4 v0x5639c2425b60_0, 0, 1;
    %pushi/vec4 0, 0, 1;
    %store/vec4 v0x5639c24257d0_0, 0, 1;
    %pushi/vec4 0, 0, 1;
    %store/vec4 v0x5639c24258a0_0, 0, 1;
    %pushi/vec4 0, 0, 1;
    %store/vec4 v0x5639c24259a0_0, 0, 1;
    %delay 1, 0;
    %pushi/vec4 1, 0, 1;
    %store/vec4 v0x5639c2425a70_0, 0, 1;
    %pushi/vec4 0, 0, 1;
    %store/vec4 v0x5639c2425b60_0, 0, 1;
    %pushi/vec4 0, 0, 1;
    %store/vec4 v0x5639c24257d0_0, 0, 1;
    %pushi/vec4 0, 0, 1;
    %store/vec4 v0x5639c24258a0_0, 0, 1;
    %pushi/vec4 0, 0, 1;
    %store/vec4 v0x5639c24259a0_0, 0, 1;
    %delay 1, 0;
    %pushi/vec4 1, 0, 1;
    %store/vec4 v0x5639c2425a70_0, 0, 1;
    %pushi/vec4 1, 0, 1;
    %store/vec4 v0x5639c2425b60_0, 0, 1;
    %pushi/vec4 0, 0, 1;
    %store/vec4 v0x5639c24257d0_0, 0, 1;
    %pushi/vec4 0, 0, 1;
    %store/vec4 v0x5639c24258a0_0, 0, 1;
    %pushi/vec4 0, 0, 1;
    %store/vec4 v0x5639c24259a0_0, 0, 1;
    %delay 1, 0;
    %pushi/vec4 0, 0, 1;
    %store/vec4 v0x5639c2425a70_0, 0, 1;
    %pushi/vec4 0, 0, 1;
    %store/vec4 v0x5639c2425b60_0, 0, 1;
    %pushi/vec4 0, 0, 1;
    %store/vec4 v0x5639c24257d0_0, 0, 1;
    %pushi/vec4 1, 0, 1;
    %store/vec4 v0x5639c24258a0_0, 0, 1;
    %pushi/vec4 0, 0, 1;
    %store/vec4 v0x5639c24259a0_0, 0, 1;
    %delay 1, 0;
    %pushi/vec4 0, 0, 1;
    %store/vec4 v0x5639c2425a70_0, 0, 1;
    %pushi/vec4 1, 0, 1;
    %store/vec4 v0x5639c2425b60_0, 0, 1;
    %pushi/vec4 0, 0, 1;
    %store/vec4 v0x5639c24257d0_0, 0, 1;
    %pushi/vec4 1, 0, 1;
    %store/vec4 v0x5639c24258a0_0, 0, 1;
    %pushi/vec4 0, 0, 1;
    %store/vec4 v0x5639c24259a0_0, 0, 1;
    %delay 1, 0;
    %pushi/vec4 1, 0, 1;
    %store/vec4 v0x5639c2425a70_0, 0, 1;
    %pushi/vec4 0, 0, 1;
    %store/vec4 v0x5639c2425b60_0, 0, 1;
    %pushi/vec4 0, 0, 1;
    %store/vec4 v0x5639c24257d0_0, 0, 1;
    %pushi/vec4 1, 0, 1;
    %store/vec4 v0x5639c24258a0_0, 0, 1;
    %pushi/vec4 0, 0, 1;
    %store/vec4 v0x5639c24259a0_0, 0, 1;
    %delay 1, 0;
    %pushi/vec4 1, 0, 1;
    %store/vec4 v0x5639c2425a70_0, 0, 1;
    %pushi/vec4 1, 0, 1;
    %store/vec4 v0x5639c2425b60_0, 0, 1;
    %pushi/vec4 0, 0, 1;
    %store/vec4 v0x5639c24257d0_0, 0, 1;
    %pushi/vec4 1, 0, 1;
    %store/vec4 v0x5639c24258a0_0, 0, 1;
    %pushi/vec4 0, 0, 1;
    %store/vec4 v0x5639c24259a0_0, 0, 1;
    %delay 1, 0;
    %pushi/vec4 0, 0, 1;
    %store/vec4 v0x5639c2425a70_0, 0, 1;
    %pushi/vec4 0, 0, 1;
    %store/vec4 v0x5639c2425b60_0, 0, 1;
    %pushi/vec4 1, 0, 1;
    %store/vec4 v0x5639c24257d0_0, 0, 1;
    %pushi/vec4 0, 0, 1;
    %store/vec4 v0x5639c24258a0_0, 0, 1;
    %pushi/vec4 0, 0, 1;
    %store/vec4 v0x5639c24259a0_0, 0, 1;
    %delay 1, 0;
    %pushi/vec4 0, 0, 1;
    %store/vec4 v0x5639c2425a70_0, 0, 1;
    %pushi/vec4 1, 0, 1;
    %store/vec4 v0x5639c2425b60_0, 0, 1;
    %pushi/vec4 1, 0, 1;
    %store/vec4 v0x5639c24257d0_0, 0, 1;
    %pushi/vec4 0, 0, 1;
    %store/vec4 v0x5639c24258a0_0, 0, 1;
    %pushi/vec4 0, 0, 1;
    %store/vec4 v0x5639c24259a0_0, 0, 1;
    %delay 1, 0;
    %pushi/vec4 1, 0, 1;
    %store/vec4 v0x5639c2425a70_0, 0, 1;
    %pushi/vec4 0, 0, 1;
    %store/vec4 v0x5639c2425b60_0, 0, 1;
    %pushi/vec4 1, 0, 1;
    %store/vec4 v0x5639c24257d0_0, 0, 1;
    %pushi/vec4 0, 0, 1;
    %store/vec4 v0x5639c24258a0_0, 0, 1;
    %pushi/vec4 0, 0, 1;
    %store/vec4 v0x5639c24259a0_0, 0, 1;
    %delay 1, 0;
    %pushi/vec4 1, 0, 1;
    %store/vec4 v0x5639c2425a70_0, 0, 1;
    %pushi/vec4 1, 0, 1;
    %store/vec4 v0x5639c2425b60_0, 0, 1;
    %pushi/vec4 1, 0, 1;
    %store/vec4 v0x5639c24257d0_0, 0, 1;
    %pushi/vec4 0, 0, 1;
    %store/vec4 v0x5639c24258a0_0, 0, 1;
    %pushi/vec4 0, 0, 1;
    %store/vec4 v0x5639c24259a0_0, 0, 1;
    %delay 1, 0;
    %pushi/vec4 0, 0, 1;
    %store/vec4 v0x5639c2425a70_0, 0, 1;
    %pushi/vec4 0, 0, 1;
    %store/vec4 v0x5639c2425b60_0, 0, 1;
    %pushi/vec4 1, 0, 1;
    %store/vec4 v0x5639c24257d0_0, 0, 1;
    %pushi/vec4 1, 0, 1;
    %store/vec4 v0x5639c24258a0_0, 0, 1;
    %pushi/vec4 0, 0, 1;
    %store/vec4 v0x5639c24259a0_0, 0, 1;
    %delay 1, 0;
    %pushi/vec4 0, 0, 1;
    %store/vec4 v0x5639c2425a70_0, 0, 1;
    %pushi/vec4 1, 0, 1;
    %store/vec4 v0x5639c2425b60_0, 0, 1;
    %pushi/vec4 1, 0, 1;
    %store/vec4 v0x5639c24257d0_0, 0, 1;
    %pushi/vec4 1, 0, 1;
    %store/vec4 v0x5639c24258a0_0, 0, 1;
    %pushi/vec4 0, 0, 1;
    %store/vec4 v0x5639c24259a0_0, 0, 1;
    %delay 1, 0;
    %pushi/vec4 1, 0, 1;
    %store/vec4 v0x5639c2425a70_0, 0, 1;
    %pushi/vec4 0, 0, 1;
    %store/vec4 v0x5639c2425b60_0, 0, 1;
    %pushi/vec4 1, 0, 1;
    %store/vec4 v0x5639c24257d0_0, 0, 1;
    %pushi/vec4 1, 0, 1;
    %store/vec4 v0x5639c24258a0_0, 0, 1;
    %pushi/vec4 0, 0, 1;
    %store/vec4 v0x5639c24259a0_0, 0, 1;
    %delay 1, 0;
    %pushi/vec4 1, 0, 1;
    %store/vec4 v0x5639c2425a70_0, 0, 1;
    %pushi/vec4 1, 0, 1;
    %store/vec4 v0x5639c2425b60_0, 0, 1;
    %pushi/vec4 1, 0, 1;
    %store/vec4 v0x5639c24257d0_0, 0, 1;
    %pushi/vec4 1, 0, 1;
    %store/vec4 v0x5639c24258a0_0, 0, 1;
    %pushi/vec4 0, 0, 1;
    %store/vec4 v0x5639c24259a0_0, 0, 1;
    %delay 1, 0;
    %pushi/vec4 0, 0, 1;
    %store/vec4 v0x5639c2425a70_0, 0, 1;
    %pushi/vec4 0, 0, 1;
    %store/vec4 v0x5639c2425b60_0, 0, 1;
    %pushi/vec4 0, 0, 1;
    %store/vec4 v0x5639c24257d0_0, 0, 1;
    %pushi/vec4 0, 0, 1;
    %store/vec4 v0x5639c24258a0_0, 0, 1;
    %pushi/vec4 1, 0, 1;
    %store/vec4 v0x5639c24259a0_0, 0, 1;
    %delay 1, 0;
    %pushi/vec4 0, 0, 1;
    %store/vec4 v0x5639c2425a70_0, 0, 1;
    %pushi/vec4 1, 0, 1;
    %store/vec4 v0x5639c2425b60_0, 0, 1;
    %pushi/vec4 0, 0, 1;
    %store/vec4 v0x5639c24257d0_0, 0, 1;
    %pushi/vec4 0, 0, 1;
    %store/vec4 v0x5639c24258a0_0, 0, 1;
    %pushi/vec4 1, 0, 1;
    %store/vec4 v0x5639c24259a0_0, 0, 1;
    %delay 1, 0;
    %pushi/vec4 1, 0, 1;
    %store/vec4 v0x5639c2425a70_0, 0, 1;
    %pushi/vec4 0, 0, 1;
    %store/vec4 v0x5639c2425b60_0, 0, 1;
    %pushi/vec4 0, 0, 1;
    %store/vec4 v0x5639c24257d0_0, 0, 1;
    %pushi/vec4 0, 0, 1;
    %store/vec4 v0x5639c24258a0_0, 0, 1;
    %pushi/vec4 1, 0, 1;
    %store/vec4 v0x5639c24259a0_0, 0, 1;
    %delay 1, 0;
    %pushi/vec4 1, 0, 1;
    %store/vec4 v0x5639c2425a70_0, 0, 1;
    %pushi/vec4 1, 0, 1;
    %store/vec4 v0x5639c2425b60_0, 0, 1;
    %pushi/vec4 0, 0, 1;
    %store/vec4 v0x5639c24257d0_0, 0, 1;
    %pushi/vec4 0, 0, 1;
    %store/vec4 v0x5639c24258a0_0, 0, 1;
    %pushi/vec4 1, 0, 1;
    %store/vec4 v0x5639c24259a0_0, 0, 1;
    %delay 1, 0;
    %pushi/vec4 0, 0, 1;
    %store/vec4 v0x5639c2425a70_0, 0, 1;
    %pushi/vec4 0, 0, 1;
    %store/vec4 v0x5639c2425b60_0, 0, 1;
    %pushi/vec4 0, 0, 1;
    %store/vec4 v0x5639c24257d0_0, 0, 1;
    %pushi/vec4 1, 0, 1;
    %store/vec4 v0x5639c24258a0_0, 0, 1;
    %pushi/vec4 1, 0, 1;
    %store/vec4 v0x5639c24259a0_0, 0, 1;
    %delay 1, 0;
    %pushi/vec4 0, 0, 1;
    %store/vec4 v0x5639c2425a70_0, 0, 1;
    %pushi/vec4 1, 0, 1;
    %store/vec4 v0x5639c2425b60_0, 0, 1;
    %pushi/vec4 0, 0, 1;
    %store/vec4 v0x5639c24257d0_0, 0, 1;
    %pushi/vec4 1, 0, 1;
    %store/vec4 v0x5639c24258a0_0, 0, 1;
    %pushi/vec4 1, 0, 1;
    %store/vec4 v0x5639c24259a0_0, 0, 1;
    %delay 1, 0;
    %pushi/vec4 1, 0, 1;
    %store/vec4 v0x5639c2425a70_0, 0, 1;
    %pushi/vec4 0, 0, 1;
    %store/vec4 v0x5639c2425b60_0, 0, 1;
    %pushi/vec4 0, 0, 1;
    %store/vec4 v0x5639c24257d0_0, 0, 1;
    %pushi/vec4 1, 0, 1;
    %store/vec4 v0x5639c24258a0_0, 0, 1;
    %pushi/vec4 1, 0, 1;
    %store/vec4 v0x5639c24259a0_0, 0, 1;
    %delay 1, 0;
    %pushi/vec4 1, 0, 1;
    %store/vec4 v0x5639c2425a70_0, 0, 1;
    %pushi/vec4 1, 0, 1;
    %store/vec4 v0x5639c2425b60_0, 0, 1;
    %pushi/vec4 0, 0, 1;
    %store/vec4 v0x5639c24257d0_0, 0, 1;
    %pushi/vec4 1, 0, 1;
    %store/vec4 v0x5639c24258a0_0, 0, 1;
    %pushi/vec4 1, 0, 1;
    %store/vec4 v0x5639c24259a0_0, 0, 1;
    %delay 1, 0;
    %pushi/vec4 0, 0, 1;
    %store/vec4 v0x5639c2425a70_0, 0, 1;
    %pushi/vec4 0, 0, 1;
    %store/vec4 v0x5639c2425b60_0, 0, 1;
    %pushi/vec4 1, 0, 1;
    %store/vec4 v0x5639c24257d0_0, 0, 1;
    %pushi/vec4 0, 0, 1;
    %store/vec4 v0x5639c24258a0_0, 0, 1;
    %pushi/vec4 1, 0, 1;
    %store/vec4 v0x5639c24259a0_0, 0, 1;
    %delay 1, 0;
    %pushi/vec4 0, 0, 1;
    %store/vec4 v0x5639c2425a70_0, 0, 1;
    %pushi/vec4 1, 0, 1;
    %store/vec4 v0x5639c2425b60_0, 0, 1;
    %pushi/vec4 1, 0, 1;
    %store/vec4 v0x5639c24257d0_0, 0, 1;
    %pushi/vec4 0, 0, 1;
    %store/vec4 v0x5639c24258a0_0, 0, 1;
    %pushi/vec4 1, 0, 1;
    %store/vec4 v0x5639c24259a0_0, 0, 1;
    %delay 1, 0;
    %pushi/vec4 1, 0, 1;
    %store/vec4 v0x5639c2425a70_0, 0, 1;
    %pushi/vec4 0, 0, 1;
    %store/vec4 v0x5639c2425b60_0, 0, 1;
    %pushi/vec4 1, 0, 1;
    %store/vec4 v0x5639c24257d0_0, 0, 1;
    %pushi/vec4 0, 0, 1;
    %store/vec4 v0x5639c24258a0_0, 0, 1;
    %pushi/vec4 1, 0, 1;
    %store/vec4 v0x5639c24259a0_0, 0, 1;
    %delay 1, 0;
    %pushi/vec4 1, 0, 1;
    %store/vec4 v0x5639c2425a70_0, 0, 1;
    %pushi/vec4 1, 0, 1;
    %store/vec4 v0x5639c2425b60_0, 0, 1;
    %pushi/vec4 1, 0, 1;
    %store/vec4 v0x5639c24257d0_0, 0, 1;
    %pushi/vec4 0, 0, 1;
    %store/vec4 v0x5639c24258a0_0, 0, 1;
    %pushi/vec4 1, 0, 1;
    %store/vec4 v0x5639c24259a0_0, 0, 1;
    %delay 1, 0;
    %pushi/vec4 0, 0, 1;
    %store/vec4 v0x5639c2425a70_0, 0, 1;
    %pushi/vec4 0, 0, 1;
    %store/vec4 v0x5639c2425b60_0, 0, 1;
    %pushi/vec4 1, 0, 1;
    %store/vec4 v0x5639c24257d0_0, 0, 1;
    %pushi/vec4 1, 0, 1;
    %store/vec4 v0x5639c24258a0_0, 0, 1;
    %pushi/vec4 1, 0, 1;
    %store/vec4 v0x5639c24259a0_0, 0, 1;
    %delay 1, 0;
    %pushi/vec4 0, 0, 1;
    %store/vec4 v0x5639c2425a70_0, 0, 1;
    %pushi/vec4 1, 0, 1;
    %store/vec4 v0x5639c2425b60_0, 0, 1;
    %pushi/vec4 1, 0, 1;
    %store/vec4 v0x5639c24257d0_0, 0, 1;
    %pushi/vec4 1, 0, 1;
    %store/vec4 v0x5639c24258a0_0, 0, 1;
    %pushi/vec4 1, 0, 1;
    %store/vec4 v0x5639c24259a0_0, 0, 1;
    %delay 1, 0;
    %pushi/vec4 1, 0, 1;
    %store/vec4 v0x5639c2425a70_0, 0, 1;
    %pushi/vec4 0, 0, 1;
    %store/vec4 v0x5639c2425b60_0, 0, 1;
    %pushi/vec4 1, 0, 1;
    %store/vec4 v0x5639c24257d0_0, 0, 1;
    %pushi/vec4 1, 0, 1;
    %store/vec4 v0x5639c24258a0_0, 0, 1;
    %pushi/vec4 1, 0, 1;
    %store/vec4 v0x5639c24259a0_0, 0, 1;
    %delay 1, 0;
    %pushi/vec4 1, 0, 1;
    %store/vec4 v0x5639c2425a70_0, 0, 1;
    %pushi/vec4 1, 0, 1;
    %store/vec4 v0x5639c2425b60_0, 0, 1;
    %pushi/vec4 1, 0, 1;
    %store/vec4 v0x5639c24257d0_0, 0, 1;
    %pushi/vec4 1, 0, 1;
    %store/vec4 v0x5639c24258a0_0, 0, 1;
    %pushi/vec4 1, 0, 1;
    %store/vec4 v0x5639c24259a0_0, 0, 1;
    %delay 1, 0;
    %end;
    .scope S_0x5639c23edd70;
t_0 %join;
    %end;
    .thread T_0;
# The file index is used to find the file name in the following table.
:file_names 3;
    "N/A";
    "<interactive>";
    "Guia_0705.v";
