#! /usr/bin/vvp
:ivl_version "11.0 (stable)";
:ivl_delay_selection "TYPICAL";
:vpi_time_precision + 0;
:vpi_module "/usr/lib/x86_64-linux-gnu/ivl/system.vpi";
:vpi_module "/usr/lib/x86_64-linux-gnu/ivl/vhdl_sys.vpi";
:vpi_module "/usr/lib/x86_64-linux-gnu/ivl/vhdl_textio.vpi";
:vpi_module "/usr/lib/x86_64-linux-gnu/ivl/v2005_math.vpi";
:vpi_module "/usr/lib/x86_64-linux-gnu/ivl/va_math.vpi";
S_0x55698b4c3cf0 .scope module, "Guia_1101" "Guia_1101" 2 88;
 .timescale 0 0;
v0x55698b517dc0_0 .var "clk", 0 0;
v0x55698b517e80_0 .net "m1", 0 0, v0x55698b517c80_0;  1 drivers
v0x55698b517f50_0 .var "reset", 0 0;
v0x55698b518050_0 .var "x", 0 0;
E_0x55698b501590 .event posedge, v0x55698b5179e0_0;
S_0x55698b4c3e80 .scope module, "mealy1" "mealy_1101" 2 92, 2 24 0, S_0x55698b4c3cf0;
 .timescale 0 0;
    .port_info 0 /OUTPUT 1 "y";
    .port_info 1 /INPUT 1 "x";
    .port_info 2 /INPUT 1 "clk";
    .port_info 3 /INPUT 1 "reset";
P_0x55698b4ec100 .param/l "id1" 0 2 34, C4<01>;
P_0x55698b4ec140 .param/l "id11" 0 2 35, C4<11>;
P_0x55698b4ec180 .param/l "id110" 0 2 36, C4<10>;
P_0x55698b4ec1c0 .param/l "start" 0 2 33, C4<00>;
v0x55698b4c47d0_0 .var "E1", 1 0;
v0x55698b517900_0 .var "E2", 1 0;
v0x55698b5179e0_0 .net "clk", 0 0, v0x55698b517dc0_0;  1 drivers
v0x55698b517ab0_0 .net "reset", 0 0, v0x55698b517f50_0;  1 drivers
v0x55698b517b70_0 .net "x", 0 0, v0x55698b518050_0;  1 drivers
v0x55698b517c80_0 .var "y", 0 0;
E_0x55698b501710/0 .event negedge, v0x55698b517ab0_0;
E_0x55698b501710/1 .event posedge, v0x55698b5179e0_0;
E_0x55698b501710 .event/or E_0x55698b501710/0, E_0x55698b501710/1;
E_0x55698b4e79f0 .event edge, v0x55698b4c47d0_0, v0x55698b517b70_0;
    .scope S_0x55698b4c3e80;
T_0 ;
    %wait E_0x55698b4e79f0;
    %pushi/vec4 0, 0, 1;
    %store/vec4 v0x55698b517c80_0, 0, 1;
    %load/vec4 v0x55698b4c47d0_0;
    %dup/vec4;
    %pushi/vec4 0, 0, 2;
    %cmp/u;
    %jmp/1 T_0.0, 6;
    %dup/vec4;
    %pushi/vec4 1, 0, 2;
    %cmp/u;
    %jmp/1 T_0.1, 6;
    %dup/vec4;
    %pushi/vec4 3, 0, 2;
    %cmp/u;
    %jmp/1 T_0.2, 6;
    %dup/vec4;
    %pushi/vec4 2, 0, 2;
    %cmp/u;
    %jmp/1 T_0.3, 6;
    %pushi/vec4 3, 3, 2;
    %store/vec4 v0x55698b517900_0, 0, 2;
    %jmp T_0.5;
T_0.0 ;
    %load/vec4 v0x55698b517b70_0;
    %flag_set/vec4 8;
    %jmp/0xz  T_0.6, 8;
    %pushi/vec4 1, 0, 2;
    %store/vec4 v0x55698b517900_0, 0, 2;
    %jmp T_0.7;
T_0.6 ;
    %pushi/vec4 0, 0, 2;
    %store/vec4 v0x55698b517900_0, 0, 2;
T_0.7 ;
    %jmp T_0.5;
T_0.1 ;
    %load/vec4 v0x55698b517b70_0;
    %flag_set/vec4 8;
    %jmp/0xz  T_0.8, 8;
    %pushi/vec4 1, 0, 2;
    %store/vec4 v0x55698b517900_0, 0, 2;
    %jmp T_0.9;
T_0.8 ;
    %pushi/vec4 3, 0, 2;
    %store/vec4 v0x55698b517900_0, 0, 2;
T_0.9 ;
    %jmp T_0.5;
T_0.2 ;
    %load/vec4 v0x55698b517b70_0;
    %flag_set/vec4 8;
    %jmp/0xz  T_0.10, 8;
    %pushi/vec4 1, 0, 2;
    %store/vec4 v0x55698b517900_0, 0, 2;
    %jmp T_0.11;
T_0.10 ;
    %pushi/vec4 2, 0, 2;
    %store/vec4 v0x55698b517900_0, 0, 2;
T_0.11 ;
    %jmp T_0.5;
T_0.3 ;
    %load/vec4 v0x55698b517b70_0;
    %flag_set/vec4 8;
    %jmp/0xz  T_0.12, 8;
    %pushi/vec4 1, 0, 2;
    %store/vec4 v0x55698b517900_0, 0, 2;
    %pushi/vec4 1, 0, 1;
    %store/vec4 v0x55698b517c80_0, 0, 1;
    %jmp T_0.13;
T_0.12 ;
    %pushi/vec4 0, 0, 2;
    %store/vec4 v0x55698b517900_0, 0, 2;
    %pushi/vec4 0, 0, 1;
    %store/vec4 v0x55698b517c80_0, 0, 1;
T_0.13 ;
    %jmp T_0.5;
T_0.5 ;
    %pop/vec4 1;
    %jmp T_0;
    .thread T_0, $push;
    .scope S_0x55698b4c3e80;
T_1 ;
    %wait E_0x55698b501710;
    %load/vec4 v0x55698b517ab0_0;
    %load/vec4 v0x55698b517c80_0;
    %cmp/ne;
    %jmp/0xz  T_1.0, 4;
    %load/vec4 v0x55698b517900_0;
    %store/vec4 v0x55698b4c47d0_0, 0, 2;
    %jmp T_1.1;
T_1.0 ;
    %pushi/vec4 0, 0, 2;
    %store/vec4 v0x55698b4c47d0_0, 0, 2;
T_1.1 ;
    %jmp T_1;
    .thread T_1;
    .scope S_0x55698b4c3cf0;
T_2 ;
    %vpi_call 2 96 "$display", "Time     X   Mealy" {0 0 0};
    %pushi/vec4 1, 0, 1;
    %store/vec4 v0x55698b517dc0_0, 0, 1;
    %pushi/vec4 0, 0, 1;
    %store/vec4 v0x55698b517f50_0, 0, 1;
    %pushi/vec4 0, 0, 1;
    %store/vec4 v0x55698b518050_0, 0, 1;
    %delay 5, 0;
    %pushi/vec4 1, 0, 1;
    %store/vec4 v0x55698b517f50_0, 0, 1;
    %delay 10, 0;
    %pushi/vec4 0, 0, 1;
    %store/vec4 v0x55698b518050_0, 0, 1;
    %delay 10, 0;
    %pushi/vec4 1, 0, 1;
    %store/vec4 v0x55698b518050_0, 0, 1;
    %delay 10, 0;
    %pushi/vec4 0, 0, 1;
    %store/vec4 v0x55698b518050_0, 0, 1;
    %delay 10, 0;
    %pushi/vec4 0, 0, 1;
    %store/vec4 v0x55698b518050_0, 0, 1;
    %delay 10, 0;
    %pushi/vec4 1, 0, 1;
    %store/vec4 v0x55698b518050_0, 0, 1;
    %delay 10, 0;
    %pushi/vec4 0, 0, 1;
    %store/vec4 v0x55698b518050_0, 0, 1;
    %delay 10, 0;
    %pushi/vec4 0, 0, 1;
    %store/vec4 v0x55698b518050_0, 0, 1;
    %delay 10, 0;
    %pushi/vec4 1, 0, 1;
    %store/vec4 v0x55698b518050_0, 0, 1;
    %delay 10, 0;
    %pushi/vec4 0, 0, 1;
    %store/vec4 v0x55698b518050_0, 0, 1;
    %delay 30, 0;
    %vpi_call 2 115 "$finish" {0 0 0};
    %end;
    .thread T_2;
    .scope S_0x55698b4c3cf0;
T_3 ;
    %delay 5, 0;
    %load/vec4 v0x55698b517dc0_0;
    %inv;
    %store/vec4 v0x55698b517dc0_0, 0, 1;
    %jmp T_3;
    .thread T_3;
    .scope S_0x55698b4c3cf0;
T_4 ;
    %wait E_0x55698b501590;
    %vpi_call 2 123 "$display", "%4d  %4b  %4b", $time, v0x55698b518050_0, v0x55698b517e80_0 {0 0 0};
    %jmp T_4;
    .thread T_4;
# The file index is used to find the file name in the following table.
:file_names 3;
    "N/A";
    "<interactive>";
    "Guia_1101.v";
