#! /usr/bin/vvp
:ivl_version "11.0 (stable)";
:ivl_delay_selection "TYPICAL";
:vpi_time_precision + 0;
:vpi_module "/usr/lib/x86_64-linux-gnu/ivl/system.vpi";
:vpi_module "/usr/lib/x86_64-linux-gnu/ivl/vhdl_sys.vpi";
:vpi_module "/usr/lib/x86_64-linux-gnu/ivl/vhdl_textio.vpi";
:vpi_module "/usr/lib/x86_64-linux-gnu/ivl/v2005_math.vpi";
:vpi_module "/usr/lib/x86_64-linux-gnu/ivl/va_math.vpi";
S_0x560ad1001cf0 .scope module, "Guia_1101" "Guia_1101" 2 20;
 .timescale 0 0;
v0x560ad105ea10_0 .var "clk", 0 0;
v0x560ad105eb20_0 .net "m1", 0 0, v0x560ad102c630_0;  1 drivers
v0x560ad105ebe0_0 .net "m2", 0 0, v0x560ad105e920_0;  1 drivers
v0x560ad105ecb0_0 .var "reset", 0 0;
v0x560ad105eda0_0 .var "x", 0 0;
E_0x560ad1044a30 .event posedge, v0x560ad103fd30_0;
S_0x560ad1001e80 .scope module, "mealy1" "mealy_1101" 2 24, 3 33 0, S_0x560ad1001cf0;
 .timescale 0 0;
    .port_info 0 /OUTPUT 1 "y";
    .port_info 1 /INPUT 1 "x";
    .port_info 2 /INPUT 1 "clk";
    .port_info 3 /INPUT 1 "reset";
P_0x560ad102d960 .param/l "id1" 0 3 43, C4<01>;
P_0x560ad102d9a0 .param/l "id11" 0 3 44, C4<11>;
P_0x560ad102d9e0 .param/l "id110" 0 3 45, C4<10>;
P_0x560ad102da20 .param/l "start" 0 3 42, C4<00>;
v0x560ad103af70_0 .var "E1", 1 0;
v0x560ad103adf0_0 .var "E2", 1 0;
v0x560ad103fd30_0 .net "clk", 0 0, v0x560ad105ea10_0;  1 drivers
v0x560ad10401b0_0 .net "reset", 0 0, v0x560ad105ecb0_0;  1 drivers
v0x560ad1040030_0 .net "x", 0 0, v0x560ad105eda0_0;  1 drivers
v0x560ad102c630_0 .var "y", 0 0;
E_0x560ad1044bb0/0 .event negedge, v0x560ad10401b0_0;
E_0x560ad1044bb0/1 .event posedge, v0x560ad103fd30_0;
E_0x560ad1044bb0 .event/or E_0x560ad1044bb0/0, E_0x560ad1044bb0/1;
E_0x560ad1025a30 .event edge, v0x560ad103af70_0, v0x560ad1040030_0;
S_0x560ad105def0 .scope module, "moore1" "moore_1101" 2 25, 4 36 0, S_0x560ad1001cf0;
 .timescale 0 0;
    .port_info 0 /OUTPUT 1 "y";
    .port_info 1 /INPUT 1 "x";
    .port_info 2 /INPUT 1 "clk";
    .port_info 3 /INPUT 1 "reset";
P_0x560ad105e0f0 .param/l "id1" 0 4 46, C4<001>;
P_0x560ad105e130 .param/l "id11" 0 4 47, C4<011>;
P_0x560ad105e170 .param/l "id110" 0 4 48, C4<010>;
P_0x560ad105e1b0 .param/l "id1101" 0 4 49, C4<110>;
P_0x560ad105e1f0 .param/l "start" 0 4 45, C4<000>;
v0x560ad102c730_0 .var "E1", 2 0;
v0x560ad105e580_0 .var "E2", 2 0;
v0x560ad105e660_0 .net "clk", 0 0, v0x560ad105ea10_0;  alias, 1 drivers
v0x560ad105e760_0 .net "reset", 0 0, v0x560ad105ecb0_0;  alias, 1 drivers
v0x560ad105e830_0 .net "x", 0 0, v0x560ad105eda0_0;  alias, 1 drivers
v0x560ad105e920_0 .var "y", 0 0;
E_0x560ad102e510 .event edge, v0x560ad102c730_0;
E_0x560ad102e790 .event edge, v0x560ad102c730_0, v0x560ad1040030_0;
    .scope S_0x560ad1001e80;
T_0 ;
    %wait E_0x560ad1025a30;
    %pushi/vec4 0, 0, 1;
    %store/vec4 v0x560ad102c630_0, 0, 1;
    %load/vec4 v0x560ad103af70_0;
    %dup/vec4;
    %pushi/vec4 0, 0, 2;
    %cmp/u;
    %jmp/1 T_0.0, 6;
    %dup/vec4;
    %pushi/vec4 1, 0, 2;
    %cmp/u;
    %jmp/1 T_0.1, 6;
    %dup/vec4;
    %pushi/vec4 3, 0, 2;
    %cmp/u;
    %jmp/1 T_0.2, 6;
    %dup/vec4;
    %pushi/vec4 2, 0, 2;
    %cmp/u;
    %jmp/1 T_0.3, 6;
    %pushi/vec4 3, 3, 2;
    %store/vec4 v0x560ad103adf0_0, 0, 2;
    %jmp T_0.5;
T_0.0 ;
    %load/vec4 v0x560ad1040030_0;
    %flag_set/vec4 8;
    %jmp/0xz  T_0.6, 8;
    %pushi/vec4 1, 0, 2;
    %store/vec4 v0x560ad103adf0_0, 0, 2;
    %jmp T_0.7;
T_0.6 ;
    %pushi/vec4 0, 0, 2;
    %store/vec4 v0x560ad103adf0_0, 0, 2;
T_0.7 ;
    %jmp T_0.5;
T_0.1 ;
    %load/vec4 v0x560ad1040030_0;
    %flag_set/vec4 8;
    %jmp/0xz  T_0.8, 8;
    %pushi/vec4 3, 0, 2;
    %store/vec4 v0x560ad103adf0_0, 0, 2;
    %jmp T_0.9;
T_0.8 ;
    %pushi/vec4 0, 0, 2;
    %store/vec4 v0x560ad103adf0_0, 0, 2;
T_0.9 ;
    %jmp T_0.5;
T_0.2 ;
    %load/vec4 v0x560ad1040030_0;
    %flag_set/vec4 8;
    %jmp/0xz  T_0.10, 8;
    %pushi/vec4 3, 0, 2;
    %store/vec4 v0x560ad103adf0_0, 0, 2;
    %jmp T_0.11;
T_0.10 ;
    %pushi/vec4 2, 0, 2;
    %store/vec4 v0x560ad103adf0_0, 0, 2;
T_0.11 ;
    %jmp T_0.5;
T_0.3 ;
    %load/vec4 v0x560ad1040030_0;
    %flag_set/vec4 8;
    %jmp/0xz  T_0.12, 8;
    %pushi/vec4 1, 0, 2;
    %store/vec4 v0x560ad103adf0_0, 0, 2;
    %pushi/vec4 1, 0, 1;
    %store/vec4 v0x560ad102c630_0, 0, 1;
    %jmp T_0.13;
T_0.12 ;
    %pushi/vec4 0, 0, 2;
    %store/vec4 v0x560ad103adf0_0, 0, 2;
    %pushi/vec4 0, 0, 1;
    %store/vec4 v0x560ad102c630_0, 0, 1;
T_0.13 ;
    %jmp T_0.5;
T_0.5 ;
    %pop/vec4 1;
    %jmp T_0;
    .thread T_0, $push;
    .scope S_0x560ad1001e80;
T_1 ;
    %wait E_0x560ad1044bb0;
    %load/vec4 v0x560ad10401b0_0;
    %flag_set/vec4 8;
    %jmp/0xz  T_1.0, 8;
    %load/vec4 v0x560ad103adf0_0;
    %store/vec4 v0x560ad103af70_0, 0, 2;
    %jmp T_1.1;
T_1.0 ;
    %pushi/vec4 0, 0, 2;
    %store/vec4 v0x560ad103af70_0, 0, 2;
T_1.1 ;
    %jmp T_1;
    .thread T_1;
    .scope S_0x560ad105def0;
T_2 ;
    %wait E_0x560ad102e790;
    %load/vec4 v0x560ad102c730_0;
    %dup/vec4;
    %pushi/vec4 0, 0, 3;
    %cmp/u;
    %jmp/1 T_2.0, 6;
    %dup/vec4;
    %pushi/vec4 1, 0, 3;
    %cmp/u;
    %jmp/1 T_2.1, 6;
    %dup/vec4;
    %pushi/vec4 3, 0, 3;
    %cmp/u;
    %jmp/1 T_2.2, 6;
    %dup/vec4;
    %pushi/vec4 2, 0, 3;
    %cmp/u;
    %jmp/1 T_2.3, 6;
    %dup/vec4;
    %pushi/vec4 6, 0, 3;
    %cmp/u;
    %jmp/1 T_2.4, 6;
    %pushi/vec4 7, 7, 3;
    %store/vec4 v0x560ad105e580_0, 0, 3;
    %jmp T_2.6;
T_2.0 ;
    %load/vec4 v0x560ad105e830_0;
    %flag_set/vec4 8;
    %jmp/0xz  T_2.7, 8;
    %pushi/vec4 1, 0, 3;
    %store/vec4 v0x560ad105e580_0, 0, 3;
    %jmp T_2.8;
T_2.7 ;
    %pushi/vec4 0, 0, 3;
    %store/vec4 v0x560ad105e580_0, 0, 3;
T_2.8 ;
    %jmp T_2.6;
T_2.1 ;
    %load/vec4 v0x560ad105e830_0;
    %flag_set/vec4 8;
    %jmp/0xz  T_2.9, 8;
    %pushi/vec4 3, 0, 3;
    %store/vec4 v0x560ad105e580_0, 0, 3;
    %jmp T_2.10;
T_2.9 ;
    %pushi/vec4 0, 0, 3;
    %store/vec4 v0x560ad105e580_0, 0, 3;
T_2.10 ;
    %jmp T_2.6;
T_2.2 ;
    %load/vec4 v0x560ad105e830_0;
    %flag_set/vec4 8;
    %jmp/0xz  T_2.11, 8;
    %pushi/vec4 3, 0, 3;
    %store/vec4 v0x560ad105e580_0, 0, 3;
    %jmp T_2.12;
T_2.11 ;
    %pushi/vec4 2, 0, 3;
    %store/vec4 v0x560ad105e580_0, 0, 3;
T_2.12 ;
    %jmp T_2.6;
T_2.3 ;
    %load/vec4 v0x560ad105e830_0;
    %flag_set/vec4 8;
    %jmp/0xz  T_2.13, 8;
    %pushi/vec4 6, 0, 3;
    %store/vec4 v0x560ad105e580_0, 0, 3;
    %jmp T_2.14;
T_2.13 ;
    %pushi/vec4 0, 0, 3;
    %store/vec4 v0x560ad105e580_0, 0, 3;
T_2.14 ;
    %jmp T_2.6;
T_2.4 ;
    %load/vec4 v0x560ad105e830_0;
    %flag_set/vec4 8;
    %jmp/0xz  T_2.15, 8;
    %pushi/vec4 3, 0, 3;
    %store/vec4 v0x560ad105e580_0, 0, 3;
    %jmp T_2.16;
T_2.15 ;
    %pushi/vec4 0, 0, 3;
    %store/vec4 v0x560ad105e580_0, 0, 3;
T_2.16 ;
    %jmp T_2.6;
T_2.6 ;
    %pop/vec4 1;
    %jmp T_2;
    .thread T_2, $push;
    .scope S_0x560ad105def0;
T_3 ;
    %wait E_0x560ad1044bb0;
    %load/vec4 v0x560ad105e760_0;
    %flag_set/vec4 8;
    %jmp/0xz  T_3.0, 8;
    %load/vec4 v0x560ad105e580_0;
    %store/vec4 v0x560ad102c730_0, 0, 3;
    %jmp T_3.1;
T_3.0 ;
    %pushi/vec4 0, 0, 3;
    %store/vec4 v0x560ad102c730_0, 0, 3;
T_3.1 ;
    %jmp T_3;
    .thread T_3;
    .scope S_0x560ad105def0;
T_4 ;
    %wait E_0x560ad102e510;
    %load/vec4 v0x560ad102c730_0;
    %parti/s 1, 2, 3;
    %store/vec4 v0x560ad105e920_0, 0, 1;
    %jmp T_4;
    .thread T_4, $push;
    .scope S_0x560ad1001cf0;
T_5 ;
    %vpi_call 2 29 "$display", "Time     X   Mealy Moore" {0 0 0};
    %pushi/vec4 1, 0, 1;
    %store/vec4 v0x560ad105ea10_0, 0, 1;
    %pushi/vec4 0, 0, 1;
    %store/vec4 v0x560ad105ecb0_0, 0, 1;
    %pushi/vec4 0, 0, 1;
    %store/vec4 v0x560ad105eda0_0, 0, 1;
    %delay 5, 0;
    %pushi/vec4 1, 0, 1;
    %store/vec4 v0x560ad105ecb0_0, 0, 1;
    %delay 10, 0;
    %pushi/vec4 1, 0, 1;
    %store/vec4 v0x560ad105eda0_0, 0, 1;
    %delay 10, 0;
    %pushi/vec4 0, 0, 1;
    %store/vec4 v0x560ad105eda0_0, 0, 1;
    %delay 10, 0;
    %pushi/vec4 1, 0, 1;
    %store/vec4 v0x560ad105eda0_0, 0, 1;
    %delay 20, 0;
    %pushi/vec4 0, 0, 1;
    %store/vec4 v0x560ad105eda0_0, 0, 1;
    %delay 10, 0;
    %pushi/vec4 1, 0, 1;
    %store/vec4 v0x560ad105eda0_0, 0, 1;
    %delay 10, 0;
    %pushi/vec4 1, 0, 1;
    %store/vec4 v0x560ad105eda0_0, 0, 1;
    %delay 10, 0;
    %pushi/vec4 0, 0, 1;
    %store/vec4 v0x560ad105eda0_0, 0, 1;
    %delay 10, 0;
    %pushi/vec4 1, 0, 1;
    %store/vec4 v0x560ad105eda0_0, 0, 1;
    %delay 30, 0;
    %vpi_call 2 47 "$finish" {0 0 0};
    %end;
    .thread T_5;
    .scope S_0x560ad1001cf0;
T_6 ;
    %delay 5, 0;
    %load/vec4 v0x560ad105ea10_0;
    %inv;
    %store/vec4 v0x560ad105ea10_0, 0, 1;
    %jmp T_6;
    .thread T_6;
    .scope S_0x560ad1001cf0;
T_7 ;
    %wait E_0x560ad1044a30;
    %vpi_call 2 55 "$display", "%4d  %4b  %4b %5b", $time, v0x560ad105eda0_0, v0x560ad105eb20_0, v0x560ad105ebe0_0 {0 0 0};
    %jmp T_7;
    .thread T_7;
# The file index is used to find the file name in the following table.
:file_names 5;
    "N/A";
    "<interactive>";
    "Guia_1100.v";
    "./mealy_1101.v";
    "./moore_1101.v";
