#! /usr/bin/vvp
:ivl_version "11.0 (stable)";
:ivl_delay_selection "TYPICAL";
:vpi_time_precision + 0;
:vpi_module "/usr/lib/x86_64-linux-gnu/ivl/system.vpi";
:vpi_module "/usr/lib/x86_64-linux-gnu/ivl/vhdl_sys.vpi";
:vpi_module "/usr/lib/x86_64-linux-gnu/ivl/vhdl_textio.vpi";
:vpi_module "/usr/lib/x86_64-linux-gnu/ivl/v2005_math.vpi";
:vpi_module "/usr/lib/x86_64-linux-gnu/ivl/va_math.vpi";
S_0x5596195e7cf0 .scope module, "Guia_1103" "Guia_1103" 2 92;
 .timescale 0 0;
v0x55961963da20_0 .var "clk", 0 0;
v0x55961963dae0_0 .net "m1", 0 0, v0x55961963d8e0_0;  1 drivers
v0x55961963dbb0_0 .var "reset", 0 0;
v0x55961963dcb0_0 .var "x", 0 0;
E_0x559619625810 .event posedge, v0x55961963d670_0;
S_0x5596195e7e80 .scope module, "moore1" "moore_1101" 2 96, 2 23 0, S_0x5596195e7cf0;
 .timescale 0 0;
    .port_info 0 /OUTPUT 1 "y";
    .port_info 1 /INPUT 1 "x";
    .port_info 2 /INPUT 1 "clk";
    .port_info 3 /INPUT 1 "reset";
P_0x5596195e8060 .param/l "id1" 0 2 33, C4<001>;
P_0x5596195e80a0 .param/l "id11" 0 2 34, C4<011>;
P_0x5596195e80e0 .param/l "id110" 0 2 35, C4<010>;
P_0x5596195e8120 .param/l "id1101" 0 2 36, C4<110>;
P_0x5596195e8160 .param/l "start" 0 2 32, C4<000>;
v0x5596196210b0_0 .var "E1", 2 0;
v0x55961963d570_0 .var "E2", 2 0;
v0x55961963d670_0 .net "clk", 0 0, v0x55961963da20_0;  1 drivers
v0x55961963d710_0 .net "reset", 0 0, v0x55961963dbb0_0;  1 drivers
v0x55961963d7d0_0 .net "x", 0 0, v0x55961963dcb0_0;  1 drivers
v0x55961963d8e0_0 .var "y", 0 0;
E_0x559619625990 .event edge, v0x5596196210b0_0;
E_0x55961960b9f0/0 .event negedge, v0x55961963d710_0;
E_0x55961960b9f0/1 .event posedge, v0x55961963d670_0;
E_0x55961960b9f0 .event/or E_0x55961960b9f0/0, E_0x55961960b9f0/1;
E_0x5596196119f0 .event edge, v0x5596196210b0_0, v0x55961963d7d0_0;
    .scope S_0x5596195e7e80;
T_0 ;
    %wait E_0x5596196119f0;
    %load/vec4 v0x5596196210b0_0;
    %dup/vec4;
    %pushi/vec4 0, 0, 3;
    %cmp/u;
    %jmp/1 T_0.0, 6;
    %dup/vec4;
    %pushi/vec4 1, 0, 3;
    %cmp/u;
    %jmp/1 T_0.1, 6;
    %dup/vec4;
    %pushi/vec4 3, 0, 3;
    %cmp/u;
    %jmp/1 T_0.2, 6;
    %dup/vec4;
    %pushi/vec4 2, 0, 3;
    %cmp/u;
    %jmp/1 T_0.3, 6;
    %dup/vec4;
    %pushi/vec4 6, 0, 3;
    %cmp/u;
    %jmp/1 T_0.4, 6;
    %pushi/vec4 7, 7, 3;
    %store/vec4 v0x55961963d570_0, 0, 3;
    %jmp T_0.6;
T_0.0 ;
    %load/vec4 v0x55961963d7d0_0;
    %flag_set/vec4 8;
    %jmp/0xz  T_0.7, 8;
    %pushi/vec4 1, 0, 3;
    %store/vec4 v0x55961963d570_0, 0, 3;
    %jmp T_0.8;
T_0.7 ;
    %pushi/vec4 0, 0, 3;
    %store/vec4 v0x55961963d570_0, 0, 3;
T_0.8 ;
    %jmp T_0.6;
T_0.1 ;
    %load/vec4 v0x55961963d7d0_0;
    %flag_set/vec4 8;
    %jmp/0xz  T_0.9, 8;
    %pushi/vec4 1, 0, 3;
    %store/vec4 v0x55961963d570_0, 0, 3;
    %jmp T_0.10;
T_0.9 ;
    %pushi/vec4 3, 0, 3;
    %store/vec4 v0x55961963d570_0, 0, 3;
T_0.10 ;
    %jmp T_0.6;
T_0.2 ;
    %load/vec4 v0x55961963d7d0_0;
    %flag_set/vec4 8;
    %jmp/0xz  T_0.11, 8;
    %pushi/vec4 1, 0, 3;
    %store/vec4 v0x55961963d570_0, 0, 3;
    %jmp T_0.12;
T_0.11 ;
    %pushi/vec4 2, 0, 3;
    %store/vec4 v0x55961963d570_0, 0, 3;
T_0.12 ;
    %jmp T_0.6;
T_0.3 ;
    %load/vec4 v0x55961963d7d0_0;
    %flag_set/vec4 8;
    %jmp/0xz  T_0.13, 8;
    %pushi/vec4 6, 0, 3;
    %store/vec4 v0x55961963d570_0, 0, 3;
    %jmp T_0.14;
T_0.13 ;
    %pushi/vec4 0, 0, 3;
    %store/vec4 v0x55961963d570_0, 0, 3;
T_0.14 ;
    %jmp T_0.6;
T_0.4 ;
    %load/vec4 v0x55961963d7d0_0;
    %flag_set/vec4 8;
    %jmp/0xz  T_0.15, 8;
    %pushi/vec4 1, 0, 3;
    %store/vec4 v0x55961963d570_0, 0, 3;
    %jmp T_0.16;
T_0.15 ;
    %pushi/vec4 3, 0, 3;
    %store/vec4 v0x55961963d570_0, 0, 3;
T_0.16 ;
    %jmp T_0.6;
T_0.6 ;
    %pop/vec4 1;
    %jmp T_0;
    .thread T_0, $push;
    .scope S_0x5596195e7e80;
T_1 ;
    %wait E_0x55961960b9f0;
    %load/vec4 v0x55961963d710_0;
    %flag_set/vec4 8;
    %jmp/0xz  T_1.0, 8;
    %load/vec4 v0x55961963d570_0;
    %store/vec4 v0x5596196210b0_0, 0, 3;
    %jmp T_1.1;
T_1.0 ;
    %pushi/vec4 0, 0, 3;
    %store/vec4 v0x5596196210b0_0, 0, 3;
T_1.1 ;
    %jmp T_1;
    .thread T_1;
    .scope S_0x5596195e7e80;
T_2 ;
    %wait E_0x559619625990;
    %load/vec4 v0x5596196210b0_0;
    %parti/s 1, 2, 3;
    %store/vec4 v0x55961963d8e0_0, 0, 1;
    %jmp T_2;
    .thread T_2, $push;
    .scope S_0x5596195e7cf0;
T_3 ;
    %vpi_call 2 100 "$display", "Time     X   Mealy" {0 0 0};
    %pushi/vec4 1, 0, 1;
    %store/vec4 v0x55961963da20_0, 0, 1;
    %pushi/vec4 0, 0, 1;
    %store/vec4 v0x55961963dbb0_0, 0, 1;
    %pushi/vec4 0, 0, 1;
    %store/vec4 v0x55961963dcb0_0, 0, 1;
    %delay 5, 0;
    %pushi/vec4 1, 0, 1;
    %store/vec4 v0x55961963dbb0_0, 0, 1;
    %delay 10, 0;
    %pushi/vec4 1, 0, 1;
    %store/vec4 v0x55961963dcb0_0, 0, 1;
    %delay 10, 0;
    %pushi/vec4 0, 0, 1;
    %store/vec4 v0x55961963dcb0_0, 0, 1;
    %delay 10, 0;
    %pushi/vec4 0, 0, 1;
    %store/vec4 v0x55961963dcb0_0, 0, 1;
    %delay 10, 0;
    %pushi/vec4 1, 0, 1;
    %store/vec4 v0x55961963dcb0_0, 0, 1;
    %delay 10, 0;
    %pushi/vec4 0, 0, 1;
    %store/vec4 v0x55961963dcb0_0, 0, 1;
    %delay 10, 0;
    %pushi/vec4 0, 0, 1;
    %store/vec4 v0x55961963dcb0_0, 0, 1;
    %delay 10, 0;
    %pushi/vec4 1, 0, 1;
    %store/vec4 v0x55961963dcb0_0, 0, 1;
    %delay 10, 0;
    %pushi/vec4 0, 0, 1;
    %store/vec4 v0x55961963dcb0_0, 0, 1;
    %delay 10, 0;
    %pushi/vec4 0, 0, 1;
    %store/vec4 v0x55961963dcb0_0, 0, 1;
    %delay 10, 0;
    %pushi/vec4 0, 0, 1;
    %store/vec4 v0x55961963dcb0_0, 0, 1;
    %delay 10, 0;
    %pushi/vec4 1, 0, 1;
    %store/vec4 v0x55961963dcb0_0, 0, 1;
    %delay 10, 0;
    %pushi/vec4 0, 0, 1;
    %store/vec4 v0x55961963dcb0_0, 0, 1;
    %delay 10, 0;
    %pushi/vec4 0, 0, 1;
    %store/vec4 v0x55961963dcb0_0, 0, 1;
    %delay 10, 0;
    %pushi/vec4 1, 0, 1;
    %store/vec4 v0x55961963dcb0_0, 0, 1;
    %delay 30, 0;
    %vpi_call 2 127 "$finish" {0 0 0};
    %end;
    .thread T_3;
    .scope S_0x5596195e7cf0;
T_4 ;
    %delay 5, 0;
    %load/vec4 v0x55961963da20_0;
    %inv;
    %store/vec4 v0x55961963da20_0, 0, 1;
    %jmp T_4;
    .thread T_4;
    .scope S_0x5596195e7cf0;
T_5 ;
    %wait E_0x559619625810;
    %vpi_call 2 135 "$display", "%4d  %4b  %4b", $time, v0x55961963dcb0_0, v0x55961963dae0_0 {0 0 0};
    %jmp T_5;
    .thread T_5;
# The file index is used to find the file name in the following table.
:file_names 3;
    "N/A";
    "<interactive>";
    "Guia_1103.v";
