#! /usr/bin/vvp
:ivl_version "11.0 (stable)";
:ivl_delay_selection "TYPICAL";
:vpi_time_precision + 0;
:vpi_module "/usr/lib/x86_64-linux-gnu/ivl/system.vpi";
:vpi_module "/usr/lib/x86_64-linux-gnu/ivl/vhdl_sys.vpi";
:vpi_module "/usr/lib/x86_64-linux-gnu/ivl/vhdl_textio.vpi";
:vpi_module "/usr/lib/x86_64-linux-gnu/ivl/v2005_math.vpi";
:vpi_module "/usr/lib/x86_64-linux-gnu/ivl/va_math.vpi";
S_0x55c7f21a6cf0 .scope module, "Guia_1104" "Guia_1104" 2 106;
 .timescale 0 0;
v0x55c7f21feb90_0 .var "clk", 0 0;
v0x55c7f21fec50_0 .net "m1", 0 0, v0x55c7f21fea50_0;  1 drivers
v0x55c7f21fed20_0 .var "reset", 0 0;
v0x55c7f21fee20_0 .var "x", 0 0;
E_0x55c7f21e5c80 .event posedge, v0x55c7f21fe7b0_0;
S_0x55c7f21a6e80 .scope module, "mealy1" "mealy_1101" 2 110, 2 24 0, S_0x55c7f21a6cf0;
 .timescale 0 0;
    .port_info 0 /OUTPUT 1 "y";
    .port_info 1 /INPUT 1 "x";
    .port_info 2 /INPUT 1 "clk";
    .port_info 3 /INPUT 1 "reset";
P_0x55c7f21e5450 .param/l "id1" 0 2 34, C4<001>;
P_0x55c7f21e5490 .param/l "id11" 0 2 35, C4<011>;
P_0x55c7f21e54d0 .param/l "id110" 0 2 36, C4<010>;
P_0x55c7f21e5510 .param/l "id1101" 0 2 37, C4<110>;
P_0x55c7f21e5550 .param/l "id1111" 0 2 38, C4<111>;
P_0x55c7f21e5590 .param/l "start" 0 2 33, C4<000>;
v0x55c7f21e0230_0 .var "E1", 2 0;
v0x55c7f21e00b0_0 .var "E2", 2 0;
v0x55c7f21fe7b0_0 .net "clk", 0 0, v0x55c7f21feb90_0;  1 drivers
v0x55c7f21fe880_0 .net "reset", 0 0, v0x55c7f21fed20_0;  1 drivers
v0x55c7f21fe940_0 .net "x", 0 0, v0x55c7f21fee20_0;  1 drivers
v0x55c7f21fea50_0 .var "y", 0 0;
E_0x55c7f21e5e00/0 .event negedge, v0x55c7f21fe880_0;
E_0x55c7f21e5e00/1 .event posedge, v0x55c7f21fe7b0_0;
E_0x55c7f21e5e00 .event/or E_0x55c7f21e5e00/0, E_0x55c7f21e5e00/1;
E_0x55c7f21ca9f0 .event edge, v0x55c7f21e0230_0, v0x55c7f21fe940_0;
    .scope S_0x55c7f21a6e80;
T_0 ;
    %wait E_0x55c7f21ca9f0;
    %pushi/vec4 0, 0, 1;
    %store/vec4 v0x55c7f21fea50_0, 0, 1;
    %load/vec4 v0x55c7f21e0230_0;
    %dup/vec4;
    %pushi/vec4 0, 0, 3;
    %cmp/u;
    %jmp/1 T_0.0, 6;
    %dup/vec4;
    %pushi/vec4 1, 0, 3;
    %cmp/u;
    %jmp/1 T_0.1, 6;
    %dup/vec4;
    %pushi/vec4 3, 0, 3;
    %cmp/u;
    %jmp/1 T_0.2, 6;
    %dup/vec4;
    %pushi/vec4 2, 0, 3;
    %cmp/u;
    %jmp/1 T_0.3, 6;
    %dup/vec4;
    %pushi/vec4 6, 0, 3;
    %cmp/u;
    %jmp/1 T_0.4, 6;
    %dup/vec4;
    %pushi/vec4 7, 0, 3;
    %cmp/u;
    %jmp/1 T_0.5, 6;
    %pushi/vec4 7, 7, 3;
    %store/vec4 v0x55c7f21e00b0_0, 0, 3;
    %jmp T_0.7;
T_0.0 ;
    %load/vec4 v0x55c7f21fe940_0;
    %flag_set/vec4 8;
    %jmp/0xz  T_0.8, 8;
    %pushi/vec4 2, 0, 3;
    %store/vec4 v0x55c7f21e00b0_0, 0, 3;
    %jmp T_0.9;
T_0.8 ;
    %pushi/vec4 1, 0, 3;
    %store/vec4 v0x55c7f21e00b0_0, 0, 3;
T_0.9 ;
    %jmp T_0.7;
T_0.1 ;
    %load/vec4 v0x55c7f21fe940_0;
    %flag_set/vec4 8;
    %jmp/0xz  T_0.10, 8;
    %pushi/vec4 3, 0, 3;
    %store/vec4 v0x55c7f21e00b0_0, 0, 3;
    %jmp T_0.11;
T_0.10 ;
    %pushi/vec4 0, 0, 3;
    %store/vec4 v0x55c7f21e00b0_0, 0, 3;
T_0.11 ;
    %jmp T_0.7;
T_0.2 ;
    %load/vec4 v0x55c7f21fe940_0;
    %flag_set/vec4 8;
    %jmp/0xz  T_0.12, 8;
    %pushi/vec4 6, 0, 3;
    %store/vec4 v0x55c7f21e00b0_0, 0, 3;
    %pushi/vec4 0, 0, 1;
    %store/vec4 v0x55c7f21fea50_0, 0, 1;
    %jmp T_0.13;
T_0.12 ;
    %pushi/vec4 7, 0, 3;
    %store/vec4 v0x55c7f21e00b0_0, 0, 3;
    %pushi/vec4 1, 0, 1;
    %store/vec4 v0x55c7f21fea50_0, 0, 1;
T_0.13 ;
    %jmp T_0.7;
T_0.3 ;
    %load/vec4 v0x55c7f21fe940_0;
    %flag_set/vec4 8;
    %jmp/0xz  T_0.14, 8;
    %pushi/vec4 6, 0, 3;
    %store/vec4 v0x55c7f21e00b0_0, 0, 3;
    %jmp T_0.15;
T_0.14 ;
    %pushi/vec4 0, 0, 3;
    %store/vec4 v0x55c7f21e00b0_0, 0, 3;
T_0.15 ;
    %jmp T_0.7;
T_0.4 ;
    %load/vec4 v0x55c7f21fe940_0;
    %flag_set/vec4 8;
    %jmp/0xz  T_0.16, 8;
    %pushi/vec4 2, 0, 3;
    %store/vec4 v0x55c7f21e00b0_0, 0, 3;
    %jmp T_0.17;
T_0.16 ;
    %pushi/vec4 7, 0, 3;
    %store/vec4 v0x55c7f21e00b0_0, 0, 3;
T_0.17 ;
    %jmp T_0.7;
T_0.5 ;
    %load/vec4 v0x55c7f21fe940_0;
    %flag_set/vec4 8;
    %jmp/0xz  T_0.18, 8;
    %pushi/vec4 3, 0, 3;
    %store/vec4 v0x55c7f21e00b0_0, 0, 3;
    %pushi/vec4 1, 0, 1;
    %store/vec4 v0x55c7f21fea50_0, 0, 1;
    %jmp T_0.19;
T_0.18 ;
    %pushi/vec4 1, 0, 3;
    %store/vec4 v0x55c7f21e00b0_0, 0, 3;
    %pushi/vec4 0, 0, 1;
    %store/vec4 v0x55c7f21fea50_0, 0, 1;
T_0.19 ;
    %jmp T_0.7;
T_0.7 ;
    %pop/vec4 1;
    %jmp T_0;
    .thread T_0, $push;
    .scope S_0x55c7f21a6e80;
T_1 ;
    %wait E_0x55c7f21e5e00;
    %load/vec4 v0x55c7f21fe880_0;
    %flag_set/vec4 8;
    %jmp/0xz  T_1.0, 8;
    %load/vec4 v0x55c7f21e00b0_0;
    %store/vec4 v0x55c7f21e0230_0, 0, 3;
    %jmp T_1.1;
T_1.0 ;
    %pushi/vec4 0, 0, 3;
    %store/vec4 v0x55c7f21e0230_0, 0, 3;
T_1.1 ;
    %jmp T_1;
    .thread T_1;
    .scope S_0x55c7f21a6cf0;
T_2 ;
    %vpi_call 2 114 "$display", "Time     X   Mealy" {0 0 0};
    %pushi/vec4 1, 0, 1;
    %store/vec4 v0x55c7f21feb90_0, 0, 1;
    %pushi/vec4 0, 0, 1;
    %store/vec4 v0x55c7f21fed20_0, 0, 1;
    %pushi/vec4 0, 0, 1;
    %store/vec4 v0x55c7f21fee20_0, 0, 1;
    %delay 5, 0;
    %pushi/vec4 1, 0, 1;
    %store/vec4 v0x55c7f21fed20_0, 0, 1;
    %delay 10, 0;
    %pushi/vec4 1, 0, 1;
    %store/vec4 v0x55c7f21fee20_0, 0, 1;
    %delay 10, 0;
    %pushi/vec4 0, 0, 1;
    %store/vec4 v0x55c7f21fee20_0, 0, 1;
    %delay 10, 0;
    %pushi/vec4 1, 0, 1;
    %store/vec4 v0x55c7f21fee20_0, 0, 1;
    %delay 10, 0;
    %pushi/vec4 1, 0, 1;
    %store/vec4 v0x55c7f21fee20_0, 0, 1;
    %delay 10, 0;
    %pushi/vec4 0, 0, 1;
    %store/vec4 v0x55c7f21fee20_0, 0, 1;
    %delay 10, 0;
    %pushi/vec4 1, 0, 1;
    %store/vec4 v0x55c7f21fee20_0, 0, 1;
    %delay 10, 0;
    %pushi/vec4 0, 0, 1;
    %store/vec4 v0x55c7f21fee20_0, 0, 1;
    %delay 10, 0;
    %pushi/vec4 1, 0, 1;
    %store/vec4 v0x55c7f21fee20_0, 0, 1;
    %delay 10, 0;
    %pushi/vec4 0, 0, 1;
    %store/vec4 v0x55c7f21fee20_0, 0, 1;
    %delay 10, 0;
    %pushi/vec4 0, 0, 1;
    %store/vec4 v0x55c7f21fee20_0, 0, 1;
    %delay 10, 0;
    %pushi/vec4 0, 0, 1;
    %store/vec4 v0x55c7f21fee20_0, 0, 1;
    %delay 10, 0;
    %pushi/vec4 0, 0, 1;
    %store/vec4 v0x55c7f21fee20_0, 0, 1;
    %delay 10, 0;
    %pushi/vec4 1, 0, 1;
    %store/vec4 v0x55c7f21fee20_0, 0, 1;
    %delay 10, 0;
    %pushi/vec4 0, 0, 1;
    %store/vec4 v0x55c7f21fee20_0, 0, 1;
    %delay 10, 0;
    %pushi/vec4 0, 0, 1;
    %store/vec4 v0x55c7f21fee20_0, 0, 1;
    %delay 10, 0;
    %pushi/vec4 1, 0, 1;
    %store/vec4 v0x55c7f21fee20_0, 0, 1;
    %delay 30, 0;
    %vpi_call 2 142 "$finish" {0 0 0};
    %end;
    .thread T_2;
    .scope S_0x55c7f21a6cf0;
T_3 ;
    %delay 5, 0;
    %load/vec4 v0x55c7f21feb90_0;
    %inv;
    %store/vec4 v0x55c7f21feb90_0, 0, 1;
    %jmp T_3;
    .thread T_3;
    .scope S_0x55c7f21a6cf0;
T_4 ;
    %wait E_0x55c7f21e5c80;
    %vpi_call 2 150 "$display", "%4d  %4b  %4b", $time, v0x55c7f21fee20_0, v0x55c7f21fec50_0 {0 0 0};
    %jmp T_4;
    .thread T_4;
# The file index is used to find the file name in the following table.
:file_names 3;
    "N/A";
    "<interactive>";
    "Guia_1105.v";
