#! /usr/bin/vvp
:ivl_version "11.0 (stable)";
:ivl_delay_selection "TYPICAL";
:vpi_time_precision + 0;
:vpi_module "/usr/lib/x86_64-linux-gnu/ivl/system.vpi";
:vpi_module "/usr/lib/x86_64-linux-gnu/ivl/vhdl_sys.vpi";
:vpi_module "/usr/lib/x86_64-linux-gnu/ivl/vhdl_textio.vpi";
:vpi_module "/usr/lib/x86_64-linux-gnu/ivl/v2005_math.vpi";
:vpi_module "/usr/lib/x86_64-linux-gnu/ivl/va_math.vpi";
S_0x559306302d20 .scope module, "mealy_1101" "mealy_1101" 2 33;
 .timescale 0 0;
    .port_info 0 /OUTPUT 1 "y";
    .port_info 1 /INPUT 1 "x";
    .port_info 2 /INPUT 1 "clk";
    .port_info 3 /INPUT 1 "reset";
P_0x559306302eb0 .param/l "id1" 0 2 43, C4<01>;
P_0x559306302ef0 .param/l "id11" 0 2 44, C4<11>;
P_0x559306302f30 .param/l "id110" 0 2 45, C4<10>;
P_0x559306302f70 .param/l "start" 0 2 42, C4<00>;
v0x55930632a230_0 .var "E1", 1 0;
v0x55930634f270_0 .var "E2", 1 0;
o0x7fcbc72a0078 .functor BUFZ 1, C4<z>; HiZ drive
v0x55930634f350_0 .net "clk", 0 0, o0x7fcbc72a0078;  0 drivers
o0x7fcbc72a00a8 .functor BUFZ 1, C4<z>; HiZ drive
v0x55930634f420_0 .net "reset", 0 0, o0x7fcbc72a00a8;  0 drivers
o0x7fcbc72a00d8 .functor BUFZ 1, C4<z>; HiZ drive
v0x55930634f4e0_0 .net "x", 0 0, o0x7fcbc72a00d8;  0 drivers
v0x55930634f5f0_0 .var "y", 0 0;
E_0x5593063036b0/0 .event negedge, v0x55930634f420_0;
E_0x5593063036b0/1 .event posedge, v0x55930634f350_0;
E_0x5593063036b0 .event/or E_0x5593063036b0/0, E_0x5593063036b0/1;
E_0x559306303550 .event edge, v0x55930632a230_0, v0x55930634f4e0_0;
    .scope S_0x559306302d20;
T_0 ;
    %wait E_0x559306303550;
    %pushi/vec4 0, 0, 1;
    %store/vec4 v0x55930634f5f0_0, 0, 1;
    %load/vec4 v0x55930632a230_0;
    %dup/vec4;
    %pushi/vec4 0, 0, 2;
    %cmp/u;
    %jmp/1 T_0.0, 6;
    %dup/vec4;
    %pushi/vec4 1, 0, 2;
    %cmp/u;
    %jmp/1 T_0.1, 6;
    %dup/vec4;
    %pushi/vec4 3, 0, 2;
    %cmp/u;
    %jmp/1 T_0.2, 6;
    %dup/vec4;
    %pushi/vec4 2, 0, 2;
    %cmp/u;
    %jmp/1 T_0.3, 6;
    %pushi/vec4 3, 3, 2;
    %store/vec4 v0x55930634f270_0, 0, 2;
    %jmp T_0.5;
T_0.0 ;
    %load/vec4 v0x55930634f4e0_0;
    %flag_set/vec4 8;
    %jmp/0xz  T_0.6, 8;
    %pushi/vec4 1, 0, 2;
    %store/vec4 v0x55930634f270_0, 0, 2;
    %jmp T_0.7;
T_0.6 ;
    %pushi/vec4 0, 0, 2;
    %store/vec4 v0x55930634f270_0, 0, 2;
T_0.7 ;
    %jmp T_0.5;
T_0.1 ;
    %load/vec4 v0x55930634f4e0_0;
    %flag_set/vec4 8;
    %jmp/0xz  T_0.8, 8;
    %pushi/vec4 3, 0, 2;
    %store/vec4 v0x55930634f270_0, 0, 2;
    %jmp T_0.9;
T_0.8 ;
    %pushi/vec4 0, 0, 2;
    %store/vec4 v0x55930634f270_0, 0, 2;
T_0.9 ;
    %jmp T_0.5;
T_0.2 ;
    %load/vec4 v0x55930634f4e0_0;
    %flag_set/vec4 8;
    %jmp/0xz  T_0.10, 8;
    %pushi/vec4 3, 0, 2;
    %store/vec4 v0x55930634f270_0, 0, 2;
    %jmp T_0.11;
T_0.10 ;
    %pushi/vec4 2, 0, 2;
    %store/vec4 v0x55930634f270_0, 0, 2;
T_0.11 ;
    %jmp T_0.5;
T_0.3 ;
    %load/vec4 v0x55930634f4e0_0;
    %flag_set/vec4 8;
    %jmp/0xz  T_0.12, 8;
    %pushi/vec4 1, 0, 2;
    %store/vec4 v0x55930634f270_0, 0, 2;
    %pushi/vec4 1, 0, 1;
    %store/vec4 v0x55930634f5f0_0, 0, 1;
    %jmp T_0.13;
T_0.12 ;
    %pushi/vec4 0, 0, 2;
    %store/vec4 v0x55930634f270_0, 0, 2;
    %pushi/vec4 0, 0, 1;
    %store/vec4 v0x55930634f5f0_0, 0, 1;
T_0.13 ;
    %jmp T_0.5;
T_0.5 ;
    %pop/vec4 1;
    %jmp T_0;
    .thread T_0, $push;
    .scope S_0x559306302d20;
T_1 ;
    %wait E_0x5593063036b0;
    %load/vec4 v0x55930634f420_0;
    %flag_set/vec4 8;
    %jmp/0xz  T_1.0, 8;
    %load/vec4 v0x55930634f270_0;
    %store/vec4 v0x55930632a230_0, 0, 2;
    %jmp T_1.1;
T_1.0 ;
    %pushi/vec4 0, 0, 2;
    %store/vec4 v0x55930632a230_0, 0, 2;
T_1.1 ;
    %jmp T_1;
    .thread T_1;
# The file index is used to find the file name in the following table.
:file_names 3;
    "N/A";
    "<interactive>";
    "mealy_1101.v";
