#! /usr/bin/vvp
:ivl_version "11.0 (stable)";
:ivl_delay_selection "TYPICAL";
:vpi_time_precision + 0;
:vpi_module "/usr/lib/x86_64-linux-gnu/ivl/system.vpi";
:vpi_module "/usr/lib/x86_64-linux-gnu/ivl/vhdl_sys.vpi";
:vpi_module "/usr/lib/x86_64-linux-gnu/ivl/vhdl_textio.vpi";
:vpi_module "/usr/lib/x86_64-linux-gnu/ivl/v2005_math.vpi";
:vpi_module "/usr/lib/x86_64-linux-gnu/ivl/va_math.vpi";
S_0x5603cf059cf0 .scope module, "moore_1101" "moore_1101" 2 36;
 .timescale 0 0;
    .port_info 0 /OUTPUT 1 "y";
    .port_info 1 /INPUT 1 "x";
    .port_info 2 /INPUT 1 "clk";
    .port_info 3 /INPUT 1 "reset";
P_0x5603cf059e80 .param/l "id1" 0 2 46, C4<001>;
P_0x5603cf059ec0 .param/l "id11" 0 2 47, C4<011>;
P_0x5603cf059f00 .param/l "id110" 0 2 48, C4<010>;
P_0x5603cf059f40 .param/l "id1101" 0 2 49, C4<110>;
P_0x5603cf059f80 .param/l "start" 0 2 45, C4<000>;
v0x5603cf0817c0_0 .var "E1", 2 0;
v0x5603cf0a6b80_0 .var "E2", 2 0;
o0x7fe1aab96078 .functor BUFZ 1, C4<z>; HiZ drive
v0x5603cf0a6c60_0 .net "clk", 0 0, o0x7fe1aab96078;  0 drivers
o0x7fe1aab960a8 .functor BUFZ 1, C4<z>; HiZ drive
v0x5603cf0a6d30_0 .net "reset", 0 0, o0x7fe1aab960a8;  0 drivers
o0x7fe1aab960d8 .functor BUFZ 1, C4<z>; HiZ drive
v0x5603cf0a6df0_0 .net "x", 0 0, o0x7fe1aab960d8;  0 drivers
v0x5603cf0a6f00_0 .var "y", 0 0;
E_0x5603cf05a6b0 .event edge, v0x5603cf0817c0_0;
E_0x5603cf05a550/0 .event negedge, v0x5603cf0a6d30_0;
E_0x5603cf05a550/1 .event posedge, v0x5603cf0a6c60_0;
E_0x5603cf05a550 .event/or E_0x5603cf05a550/0, E_0x5603cf05a550/1;
E_0x5603cf07d9b0 .event edge, v0x5603cf0817c0_0, v0x5603cf0a6df0_0;
    .scope S_0x5603cf059cf0;
T_0 ;
    %wait E_0x5603cf07d9b0;
    %load/vec4 v0x5603cf0817c0_0;
    %dup/vec4;
    %pushi/vec4 0, 0, 3;
    %cmp/u;
    %jmp/1 T_0.0, 6;
    %dup/vec4;
    %pushi/vec4 1, 0, 3;
    %cmp/u;
    %jmp/1 T_0.1, 6;
    %dup/vec4;
    %pushi/vec4 3, 0, 3;
    %cmp/u;
    %jmp/1 T_0.2, 6;
    %dup/vec4;
    %pushi/vec4 2, 0, 3;
    %cmp/u;
    %jmp/1 T_0.3, 6;
    %dup/vec4;
    %pushi/vec4 6, 0, 3;
    %cmp/u;
    %jmp/1 T_0.4, 6;
    %pushi/vec4 7, 7, 3;
    %store/vec4 v0x5603cf0a6b80_0, 0, 3;
    %jmp T_0.6;
T_0.0 ;
    %load/vec4 v0x5603cf0a6df0_0;
    %flag_set/vec4 8;
    %jmp/0xz  T_0.7, 8;
    %pushi/vec4 1, 0, 3;
    %store/vec4 v0x5603cf0a6b80_0, 0, 3;
    %jmp T_0.8;
T_0.7 ;
    %pushi/vec4 0, 0, 3;
    %store/vec4 v0x5603cf0a6b80_0, 0, 3;
T_0.8 ;
    %jmp T_0.6;
T_0.1 ;
    %load/vec4 v0x5603cf0a6df0_0;
    %flag_set/vec4 8;
    %jmp/0xz  T_0.9, 8;
    %pushi/vec4 3, 0, 3;
    %store/vec4 v0x5603cf0a6b80_0, 0, 3;
    %jmp T_0.10;
T_0.9 ;
    %pushi/vec4 0, 0, 3;
    %store/vec4 v0x5603cf0a6b80_0, 0, 3;
T_0.10 ;
    %jmp T_0.6;
T_0.2 ;
    %load/vec4 v0x5603cf0a6df0_0;
    %flag_set/vec4 8;
    %jmp/0xz  T_0.11, 8;
    %pushi/vec4 3, 0, 3;
    %store/vec4 v0x5603cf0a6b80_0, 0, 3;
    %jmp T_0.12;
T_0.11 ;
    %pushi/vec4 2, 0, 3;
    %store/vec4 v0x5603cf0a6b80_0, 0, 3;
T_0.12 ;
    %jmp T_0.6;
T_0.3 ;
    %load/vec4 v0x5603cf0a6df0_0;
    %flag_set/vec4 8;
    %jmp/0xz  T_0.13, 8;
    %pushi/vec4 6, 0, 3;
    %store/vec4 v0x5603cf0a6b80_0, 0, 3;
    %jmp T_0.14;
T_0.13 ;
    %pushi/vec4 0, 0, 3;
    %store/vec4 v0x5603cf0a6b80_0, 0, 3;
T_0.14 ;
    %jmp T_0.6;
T_0.4 ;
    %load/vec4 v0x5603cf0a6df0_0;
    %flag_set/vec4 8;
    %jmp/0xz  T_0.15, 8;
    %pushi/vec4 3, 0, 3;
    %store/vec4 v0x5603cf0a6b80_0, 0, 3;
    %jmp T_0.16;
T_0.15 ;
    %pushi/vec4 0, 0, 3;
    %store/vec4 v0x5603cf0a6b80_0, 0, 3;
T_0.16 ;
    %jmp T_0.6;
T_0.6 ;
    %pop/vec4 1;
    %jmp T_0;
    .thread T_0, $push;
    .scope S_0x5603cf059cf0;
T_1 ;
    %wait E_0x5603cf05a550;
    %load/vec4 v0x5603cf0a6d30_0;
    %flag_set/vec4 8;
    %jmp/0xz  T_1.0, 8;
    %load/vec4 v0x5603cf0a6b80_0;
    %store/vec4 v0x5603cf0817c0_0, 0, 3;
    %jmp T_1.1;
T_1.0 ;
    %pushi/vec4 0, 0, 3;
    %store/vec4 v0x5603cf0817c0_0, 0, 3;
T_1.1 ;
    %jmp T_1;
    .thread T_1;
    .scope S_0x5603cf059cf0;
T_2 ;
    %wait E_0x5603cf05a6b0;
    %load/vec4 v0x5603cf0817c0_0;
    %parti/s 1, 2, 3;
    %store/vec4 v0x5603cf0a6f00_0, 0, 1;
    %jmp T_2;
    .thread T_2, $push;
# The file index is used to find the file name in the following table.
:file_names 3;
    "N/A";
    "<interactive>";
    "moore_1101.v";
