#! /usr/bin/vvp
:ivl_version "11.0 (stable)";
:ivl_delay_selection "TYPICAL";
:vpi_time_precision + 0;
:vpi_module "/usr/lib/x86_64-linux-gnu/ivl/system.vpi";
:vpi_module "/usr/lib/x86_64-linux-gnu/ivl/vhdl_sys.vpi";
:vpi_module "/usr/lib/x86_64-linux-gnu/ivl/vhdl_textio.vpi";
:vpi_module "/usr/lib/x86_64-linux-gnu/ivl/v2005_math.vpi";
:vpi_module "/usr/lib/x86_64-linux-gnu/ivl/va_math.vpi";
S_0x559efe605cf0 .scope module, "Moore_1101" "Moore_1101" 2 69;
 .timescale 0 0;
v0x559efe6621d0_0 .var "clk", 0 0;
v0x559efe662290_0 .var "entrada", 7 0;
v0x559efe662350_0 .var "reset", 0 0;
v0x559efe662450_0 .var "x", 0 0;
v0x559efe662520_0 .net "y", 0 0, v0x559efe662090_0;  1 drivers
S_0x559efe605e80 .scope module, "uut" "moore_1101" 2 80, 2 2 0, S_0x559efe605cf0;
 .timescale 0 0;
    .port_info 0 /OUTPUT 1 "y";
    .port_info 1 /INPUT 1 "x";
    .port_info 2 /INPUT 1 "clk";
    .port_info 3 /INPUT 1 "reset";
P_0x559efe606010 .param/l "id1" 0 2 10, C4<001>;
P_0x559efe606050 .param/l "id11" 0 2 11, C4<011>;
P_0x559efe606090 .param/l "id110" 0 2 12, C4<010>;
P_0x559efe6060d0 .param/l "id1101" 0 2 13, C4<110>;
P_0x559efe606110 .param/l "start" 0 2 9, C4<000>;
v0x559efe63f0c0_0 .var "E1", 2 0;
v0x559efe661d40_0 .var "E2", 2 0;
v0x559efe661e20_0 .net "clk", 0 0, v0x559efe6621d0_0;  1 drivers
v0x559efe661ec0_0 .net "reset", 0 0, v0x559efe662350_0;  1 drivers
v0x559efe661f80_0 .net "x", 0 0, v0x559efe662450_0;  1 drivers
v0x559efe662090_0 .var "y", 0 0;
E_0x559efe6436e0 .event edge, v0x559efe63f0c0_0;
E_0x559efe643f40 .event posedge, v0x559efe661ec0_0, v0x559efe661e20_0;
E_0x559efe6299f0 .event edge, v0x559efe63f0c0_0, v0x559efe661f80_0;
    .scope S_0x559efe605e80;
T_0 ;
    %wait E_0x559efe6299f0;
    %load/vec4 v0x559efe63f0c0_0;
    %dup/vec4;
    %pushi/vec4 0, 0, 3;
    %cmp/u;
    %jmp/1 T_0.0, 6;
    %dup/vec4;
    %pushi/vec4 1, 0, 3;
    %cmp/u;
    %jmp/1 T_0.1, 6;
    %dup/vec4;
    %pushi/vec4 3, 0, 3;
    %cmp/u;
    %jmp/1 T_0.2, 6;
    %dup/vec4;
    %pushi/vec4 2, 0, 3;
    %cmp/u;
    %jmp/1 T_0.3, 6;
    %dup/vec4;
    %pushi/vec4 6, 0, 3;
    %cmp/u;
    %jmp/1 T_0.4, 6;
    %pushi/vec4 7, 7, 3;
    %store/vec4 v0x559efe661d40_0, 0, 3;
    %jmp T_0.6;
T_0.0 ;
    %load/vec4 v0x559efe661f80_0;
    %flag_set/vec4 8;
    %jmp/0xz  T_0.7, 8;
    %pushi/vec4 1, 0, 3;
    %store/vec4 v0x559efe661d40_0, 0, 3;
    %jmp T_0.8;
T_0.7 ;
    %pushi/vec4 0, 0, 3;
    %store/vec4 v0x559efe661d40_0, 0, 3;
T_0.8 ;
    %jmp T_0.6;
T_0.1 ;
    %load/vec4 v0x559efe661f80_0;
    %flag_set/vec4 8;
    %jmp/0xz  T_0.9, 8;
    %pushi/vec4 3, 0, 3;
    %store/vec4 v0x559efe661d40_0, 0, 3;
    %jmp T_0.10;
T_0.9 ;
    %pushi/vec4 0, 0, 3;
    %store/vec4 v0x559efe661d40_0, 0, 3;
T_0.10 ;
    %jmp T_0.6;
T_0.2 ;
    %load/vec4 v0x559efe661f80_0;
    %flag_set/vec4 8;
    %jmp/0xz  T_0.11, 8;
    %pushi/vec4 3, 0, 3;
    %store/vec4 v0x559efe661d40_0, 0, 3;
    %jmp T_0.12;
T_0.11 ;
    %pushi/vec4 2, 0, 3;
    %store/vec4 v0x559efe661d40_0, 0, 3;
T_0.12 ;
    %jmp T_0.6;
T_0.3 ;
    %load/vec4 v0x559efe661f80_0;
    %flag_set/vec4 8;
    %jmp/0xz  T_0.13, 8;
    %pushi/vec4 6, 0, 3;
    %store/vec4 v0x559efe661d40_0, 0, 3;
    %jmp T_0.14;
T_0.13 ;
    %pushi/vec4 0, 0, 3;
    %store/vec4 v0x559efe661d40_0, 0, 3;
T_0.14 ;
    %jmp T_0.6;
T_0.4 ;
    %load/vec4 v0x559efe661f80_0;
    %flag_set/vec4 8;
    %jmp/0xz  T_0.15, 8;
    %pushi/vec4 3, 0, 3;
    %store/vec4 v0x559efe661d40_0, 0, 3;
    %jmp T_0.16;
T_0.15 ;
    %pushi/vec4 0, 0, 3;
    %store/vec4 v0x559efe661d40_0, 0, 3;
T_0.16 ;
    %jmp T_0.6;
T_0.6 ;
    %pop/vec4 1;
    %jmp T_0;
    .thread T_0, $push;
    .scope S_0x559efe605e80;
T_1 ;
    %wait E_0x559efe643f40;
    %load/vec4 v0x559efe661ec0_0;
    %flag_set/vec4 8;
    %jmp/0xz  T_1.0, 8;
    %pushi/vec4 0, 0, 3;
    %assign/vec4 v0x559efe63f0c0_0, 0;
    %jmp T_1.1;
T_1.0 ;
    %load/vec4 v0x559efe661d40_0;
    %assign/vec4 v0x559efe63f0c0_0, 0;
T_1.1 ;
    %jmp T_1;
    .thread T_1;
    .scope S_0x559efe605e80;
T_2 ;
    %wait E_0x559efe6436e0;
    %load/vec4 v0x559efe63f0c0_0;
    %pushi/vec4 6, 0, 3;
    %cmp/e;
    %flag_get/vec4 4;
    %store/vec4 v0x559efe662090_0, 0, 1;
    %jmp T_2;
    .thread T_2, $push;
    .scope S_0x559efe605cf0;
T_3 ;
    %delay 10, 0;
    %load/vec4 v0x559efe6621d0_0;
    %inv;
    %store/vec4 v0x559efe6621d0_0, 0, 1;
    %jmp T_3;
    .thread T_3;
    .scope S_0x559efe605cf0;
T_4 ;
    %pushi/vec4 0, 0, 1;
    %store/vec4 v0x559efe6621d0_0, 0, 1;
    %pushi/vec4 0, 0, 1;
    %store/vec4 v0x559efe662350_0, 0, 1;
    %pushi/vec4 1, 0, 1;
    %store/vec4 v0x559efe662450_0, 0, 1;
    %pushi/vec4 1, 0, 1;
    %store/vec4 v0x559efe662350_0, 0, 1;
    %delay 15, 0;
    %pushi/vec4 0, 0, 1;
    %store/vec4 v0x559efe662350_0, 0, 1;
    %pushi/vec4 27, 0, 8;
    %store/vec4 v0x559efe662290_0, 0, 8;
    %load/vec4 v0x559efe662290_0;
    %parti/s 1, 4, 4;
    %store/vec4 v0x559efe662450_0, 0, 1;
    %delay 20, 0;
    %load/vec4 v0x559efe662290_0;
    %parti/s 1, 3, 3;
    %store/vec4 v0x559efe662450_0, 0, 1;
    %delay 20, 0;
    %load/vec4 v0x559efe662290_0;
    %parti/s 1, 2, 3;
    %store/vec4 v0x559efe662450_0, 0, 1;
    %delay 20, 0;
    %load/vec4 v0x559efe662290_0;
    %parti/s 1, 1, 2;
    %store/vec4 v0x559efe662450_0, 0, 1;
    %delay 20, 0;
    %load/vec4 v0x559efe662290_0;
    %parti/s 1, 0, 2;
    %store/vec4 v0x559efe662450_0, 0, 1;
    %delay 20, 0;
    %pushi/vec4 1, 0, 1;
    %store/vec4 v0x559efe662350_0, 0, 1;
    %delay 15, 0;
    %pushi/vec4 0, 0, 1;
    %store/vec4 v0x559efe662350_0, 0, 1;
    %pushi/vec4 14, 0, 8;
    %store/vec4 v0x559efe662290_0, 0, 8;
    %load/vec4 v0x559efe662290_0;
    %parti/s 1, 3, 3;
    %store/vec4 v0x559efe662450_0, 0, 1;
    %delay 20, 0;
    %load/vec4 v0x559efe662290_0;
    %parti/s 1, 2, 3;
    %store/vec4 v0x559efe662450_0, 0, 1;
    %delay 20, 0;
    %load/vec4 v0x559efe662290_0;
    %parti/s 1, 1, 2;
    %store/vec4 v0x559efe662450_0, 0, 1;
    %delay 20, 0;
    %load/vec4 v0x559efe662290_0;
    %parti/s 1, 0, 2;
    %store/vec4 v0x559efe662450_0, 0, 1;
    %delay 20, 0;
    %pushi/vec4 1, 0, 1;
    %store/vec4 v0x559efe662350_0, 0, 1;
    %delay 15, 0;
    %pushi/vec4 0, 0, 1;
    %store/vec4 v0x559efe662350_0, 0, 1;
    %pushi/vec4 5, 0, 8;
    %store/vec4 v0x559efe662290_0, 0, 8;
    %load/vec4 v0x559efe662290_0;
    %parti/s 1, 2, 3;
    %store/vec4 v0x559efe662450_0, 0, 1;
    %delay 20, 0;
    %load/vec4 v0x559efe662290_0;
    %parti/s 1, 1, 2;
    %store/vec4 v0x559efe662450_0, 0, 1;
    %delay 20, 0;
    %load/vec4 v0x559efe662290_0;
    %parti/s 1, 0, 2;
    %store/vec4 v0x559efe662450_0, 0, 1;
    %delay 20, 0;
    %pushi/vec4 1, 0, 1;
    %store/vec4 v0x559efe662350_0, 0, 1;
    %delay 15, 0;
    %pushi/vec4 0, 0, 1;
    %store/vec4 v0x559efe662350_0, 0, 1;
    %pushi/vec4 219, 0, 8;
    %store/vec4 v0x559efe662290_0, 0, 8;
    %load/vec4 v0x559efe662290_0;
    %parti/s 1, 7, 4;
    %store/vec4 v0x559efe662450_0, 0, 1;
    %delay 20, 0;
    %load/vec4 v0x559efe662290_0;
    %parti/s 1, 6, 4;
    %store/vec4 v0x559efe662450_0, 0, 1;
    %delay 20, 0;
    %load/vec4 v0x559efe662290_0;
    %parti/s 1, 5, 4;
    %store/vec4 v0x559efe662450_0, 0, 1;
    %delay 20, 0;
    %load/vec4 v0x559efe662290_0;
    %parti/s 1, 4, 4;
    %store/vec4 v0x559efe662450_0, 0, 1;
    %delay 20, 0;
    %load/vec4 v0x559efe662290_0;
    %parti/s 1, 3, 3;
    %store/vec4 v0x559efe662450_0, 0, 1;
    %delay 20, 0;
    %load/vec4 v0x559efe662290_0;
    %parti/s 1, 2, 3;
    %store/vec4 v0x559efe662450_0, 0, 1;
    %delay 20, 0;
    %load/vec4 v0x559efe662290_0;
    %parti/s 1, 1, 2;
    %store/vec4 v0x559efe662450_0, 0, 1;
    %delay 20, 0;
    %load/vec4 v0x559efe662290_0;
    %parti/s 1, 0, 2;
    %store/vec4 v0x559efe662450_0, 0, 1;
    %delay 20, 0;
    %vpi_call 2 139 "$finish" {0 0 0};
    %end;
    .thread T_4;
    .scope S_0x559efe605cf0;
T_5 ;
    %vpi_call 2 144 "$monitor", "Time = %5d, x = %b, y = %b, entrada = %4b, reset = %b", $time, v0x559efe662450_0, v0x559efe662520_0, v0x559efe662290_0, v0x559efe662350_0 {0 0 0};
    %end;
    .thread T_5;
# The file index is used to find the file name in the following table.
:file_names 3;
    "N/A";
    "<interactive>";
    "Moore_1101.v";
