#! /usr/bin/vvp
:ivl_version "11.0 (stable)";
:ivl_delay_selection "TYPICAL";
:vpi_time_precision + 0;
:vpi_module "/usr/lib/x86_64-linux-gnu/ivl/system.vpi";
:vpi_module "/usr/lib/x86_64-linux-gnu/ivl/vhdl_sys.vpi";
:vpi_module "/usr/lib/x86_64-linux-gnu/ivl/vhdl_textio.vpi";
:vpi_module "/usr/lib/x86_64-linux-gnu/ivl/v2005_math.vpi";
:vpi_module "/usr/lib/x86_64-linux-gnu/ivl/va_math.vpi";
S_0x5629c2467e20 .scope module, "clock" "clock" 2 15;
 .timescale 0 0;
    .port_info 0 /OUTPUT 1 "clk";
v0x5629c2469350_0 .var "clk", 0 0;
    .scope S_0x5629c2467e20;
T_0 ;
    %pushi/vec4 0, 0, 1;
    %store/vec4 v0x5629c2469350_0, 0, 1;
    %end;
    .thread T_0;
    .scope S_0x5629c2467e20;
T_1 ;
    %delay 12, 0;
    %load/vec4 v0x5629c2469350_0;
    %inv;
    %store/vec4 v0x5629c2469350_0, 0, 1;
    %jmp T_1;
    .thread T_1;
# The file index is used to find the file name in the following table.
:file_names 3;
    "N/A";
    "<interactive>";
    "clock.v";
