#! /usr/bin/vvp
:ivl_version "11.0 (stable)";
:ivl_delay_selection "TYPICAL";
:vpi_time_precision + 0;
:vpi_module "/usr/lib/x86_64-linux-gnu/ivl/system.vpi";
:vpi_module "/usr/lib/x86_64-linux-gnu/ivl/vhdl_sys.vpi";
:vpi_module "/usr/lib/x86_64-linux-gnu/ivl/vhdl_textio.vpi";
:vpi_module "/usr/lib/x86_64-linux-gnu/ivl/v2005_math.vpi";
:vpi_module "/usr/lib/x86_64-linux-gnu/ivl/va_math.vpi";
S_0x555a1e85ae20 .scope module, "Guia_0900" "Guia_0900" 2 30;
 .timescale 0 0;
v0x555a1e85c7b0_0 .net "clk", 0 0, v0x555a1e85c350_0;  1 drivers
S_0x555a1e85afb0 .scope module, "CLK1" "clock" 2 33, 2 15 0, S_0x555a1e85ae20;
 .timescale 0 0;
    .port_info 0 /OUTPUT 1 "clk";
v0x555a1e85c350_0 .var "clk", 0 0;
    .scope S_0x555a1e85afb0;
T_0 ;
    %pushi/vec4 0, 0, 1;
    %store/vec4 v0x555a1e85c350_0, 0, 1;
    %end;
    .thread T_0;
    .scope S_0x555a1e85afb0;
T_1 ;
    %delay 12, 0;
    %load/vec4 v0x555a1e85c350_0;
    %inv;
    %store/vec4 v0x555a1e85c350_0, 0, 1;
    %jmp T_1;
    .thread T_1;
    .scope S_0x555a1e85ae20;
T_2 ;
    %vpi_call 2 36 "$dumpfile", "Guia_0900.vcd" {0 0 0};
    %vpi_call 2 37 "$dumpvars" {0 0 0};
    %delay 120, 0;
    %vpi_call 2 38 "$finish" {0 0 0};
    %end;
    .thread T_2;
# The file index is used to find the file name in the following table.
:file_names 3;
    "N/A";
    "<interactive>";
    "Guia_0900.v";
