#! /usr/bin/vvp
:ivl_version "11.0 (stable)";
:ivl_delay_selection "TYPICAL";
:vpi_time_precision + 0;
:vpi_module "/usr/lib/x86_64-linux-gnu/ivl/system.vpi";
:vpi_module "/usr/lib/x86_64-linux-gnu/ivl/vhdl_sys.vpi";
:vpi_module "/usr/lib/x86_64-linux-gnu/ivl/vhdl_textio.vpi";
:vpi_module "/usr/lib/x86_64-linux-gnu/ivl/v2005_math.vpi";
:vpi_module "/usr/lib/x86_64-linux-gnu/ivl/va_math.vpi";
S_0x55ef4ce2cff0 .scope module, "test_Comparador" "test_Comparador" 2 70;
 .timescale 0 0;
v0x55ef4ce5c2e0_0 .net "Result_out", 0 0, L_0x55ef4ce60230;  1 drivers
v0x55ef4ce5c3a0_0 .var "chave", 0 0;
v0x55ef4ce5c440_0 .var "x", 5 0;
v0x55ef4ce5c540_0 .var "y", 5 0;
S_0x55ef4ce2d180 .scope module, "FS0" "ComparadorCompleto_6bits" 2 79, 2 43 0, S_0x55ef4ce2cff0;
 .timescale 0 0;
    .port_info 0 /OUTPUT 1 "Result_out";
    .port_info 1 /INPUT 6 "a";
    .port_info 2 /INPUT 6 "b";
    .port_info 3 /INPUT 1 "chave";
L_0x55ef4ce5f060/0/0 .functor AND 1, L_0x55ef4ce5f0d0, L_0x55ef4ce5f290, L_0x55ef4ce5f380, L_0x55ef4ce5f590;
L_0x55ef4ce5f060/0/4 .functor AND 1, L_0x55ef4ce5f630, L_0x55ef4ce5f7c0, C4<1>, C4<1>;
L_0x55ef4ce5f060 .functor AND 1, L_0x55ef4ce5f060/0/0, L_0x55ef4ce5f060/0/4, C4<1>, C4<1>;
L_0x55ef4ce5ef50/0/0 .functor OR 1, L_0x55ef4ce5f8b0, L_0x55ef4ce5f720, L_0x55ef4ce5faa0, L_0x55ef4ce5fc50;
L_0x55ef4ce5ef50/0/4 .functor OR 1, L_0x55ef4ce5fd40, L_0x55ef4ce5ff00, C4<0>, C4<0>;
L_0x55ef4ce5ef50 .functor OR 1, L_0x55ef4ce5ef50/0/0, L_0x55ef4ce5ef50/0/4, C4<0>, C4<0>;
L_0x55ef4ce5fff0 .functor AND 1, L_0x55ef4ce5f060, L_0x55ef4ce600b0, C4<1>, C4<1>;
L_0x55ef4ce600b0 .functor NOT 1, v0x55ef4ce5c3a0_0, C4<0>, C4<0>, C4<0>;
L_0x55ef4ce60170 .functor AND 1, L_0x55ef4ce5ef50, v0x55ef4ce5c3a0_0, C4<1>, C4<1>;
L_0x55ef4ce60230 .functor OR 1, L_0x55ef4ce5fff0, L_0x55ef4ce60170, C4<0>, C4<0>;
v0x55ef4ce5af70_0 .net "Result", 5 0, L_0x55ef4ce5ec30;  1 drivers
v0x55ef4ce5b070_0 .net "Result_AND", 0 0, L_0x55ef4ce5f060;  1 drivers
v0x55ef4ce5b130_0 .net "Result_AND_Chave", 0 0, L_0x55ef4ce5fff0;  1 drivers
v0x55ef4ce5b1d0_0 .net "Result_OR", 0 0, L_0x55ef4ce5ef50;  1 drivers
v0x55ef4ce5b290_0 .net "Result_OR_Chave", 0 0, L_0x55ef4ce60170;  1 drivers
v0x55ef4ce5b350_0 .net "Result_out", 0 0, L_0x55ef4ce60230;  alias, 1 drivers
v0x55ef4ce5b410_0 .net *"_ivl_38", 0 0, L_0x55ef4ce5f0d0;  1 drivers
v0x55ef4ce5b4f0_0 .net *"_ivl_40", 0 0, L_0x55ef4ce5f290;  1 drivers
v0x55ef4ce5b5d0_0 .net *"_ivl_42", 0 0, L_0x55ef4ce5f380;  1 drivers
v0x55ef4ce5b740_0 .net *"_ivl_44", 0 0, L_0x55ef4ce5f590;  1 drivers
v0x55ef4ce5b820_0 .net *"_ivl_46", 0 0, L_0x55ef4ce5f630;  1 drivers
v0x55ef4ce5b900_0 .net *"_ivl_48", 0 0, L_0x55ef4ce5f7c0;  1 drivers
v0x55ef4ce5b9e0_0 .net *"_ivl_50", 0 0, L_0x55ef4ce5f8b0;  1 drivers
v0x55ef4ce5bac0_0 .net *"_ivl_52", 0 0, L_0x55ef4ce5f720;  1 drivers
v0x55ef4ce5bba0_0 .net *"_ivl_54", 0 0, L_0x55ef4ce5faa0;  1 drivers
v0x55ef4ce5bc80_0 .net *"_ivl_56", 0 0, L_0x55ef4ce5fc50;  1 drivers
v0x55ef4ce5bd60_0 .net *"_ivl_58", 0 0, L_0x55ef4ce5fd40;  1 drivers
v0x55ef4ce5be40_0 .net *"_ivl_60", 0 0, L_0x55ef4ce5ff00;  1 drivers
v0x55ef4ce5bf20_0 .net *"_ivl_61", 0 0, L_0x55ef4ce600b0;  1 drivers
v0x55ef4ce5c000_0 .net "a", 5 0, v0x55ef4ce5c440_0;  1 drivers
v0x55ef4ce5c0e0_0 .net "b", 5 0, v0x55ef4ce5c540_0;  1 drivers
v0x55ef4ce5c1c0_0 .net "chave", 0 0, v0x55ef4ce5c3a0_0;  1 drivers
L_0x55ef4ce5cae0 .part v0x55ef4ce5c440_0, 0, 1;
L_0x55ef4ce5cbd0 .part v0x55ef4ce5c540_0, 0, 1;
L_0x55ef4ce5d200 .part v0x55ef4ce5c440_0, 1, 1;
L_0x55ef4ce5d2a0 .part v0x55ef4ce5c540_0, 1, 1;
L_0x55ef4ce5d8b0 .part v0x55ef4ce5c440_0, 2, 1;
L_0x55ef4ce5d950 .part v0x55ef4ce5c540_0, 2, 1;
L_0x55ef4ce5ded0 .part v0x55ef4ce5c440_0, 3, 1;
L_0x55ef4ce5df70 .part v0x55ef4ce5c540_0, 3, 1;
L_0x55ef4ce5e5a0 .part v0x55ef4ce5c440_0, 4, 1;
L_0x55ef4ce5e640 .part v0x55ef4ce5c540_0, 4, 1;
LS_0x55ef4ce5ec30_0_0 .concat8 [ 1 1 1 1], L_0x55ef4ce5c990, L_0x55ef4ce5d0b0, L_0x55ef4ce5d760, L_0x55ef4ce5dd80;
LS_0x55ef4ce5ec30_0_4 .concat8 [ 1 1 0 0], L_0x55ef4ce5e450, L_0x55ef4ce5eae0;
L_0x55ef4ce5ec30 .concat8 [ 4 2 0 0], LS_0x55ef4ce5ec30_0_0, LS_0x55ef4ce5ec30_0_4;
L_0x55ef4ce5eeb0 .part v0x55ef4ce5c440_0, 5, 1;
L_0x55ef4ce5efc0 .part v0x55ef4ce5c540_0, 5, 1;
L_0x55ef4ce5f0d0 .part L_0x55ef4ce5ec30, 0, 1;
L_0x55ef4ce5f290 .part L_0x55ef4ce5ec30, 1, 1;
L_0x55ef4ce5f380 .part L_0x55ef4ce5ec30, 2, 1;
L_0x55ef4ce5f590 .part L_0x55ef4ce5ec30, 3, 1;
L_0x55ef4ce5f630 .part L_0x55ef4ce5ec30, 4, 1;
L_0x55ef4ce5f7c0 .part L_0x55ef4ce5ec30, 5, 1;
L_0x55ef4ce5f8b0 .part L_0x55ef4ce5ec30, 0, 1;
L_0x55ef4ce5f720 .part L_0x55ef4ce5ec30, 1, 1;
L_0x55ef4ce5faa0 .part L_0x55ef4ce5ec30, 2, 1;
L_0x55ef4ce5fc50 .part L_0x55ef4ce5ec30, 3, 1;
L_0x55ef4ce5fd40 .part L_0x55ef4ce5ec30, 4, 1;
L_0x55ef4ce5ff00 .part L_0x55ef4ce5ec30, 5, 1;
S_0x55ef4ce27130 .scope module, "FS0" "ComparadorComun" 2 49, 2 25 0, S_0x55ef4ce2d180;
 .timescale 0 0;
    .port_info 0 /OUTPUT 1 "Result";
    .port_info 1 /INPUT 1 "a";
    .port_info 2 /INPUT 1 "b";
    .port_info 3 /INPUT 1 "chave";
L_0x55ef4ce215d0 .functor XNOR 1, L_0x55ef4ce5cae0, L_0x55ef4ce5cbd0, C4<0>, C4<0>;
L_0x55ef4ce1a9f0 .functor XOR 1, L_0x55ef4ce5cae0, L_0x55ef4ce5cbd0, C4<0>, C4<0>;
L_0x55ef4ce5c720 .functor AND 1, L_0x55ef4ce215d0, L_0x55ef4ce5c7e0, C4<1>, C4<1>;
L_0x55ef4ce5c7e0 .functor NOT 1, v0x55ef4ce5c3a0_0, C4<0>, C4<0>, C4<0>;
L_0x55ef4ce5c8d0 .functor AND 1, L_0x55ef4ce1a9f0, v0x55ef4ce5c3a0_0, C4<1>, C4<1>;
L_0x55ef4ce5c990 .functor OR 1, L_0x55ef4ce5c720, L_0x55ef4ce5c8d0, C4<0>, C4<0>;
v0x55ef4ce27310_0 .net "Result", 0 0, L_0x55ef4ce5c990;  1 drivers
v0x55ef4ce57790_0 .net "Result_xnor", 0 0, L_0x55ef4ce215d0;  1 drivers
v0x55ef4ce57850_0 .net "Result_xnor_2", 0 0, L_0x55ef4ce5c720;  1 drivers
v0x55ef4ce578f0_0 .net "Result_xor", 0 0, L_0x55ef4ce1a9f0;  1 drivers
v0x55ef4ce579b0_0 .net "Result_xor_2", 0 0, L_0x55ef4ce5c8d0;  1 drivers
v0x55ef4ce57ac0_0 .net *"_ivl_0", 0 0, L_0x55ef4ce5c7e0;  1 drivers
v0x55ef4ce57ba0_0 .net "a", 0 0, L_0x55ef4ce5cae0;  1 drivers
v0x55ef4ce57c60_0 .net "b", 0 0, L_0x55ef4ce5cbd0;  1 drivers
v0x55ef4ce57d20_0 .net "chave", 0 0, v0x55ef4ce5c3a0_0;  alias, 1 drivers
S_0x55ef4ce57e60 .scope module, "FS1" "ComparadorComun" 2 50, 2 25 0, S_0x55ef4ce2d180;
 .timescale 0 0;
    .port_info 0 /OUTPUT 1 "Result";
    .port_info 1 /INPUT 1 "a";
    .port_info 2 /INPUT 1 "b";
    .port_info 3 /INPUT 1 "chave";
L_0x55ef4ce5ccc0 .functor XNOR 1, L_0x55ef4ce5d200, L_0x55ef4ce5d2a0, C4<0>, C4<0>;
L_0x55ef4ce5cd30 .functor XOR 1, L_0x55ef4ce5d200, L_0x55ef4ce5d2a0, C4<0>, C4<0>;
L_0x55ef4ce5ce40 .functor AND 1, L_0x55ef4ce5ccc0, L_0x55ef4ce5cf00, C4<1>, C4<1>;
L_0x55ef4ce5cf00 .functor NOT 1, v0x55ef4ce5c3a0_0, C4<0>, C4<0>, C4<0>;
L_0x55ef4ce5cff0 .functor AND 1, L_0x55ef4ce5cd30, v0x55ef4ce5c3a0_0, C4<1>, C4<1>;
L_0x55ef4ce5d0b0 .functor OR 1, L_0x55ef4ce5ce40, L_0x55ef4ce5cff0, C4<0>, C4<0>;
v0x55ef4ce58010_0 .net "Result", 0 0, L_0x55ef4ce5d0b0;  1 drivers
v0x55ef4ce580d0_0 .net "Result_xnor", 0 0, L_0x55ef4ce5ccc0;  1 drivers
v0x55ef4ce58190_0 .net "Result_xnor_2", 0 0, L_0x55ef4ce5ce40;  1 drivers
v0x55ef4ce58230_0 .net "Result_xor", 0 0, L_0x55ef4ce5cd30;  1 drivers
v0x55ef4ce582f0_0 .net "Result_xor_2", 0 0, L_0x55ef4ce5cff0;  1 drivers
v0x55ef4ce58400_0 .net *"_ivl_0", 0 0, L_0x55ef4ce5cf00;  1 drivers
v0x55ef4ce584e0_0 .net "a", 0 0, L_0x55ef4ce5d200;  1 drivers
v0x55ef4ce585a0_0 .net "b", 0 0, L_0x55ef4ce5d2a0;  1 drivers
v0x55ef4ce58660_0 .net "chave", 0 0, v0x55ef4ce5c3a0_0;  alias, 1 drivers
S_0x55ef4ce58760 .scope module, "FS2" "ComparadorComun" 2 51, 2 25 0, S_0x55ef4ce2d180;
 .timescale 0 0;
    .port_info 0 /OUTPUT 1 "Result";
    .port_info 1 /INPUT 1 "a";
    .port_info 2 /INPUT 1 "b";
    .port_info 3 /INPUT 1 "chave";
L_0x55ef4ce5d370 .functor XNOR 1, L_0x55ef4ce5d8b0, L_0x55ef4ce5d950, C4<0>, C4<0>;
L_0x55ef4ce5d3e0 .functor XOR 1, L_0x55ef4ce5d8b0, L_0x55ef4ce5d950, C4<0>, C4<0>;
L_0x55ef4ce5d4f0 .functor AND 1, L_0x55ef4ce5d370, L_0x55ef4ce5d5b0, C4<1>, C4<1>;
L_0x55ef4ce5d5b0 .functor NOT 1, v0x55ef4ce5c3a0_0, C4<0>, C4<0>, C4<0>;
L_0x55ef4ce5d6a0 .functor AND 1, L_0x55ef4ce5d3e0, v0x55ef4ce5c3a0_0, C4<1>, C4<1>;
L_0x55ef4ce5d760 .functor OR 1, L_0x55ef4ce5d4f0, L_0x55ef4ce5d6a0, C4<0>, C4<0>;
v0x55ef4ce58920_0 .net "Result", 0 0, L_0x55ef4ce5d760;  1 drivers
v0x55ef4ce589e0_0 .net "Result_xnor", 0 0, L_0x55ef4ce5d370;  1 drivers
v0x55ef4ce58aa0_0 .net "Result_xnor_2", 0 0, L_0x55ef4ce5d4f0;  1 drivers
v0x55ef4ce58b70_0 .net "Result_xor", 0 0, L_0x55ef4ce5d3e0;  1 drivers
v0x55ef4ce58c30_0 .net "Result_xor_2", 0 0, L_0x55ef4ce5d6a0;  1 drivers
v0x55ef4ce58d40_0 .net *"_ivl_0", 0 0, L_0x55ef4ce5d5b0;  1 drivers
v0x55ef4ce58e20_0 .net "a", 0 0, L_0x55ef4ce5d8b0;  1 drivers
v0x55ef4ce58ee0_0 .net "b", 0 0, L_0x55ef4ce5d950;  1 drivers
v0x55ef4ce58fa0_0 .net "chave", 0 0, v0x55ef4ce5c3a0_0;  alias, 1 drivers
S_0x55ef4ce59150 .scope module, "FS3" "ComparadorComun" 2 52, 2 25 0, S_0x55ef4ce2d180;
 .timescale 0 0;
    .port_info 0 /OUTPUT 1 "Result";
    .port_info 1 /INPUT 1 "a";
    .port_info 2 /INPUT 1 "b";
    .port_info 3 /INPUT 1 "chave";
L_0x55ef4ce5da30 .functor XNOR 1, L_0x55ef4ce5ded0, L_0x55ef4ce5df70, C4<0>, C4<0>;
L_0x55ef4ce5daa0 .functor XOR 1, L_0x55ef4ce5ded0, L_0x55ef4ce5df70, C4<0>, C4<0>;
L_0x55ef4ce5db10 .functor AND 1, L_0x55ef4ce5da30, L_0x55ef4ce5dbd0, C4<1>, C4<1>;
L_0x55ef4ce5dbd0 .functor NOT 1, v0x55ef4ce5c3a0_0, C4<0>, C4<0>, C4<0>;
L_0x55ef4ce5dcc0 .functor AND 1, L_0x55ef4ce5daa0, v0x55ef4ce5c3a0_0, C4<1>, C4<1>;
L_0x55ef4ce5dd80 .functor OR 1, L_0x55ef4ce5db10, L_0x55ef4ce5dcc0, C4<0>, C4<0>;
v0x55ef4ce59330_0 .net "Result", 0 0, L_0x55ef4ce5dd80;  1 drivers
v0x55ef4ce59410_0 .net "Result_xnor", 0 0, L_0x55ef4ce5da30;  1 drivers
v0x55ef4ce594d0_0 .net "Result_xnor_2", 0 0, L_0x55ef4ce5db10;  1 drivers
v0x55ef4ce59570_0 .net "Result_xor", 0 0, L_0x55ef4ce5daa0;  1 drivers
v0x55ef4ce59630_0 .net "Result_xor_2", 0 0, L_0x55ef4ce5dcc0;  1 drivers
v0x55ef4ce59740_0 .net *"_ivl_0", 0 0, L_0x55ef4ce5dbd0;  1 drivers
v0x55ef4ce59820_0 .net "a", 0 0, L_0x55ef4ce5ded0;  1 drivers
v0x55ef4ce598e0_0 .net "b", 0 0, L_0x55ef4ce5df70;  1 drivers
v0x55ef4ce599a0_0 .net "chave", 0 0, v0x55ef4ce5c3a0_0;  alias, 1 drivers
S_0x55ef4ce59b50 .scope module, "FS4" "ComparadorComun" 2 53, 2 25 0, S_0x55ef4ce2d180;
 .timescale 0 0;
    .port_info 0 /OUTPUT 1 "Result";
    .port_info 1 /INPUT 1 "a";
    .port_info 2 /INPUT 1 "b";
    .port_info 3 /INPUT 1 "chave";
L_0x55ef4ce5e060 .functor XNOR 1, L_0x55ef4ce5e5a0, L_0x55ef4ce5e640, C4<0>, C4<0>;
L_0x55ef4ce5e0d0 .functor XOR 1, L_0x55ef4ce5e5a0, L_0x55ef4ce5e640, C4<0>, C4<0>;
L_0x55ef4ce5e1e0 .functor AND 1, L_0x55ef4ce5e060, L_0x55ef4ce5e2a0, C4<1>, C4<1>;
L_0x55ef4ce5e2a0 .functor NOT 1, v0x55ef4ce5c3a0_0, C4<0>, C4<0>, C4<0>;
L_0x55ef4ce5e390 .functor AND 1, L_0x55ef4ce5e0d0, v0x55ef4ce5c3a0_0, C4<1>, C4<1>;
L_0x55ef4ce5e450 .functor OR 1, L_0x55ef4ce5e1e0, L_0x55ef4ce5e390, C4<0>, C4<0>;
v0x55ef4ce59d30_0 .net "Result", 0 0, L_0x55ef4ce5e450;  1 drivers
v0x55ef4ce59e10_0 .net "Result_xnor", 0 0, L_0x55ef4ce5e060;  1 drivers
v0x55ef4ce59ed0_0 .net "Result_xnor_2", 0 0, L_0x55ef4ce5e1e0;  1 drivers
v0x55ef4ce59f70_0 .net "Result_xor", 0 0, L_0x55ef4ce5e0d0;  1 drivers
v0x55ef4ce5a030_0 .net "Result_xor_2", 0 0, L_0x55ef4ce5e390;  1 drivers
v0x55ef4ce5a140_0 .net *"_ivl_0", 0 0, L_0x55ef4ce5e2a0;  1 drivers
v0x55ef4ce5a220_0 .net "a", 0 0, L_0x55ef4ce5e5a0;  1 drivers
v0x55ef4ce5a2e0_0 .net "b", 0 0, L_0x55ef4ce5e640;  1 drivers
v0x55ef4ce5a3a0_0 .net "chave", 0 0, v0x55ef4ce5c3a0_0;  alias, 1 drivers
S_0x55ef4ce5a5e0 .scope module, "FS5" "ComparadorComun" 2 54, 2 25 0, S_0x55ef4ce2d180;
 .timescale 0 0;
    .port_info 0 /OUTPUT 1 "Result";
    .port_info 1 /INPUT 1 "a";
    .port_info 2 /INPUT 1 "b";
    .port_info 3 /INPUT 1 "chave";
L_0x55ef4ce5e740 .functor XNOR 1, L_0x55ef4ce5eeb0, L_0x55ef4ce5efc0, C4<0>, C4<0>;
L_0x55ef4ce5e7b0 .functor XOR 1, L_0x55ef4ce5eeb0, L_0x55ef4ce5efc0, C4<0>, C4<0>;
L_0x55ef4ce5e870 .functor AND 1, L_0x55ef4ce5e740, L_0x55ef4ce5e930, C4<1>, C4<1>;
L_0x55ef4ce5e930 .functor NOT 1, v0x55ef4ce5c3a0_0, C4<0>, C4<0>, C4<0>;
L_0x55ef4ce5ea20 .functor AND 1, L_0x55ef4ce5e7b0, v0x55ef4ce5c3a0_0, C4<1>, C4<1>;
L_0x55ef4ce5eae0 .functor OR 1, L_0x55ef4ce5e870, L_0x55ef4ce5ea20, C4<0>, C4<0>;
v0x55ef4ce5a770_0 .net "Result", 0 0, L_0x55ef4ce5eae0;  1 drivers
v0x55ef4ce5a850_0 .net "Result_xnor", 0 0, L_0x55ef4ce5e740;  1 drivers
v0x55ef4ce5a910_0 .net "Result_xnor_2", 0 0, L_0x55ef4ce5e870;  1 drivers
v0x55ef4ce5a9e0_0 .net "Result_xor", 0 0, L_0x55ef4ce5e7b0;  1 drivers
v0x55ef4ce5aaa0_0 .net "Result_xor_2", 0 0, L_0x55ef4ce5ea20;  1 drivers
v0x55ef4ce5ab60_0 .net *"_ivl_0", 0 0, L_0x55ef4ce5e930;  1 drivers
v0x55ef4ce5ac40_0 .net "a", 0 0, L_0x55ef4ce5eeb0;  1 drivers
v0x55ef4ce5ad00_0 .net "b", 0 0, L_0x55ef4ce5efc0;  1 drivers
v0x55ef4ce5adc0_0 .net "chave", 0 0, v0x55ef4ce5c3a0_0;  alias, 1 drivers
    .scope S_0x55ef4ce2cff0;
T_0 ;
    %vpi_call 2 84 "$display", "Guia_0807 - Davi C\303\242ndido de Almeida - 857859" {0 0 0};
    %vpi_call 2 85 "$display", "Test ComparadorCompleto_6bits" {0 0 0};
    %pushi/vec4 0, 0, 1;
    %store/vec4 v0x55ef4ce5c3a0_0, 0, 1;
    %pushi/vec4 10, 0, 6;
    %store/vec4 v0x55ef4ce5c440_0, 0, 6;
    %pushi/vec4 5, 0, 6;
    %store/vec4 v0x55ef4ce5c540_0, 0, 6;
    %delay 1, 0;
    %vpi_call 2 94 "$monitor", "x = %b, y = %b, Result = %b, Chave = %b", v0x55ef4ce5c440_0, v0x55ef4ce5c540_0, v0x55ef4ce5c2e0_0, v0x55ef4ce5c3a0_0 {0 0 0};
    %vpi_call 2 96 "$display", "\012Chave = 0 - Igualdade" {0 0 0};
    %pushi/vec4 0, 0, 1;
    %store/vec4 v0x55ef4ce5c3a0_0, 0, 1;
    %delay 1, 0;
    %pushi/vec4 0, 0, 6;
    %store/vec4 v0x55ef4ce5c440_0, 0, 6;
    %pushi/vec4 0, 0, 6;
    %store/vec4 v0x55ef4ce5c540_0, 0, 6;
    %delay 1, 0;
    %pushi/vec4 1, 0, 6;
    %store/vec4 v0x55ef4ce5c440_0, 0, 6;
    %pushi/vec4 0, 0, 6;
    %store/vec4 v0x55ef4ce5c540_0, 0, 6;
    %delay 1, 0;
    %pushi/vec4 1, 0, 6;
    %store/vec4 v0x55ef4ce5c440_0, 0, 6;
    %pushi/vec4 1, 0, 6;
    %store/vec4 v0x55ef4ce5c540_0, 0, 6;
    %delay 1, 0;
    %pushi/vec4 2, 0, 6;
    %store/vec4 v0x55ef4ce5c440_0, 0, 6;
    %pushi/vec4 1, 0, 6;
    %store/vec4 v0x55ef4ce5c540_0, 0, 6;
    %delay 1, 0;
    %pushi/vec4 3, 0, 6;
    %store/vec4 v0x55ef4ce5c440_0, 0, 6;
    %pushi/vec4 1, 0, 6;
    %store/vec4 v0x55ef4ce5c540_0, 0, 6;
    %delay 1, 0;
    %pushi/vec4 4, 0, 6;
    %store/vec4 v0x55ef4ce5c440_0, 0, 6;
    %pushi/vec4 2, 0, 6;
    %store/vec4 v0x55ef4ce5c540_0, 0, 6;
    %delay 1, 0;
    %pushi/vec4 5, 0, 6;
    %store/vec4 v0x55ef4ce5c440_0, 0, 6;
    %pushi/vec4 2, 0, 6;
    %store/vec4 v0x55ef4ce5c540_0, 0, 6;
    %delay 1, 0;
    %pushi/vec4 8, 0, 6;
    %store/vec4 v0x55ef4ce5c440_0, 0, 6;
    %pushi/vec4 4, 0, 6;
    %store/vec4 v0x55ef4ce5c540_0, 0, 6;
    %vpi_call 2 108 "$display", "\012Chave = 1 - Desigualdade" {0 0 0};
    %pushi/vec4 1, 0, 1;
    %store/vec4 v0x55ef4ce5c3a0_0, 0, 1;
    %delay 1, 0;
    %pushi/vec4 0, 0, 6;
    %store/vec4 v0x55ef4ce5c440_0, 0, 6;
    %pushi/vec4 0, 0, 6;
    %store/vec4 v0x55ef4ce5c540_0, 0, 6;
    %delay 1, 0;
    %pushi/vec4 1, 0, 6;
    %store/vec4 v0x55ef4ce5c440_0, 0, 6;
    %pushi/vec4 0, 0, 6;
    %store/vec4 v0x55ef4ce5c540_0, 0, 6;
    %delay 1, 0;
    %pushi/vec4 1, 0, 6;
    %store/vec4 v0x55ef4ce5c440_0, 0, 6;
    %pushi/vec4 1, 0, 6;
    %store/vec4 v0x55ef4ce5c540_0, 0, 6;
    %delay 1, 0;
    %pushi/vec4 2, 0, 6;
    %store/vec4 v0x55ef4ce5c440_0, 0, 6;
    %pushi/vec4 1, 0, 6;
    %store/vec4 v0x55ef4ce5c540_0, 0, 6;
    %delay 1, 0;
    %pushi/vec4 3, 0, 6;
    %store/vec4 v0x55ef4ce5c440_0, 0, 6;
    %pushi/vec4 1, 0, 6;
    %store/vec4 v0x55ef4ce5c540_0, 0, 6;
    %delay 1, 0;
    %pushi/vec4 4, 0, 6;
    %store/vec4 v0x55ef4ce5c440_0, 0, 6;
    %pushi/vec4 2, 0, 6;
    %store/vec4 v0x55ef4ce5c540_0, 0, 6;
    %delay 1, 0;
    %pushi/vec4 5, 0, 6;
    %store/vec4 v0x55ef4ce5c440_0, 0, 6;
    %pushi/vec4 2, 0, 6;
    %store/vec4 v0x55ef4ce5c540_0, 0, 6;
    %delay 1, 0;
    %pushi/vec4 8, 0, 6;
    %store/vec4 v0x55ef4ce5c440_0, 0, 6;
    %pushi/vec4 4, 0, 6;
    %store/vec4 v0x55ef4ce5c540_0, 0, 6;
    %end;
    .thread T_0;
# The file index is used to find the file name in the following table.
:file_names 3;
    "N/A";
    "<interactive>";
    "Guia_0807.v";
