#! /usr/bin/vvp
:ivl_version "11.0 (stable)";
:ivl_delay_selection "TYPICAL";
:vpi_time_precision + 0;
:vpi_module "/usr/lib/x86_64-linux-gnu/ivl/system.vpi";
:vpi_module "/usr/lib/x86_64-linux-gnu/ivl/vhdl_sys.vpi";
:vpi_module "/usr/lib/x86_64-linux-gnu/ivl/vhdl_textio.vpi";
:vpi_module "/usr/lib/x86_64-linux-gnu/ivl/v2005_math.vpi";
:vpi_module "/usr/lib/x86_64-linux-gnu/ivl/va_math.vpi";
S_0x5634dfa4acf0 .scope module, "test_ContadorAnel" "test_ContadorAnel" 2 14;
 .timescale 0 0;
v0x5634dfab2880_0 .var "clear", 0 0;
v0x5634dfab2940_0 .var "clk", 0 0;
v0x5634dfab2a00_0 .var "in1", 0 0;
v0x5634dfab2aa0_0 .var "input1", 0 0;
v0x5634dfab2b40_0 .net "out_a", 0 0, v0x5634dfaaf660_0;  1 drivers
v0x5634dfab2be0_0 .net "out_b", 0 0, v0x5634dfaaff20_0;  1 drivers
v0x5634dfab2c80_0 .net "out_c", 0 0, v0x5634dfab0840_0;  1 drivers
v0x5634dfab2d20_0 .net "out_d", 0 0, v0x5634dfab1180_0;  1 drivers
v0x5634dfab2dc0_0 .net "out_e", 0 0, v0x5634dfab1ac0_0;  1 drivers
S_0x5634dfa4ae80 .scope module, "contador" "ContadorAnel" 2 22, 3 14 0, S_0x5634dfa4acf0;
 .timescale 0 0;
    .port_info 0 /OUTPUT 1 "Qa";
    .port_info 1 /OUTPUT 1 "Qb";
    .port_info 2 /OUTPUT 1 "Qc";
    .port_info 3 /OUTPUT 1 "Qd";
    .port_info 4 /OUTPUT 1 "Qe";
    .port_info 5 /INPUT 1 "input1";
    .port_info 6 /INPUT 1 "clk";
    .port_info 7 /INPUT 1 "clr";
L_0x5634dfa80e60 .functor OR 1, v0x5634dfab2aa0_0, v0x5634dfab1ac0_0, C4<0>, C4<0>;
L_0x5634dfab2f90 .functor NOT 1, L_0x5634dfa80e60, C4<0>, C4<0>, C4<0>;
L_0x5634dfab3020 .functor NOT 1, v0x5634dfaaf660_0, C4<0>, C4<0>, C4<0>;
L_0x5634dfab3120 .functor NOT 1, v0x5634dfaaff20_0, C4<0>, C4<0>, C4<0>;
L_0x5634dfab3280 .functor NOT 1, v0x5634dfab0840_0, C4<0>, C4<0>, C4<0>;
L_0x5634dfab33e0 .functor NOT 1, v0x5634dfab1180_0, C4<0>, C4<0>, C4<0>;
v0x5634dfab1d00_0 .net "QNot_a", 0 0, v0x5634dfaaf720_0;  1 drivers
v0x5634dfab1df0_0 .net "QNot_b", 0 0, v0x5634dfaaffc0_0;  1 drivers
v0x5634dfab1ec0_0 .net "QNot_c", 0 0, v0x5634dfab08e0_0;  1 drivers
RS_0x7f6fa8388768 .resolv tri, v0x5634dfab1220_0, v0x5634dfab1b60_0;
v0x5634dfab1fc0_0 .net8 "QNot_d", 0 0, RS_0x7f6fa8388768;  2 drivers
v0x5634dfab2060_0 .net "Qa", 0 0, v0x5634dfaaf660_0;  alias, 1 drivers
v0x5634dfab21a0_0 .net "Qb", 0 0, v0x5634dfaaff20_0;  alias, 1 drivers
v0x5634dfab2290_0 .net "Qc", 0 0, v0x5634dfab0840_0;  alias, 1 drivers
v0x5634dfab2380_0 .net "Qd", 0 0, v0x5634dfab1180_0;  alias, 1 drivers
v0x5634dfab2470_0 .net "Qe", 0 0, v0x5634dfab1ac0_0;  alias, 1 drivers
v0x5634dfab25a0_0 .net "clk", 0 0, v0x5634dfab2940_0;  1 drivers
v0x5634dfab2640_0 .net "clr", 0 0, v0x5634dfab2880_0;  1 drivers
v0x5634dfab26e0_0 .net "input1", 0 0, v0x5634dfab2aa0_0;  1 drivers
v0x5634dfab2780_0 .net "or1", 0 0, L_0x5634dfa80e60;  1 drivers
S_0x5634dfa8b6d0 .scope module, "Flip_Flop_JK_a" "jkff" 3 25, 4 13 0, S_0x5634dfa4ae80;
 .timescale 0 0;
    .port_info 0 /OUTPUT 1 "q";
    .port_info 1 /OUTPUT 1 "qnot";
    .port_info 2 /INPUT 1 "j";
    .port_info 3 /INPUT 1 "k";
    .port_info 4 /INPUT 1 "clk";
    .port_info 5 /INPUT 1 "preset";
    .port_info 6 /INPUT 1 "clear";
v0x5634dfa8b960_0 .net "clear", 0 0, v0x5634dfab2880_0;  alias, 1 drivers
v0x5634dfaaf330_0 .net "clk", 0 0, v0x5634dfab2940_0;  alias, 1 drivers
v0x5634dfaaf3f0_0 .net "j", 0 0, L_0x5634dfa80e60;  alias, 1 drivers
v0x5634dfaaf490_0 .net "k", 0 0, L_0x5634dfab2f90;  1 drivers
L_0x7f6fa833f018 .functor BUFT 1, C4<0>, C4<0>, C4<0>, C4<0>;
v0x5634dfaaf550_0 .net "preset", 0 0, L_0x7f6fa833f018;  1 drivers
v0x5634dfaaf660_0 .var "q", 0 0;
v0x5634dfaaf720_0 .var "qnot", 0 0;
E_0x5634dfa82960 .event posedge, v0x5634dfa8b960_0, v0x5634dfaaf550_0, v0x5634dfaaf330_0;
S_0x5634dfaaf8c0 .scope module, "Flip_Flop_JK_b" "jkff" 3 26, 4 13 0, S_0x5634dfa4ae80;
 .timescale 0 0;
    .port_info 0 /OUTPUT 1 "q";
    .port_info 1 /OUTPUT 1 "qnot";
    .port_info 2 /INPUT 1 "j";
    .port_info 3 /INPUT 1 "k";
    .port_info 4 /INPUT 1 "clk";
    .port_info 5 /INPUT 1 "preset";
    .port_info 6 /INPUT 1 "clear";
v0x5634dfaafb90_0 .net "clear", 0 0, v0x5634dfab2880_0;  alias, 1 drivers
v0x5634dfaafc50_0 .net "clk", 0 0, v0x5634dfab2940_0;  alias, 1 drivers
v0x5634dfaafcf0_0 .net "j", 0 0, v0x5634dfaaf660_0;  alias, 1 drivers
v0x5634dfaafd90_0 .net "k", 0 0, L_0x5634dfab3020;  1 drivers
L_0x7f6fa833f060 .functor BUFT 1, C4<0>, C4<0>, C4<0>, C4<0>;
v0x5634dfaafe30_0 .net "preset", 0 0, L_0x7f6fa833f060;  1 drivers
v0x5634dfaaff20_0 .var "q", 0 0;
v0x5634dfaaffc0_0 .var "qnot", 0 0;
E_0x5634dfa90770 .event posedge, v0x5634dfa8b960_0, v0x5634dfaafe30_0, v0x5634dfaaf330_0;
S_0x5634dfab0140 .scope module, "Flip_Flop_JK_c" "jkff" 3 27, 4 13 0, S_0x5634dfa4ae80;
 .timescale 0 0;
    .port_info 0 /OUTPUT 1 "q";
    .port_info 1 /OUTPUT 1 "qnot";
    .port_info 2 /INPUT 1 "j";
    .port_info 3 /INPUT 1 "k";
    .port_info 4 /INPUT 1 "clk";
    .port_info 5 /INPUT 1 "preset";
    .port_info 6 /INPUT 1 "clear";
v0x5634dfab03f0_0 .net "clear", 0 0, v0x5634dfab2880_0;  alias, 1 drivers
v0x5634dfab0500_0 .net "clk", 0 0, v0x5634dfab2940_0;  alias, 1 drivers
v0x5634dfab0610_0 .net "j", 0 0, v0x5634dfaaff20_0;  alias, 1 drivers
v0x5634dfab06b0_0 .net "k", 0 0, L_0x5634dfab3120;  1 drivers
L_0x7f6fa833f0a8 .functor BUFT 1, C4<0>, C4<0>, C4<0>, C4<0>;
v0x5634dfab0750_0 .net "preset", 0 0, L_0x7f6fa833f0a8;  1 drivers
v0x5634dfab0840_0 .var "q", 0 0;
v0x5634dfab08e0_0 .var "qnot", 0 0;
E_0x5634dfa90940 .event posedge, v0x5634dfa8b960_0, v0x5634dfab0750_0, v0x5634dfaaf330_0;
S_0x5634dfab0ac0 .scope module, "Flip_Flop_JK_d" "jkff" 3 28, 4 13 0, S_0x5634dfa4ae80;
 .timescale 0 0;
    .port_info 0 /OUTPUT 1 "q";
    .port_info 1 /OUTPUT 1 "qnot";
    .port_info 2 /INPUT 1 "j";
    .port_info 3 /INPUT 1 "k";
    .port_info 4 /INPUT 1 "clk";
    .port_info 5 /INPUT 1 "preset";
    .port_info 6 /INPUT 1 "clear";
v0x5634dfab0dd0_0 .net "clear", 0 0, v0x5634dfab2880_0;  alias, 1 drivers
v0x5634dfab0e90_0 .net "clk", 0 0, v0x5634dfab2940_0;  alias, 1 drivers
v0x5634dfab0f50_0 .net "j", 0 0, v0x5634dfab0840_0;  alias, 1 drivers
v0x5634dfab0ff0_0 .net "k", 0 0, L_0x5634dfab3280;  1 drivers
L_0x7f6fa833f0f0 .functor BUFT 1, C4<0>, C4<0>, C4<0>, C4<0>;
v0x5634dfab1090_0 .net "preset", 0 0, L_0x7f6fa833f0f0;  1 drivers
v0x5634dfab1180_0 .var "q", 0 0;
v0x5634dfab1220_0 .var "qnot", 0 0;
E_0x5634dfab0d50 .event posedge, v0x5634dfa8b960_0, v0x5634dfab1090_0, v0x5634dfaaf330_0;
S_0x5634dfab1400 .scope module, "Flip_Flop_JK_e" "jkff" 3 29, 4 13 0, S_0x5634dfa4ae80;
 .timescale 0 0;
    .port_info 0 /OUTPUT 1 "q";
    .port_info 1 /OUTPUT 1 "qnot";
    .port_info 2 /INPUT 1 "j";
    .port_info 3 /INPUT 1 "k";
    .port_info 4 /INPUT 1 "clk";
    .port_info 5 /INPUT 1 "preset";
    .port_info 6 /INPUT 1 "clear";
v0x5634dfab1760_0 .net "clear", 0 0, v0x5634dfab2880_0;  alias, 1 drivers
v0x5634dfab1820_0 .net "clk", 0 0, v0x5634dfab2940_0;  alias, 1 drivers
v0x5634dfab18e0_0 .net "j", 0 0, v0x5634dfab1180_0;  alias, 1 drivers
v0x5634dfab1980_0 .net "k", 0 0, L_0x5634dfab33e0;  1 drivers
L_0x7f6fa833f138 .functor BUFT 1, C4<0>, C4<0>, C4<0>, C4<0>;
v0x5634dfab1a20_0 .net "preset", 0 0, L_0x7f6fa833f138;  1 drivers
v0x5634dfab1ac0_0 .var "q", 0 0;
v0x5634dfab1b60_0 .var "qnot", 0 0;
E_0x5634dfab16e0 .event posedge, v0x5634dfa8b960_0, v0x5634dfab1a20_0, v0x5634dfaaf330_0;
    .scope S_0x5634dfa8b6d0;
T_0 ;
    %wait E_0x5634dfa82960;
    %load/vec4 v0x5634dfa8b960_0;
    %flag_set/vec4 8;
    %jmp/0xz  T_0.0, 8;
    %pushi/vec4 0, 0, 1;
    %assign/vec4 v0x5634dfaaf660_0, 0;
    %pushi/vec4 1, 0, 1;
    %assign/vec4 v0x5634dfaaf720_0, 0;
    %jmp T_0.1;
T_0.0 ;
    %load/vec4 v0x5634dfaaf550_0;
    %flag_set/vec4 8;
    %jmp/0xz  T_0.2, 8;
    %pushi/vec4 1, 0, 1;
    %assign/vec4 v0x5634dfaaf660_0, 0;
    %pushi/vec4 0, 0, 1;
    %assign/vec4 v0x5634dfaaf720_0, 0;
    %jmp T_0.3;
T_0.2 ;
    %load/vec4 v0x5634dfaaf3f0_0;
    %load/vec4 v0x5634dfaaf490_0;
    %inv;
    %and;
    %flag_set/vec4 8;
    %jmp/0xz  T_0.4, 8;
    %pushi/vec4 1, 0, 1;
    %assign/vec4 v0x5634dfaaf660_0, 0;
    %pushi/vec4 0, 0, 1;
    %assign/vec4 v0x5634dfaaf720_0, 0;
    %jmp T_0.5;
T_0.4 ;
    %load/vec4 v0x5634dfaaf3f0_0;
    %inv;
    %load/vec4 v0x5634dfaaf490_0;
    %and;
    %flag_set/vec4 8;
    %jmp/0xz  T_0.6, 8;
    %pushi/vec4 0, 0, 1;
    %assign/vec4 v0x5634dfaaf660_0, 0;
    %pushi/vec4 1, 0, 1;
    %assign/vec4 v0x5634dfaaf720_0, 0;
    %jmp T_0.7;
T_0.6 ;
    %load/vec4 v0x5634dfaaf3f0_0;
    %load/vec4 v0x5634dfaaf490_0;
    %and;
    %flag_set/vec4 8;
    %jmp/0xz  T_0.8, 8;
    %load/vec4 v0x5634dfaaf660_0;
    %inv;
    %assign/vec4 v0x5634dfaaf660_0, 0;
    %load/vec4 v0x5634dfaaf720_0;
    %inv;
    %assign/vec4 v0x5634dfaaf720_0, 0;
T_0.8 ;
T_0.7 ;
T_0.5 ;
T_0.3 ;
T_0.1 ;
    %jmp T_0;
    .thread T_0;
    .scope S_0x5634dfaaf8c0;
T_1 ;
    %wait E_0x5634dfa90770;
    %load/vec4 v0x5634dfaafb90_0;
    %flag_set/vec4 8;
    %jmp/0xz  T_1.0, 8;
    %pushi/vec4 0, 0, 1;
    %assign/vec4 v0x5634dfaaff20_0, 0;
    %pushi/vec4 1, 0, 1;
    %assign/vec4 v0x5634dfaaffc0_0, 0;
    %jmp T_1.1;
T_1.0 ;
    %load/vec4 v0x5634dfaafe30_0;
    %flag_set/vec4 8;
    %jmp/0xz  T_1.2, 8;
    %pushi/vec4 1, 0, 1;
    %assign/vec4 v0x5634dfaaff20_0, 0;
    %pushi/vec4 0, 0, 1;
    %assign/vec4 v0x5634dfaaffc0_0, 0;
    %jmp T_1.3;
T_1.2 ;
    %load/vec4 v0x5634dfaafcf0_0;
    %load/vec4 v0x5634dfaafd90_0;
    %inv;
    %and;
    %flag_set/vec4 8;
    %jmp/0xz  T_1.4, 8;
    %pushi/vec4 1, 0, 1;
    %assign/vec4 v0x5634dfaaff20_0, 0;
    %pushi/vec4 0, 0, 1;
    %assign/vec4 v0x5634dfaaffc0_0, 0;
    %jmp T_1.5;
T_1.4 ;
    %load/vec4 v0x5634dfaafcf0_0;
    %inv;
    %load/vec4 v0x5634dfaafd90_0;
    %and;
    %flag_set/vec4 8;
    %jmp/0xz  T_1.6, 8;
    %pushi/vec4 0, 0, 1;
    %assign/vec4 v0x5634dfaaff20_0, 0;
    %pushi/vec4 1, 0, 1;
    %assign/vec4 v0x5634dfaaffc0_0, 0;
    %jmp T_1.7;
T_1.6 ;
    %load/vec4 v0x5634dfaafcf0_0;
    %load/vec4 v0x5634dfaafd90_0;
    %and;
    %flag_set/vec4 8;
    %jmp/0xz  T_1.8, 8;
    %load/vec4 v0x5634dfaaff20_0;
    %inv;
    %assign/vec4 v0x5634dfaaff20_0, 0;
    %load/vec4 v0x5634dfaaffc0_0;
    %inv;
    %assign/vec4 v0x5634dfaaffc0_0, 0;
T_1.8 ;
T_1.7 ;
T_1.5 ;
T_1.3 ;
T_1.1 ;
    %jmp T_1;
    .thread T_1;
    .scope S_0x5634dfab0140;
T_2 ;
    %wait E_0x5634dfa90940;
    %load/vec4 v0x5634dfab03f0_0;
    %flag_set/vec4 8;
    %jmp/0xz  T_2.0, 8;
    %pushi/vec4 0, 0, 1;
    %assign/vec4 v0x5634dfab0840_0, 0;
    %pushi/vec4 1, 0, 1;
    %assign/vec4 v0x5634dfab08e0_0, 0;
    %jmp T_2.1;
T_2.0 ;
    %load/vec4 v0x5634dfab0750_0;
    %flag_set/vec4 8;
    %jmp/0xz  T_2.2, 8;
    %pushi/vec4 1, 0, 1;
    %assign/vec4 v0x5634dfab0840_0, 0;
    %pushi/vec4 0, 0, 1;
    %assign/vec4 v0x5634dfab08e0_0, 0;
    %jmp T_2.3;
T_2.2 ;
    %load/vec4 v0x5634dfab0610_0;
    %load/vec4 v0x5634dfab06b0_0;
    %inv;
    %and;
    %flag_set/vec4 8;
    %jmp/0xz  T_2.4, 8;
    %pushi/vec4 1, 0, 1;
    %assign/vec4 v0x5634dfab0840_0, 0;
    %pushi/vec4 0, 0, 1;
    %assign/vec4 v0x5634dfab08e0_0, 0;
    %jmp T_2.5;
T_2.4 ;
    %load/vec4 v0x5634dfab0610_0;
    %inv;
    %load/vec4 v0x5634dfab06b0_0;
    %and;
    %flag_set/vec4 8;
    %jmp/0xz  T_2.6, 8;
    %pushi/vec4 0, 0, 1;
    %assign/vec4 v0x5634dfab0840_0, 0;
    %pushi/vec4 1, 0, 1;
    %assign/vec4 v0x5634dfab08e0_0, 0;
    %jmp T_2.7;
T_2.6 ;
    %load/vec4 v0x5634dfab0610_0;
    %load/vec4 v0x5634dfab06b0_0;
    %and;
    %flag_set/vec4 8;
    %jmp/0xz  T_2.8, 8;
    %load/vec4 v0x5634dfab0840_0;
    %inv;
    %assign/vec4 v0x5634dfab0840_0, 0;
    %load/vec4 v0x5634dfab08e0_0;
    %inv;
    %assign/vec4 v0x5634dfab08e0_0, 0;
T_2.8 ;
T_2.7 ;
T_2.5 ;
T_2.3 ;
T_2.1 ;
    %jmp T_2;
    .thread T_2;
    .scope S_0x5634dfab0ac0;
T_3 ;
    %wait E_0x5634dfab0d50;
    %load/vec4 v0x5634dfab0dd0_0;
    %flag_set/vec4 8;
    %jmp/0xz  T_3.0, 8;
    %pushi/vec4 0, 0, 1;
    %assign/vec4 v0x5634dfab1180_0, 0;
    %pushi/vec4 1, 0, 1;
    %assign/vec4 v0x5634dfab1220_0, 0;
    %jmp T_3.1;
T_3.0 ;
    %load/vec4 v0x5634dfab1090_0;
    %flag_set/vec4 8;
    %jmp/0xz  T_3.2, 8;
    %pushi/vec4 1, 0, 1;
    %assign/vec4 v0x5634dfab1180_0, 0;
    %pushi/vec4 0, 0, 1;
    %assign/vec4 v0x5634dfab1220_0, 0;
    %jmp T_3.3;
T_3.2 ;
    %load/vec4 v0x5634dfab0f50_0;
    %load/vec4 v0x5634dfab0ff0_0;
    %inv;
    %and;
    %flag_set/vec4 8;
    %jmp/0xz  T_3.4, 8;
    %pushi/vec4 1, 0, 1;
    %assign/vec4 v0x5634dfab1180_0, 0;
    %pushi/vec4 0, 0, 1;
    %assign/vec4 v0x5634dfab1220_0, 0;
    %jmp T_3.5;
T_3.4 ;
    %load/vec4 v0x5634dfab0f50_0;
    %inv;
    %load/vec4 v0x5634dfab0ff0_0;
    %and;
    %flag_set/vec4 8;
    %jmp/0xz  T_3.6, 8;
    %pushi/vec4 0, 0, 1;
    %assign/vec4 v0x5634dfab1180_0, 0;
    %pushi/vec4 1, 0, 1;
    %assign/vec4 v0x5634dfab1220_0, 0;
    %jmp T_3.7;
T_3.6 ;
    %load/vec4 v0x5634dfab0f50_0;
    %load/vec4 v0x5634dfab0ff0_0;
    %and;
    %flag_set/vec4 8;
    %jmp/0xz  T_3.8, 8;
    %load/vec4 v0x5634dfab1180_0;
    %inv;
    %assign/vec4 v0x5634dfab1180_0, 0;
    %load/vec4 v0x5634dfab1220_0;
    %inv;
    %assign/vec4 v0x5634dfab1220_0, 0;
T_3.8 ;
T_3.7 ;
T_3.5 ;
T_3.3 ;
T_3.1 ;
    %jmp T_3;
    .thread T_3;
    .scope S_0x5634dfab1400;
T_4 ;
    %wait E_0x5634dfab16e0;
    %load/vec4 v0x5634dfab1760_0;
    %flag_set/vec4 8;
    %jmp/0xz  T_4.0, 8;
    %pushi/vec4 0, 0, 1;
    %assign/vec4 v0x5634dfab1ac0_0, 0;
    %pushi/vec4 1, 0, 1;
    %assign/vec4 v0x5634dfab1b60_0, 0;
    %jmp T_4.1;
T_4.0 ;
    %load/vec4 v0x5634dfab1a20_0;
    %flag_set/vec4 8;
    %jmp/0xz  T_4.2, 8;
    %pushi/vec4 1, 0, 1;
    %assign/vec4 v0x5634dfab1ac0_0, 0;
    %pushi/vec4 0, 0, 1;
    %assign/vec4 v0x5634dfab1b60_0, 0;
    %jmp T_4.3;
T_4.2 ;
    %load/vec4 v0x5634dfab18e0_0;
    %load/vec4 v0x5634dfab1980_0;
    %inv;
    %and;
    %flag_set/vec4 8;
    %jmp/0xz  T_4.4, 8;
    %pushi/vec4 1, 0, 1;
    %assign/vec4 v0x5634dfab1ac0_0, 0;
    %pushi/vec4 0, 0, 1;
    %assign/vec4 v0x5634dfab1b60_0, 0;
    %jmp T_4.5;
T_4.4 ;
    %load/vec4 v0x5634dfab18e0_0;
    %inv;
    %load/vec4 v0x5634dfab1980_0;
    %and;
    %flag_set/vec4 8;
    %jmp/0xz  T_4.6, 8;
    %pushi/vec4 0, 0, 1;
    %assign/vec4 v0x5634dfab1ac0_0, 0;
    %pushi/vec4 1, 0, 1;
    %assign/vec4 v0x5634dfab1b60_0, 0;
    %jmp T_4.7;
T_4.6 ;
    %load/vec4 v0x5634dfab18e0_0;
    %load/vec4 v0x5634dfab1980_0;
    %and;
    %flag_set/vec4 8;
    %jmp/0xz  T_4.8, 8;
    %load/vec4 v0x5634dfab1ac0_0;
    %inv;
    %assign/vec4 v0x5634dfab1ac0_0, 0;
    %load/vec4 v0x5634dfab1b60_0;
    %inv;
    %assign/vec4 v0x5634dfab1b60_0, 0;
T_4.8 ;
T_4.7 ;
T_4.5 ;
T_4.3 ;
T_4.1 ;
    %jmp T_4;
    .thread T_4;
    .scope S_0x5634dfa4acf0;
T_5 ;
    %pushi/vec4 0, 0, 1;
    %store/vec4 v0x5634dfab2940_0, 0, 1;
T_5.0 ;
    %delay 5, 0;
    %load/vec4 v0x5634dfab2940_0;
    %inv;
    %store/vec4 v0x5634dfab2940_0, 0, 1;
    %jmp T_5.0;
    %end;
    .thread T_5;
    .scope S_0x5634dfa4acf0;
T_6 ;
    %vpi_call 2 32 "$monitor", "Tempo=%0t | clk=%b | clear=%b | input = %b | out=%b%b%b%b%b", $time, v0x5634dfab2940_0, v0x5634dfab2880_0, v0x5634dfab2aa0_0, v0x5634dfab2b40_0, v0x5634dfab2be0_0, v0x5634dfab2c80_0, v0x5634dfab2d20_0, v0x5634dfab2dc0_0 {0 0 0};
    %pushi/vec4 0, 0, 1;
    %store/vec4 v0x5634dfab2a00_0, 0, 1;
    %pushi/vec4 1, 0, 1;
    %store/vec4 v0x5634dfab2aa0_0, 0, 1;
    %pushi/vec4 1, 0, 1;
    %store/vec4 v0x5634dfab2880_0, 0, 1;
    %delay 10, 0;
    %pushi/vec4 0, 0, 1;
    %store/vec4 v0x5634dfab2880_0, 0, 1;
    %delay 5, 0;
    %pushi/vec4 1, 0, 1;
    %store/vec4 v0x5634dfab2aa0_0, 0, 1;
    %delay 5, 0;
    %pushi/vec4 0, 0, 1;
    %store/vec4 v0x5634dfab2aa0_0, 0, 1;
    %delay 10, 0;
    %delay 10, 0;
    %delay 10, 0;
    %delay 10, 0;
    %delay 10, 0;
    %delay 10, 0;
    %delay 5, 0;
    %pushi/vec4 1, 0, 1;
    %store/vec4 v0x5634dfab2aa0_0, 0, 1;
    %delay 5, 0;
    %pushi/vec4 0, 0, 1;
    %store/vec4 v0x5634dfab2aa0_0, 0, 1;
    %delay 10, 0;
    %delay 10, 0;
    %delay 10, 0;
    %delay 10, 0;
    %delay 10, 0;
    %delay 10, 0;
    %vpi_call 2 63 "$finish" {0 0 0};
    %end;
    .thread T_6;
# The file index is used to find the file name in the following table.
:file_names 5;
    "N/A";
    "<interactive>";
    "Guia_1306.v";
    "./ContadorAnel.v";
    "./Flip_Flop_JK.v";
