#! /usr/bin/vvp
:ivl_version "11.0 (stable)";
:ivl_delay_selection "TYPICAL";
:vpi_time_precision + 0;
:vpi_module "/usr/lib/x86_64-linux-gnu/ivl/system.vpi";
:vpi_module "/usr/lib/x86_64-linux-gnu/ivl/vhdl_sys.vpi";
:vpi_module "/usr/lib/x86_64-linux-gnu/ivl/vhdl_textio.vpi";
:vpi_module "/usr/lib/x86_64-linux-gnu/ivl/v2005_math.vpi";
:vpi_module "/usr/lib/x86_64-linux-gnu/ivl/va_math.vpi";
S_0x563e33d8ccf0 .scope module, "test_ContadorDecadicoCrescente" "test_ContadorDecadicoCrescente" 2 14;
 .timescale 0 0;
v0x563e33df6de0_0 .var "clear", 0 0;
v0x563e33df6ed0_0 .var "clk", 0 0;
v0x563e33df6f70_0 .var "in1", 0 0;
v0x563e33df7040_0 .net "out_a", 0 0, v0x563e33df5fa0_0;  1 drivers
v0x563e33df70e0_0 .net "out_b", 0 0, v0x563e33df5650_0;  1 drivers
v0x563e33df71d0_0 .net "out_c", 0 0, v0x563e33df4d90_0;  1 drivers
v0x563e33df72c0_0 .net "out_d", 0 0, v0x563e33df4450_0;  1 drivers
v0x563e33df73b0_0 .var "pulse", 0 0;
S_0x563e33d8ce80 .scope module, "contador" "ContadorDecadicoCrescente" 2 22, 3 14 0, S_0x563e33d8ccf0;
 .timescale 0 0;
    .port_info 0 /OUTPUT 1 "Qd";
    .port_info 1 /OUTPUT 1 "Qc";
    .port_info 2 /OUTPUT 1 "Qb";
    .port_info 3 /OUTPUT 1 "Qa";
    .port_info 4 /INPUT 1 "pulse";
    .port_info 5 /INPUT 1 "in1";
    .port_info 6 /INPUT 1 "clr";
L_0x563e33dbf850 .functor NAND 1, L_0x563e33df74a0, v0x563e33df4d90_0, L_0x563e33df7560, v0x563e33df5fa0_0;
L_0x563e33df74a0 .functor NOT 1, v0x563e33df4450_0, C4<0>, C4<0>, C4<0>;
L_0x563e33df7560 .functor NOT 1, v0x563e33df5650_0, C4<0>, C4<0>, C4<0>;
L_0x563e33df7620 .functor NAND 1, v0x563e33df6de0_0, L_0x563e33dbf850, C4<1>, C4<1>;
v0x563e33df6200_0 .net "QNot_a", 0 0, v0x563e33df4510_0;  1 drivers
v0x563e33df6310_0 .net "QNot_b", 0 0, v0x563e33df4e30_0;  1 drivers
v0x563e33df6420_0 .net "QNot_c", 0 0, v0x563e33df56f0_0;  1 drivers
v0x563e33df6510_0 .net "QNot_d", 0 0, v0x563e33df6040_0;  1 drivers
v0x563e33df65b0_0 .net "Qa", 0 0, v0x563e33df4450_0;  alias, 1 drivers
v0x563e33df66a0_0 .net "Qb", 0 0, v0x563e33df4d90_0;  alias, 1 drivers
v0x563e33df6740_0 .net "Qc", 0 0, v0x563e33df5650_0;  alias, 1 drivers
v0x563e33df67e0_0 .net "Qd", 0 0, v0x563e33df5fa0_0;  alias, 1 drivers
v0x563e33df68b0_0 .net *"_ivl_0", 0 0, L_0x563e33df74a0;  1 drivers
v0x563e33df6950_0 .net *"_ivl_2", 0 0, L_0x563e33df7560;  1 drivers
v0x563e33df69f0_0 .net "clr", 0 0, v0x563e33df6de0_0;  1 drivers
v0x563e33df6a90_0 .net "in1", 0 0, v0x563e33df6f70_0;  1 drivers
v0x563e33df6b30_0 .net "nand1", 0 0, L_0x563e33dbf850;  1 drivers
v0x563e33df6bd0_0 .net "nand2", 0 0, L_0x563e33df7620;  1 drivers
v0x563e33df6c70_0 .net "pulse", 0 0, v0x563e33df73b0_0;  1 drivers
S_0x563e33dcd230 .scope module, "Flip_Flop_JK_a" "jkff" 3 26, 4 13 0, S_0x563e33d8ce80;
 .timescale 0 0;
    .port_info 0 /OUTPUT 1 "q";
    .port_info 1 /OUTPUT 1 "qnot";
    .port_info 2 /INPUT 1 "j";
    .port_info 3 /INPUT 1 "k";
    .port_info 4 /INPUT 1 "clk";
    .port_info 5 /INPUT 1 "preset";
    .port_info 6 /INPUT 1 "clear";
v0x563e33d8d110_0 .net "clear", 0 0, L_0x563e33df7620;  alias, 1 drivers
v0x563e33df4160_0 .net "clk", 0 0, v0x563e33df73b0_0;  alias, 1 drivers
v0x563e33df4220_0 .net "j", 0 0, v0x563e33df6f70_0;  alias, 1 drivers
v0x563e33df42c0_0 .net "k", 0 0, v0x563e33df6f70_0;  alias, 1 drivers
L_0x7fa996f25018 .functor BUFT 1, C4<0>, C4<0>, C4<0>, C4<0>;
v0x563e33df4360_0 .net "preset", 0 0, L_0x7fa996f25018;  1 drivers
v0x563e33df4450_0 .var "q", 0 0;
v0x563e33df4510_0 .var "qnot", 0 0;
E_0x563e33db0a10 .event posedge, v0x563e33d8d110_0, v0x563e33df4360_0, v0x563e33df4160_0;
S_0x563e33df46b0 .scope module, "Flip_Flop_JK_b" "jkff" 3 27, 4 13 0, S_0x563e33d8ce80;
 .timescale 0 0;
    .port_info 0 /OUTPUT 1 "q";
    .port_info 1 /OUTPUT 1 "qnot";
    .port_info 2 /INPUT 1 "j";
    .port_info 3 /INPUT 1 "k";
    .port_info 4 /INPUT 1 "clk";
    .port_info 5 /INPUT 1 "preset";
    .port_info 6 /INPUT 1 "clear";
v0x563e33df4980_0 .net "clear", 0 0, L_0x563e33df7620;  alias, 1 drivers
v0x563e33df4a40_0 .net "clk", 0 0, v0x563e33df4510_0;  alias, 1 drivers
v0x563e33df4ae0_0 .net "j", 0 0, v0x563e33df6f70_0;  alias, 1 drivers
v0x563e33df4c00_0 .net "k", 0 0, v0x563e33df6f70_0;  alias, 1 drivers
L_0x7fa996f25060 .functor BUFT 1, C4<0>, C4<0>, C4<0>, C4<0>;
v0x563e33df4ca0_0 .net "preset", 0 0, L_0x7fa996f25060;  1 drivers
v0x563e33df4d90_0 .var "q", 0 0;
v0x563e33df4e30_0 .var "qnot", 0 0;
E_0x563e33dc38a0 .event posedge, v0x563e33d8d110_0, v0x563e33df4ca0_0, v0x563e33df4510_0;
S_0x563e33df4fb0 .scope module, "Flip_Flop_JK_c" "jkff" 3 28, 4 13 0, S_0x563e33d8ce80;
 .timescale 0 0;
    .port_info 0 /OUTPUT 1 "q";
    .port_info 1 /OUTPUT 1 "qnot";
    .port_info 2 /INPUT 1 "j";
    .port_info 3 /INPUT 1 "k";
    .port_info 4 /INPUT 1 "clk";
    .port_info 5 /INPUT 1 "preset";
    .port_info 6 /INPUT 1 "clear";
v0x563e33df52a0_0 .net "clear", 0 0, L_0x563e33df7620;  alias, 1 drivers
v0x563e33df53b0_0 .net "clk", 0 0, v0x563e33df4e30_0;  alias, 1 drivers
v0x563e33df5470_0 .net "j", 0 0, v0x563e33df6f70_0;  alias, 1 drivers
v0x563e33df5510_0 .net "k", 0 0, v0x563e33df6f70_0;  alias, 1 drivers
L_0x7fa996f250a8 .functor BUFT 1, C4<0>, C4<0>, C4<0>, C4<0>;
v0x563e33df55b0_0 .net "preset", 0 0, L_0x7fa996f250a8;  1 drivers
v0x563e33df5650_0 .var "q", 0 0;
v0x563e33df56f0_0 .var "qnot", 0 0;
E_0x563e33df5240 .event posedge, v0x563e33d8d110_0, v0x563e33df55b0_0, v0x563e33df4e30_0;
S_0x563e33df58b0 .scope module, "Flip_Flop_JK_d" "jkff" 3 29, 4 13 0, S_0x563e33d8ce80;
 .timescale 0 0;
    .port_info 0 /OUTPUT 1 "q";
    .port_info 1 /OUTPUT 1 "qnot";
    .port_info 2 /INPUT 1 "j";
    .port_info 3 /INPUT 1 "k";
    .port_info 4 /INPUT 1 "clk";
    .port_info 5 /INPUT 1 "preset";
    .port_info 6 /INPUT 1 "clear";
v0x563e33df5bc0_0 .net "clear", 0 0, L_0x563e33df7620;  alias, 1 drivers
v0x563e33df5c80_0 .net "clk", 0 0, v0x563e33df56f0_0;  alias, 1 drivers
v0x563e33df5d40_0 .net "j", 0 0, v0x563e33df6f70_0;  alias, 1 drivers
v0x563e33df5e10_0 .net "k", 0 0, v0x563e33df6f70_0;  alias, 1 drivers
L_0x7fa996f250f0 .functor BUFT 1, C4<0>, C4<0>, C4<0>, C4<0>;
v0x563e33df5eb0_0 .net "preset", 0 0, L_0x7fa996f250f0;  1 drivers
v0x563e33df5fa0_0 .var "q", 0 0;
v0x563e33df6040_0 .var "qnot", 0 0;
E_0x563e33df5b40 .event posedge, v0x563e33d8d110_0, v0x563e33df5eb0_0, v0x563e33df56f0_0;
    .scope S_0x563e33dcd230;
T_0 ;
    %wait E_0x563e33db0a10;
    %load/vec4 v0x563e33d8d110_0;
    %flag_set/vec4 8;
    %jmp/0xz  T_0.0, 8;
    %pushi/vec4 0, 0, 1;
    %assign/vec4 v0x563e33df4450_0, 0;
    %pushi/vec4 1, 0, 1;
    %assign/vec4 v0x563e33df4510_0, 0;
    %jmp T_0.1;
T_0.0 ;
    %load/vec4 v0x563e33df4360_0;
    %flag_set/vec4 8;
    %jmp/0xz  T_0.2, 8;
    %pushi/vec4 1, 0, 1;
    %assign/vec4 v0x563e33df4450_0, 0;
    %pushi/vec4 0, 0, 1;
    %assign/vec4 v0x563e33df4510_0, 0;
    %jmp T_0.3;
T_0.2 ;
    %load/vec4 v0x563e33df4220_0;
    %load/vec4 v0x563e33df42c0_0;
    %inv;
    %and;
    %flag_set/vec4 8;
    %jmp/0xz  T_0.4, 8;
    %pushi/vec4 1, 0, 1;
    %assign/vec4 v0x563e33df4450_0, 0;
    %pushi/vec4 0, 0, 1;
    %assign/vec4 v0x563e33df4510_0, 0;
    %jmp T_0.5;
T_0.4 ;
    %load/vec4 v0x563e33df4220_0;
    %inv;
    %load/vec4 v0x563e33df42c0_0;
    %and;
    %flag_set/vec4 8;
    %jmp/0xz  T_0.6, 8;
    %pushi/vec4 0, 0, 1;
    %assign/vec4 v0x563e33df4450_0, 0;
    %pushi/vec4 1, 0, 1;
    %assign/vec4 v0x563e33df4510_0, 0;
    %jmp T_0.7;
T_0.6 ;
    %load/vec4 v0x563e33df4220_0;
    %load/vec4 v0x563e33df42c0_0;
    %and;
    %flag_set/vec4 8;
    %jmp/0xz  T_0.8, 8;
    %load/vec4 v0x563e33df4450_0;
    %inv;
    %assign/vec4 v0x563e33df4450_0, 0;
    %load/vec4 v0x563e33df4510_0;
    %inv;
    %assign/vec4 v0x563e33df4510_0, 0;
T_0.8 ;
T_0.7 ;
T_0.5 ;
T_0.3 ;
T_0.1 ;
    %jmp T_0;
    .thread T_0;
    .scope S_0x563e33df46b0;
T_1 ;
    %wait E_0x563e33dc38a0;
    %load/vec4 v0x563e33df4980_0;
    %flag_set/vec4 8;
    %jmp/0xz  T_1.0, 8;
    %pushi/vec4 0, 0, 1;
    %assign/vec4 v0x563e33df4d90_0, 0;
    %pushi/vec4 1, 0, 1;
    %assign/vec4 v0x563e33df4e30_0, 0;
    %jmp T_1.1;
T_1.0 ;
    %load/vec4 v0x563e33df4ca0_0;
    %flag_set/vec4 8;
    %jmp/0xz  T_1.2, 8;
    %pushi/vec4 1, 0, 1;
    %assign/vec4 v0x563e33df4d90_0, 0;
    %pushi/vec4 0, 0, 1;
    %assign/vec4 v0x563e33df4e30_0, 0;
    %jmp T_1.3;
T_1.2 ;
    %load/vec4 v0x563e33df4ae0_0;
    %load/vec4 v0x563e33df4c00_0;
    %inv;
    %and;
    %flag_set/vec4 8;
    %jmp/0xz  T_1.4, 8;
    %pushi/vec4 1, 0, 1;
    %assign/vec4 v0x563e33df4d90_0, 0;
    %pushi/vec4 0, 0, 1;
    %assign/vec4 v0x563e33df4e30_0, 0;
    %jmp T_1.5;
T_1.4 ;
    %load/vec4 v0x563e33df4ae0_0;
    %inv;
    %load/vec4 v0x563e33df4c00_0;
    %and;
    %flag_set/vec4 8;
    %jmp/0xz  T_1.6, 8;
    %pushi/vec4 0, 0, 1;
    %assign/vec4 v0x563e33df4d90_0, 0;
    %pushi/vec4 1, 0, 1;
    %assign/vec4 v0x563e33df4e30_0, 0;
    %jmp T_1.7;
T_1.6 ;
    %load/vec4 v0x563e33df4ae0_0;
    %load/vec4 v0x563e33df4c00_0;
    %and;
    %flag_set/vec4 8;
    %jmp/0xz  T_1.8, 8;
    %load/vec4 v0x563e33df4d90_0;
    %inv;
    %assign/vec4 v0x563e33df4d90_0, 0;
    %load/vec4 v0x563e33df4e30_0;
    %inv;
    %assign/vec4 v0x563e33df4e30_0, 0;
T_1.8 ;
T_1.7 ;
T_1.5 ;
T_1.3 ;
T_1.1 ;
    %jmp T_1;
    .thread T_1;
    .scope S_0x563e33df4fb0;
T_2 ;
    %wait E_0x563e33df5240;
    %load/vec4 v0x563e33df52a0_0;
    %flag_set/vec4 8;
    %jmp/0xz  T_2.0, 8;
    %pushi/vec4 0, 0, 1;
    %assign/vec4 v0x563e33df5650_0, 0;
    %pushi/vec4 1, 0, 1;
    %assign/vec4 v0x563e33df56f0_0, 0;
    %jmp T_2.1;
T_2.0 ;
    %load/vec4 v0x563e33df55b0_0;
    %flag_set/vec4 8;
    %jmp/0xz  T_2.2, 8;
    %pushi/vec4 1, 0, 1;
    %assign/vec4 v0x563e33df5650_0, 0;
    %pushi/vec4 0, 0, 1;
    %assign/vec4 v0x563e33df56f0_0, 0;
    %jmp T_2.3;
T_2.2 ;
    %load/vec4 v0x563e33df5470_0;
    %load/vec4 v0x563e33df5510_0;
    %inv;
    %and;
    %flag_set/vec4 8;
    %jmp/0xz  T_2.4, 8;
    %pushi/vec4 1, 0, 1;
    %assign/vec4 v0x563e33df5650_0, 0;
    %pushi/vec4 0, 0, 1;
    %assign/vec4 v0x563e33df56f0_0, 0;
    %jmp T_2.5;
T_2.4 ;
    %load/vec4 v0x563e33df5470_0;
    %inv;
    %load/vec4 v0x563e33df5510_0;
    %and;
    %flag_set/vec4 8;
    %jmp/0xz  T_2.6, 8;
    %pushi/vec4 0, 0, 1;
    %assign/vec4 v0x563e33df5650_0, 0;
    %pushi/vec4 1, 0, 1;
    %assign/vec4 v0x563e33df56f0_0, 0;
    %jmp T_2.7;
T_2.6 ;
    %load/vec4 v0x563e33df5470_0;
    %load/vec4 v0x563e33df5510_0;
    %and;
    %flag_set/vec4 8;
    %jmp/0xz  T_2.8, 8;
    %load/vec4 v0x563e33df5650_0;
    %inv;
    %assign/vec4 v0x563e33df5650_0, 0;
    %load/vec4 v0x563e33df56f0_0;
    %inv;
    %assign/vec4 v0x563e33df56f0_0, 0;
T_2.8 ;
T_2.7 ;
T_2.5 ;
T_2.3 ;
T_2.1 ;
    %jmp T_2;
    .thread T_2;
    .scope S_0x563e33df58b0;
T_3 ;
    %wait E_0x563e33df5b40;
    %load/vec4 v0x563e33df5bc0_0;
    %flag_set/vec4 8;
    %jmp/0xz  T_3.0, 8;
    %pushi/vec4 0, 0, 1;
    %assign/vec4 v0x563e33df5fa0_0, 0;
    %pushi/vec4 1, 0, 1;
    %assign/vec4 v0x563e33df6040_0, 0;
    %jmp T_3.1;
T_3.0 ;
    %load/vec4 v0x563e33df5eb0_0;
    %flag_set/vec4 8;
    %jmp/0xz  T_3.2, 8;
    %pushi/vec4 1, 0, 1;
    %assign/vec4 v0x563e33df5fa0_0, 0;
    %pushi/vec4 0, 0, 1;
    %assign/vec4 v0x563e33df6040_0, 0;
    %jmp T_3.3;
T_3.2 ;
    %load/vec4 v0x563e33df5d40_0;
    %load/vec4 v0x563e33df5e10_0;
    %inv;
    %and;
    %flag_set/vec4 8;
    %jmp/0xz  T_3.4, 8;
    %pushi/vec4 1, 0, 1;
    %assign/vec4 v0x563e33df5fa0_0, 0;
    %pushi/vec4 0, 0, 1;
    %assign/vec4 v0x563e33df6040_0, 0;
    %jmp T_3.5;
T_3.4 ;
    %load/vec4 v0x563e33df5d40_0;
    %inv;
    %load/vec4 v0x563e33df5e10_0;
    %and;
    %flag_set/vec4 8;
    %jmp/0xz  T_3.6, 8;
    %pushi/vec4 0, 0, 1;
    %assign/vec4 v0x563e33df5fa0_0, 0;
    %pushi/vec4 1, 0, 1;
    %assign/vec4 v0x563e33df6040_0, 0;
    %jmp T_3.7;
T_3.6 ;
    %load/vec4 v0x563e33df5d40_0;
    %load/vec4 v0x563e33df5e10_0;
    %and;
    %flag_set/vec4 8;
    %jmp/0xz  T_3.8, 8;
    %load/vec4 v0x563e33df5fa0_0;
    %inv;
    %assign/vec4 v0x563e33df5fa0_0, 0;
    %load/vec4 v0x563e33df6040_0;
    %inv;
    %assign/vec4 v0x563e33df6040_0, 0;
T_3.8 ;
T_3.7 ;
T_3.5 ;
T_3.3 ;
T_3.1 ;
    %jmp T_3;
    .thread T_3;
    .scope S_0x563e33d8ccf0;
T_4 ;
    %pushi/vec4 0, 0, 1;
    %store/vec4 v0x563e33df6ed0_0, 0, 1;
T_4.0 ;
    %delay 5, 0;
    %load/vec4 v0x563e33df6ed0_0;
    %inv;
    %store/vec4 v0x563e33df6ed0_0, 0, 1;
    %jmp T_4.0;
    %end;
    .thread T_4;
    .scope S_0x563e33d8ccf0;
T_5 ;
    %vpi_call 2 32 "$monitor", "Tempo=%0t | in1=%b | clear=%b | pulse = %b | out=%b%b%b%b", $time, v0x563e33df6f70_0, v0x563e33df6de0_0, v0x563e33df73b0_0, v0x563e33df7040_0, v0x563e33df70e0_0, v0x563e33df71d0_0, v0x563e33df72c0_0 {0 0 0};
    %pushi/vec4 0, 0, 1;
    %store/vec4 v0x563e33df6f70_0, 0, 1;
    %pushi/vec4 0, 0, 1;
    %store/vec4 v0x563e33df73b0_0, 0, 1;
    %pushi/vec4 1, 0, 1;
    %store/vec4 v0x563e33df6de0_0, 0, 1;
    %delay 10, 0;
    %pushi/vec4 0, 0, 1;
    %store/vec4 v0x563e33df6de0_0, 0, 1;
    %delay 10, 0;
    %pushi/vec4 1, 0, 1;
    %store/vec4 v0x563e33df6de0_0, 0, 1;
    %pushi/vec4 1, 0, 1;
    %store/vec4 v0x563e33df6f70_0, 0, 1;
    %delay 5, 0;
    %pushi/vec4 1, 0, 1;
    %store/vec4 v0x563e33df73b0_0, 0, 1;
    %delay 5, 0;
    %pushi/vec4 0, 0, 1;
    %store/vec4 v0x563e33df73b0_0, 0, 1;
    %delay 5, 0;
    %pushi/vec4 1, 0, 1;
    %store/vec4 v0x563e33df73b0_0, 0, 1;
    %delay 5, 0;
    %pushi/vec4 0, 0, 1;
    %store/vec4 v0x563e33df73b0_0, 0, 1;
    %delay 5, 0;
    %pushi/vec4 1, 0, 1;
    %store/vec4 v0x563e33df73b0_0, 0, 1;
    %delay 5, 0;
    %pushi/vec4 0, 0, 1;
    %store/vec4 v0x563e33df73b0_0, 0, 1;
    %delay 5, 0;
    %pushi/vec4 0, 0, 1;
    %store/vec4 v0x563e33df6f70_0, 0, 1;
    %delay 5, 0;
    %pushi/vec4 1, 0, 1;
    %store/vec4 v0x563e33df73b0_0, 0, 1;
    %delay 5, 0;
    %pushi/vec4 0, 0, 1;
    %store/vec4 v0x563e33df73b0_0, 0, 1;
    %delay 5, 0;
    %pushi/vec4 0, 0, 1;
    %store/vec4 v0x563e33df6f70_0, 0, 1;
    %delay 5, 0;
    %pushi/vec4 1, 0, 1;
    %store/vec4 v0x563e33df73b0_0, 0, 1;
    %delay 5, 0;
    %pushi/vec4 0, 0, 1;
    %store/vec4 v0x563e33df73b0_0, 0, 1;
    %delay 5, 0;
    %pushi/vec4 1, 0, 1;
    %store/vec4 v0x563e33df73b0_0, 0, 1;
    %delay 5, 0;
    %pushi/vec4 0, 0, 1;
    %store/vec4 v0x563e33df73b0_0, 0, 1;
    %delay 5, 0;
    %pushi/vec4 1, 0, 1;
    %store/vec4 v0x563e33df6f70_0, 0, 1;
    %delay 5, 0;
    %pushi/vec4 1, 0, 1;
    %store/vec4 v0x563e33df73b0_0, 0, 1;
    %delay 5, 0;
    %pushi/vec4 0, 0, 1;
    %store/vec4 v0x563e33df73b0_0, 0, 1;
    %delay 5, 0;
    %pushi/vec4 1, 0, 1;
    %store/vec4 v0x563e33df73b0_0, 0, 1;
    %delay 5, 0;
    %pushi/vec4 0, 0, 1;
    %store/vec4 v0x563e33df73b0_0, 0, 1;
    %delay 5, 0;
    %pushi/vec4 1, 0, 1;
    %store/vec4 v0x563e33df73b0_0, 0, 1;
    %delay 5, 0;
    %pushi/vec4 0, 0, 1;
    %store/vec4 v0x563e33df73b0_0, 0, 1;
    %delay 5, 0;
    %pushi/vec4 1, 0, 1;
    %store/vec4 v0x563e33df73b0_0, 0, 1;
    %delay 5, 0;
    %pushi/vec4 0, 0, 1;
    %store/vec4 v0x563e33df73b0_0, 0, 1;
    %delay 5, 0;
    %pushi/vec4 1, 0, 1;
    %store/vec4 v0x563e33df73b0_0, 0, 1;
    %delay 5, 0;
    %pushi/vec4 0, 0, 1;
    %store/vec4 v0x563e33df73b0_0, 0, 1;
    %delay 5, 0;
    %pushi/vec4 1, 0, 1;
    %store/vec4 v0x563e33df73b0_0, 0, 1;
    %delay 5, 0;
    %pushi/vec4 0, 0, 1;
    %store/vec4 v0x563e33df73b0_0, 0, 1;
    %delay 5, 0;
    %pushi/vec4 1, 0, 1;
    %store/vec4 v0x563e33df73b0_0, 0, 1;
    %delay 5, 0;
    %pushi/vec4 0, 0, 1;
    %store/vec4 v0x563e33df73b0_0, 0, 1;
    %delay 5, 0;
    %pushi/vec4 1, 0, 1;
    %store/vec4 v0x563e33df73b0_0, 0, 1;
    %delay 5, 0;
    %pushi/vec4 0, 0, 1;
    %store/vec4 v0x563e33df73b0_0, 0, 1;
    %delay 5, 0;
    %pushi/vec4 0, 0, 1;
    %store/vec4 v0x563e33df6de0_0, 0, 1;
    %vpi_call 2 101 "$finish" {0 0 0};
    %end;
    .thread T_5;
# The file index is used to find the file name in the following table.
:file_names 5;
    "N/A";
    "<interactive>";
    "Guia_1303.v";
    "./ContadorDecadicoCrescente.v";
    "./Flip_Flop_JK.v";
