#! /usr/bin/vvp
:ivl_version "11.0 (stable)";
:ivl_delay_selection "TYPICAL";
:vpi_time_precision + 0;
:vpi_module "/usr/lib/x86_64-linux-gnu/ivl/system.vpi";
:vpi_module "/usr/lib/x86_64-linux-gnu/ivl/vhdl_sys.vpi";
:vpi_module "/usr/lib/x86_64-linux-gnu/ivl/vhdl_textio.vpi";
:vpi_module "/usr/lib/x86_64-linux-gnu/ivl/v2005_math.vpi";
:vpi_module "/usr/lib/x86_64-linux-gnu/ivl/va_math.vpi";
S_0x55e035199cf0 .scope module, "test_ContadorAssincronoDecrescente" "test_ContadorAssincronoDecrescente" 2 14;
 .timescale 0 0;
v0x55e035206470_0 .var "clear", 0 0;
v0x55e035206530_0 .var "clk", 0 0;
v0x55e0352065f0_0 .var "in1", 0 0;
v0x55e0352066c0_0 .net "out_a", 0 0, v0x55e0352034d0_0;  1 drivers
v0x55e035206760_0 .net "out_b", 0 0, v0x55e035203de0_0;  1 drivers
v0x55e035206850_0 .net "out_c", 0 0, v0x55e035204660_0;  1 drivers
v0x55e0352068f0_0 .net "out_d", 0 0, v0x55e035204f80_0;  1 drivers
v0x55e035206990_0 .net "out_e", 0 0, v0x55e0352058a0_0;  1 drivers
v0x55e035206a30_0 .var "pulse", 0 0;
S_0x55e035199e80 .scope module, "contador" "ContadorAssincronoDecrescente" 2 22, 3 14 0, S_0x55e035199cf0;
 .timescale 0 0;
    .port_info 0 /OUTPUT 1 "QNot_a";
    .port_info 1 /OUTPUT 1 "QNot_b";
    .port_info 2 /OUTPUT 1 "QNot_c";
    .port_info 3 /OUTPUT 1 "QNot_d";
    .port_info 4 /OUTPUT 1 "QNot_e";
    .port_info 5 /INPUT 1 "pulse";
    .port_info 6 /INPUT 1 "in1";
    .port_info 7 /INPUT 1 "clr";
v0x55e035205a40_0 .net "QNot_a", 0 0, v0x55e0352034d0_0;  alias, 1 drivers
v0x55e035205b00_0 .net "QNot_b", 0 0, v0x55e035203de0_0;  alias, 1 drivers
v0x55e035205bf0_0 .net "QNot_c", 0 0, v0x55e035204660_0;  alias, 1 drivers
v0x55e035205ce0_0 .net "QNot_d", 0 0, v0x55e035204f80_0;  alias, 1 drivers
v0x55e035205dd0_0 .net "QNot_e", 0 0, v0x55e0352058a0_0;  alias, 1 drivers
v0x55e035205f10_0 .net "Qa", 0 0, v0x55e035203410_0;  1 drivers
v0x55e035205fb0_0 .net "Qb", 0 0, v0x55e035203d20_0;  1 drivers
v0x55e035206050_0 .net "Qc", 0 0, v0x55e0352045a0_0;  1 drivers
v0x55e0352060f0_0 .net "Qd", 0 0, v0x55e035204ec0_0;  1 drivers
v0x55e035206190_0 .net "Qe", 0 0, v0x55e0352057e0_0;  1 drivers
v0x55e035206260_0 .net "clr", 0 0, v0x55e035206470_0;  1 drivers
v0x55e035206300_0 .net "in1", 0 0, v0x55e0352065f0_0;  1 drivers
v0x55e0352063a0_0 .net "pulse", 0 0, v0x55e035206a30_0;  1 drivers
S_0x55e0351da1e0 .scope module, "Flip_Flop_JK_a" "jkff" 3 27, 4 13 0, S_0x55e035199e80;
 .timescale 0 0;
    .port_info 0 /OUTPUT 1 "q";
    .port_info 1 /OUTPUT 1 "qnot";
    .port_info 2 /INPUT 1 "j";
    .port_info 3 /INPUT 1 "k";
    .port_info 4 /INPUT 1 "clk";
    .port_info 5 /INPUT 1 "preset";
    .port_info 6 /INPUT 1 "clear";
v0x55e0351da470_0 .net "clear", 0 0, v0x55e035206470_0;  alias, 1 drivers
v0x55e035203120_0 .net "clk", 0 0, v0x55e035203de0_0;  alias, 1 drivers
v0x55e0352031e0_0 .net "j", 0 0, v0x55e0352065f0_0;  alias, 1 drivers
v0x55e035203280_0 .net "k", 0 0, v0x55e0352065f0_0;  alias, 1 drivers
L_0x7f9ecb285138 .functor BUFT 1, C4<0>, C4<0>, C4<0>, C4<0>;
v0x55e035203320_0 .net "preset", 0 0, L_0x7f9ecb285138;  1 drivers
v0x55e035203410_0 .var "q", 0 0;
v0x55e0352034d0_0 .var "qnot", 0 0;
E_0x55e0351d7540 .event posedge, v0x55e0351da470_0, v0x55e035203320_0, v0x55e035203120_0;
S_0x55e035203670 .scope module, "Flip_Flop_JK_b" "jkff" 3 26, 4 13 0, S_0x55e035199e80;
 .timescale 0 0;
    .port_info 0 /OUTPUT 1 "q";
    .port_info 1 /OUTPUT 1 "qnot";
    .port_info 2 /INPUT 1 "j";
    .port_info 3 /INPUT 1 "k";
    .port_info 4 /INPUT 1 "clk";
    .port_info 5 /INPUT 1 "preset";
    .port_info 6 /INPUT 1 "clear";
v0x55e035203940_0 .net "clear", 0 0, v0x55e035206470_0;  alias, 1 drivers
v0x55e035203a00_0 .net "clk", 0 0, v0x55e035204660_0;  alias, 1 drivers
v0x55e035203aa0_0 .net "j", 0 0, v0x55e0352065f0_0;  alias, 1 drivers
v0x55e035203b90_0 .net "k", 0 0, v0x55e0352065f0_0;  alias, 1 drivers
L_0x7f9ecb2850f0 .functor BUFT 1, C4<0>, C4<0>, C4<0>, C4<0>;
v0x55e035203c30_0 .net "preset", 0 0, L_0x7f9ecb2850f0;  1 drivers
v0x55e035203d20_0 .var "q", 0 0;
v0x55e035203de0_0 .var "qnot", 0 0;
E_0x55e0351cfc80 .event posedge, v0x55e0351da470_0, v0x55e035203c30_0, v0x55e035203a00_0;
S_0x55e035203f40 .scope module, "Flip_Flop_JK_c" "jkff" 3 25, 4 13 0, S_0x55e035199e80;
 .timescale 0 0;
    .port_info 0 /OUTPUT 1 "q";
    .port_info 1 /OUTPUT 1 "qnot";
    .port_info 2 /INPUT 1 "j";
    .port_info 3 /INPUT 1 "k";
    .port_info 4 /INPUT 1 "clk";
    .port_info 5 /INPUT 1 "preset";
    .port_info 6 /INPUT 1 "clear";
v0x55e0352041f0_0 .net "clear", 0 0, v0x55e035206470_0;  alias, 1 drivers
v0x55e035204300_0 .net "clk", 0 0, v0x55e035204f80_0;  alias, 1 drivers
v0x55e0352043c0_0 .net "j", 0 0, v0x55e0352065f0_0;  alias, 1 drivers
v0x55e035204460_0 .net "k", 0 0, v0x55e0352065f0_0;  alias, 1 drivers
L_0x7f9ecb2850a8 .functor BUFT 1, C4<0>, C4<0>, C4<0>, C4<0>;
v0x55e035204500_0 .net "preset", 0 0, L_0x7f9ecb2850a8;  1 drivers
v0x55e0352045a0_0 .var "q", 0 0;
v0x55e035204660_0 .var "qnot", 0 0;
E_0x55e0351e4090 .event posedge, v0x55e0351da470_0, v0x55e035204500_0, v0x55e035204300_0;
S_0x55e035204800 .scope module, "Flip_Flop_JK_d" "jkff" 3 24, 4 13 0, S_0x55e035199e80;
 .timescale 0 0;
    .port_info 0 /OUTPUT 1 "q";
    .port_info 1 /OUTPUT 1 "qnot";
    .port_info 2 /INPUT 1 "j";
    .port_info 3 /INPUT 1 "k";
    .port_info 4 /INPUT 1 "clk";
    .port_info 5 /INPUT 1 "preset";
    .port_info 6 /INPUT 1 "clear";
v0x55e035204b10_0 .net "clear", 0 0, v0x55e035206470_0;  alias, 1 drivers
v0x55e035204bd0_0 .net "clk", 0 0, v0x55e0352058a0_0;  alias, 1 drivers
v0x55e035204c90_0 .net "j", 0 0, v0x55e0352065f0_0;  alias, 1 drivers
v0x55e035204d30_0 .net "k", 0 0, v0x55e0352065f0_0;  alias, 1 drivers
L_0x7f9ecb285060 .functor BUFT 1, C4<0>, C4<0>, C4<0>, C4<0>;
v0x55e035204dd0_0 .net "preset", 0 0, L_0x7f9ecb285060;  1 drivers
v0x55e035204ec0_0 .var "q", 0 0;
v0x55e035204f80_0 .var "qnot", 0 0;
E_0x55e035204a90 .event posedge, v0x55e0351da470_0, v0x55e035204dd0_0, v0x55e035204bd0_0;
S_0x55e035205120 .scope module, "Flip_Flop_JK_e" "jkff" 3 23, 4 13 0, S_0x55e035199e80;
 .timescale 0 0;
    .port_info 0 /OUTPUT 1 "q";
    .port_info 1 /OUTPUT 1 "qnot";
    .port_info 2 /INPUT 1 "j";
    .port_info 3 /INPUT 1 "k";
    .port_info 4 /INPUT 1 "clk";
    .port_info 5 /INPUT 1 "preset";
    .port_info 6 /INPUT 1 "clear";
v0x55e035205480_0 .net "clear", 0 0, v0x55e035206470_0;  alias, 1 drivers
v0x55e035205540_0 .net "clk", 0 0, v0x55e035206a30_0;  alias, 1 drivers
v0x55e035205600_0 .net "j", 0 0, v0x55e0352065f0_0;  alias, 1 drivers
v0x55e0352056a0_0 .net "k", 0 0, v0x55e0352065f0_0;  alias, 1 drivers
L_0x7f9ecb285018 .functor BUFT 1, C4<0>, C4<0>, C4<0>, C4<0>;
v0x55e035205740_0 .net "preset", 0 0, L_0x7f9ecb285018;  1 drivers
v0x55e0352057e0_0 .var "q", 0 0;
v0x55e0352058a0_0 .var "qnot", 0 0;
E_0x55e035205400 .event posedge, v0x55e0351da470_0, v0x55e035205740_0, v0x55e035205540_0;
    .scope S_0x55e035205120;
T_0 ;
    %wait E_0x55e035205400;
    %load/vec4 v0x55e035205480_0;
    %flag_set/vec4 8;
    %jmp/0xz  T_0.0, 8;
    %pushi/vec4 0, 0, 1;
    %assign/vec4 v0x55e0352057e0_0, 0;
    %pushi/vec4 1, 0, 1;
    %assign/vec4 v0x55e0352058a0_0, 0;
    %jmp T_0.1;
T_0.0 ;
    %load/vec4 v0x55e035205740_0;
    %flag_set/vec4 8;
    %jmp/0xz  T_0.2, 8;
    %pushi/vec4 1, 0, 1;
    %assign/vec4 v0x55e0352057e0_0, 0;
    %pushi/vec4 0, 0, 1;
    %assign/vec4 v0x55e0352058a0_0, 0;
    %jmp T_0.3;
T_0.2 ;
    %load/vec4 v0x55e035205600_0;
    %load/vec4 v0x55e0352056a0_0;
    %inv;
    %and;
    %flag_set/vec4 8;
    %jmp/0xz  T_0.4, 8;
    %pushi/vec4 1, 0, 1;
    %assign/vec4 v0x55e0352057e0_0, 0;
    %pushi/vec4 0, 0, 1;
    %assign/vec4 v0x55e0352058a0_0, 0;
    %jmp T_0.5;
T_0.4 ;
    %load/vec4 v0x55e035205600_0;
    %inv;
    %load/vec4 v0x55e0352056a0_0;
    %and;
    %flag_set/vec4 8;
    %jmp/0xz  T_0.6, 8;
    %pushi/vec4 0, 0, 1;
    %assign/vec4 v0x55e0352057e0_0, 0;
    %pushi/vec4 1, 0, 1;
    %assign/vec4 v0x55e0352058a0_0, 0;
    %jmp T_0.7;
T_0.6 ;
    %load/vec4 v0x55e035205600_0;
    %load/vec4 v0x55e0352056a0_0;
    %and;
    %flag_set/vec4 8;
    %jmp/0xz  T_0.8, 8;
    %load/vec4 v0x55e0352057e0_0;
    %inv;
    %assign/vec4 v0x55e0352057e0_0, 0;
    %load/vec4 v0x55e0352058a0_0;
    %inv;
    %assign/vec4 v0x55e0352058a0_0, 0;
T_0.8 ;
T_0.7 ;
T_0.5 ;
T_0.3 ;
T_0.1 ;
    %jmp T_0;
    .thread T_0;
    .scope S_0x55e035204800;
T_1 ;
    %wait E_0x55e035204a90;
    %load/vec4 v0x55e035204b10_0;
    %flag_set/vec4 8;
    %jmp/0xz  T_1.0, 8;
    %pushi/vec4 0, 0, 1;
    %assign/vec4 v0x55e035204ec0_0, 0;
    %pushi/vec4 1, 0, 1;
    %assign/vec4 v0x55e035204f80_0, 0;
    %jmp T_1.1;
T_1.0 ;
    %load/vec4 v0x55e035204dd0_0;
    %flag_set/vec4 8;
    %jmp/0xz  T_1.2, 8;
    %pushi/vec4 1, 0, 1;
    %assign/vec4 v0x55e035204ec0_0, 0;
    %pushi/vec4 0, 0, 1;
    %assign/vec4 v0x55e035204f80_0, 0;
    %jmp T_1.3;
T_1.2 ;
    %load/vec4 v0x55e035204c90_0;
    %load/vec4 v0x55e035204d30_0;
    %inv;
    %and;
    %flag_set/vec4 8;
    %jmp/0xz  T_1.4, 8;
    %pushi/vec4 1, 0, 1;
    %assign/vec4 v0x55e035204ec0_0, 0;
    %pushi/vec4 0, 0, 1;
    %assign/vec4 v0x55e035204f80_0, 0;
    %jmp T_1.5;
T_1.4 ;
    %load/vec4 v0x55e035204c90_0;
    %inv;
    %load/vec4 v0x55e035204d30_0;
    %and;
    %flag_set/vec4 8;
    %jmp/0xz  T_1.6, 8;
    %pushi/vec4 0, 0, 1;
    %assign/vec4 v0x55e035204ec0_0, 0;
    %pushi/vec4 1, 0, 1;
    %assign/vec4 v0x55e035204f80_0, 0;
    %jmp T_1.7;
T_1.6 ;
    %load/vec4 v0x55e035204c90_0;
    %load/vec4 v0x55e035204d30_0;
    %and;
    %flag_set/vec4 8;
    %jmp/0xz  T_1.8, 8;
    %load/vec4 v0x55e035204ec0_0;
    %inv;
    %assign/vec4 v0x55e035204ec0_0, 0;
    %load/vec4 v0x55e035204f80_0;
    %inv;
    %assign/vec4 v0x55e035204f80_0, 0;
T_1.8 ;
T_1.7 ;
T_1.5 ;
T_1.3 ;
T_1.1 ;
    %jmp T_1;
    .thread T_1;
    .scope S_0x55e035203f40;
T_2 ;
    %wait E_0x55e0351e4090;
    %load/vec4 v0x55e0352041f0_0;
    %flag_set/vec4 8;
    %jmp/0xz  T_2.0, 8;
    %pushi/vec4 0, 0, 1;
    %assign/vec4 v0x55e0352045a0_0, 0;
    %pushi/vec4 1, 0, 1;
    %assign/vec4 v0x55e035204660_0, 0;
    %jmp T_2.1;
T_2.0 ;
    %load/vec4 v0x55e035204500_0;
    %flag_set/vec4 8;
    %jmp/0xz  T_2.2, 8;
    %pushi/vec4 1, 0, 1;
    %assign/vec4 v0x55e0352045a0_0, 0;
    %pushi/vec4 0, 0, 1;
    %assign/vec4 v0x55e035204660_0, 0;
    %jmp T_2.3;
T_2.2 ;
    %load/vec4 v0x55e0352043c0_0;
    %load/vec4 v0x55e035204460_0;
    %inv;
    %and;
    %flag_set/vec4 8;
    %jmp/0xz  T_2.4, 8;
    %pushi/vec4 1, 0, 1;
    %assign/vec4 v0x55e0352045a0_0, 0;
    %pushi/vec4 0, 0, 1;
    %assign/vec4 v0x55e035204660_0, 0;
    %jmp T_2.5;
T_2.4 ;
    %load/vec4 v0x55e0352043c0_0;
    %inv;
    %load/vec4 v0x55e035204460_0;
    %and;
    %flag_set/vec4 8;
    %jmp/0xz  T_2.6, 8;
    %pushi/vec4 0, 0, 1;
    %assign/vec4 v0x55e0352045a0_0, 0;
    %pushi/vec4 1, 0, 1;
    %assign/vec4 v0x55e035204660_0, 0;
    %jmp T_2.7;
T_2.6 ;
    %load/vec4 v0x55e0352043c0_0;
    %load/vec4 v0x55e035204460_0;
    %and;
    %flag_set/vec4 8;
    %jmp/0xz  T_2.8, 8;
    %load/vec4 v0x55e0352045a0_0;
    %inv;
    %assign/vec4 v0x55e0352045a0_0, 0;
    %load/vec4 v0x55e035204660_0;
    %inv;
    %assign/vec4 v0x55e035204660_0, 0;
T_2.8 ;
T_2.7 ;
T_2.5 ;
T_2.3 ;
T_2.1 ;
    %jmp T_2;
    .thread T_2;
    .scope S_0x55e035203670;
T_3 ;
    %wait E_0x55e0351cfc80;
    %load/vec4 v0x55e035203940_0;
    %flag_set/vec4 8;
    %jmp/0xz  T_3.0, 8;
    %pushi/vec4 0, 0, 1;
    %assign/vec4 v0x55e035203d20_0, 0;
    %pushi/vec4 1, 0, 1;
    %assign/vec4 v0x55e035203de0_0, 0;
    %jmp T_3.1;
T_3.0 ;
    %load/vec4 v0x55e035203c30_0;
    %flag_set/vec4 8;
    %jmp/0xz  T_3.2, 8;
    %pushi/vec4 1, 0, 1;
    %assign/vec4 v0x55e035203d20_0, 0;
    %pushi/vec4 0, 0, 1;
    %assign/vec4 v0x55e035203de0_0, 0;
    %jmp T_3.3;
T_3.2 ;
    %load/vec4 v0x55e035203aa0_0;
    %load/vec4 v0x55e035203b90_0;
    %inv;
    %and;
    %flag_set/vec4 8;
    %jmp/0xz  T_3.4, 8;
    %pushi/vec4 1, 0, 1;
    %assign/vec4 v0x55e035203d20_0, 0;
    %pushi/vec4 0, 0, 1;
    %assign/vec4 v0x55e035203de0_0, 0;
    %jmp T_3.5;
T_3.4 ;
    %load/vec4 v0x55e035203aa0_0;
    %inv;
    %load/vec4 v0x55e035203b90_0;
    %and;
    %flag_set/vec4 8;
    %jmp/0xz  T_3.6, 8;
    %pushi/vec4 0, 0, 1;
    %assign/vec4 v0x55e035203d20_0, 0;
    %pushi/vec4 1, 0, 1;
    %assign/vec4 v0x55e035203de0_0, 0;
    %jmp T_3.7;
T_3.6 ;
    %load/vec4 v0x55e035203aa0_0;
    %load/vec4 v0x55e035203b90_0;
    %and;
    %flag_set/vec4 8;
    %jmp/0xz  T_3.8, 8;
    %load/vec4 v0x55e035203d20_0;
    %inv;
    %assign/vec4 v0x55e035203d20_0, 0;
    %load/vec4 v0x55e035203de0_0;
    %inv;
    %assign/vec4 v0x55e035203de0_0, 0;
T_3.8 ;
T_3.7 ;
T_3.5 ;
T_3.3 ;
T_3.1 ;
    %jmp T_3;
    .thread T_3;
    .scope S_0x55e0351da1e0;
T_4 ;
    %wait E_0x55e0351d7540;
    %load/vec4 v0x55e0351da470_0;
    %flag_set/vec4 8;
    %jmp/0xz  T_4.0, 8;
    %pushi/vec4 0, 0, 1;
    %assign/vec4 v0x55e035203410_0, 0;
    %pushi/vec4 1, 0, 1;
    %assign/vec4 v0x55e0352034d0_0, 0;
    %jmp T_4.1;
T_4.0 ;
    %load/vec4 v0x55e035203320_0;
    %flag_set/vec4 8;
    %jmp/0xz  T_4.2, 8;
    %pushi/vec4 1, 0, 1;
    %assign/vec4 v0x55e035203410_0, 0;
    %pushi/vec4 0, 0, 1;
    %assign/vec4 v0x55e0352034d0_0, 0;
    %jmp T_4.3;
T_4.2 ;
    %load/vec4 v0x55e0352031e0_0;
    %load/vec4 v0x55e035203280_0;
    %inv;
    %and;
    %flag_set/vec4 8;
    %jmp/0xz  T_4.4, 8;
    %pushi/vec4 1, 0, 1;
    %assign/vec4 v0x55e035203410_0, 0;
    %pushi/vec4 0, 0, 1;
    %assign/vec4 v0x55e0352034d0_0, 0;
    %jmp T_4.5;
T_4.4 ;
    %load/vec4 v0x55e0352031e0_0;
    %inv;
    %load/vec4 v0x55e035203280_0;
    %and;
    %flag_set/vec4 8;
    %jmp/0xz  T_4.6, 8;
    %pushi/vec4 0, 0, 1;
    %assign/vec4 v0x55e035203410_0, 0;
    %pushi/vec4 1, 0, 1;
    %assign/vec4 v0x55e0352034d0_0, 0;
    %jmp T_4.7;
T_4.6 ;
    %load/vec4 v0x55e0352031e0_0;
    %load/vec4 v0x55e035203280_0;
    %and;
    %flag_set/vec4 8;
    %jmp/0xz  T_4.8, 8;
    %load/vec4 v0x55e035203410_0;
    %inv;
    %assign/vec4 v0x55e035203410_0, 0;
    %load/vec4 v0x55e0352034d0_0;
    %inv;
    %assign/vec4 v0x55e0352034d0_0, 0;
T_4.8 ;
T_4.7 ;
T_4.5 ;
T_4.3 ;
T_4.1 ;
    %jmp T_4;
    .thread T_4;
    .scope S_0x55e035199cf0;
T_5 ;
    %pushi/vec4 0, 0, 1;
    %store/vec4 v0x55e035206530_0, 0, 1;
T_5.0 ;
    %delay 5, 0;
    %load/vec4 v0x55e035206530_0;
    %inv;
    %store/vec4 v0x55e035206530_0, 0, 1;
    %jmp T_5.0;
    %end;
    .thread T_5;
    .scope S_0x55e035199cf0;
T_6 ;
    %vpi_call 2 32 "$monitor", "Tempo=%0t | in1=%b | clear=%b | pulse = %b | out=%b%b%b%b%b", $time, v0x55e0352065f0_0, v0x55e035206470_0, v0x55e035206a30_0, v0x55e0352066c0_0, v0x55e035206760_0, v0x55e035206850_0, v0x55e0352068f0_0, v0x55e035206990_0 {0 0 0};
    %pushi/vec4 0, 0, 1;
    %store/vec4 v0x55e0352065f0_0, 0, 1;
    %pushi/vec4 0, 0, 1;
    %store/vec4 v0x55e035206a30_0, 0, 1;
    %pushi/vec4 1, 0, 1;
    %store/vec4 v0x55e035206470_0, 0, 1;
    %delay 10, 0;
    %pushi/vec4 0, 0, 1;
    %store/vec4 v0x55e035206470_0, 0, 1;
    %delay 10, 0;
    %pushi/vec4 1, 0, 1;
    %store/vec4 v0x55e0352065f0_0, 0, 1;
    %delay 10, 0;
    %pushi/vec4 1, 0, 1;
    %store/vec4 v0x55e035206a30_0, 0, 1;
    %delay 10, 0;
    %pushi/vec4 0, 0, 1;
    %store/vec4 v0x55e035206a30_0, 0, 1;
    %delay 10, 0;
    %pushi/vec4 1, 0, 1;
    %store/vec4 v0x55e035206a30_0, 0, 1;
    %delay 10, 0;
    %pushi/vec4 0, 0, 1;
    %store/vec4 v0x55e035206a30_0, 0, 1;
    %delay 10, 0;
    %pushi/vec4 1, 0, 1;
    %store/vec4 v0x55e035206a30_0, 0, 1;
    %delay 10, 0;
    %pushi/vec4 0, 0, 1;
    %store/vec4 v0x55e035206a30_0, 0, 1;
    %delay 10, 0;
    %pushi/vec4 0, 0, 1;
    %store/vec4 v0x55e0352065f0_0, 0, 1;
    %delay 10, 0;
    %pushi/vec4 1, 0, 1;
    %store/vec4 v0x55e035206a30_0, 0, 1;
    %delay 10, 0;
    %pushi/vec4 0, 0, 1;
    %store/vec4 v0x55e035206a30_0, 0, 1;
    %delay 10, 0;
    %pushi/vec4 0, 0, 1;
    %store/vec4 v0x55e0352065f0_0, 0, 1;
    %delay 10, 0;
    %pushi/vec4 1, 0, 1;
    %store/vec4 v0x55e035206a30_0, 0, 1;
    %delay 10, 0;
    %pushi/vec4 0, 0, 1;
    %store/vec4 v0x55e035206a30_0, 0, 1;
    %delay 10, 0;
    %pushi/vec4 1, 0, 1;
    %store/vec4 v0x55e035206a30_0, 0, 1;
    %delay 10, 0;
    %pushi/vec4 0, 0, 1;
    %store/vec4 v0x55e035206a30_0, 0, 1;
    %delay 10, 0;
    %pushi/vec4 1, 0, 1;
    %store/vec4 v0x55e0352065f0_0, 0, 1;
    %delay 10, 0;
    %pushi/vec4 1, 0, 1;
    %store/vec4 v0x55e035206a30_0, 0, 1;
    %delay 10, 0;
    %pushi/vec4 0, 0, 1;
    %store/vec4 v0x55e035206a30_0, 0, 1;
    %delay 10, 0;
    %pushi/vec4 1, 0, 1;
    %store/vec4 v0x55e035206a30_0, 0, 1;
    %delay 10, 0;
    %pushi/vec4 0, 0, 1;
    %store/vec4 v0x55e035206a30_0, 0, 1;
    %delay 10, 0;
    %pushi/vec4 1, 0, 1;
    %store/vec4 v0x55e035206a30_0, 0, 1;
    %delay 10, 0;
    %pushi/vec4 0, 0, 1;
    %store/vec4 v0x55e035206a30_0, 0, 1;
    %delay 10, 0;
    %pushi/vec4 1, 0, 1;
    %store/vec4 v0x55e035206a30_0, 0, 1;
    %delay 10, 0;
    %pushi/vec4 0, 0, 1;
    %store/vec4 v0x55e035206a30_0, 0, 1;
    %delay 10, 0;
    %pushi/vec4 1, 0, 1;
    %store/vec4 v0x55e035206a30_0, 0, 1;
    %delay 10, 0;
    %pushi/vec4 0, 0, 1;
    %store/vec4 v0x55e035206a30_0, 0, 1;
    %delay 10, 0;
    %pushi/vec4 1, 0, 1;
    %store/vec4 v0x55e035206a30_0, 0, 1;
    %delay 10, 0;
    %pushi/vec4 0, 0, 1;
    %store/vec4 v0x55e035206a30_0, 0, 1;
    %delay 10, 0;
    %pushi/vec4 1, 0, 1;
    %store/vec4 v0x55e035206a30_0, 0, 1;
    %delay 10, 0;
    %pushi/vec4 0, 0, 1;
    %store/vec4 v0x55e035206a30_0, 0, 1;
    %delay 10, 0;
    %pushi/vec4 1, 0, 1;
    %store/vec4 v0x55e035206a30_0, 0, 1;
    %delay 10, 0;
    %pushi/vec4 0, 0, 1;
    %store/vec4 v0x55e035206a30_0, 0, 1;
    %vpi_call 2 95 "$finish" {0 0 0};
    %end;
    .thread T_6;
# The file index is used to find the file name in the following table.
:file_names 5;
    "N/A";
    "<interactive>";
    "Guia_1301.v";
    "./ContadorAssincronoDecrescente.v";
    "./Flip_Flop_JK.v";
