#! /usr/bin/vvp
:ivl_version "11.0 (stable)";
:ivl_delay_selection "TYPICAL";
:vpi_time_precision + 0;
:vpi_module "/usr/lib/x86_64-linux-gnu/ivl/system.vpi";
:vpi_module "/usr/lib/x86_64-linux-gnu/ivl/vhdl_sys.vpi";
:vpi_module "/usr/lib/x86_64-linux-gnu/ivl/vhdl_textio.vpi";
:vpi_module "/usr/lib/x86_64-linux-gnu/ivl/v2005_math.vpi";
:vpi_module "/usr/lib/x86_64-linux-gnu/ivl/va_math.vpi";
S_0x55e926987cf0 .scope module, "test_ContadorAssincronoCrescente" "test_ContadorAssincronoCrescente" 2 14;
 .timescale 0 0;
v0x55e9269f47b0_0 .var "clear", 0 0;
v0x55e9269f4870_0 .var "clk", 0 0;
v0x55e9269f4930_0 .var "in1", 0 0;
v0x55e9269f49d0_0 .net "out_a", 0 0, v0x55e9269f1780_0;  1 drivers
v0x55e9269f4a70_0 .net "out_b", 0 0, v0x55e9269f2070_0;  1 drivers
v0x55e9269f4bb0_0 .net "out_c", 0 0, v0x55e9269f28f0_0;  1 drivers
v0x55e9269f4ca0_0 .net "out_d", 0 0, v0x55e9269f3210_0;  1 drivers
v0x55e9269f4d90_0 .net "out_e", 0 0, v0x55e9269f3b30_0;  1 drivers
v0x55e9269f4e80_0 .var "pulse", 0 0;
S_0x55e926987e80 .scope module, "contador" "ContadorAssincronoCrescente" 2 22, 3 14 0, S_0x55e926987cf0;
 .timescale 0 0;
    .port_info 0 /OUTPUT 1 "QNot_a";
    .port_info 1 /OUTPUT 1 "QNot_b";
    .port_info 2 /OUTPUT 1 "QNot_c";
    .port_info 3 /OUTPUT 1 "QNot_d";
    .port_info 4 /OUTPUT 1 "QNot_e";
    .port_info 5 /INPUT 1 "pulse";
    .port_info 6 /INPUT 1 "in1";
    .port_info 7 /INPUT 1 "clr";
v0x55e9269f3cf0_0 .net "QNot_a", 0 0, v0x55e9269f1780_0;  alias, 1 drivers
v0x55e9269f3db0_0 .net "QNot_b", 0 0, v0x55e9269f2070_0;  alias, 1 drivers
v0x55e9269f3e80_0 .net "QNot_c", 0 0, v0x55e9269f28f0_0;  alias, 1 drivers
v0x55e9269f3f80_0 .net "QNot_d", 0 0, v0x55e9269f3210_0;  alias, 1 drivers
v0x55e9269f4050_0 .net "QNot_e", 0 0, v0x55e9269f3b30_0;  alias, 1 drivers
v0x55e9269f4140_0 .net "Qa", 0 0, v0x55e9269f16c0_0;  1 drivers
v0x55e9269f4210_0 .net "Qb", 0 0, v0x55e9269f1fd0_0;  1 drivers
v0x55e9269f4300_0 .net "Qc", 0 0, v0x55e9269f2850_0;  1 drivers
v0x55e9269f43f0_0 .net "Qd", 0 0, v0x55e9269f3170_0;  1 drivers
v0x55e9269f4490_0 .net "Qe", 0 0, v0x55e9269f3a90_0;  1 drivers
v0x55e9269f4580_0 .net "clr", 0 0, v0x55e9269f47b0_0;  1 drivers
v0x55e9269f4620_0 .net "in1", 0 0, v0x55e9269f4930_0;  1 drivers
v0x55e9269f46c0_0 .net "pulse", 0 0, v0x55e9269f4e80_0;  1 drivers
S_0x55e9269c81e0 .scope module, "Flip_Flop_JK_a" "jkff" 3 27, 4 13 0, S_0x55e926987e80;
 .timescale 0 0;
    .port_info 0 /OUTPUT 1 "q";
    .port_info 1 /OUTPUT 1 "qnot";
    .port_info 2 /INPUT 1 "j";
    .port_info 3 /INPUT 1 "k";
    .port_info 4 /INPUT 1 "clk";
    .port_info 5 /INPUT 1 "preset";
    .port_info 6 /INPUT 1 "clear";
v0x55e9269c8470_0 .net "clear", 0 0, v0x55e9269f47b0_0;  alias, 1 drivers
v0x55e9269f13d0_0 .net "clk", 0 0, v0x55e9269f1fd0_0;  alias, 1 drivers
v0x55e9269f1490_0 .net "j", 0 0, v0x55e9269f4930_0;  alias, 1 drivers
v0x55e9269f1530_0 .net "k", 0 0, v0x55e9269f4930_0;  alias, 1 drivers
L_0x7fd9c9227138 .functor BUFT 1, C4<0>, C4<0>, C4<0>, C4<0>;
v0x55e9269f15d0_0 .net "preset", 0 0, L_0x7fd9c9227138;  1 drivers
v0x55e9269f16c0_0 .var "q", 0 0;
v0x55e9269f1780_0 .var "qnot", 0 0;
E_0x55e9269c5540 .event posedge, v0x55e9269c8470_0, v0x55e9269f15d0_0, v0x55e9269f13d0_0;
S_0x55e9269f1920 .scope module, "Flip_Flop_JK_b" "jkff" 3 26, 4 13 0, S_0x55e926987e80;
 .timescale 0 0;
    .port_info 0 /OUTPUT 1 "q";
    .port_info 1 /OUTPUT 1 "qnot";
    .port_info 2 /INPUT 1 "j";
    .port_info 3 /INPUT 1 "k";
    .port_info 4 /INPUT 1 "clk";
    .port_info 5 /INPUT 1 "preset";
    .port_info 6 /INPUT 1 "clear";
v0x55e9269f1bf0_0 .net "clear", 0 0, v0x55e9269f47b0_0;  alias, 1 drivers
v0x55e9269f1cb0_0 .net "clk", 0 0, v0x55e9269f2850_0;  alias, 1 drivers
v0x55e9269f1d50_0 .net "j", 0 0, v0x55e9269f4930_0;  alias, 1 drivers
v0x55e9269f1e40_0 .net "k", 0 0, v0x55e9269f4930_0;  alias, 1 drivers
L_0x7fd9c92270f0 .functor BUFT 1, C4<0>, C4<0>, C4<0>, C4<0>;
v0x55e9269f1ee0_0 .net "preset", 0 0, L_0x7fd9c92270f0;  1 drivers
v0x55e9269f1fd0_0 .var "q", 0 0;
v0x55e9269f2070_0 .var "qnot", 0 0;
E_0x55e9269bdc80 .event posedge, v0x55e9269c8470_0, v0x55e9269f1ee0_0, v0x55e9269f1cb0_0;
S_0x55e9269f21f0 .scope module, "Flip_Flop_JK_c" "jkff" 3 25, 4 13 0, S_0x55e926987e80;
 .timescale 0 0;
    .port_info 0 /OUTPUT 1 "q";
    .port_info 1 /OUTPUT 1 "qnot";
    .port_info 2 /INPUT 1 "j";
    .port_info 3 /INPUT 1 "k";
    .port_info 4 /INPUT 1 "clk";
    .port_info 5 /INPUT 1 "preset";
    .port_info 6 /INPUT 1 "clear";
v0x55e9269f24a0_0 .net "clear", 0 0, v0x55e9269f47b0_0;  alias, 1 drivers
v0x55e9269f25b0_0 .net "clk", 0 0, v0x55e9269f3170_0;  alias, 1 drivers
v0x55e9269f2670_0 .net "j", 0 0, v0x55e9269f4930_0;  alias, 1 drivers
v0x55e9269f2710_0 .net "k", 0 0, v0x55e9269f4930_0;  alias, 1 drivers
L_0x7fd9c92270a8 .functor BUFT 1, C4<0>, C4<0>, C4<0>, C4<0>;
v0x55e9269f27b0_0 .net "preset", 0 0, L_0x7fd9c92270a8;  1 drivers
v0x55e9269f2850_0 .var "q", 0 0;
v0x55e9269f28f0_0 .var "qnot", 0 0;
E_0x55e9269d2340 .event posedge, v0x55e9269c8470_0, v0x55e9269f27b0_0, v0x55e9269f25b0_0;
S_0x55e9269f2ab0 .scope module, "Flip_Flop_JK_d" "jkff" 3 24, 4 13 0, S_0x55e926987e80;
 .timescale 0 0;
    .port_info 0 /OUTPUT 1 "q";
    .port_info 1 /OUTPUT 1 "qnot";
    .port_info 2 /INPUT 1 "j";
    .port_info 3 /INPUT 1 "k";
    .port_info 4 /INPUT 1 "clk";
    .port_info 5 /INPUT 1 "preset";
    .port_info 6 /INPUT 1 "clear";
v0x55e9269f2dc0_0 .net "clear", 0 0, v0x55e9269f47b0_0;  alias, 1 drivers
v0x55e9269f2e80_0 .net "clk", 0 0, v0x55e9269f3a90_0;  alias, 1 drivers
v0x55e9269f2f40_0 .net "j", 0 0, v0x55e9269f4930_0;  alias, 1 drivers
v0x55e9269f2fe0_0 .net "k", 0 0, v0x55e9269f4930_0;  alias, 1 drivers
L_0x7fd9c9227060 .functor BUFT 1, C4<0>, C4<0>, C4<0>, C4<0>;
v0x55e9269f3080_0 .net "preset", 0 0, L_0x7fd9c9227060;  1 drivers
v0x55e9269f3170_0 .var "q", 0 0;
v0x55e9269f3210_0 .var "qnot", 0 0;
E_0x55e9269f2d40 .event posedge, v0x55e9269c8470_0, v0x55e9269f3080_0, v0x55e9269f2e80_0;
S_0x55e9269f33d0 .scope module, "Flip_Flop_JK_e" "jkff" 3 23, 4 13 0, S_0x55e926987e80;
 .timescale 0 0;
    .port_info 0 /OUTPUT 1 "q";
    .port_info 1 /OUTPUT 1 "qnot";
    .port_info 2 /INPUT 1 "j";
    .port_info 3 /INPUT 1 "k";
    .port_info 4 /INPUT 1 "clk";
    .port_info 5 /INPUT 1 "preset";
    .port_info 6 /INPUT 1 "clear";
v0x55e9269f3730_0 .net "clear", 0 0, v0x55e9269f47b0_0;  alias, 1 drivers
v0x55e9269f37f0_0 .net "clk", 0 0, v0x55e9269f4e80_0;  alias, 1 drivers
v0x55e9269f38b0_0 .net "j", 0 0, v0x55e9269f4930_0;  alias, 1 drivers
v0x55e9269f3950_0 .net "k", 0 0, v0x55e9269f4930_0;  alias, 1 drivers
L_0x7fd9c9227018 .functor BUFT 1, C4<0>, C4<0>, C4<0>, C4<0>;
v0x55e9269f39f0_0 .net "preset", 0 0, L_0x7fd9c9227018;  1 drivers
v0x55e9269f3a90_0 .var "q", 0 0;
v0x55e9269f3b30_0 .var "qnot", 0 0;
E_0x55e9269f36b0 .event posedge, v0x55e9269c8470_0, v0x55e9269f39f0_0, v0x55e9269f37f0_0;
    .scope S_0x55e9269f33d0;
T_0 ;
    %wait E_0x55e9269f36b0;
    %load/vec4 v0x55e9269f3730_0;
    %flag_set/vec4 8;
    %jmp/0xz  T_0.0, 8;
    %pushi/vec4 0, 0, 1;
    %assign/vec4 v0x55e9269f3a90_0, 0;
    %pushi/vec4 1, 0, 1;
    %assign/vec4 v0x55e9269f3b30_0, 0;
    %jmp T_0.1;
T_0.0 ;
    %load/vec4 v0x55e9269f39f0_0;
    %flag_set/vec4 8;
    %jmp/0xz  T_0.2, 8;
    %pushi/vec4 1, 0, 1;
    %assign/vec4 v0x55e9269f3a90_0, 0;
    %pushi/vec4 0, 0, 1;
    %assign/vec4 v0x55e9269f3b30_0, 0;
    %jmp T_0.3;
T_0.2 ;
    %load/vec4 v0x55e9269f38b0_0;
    %load/vec4 v0x55e9269f3950_0;
    %inv;
    %and;
    %flag_set/vec4 8;
    %jmp/0xz  T_0.4, 8;
    %pushi/vec4 1, 0, 1;
    %assign/vec4 v0x55e9269f3a90_0, 0;
    %pushi/vec4 0, 0, 1;
    %assign/vec4 v0x55e9269f3b30_0, 0;
    %jmp T_0.5;
T_0.4 ;
    %load/vec4 v0x55e9269f38b0_0;
    %inv;
    %load/vec4 v0x55e9269f3950_0;
    %and;
    %flag_set/vec4 8;
    %jmp/0xz  T_0.6, 8;
    %pushi/vec4 0, 0, 1;
    %assign/vec4 v0x55e9269f3a90_0, 0;
    %pushi/vec4 1, 0, 1;
    %assign/vec4 v0x55e9269f3b30_0, 0;
    %jmp T_0.7;
T_0.6 ;
    %load/vec4 v0x55e9269f38b0_0;
    %load/vec4 v0x55e9269f3950_0;
    %and;
    %flag_set/vec4 8;
    %jmp/0xz  T_0.8, 8;
    %load/vec4 v0x55e9269f3a90_0;
    %inv;
    %assign/vec4 v0x55e9269f3a90_0, 0;
    %load/vec4 v0x55e9269f3b30_0;
    %inv;
    %assign/vec4 v0x55e9269f3b30_0, 0;
T_0.8 ;
T_0.7 ;
T_0.5 ;
T_0.3 ;
T_0.1 ;
    %jmp T_0;
    .thread T_0;
    .scope S_0x55e9269f2ab0;
T_1 ;
    %wait E_0x55e9269f2d40;
    %load/vec4 v0x55e9269f2dc0_0;
    %flag_set/vec4 8;
    %jmp/0xz  T_1.0, 8;
    %pushi/vec4 0, 0, 1;
    %assign/vec4 v0x55e9269f3170_0, 0;
    %pushi/vec4 1, 0, 1;
    %assign/vec4 v0x55e9269f3210_0, 0;
    %jmp T_1.1;
T_1.0 ;
    %load/vec4 v0x55e9269f3080_0;
    %flag_set/vec4 8;
    %jmp/0xz  T_1.2, 8;
    %pushi/vec4 1, 0, 1;
    %assign/vec4 v0x55e9269f3170_0, 0;
    %pushi/vec4 0, 0, 1;
    %assign/vec4 v0x55e9269f3210_0, 0;
    %jmp T_1.3;
T_1.2 ;
    %load/vec4 v0x55e9269f2f40_0;
    %load/vec4 v0x55e9269f2fe0_0;
    %inv;
    %and;
    %flag_set/vec4 8;
    %jmp/0xz  T_1.4, 8;
    %pushi/vec4 1, 0, 1;
    %assign/vec4 v0x55e9269f3170_0, 0;
    %pushi/vec4 0, 0, 1;
    %assign/vec4 v0x55e9269f3210_0, 0;
    %jmp T_1.5;
T_1.4 ;
    %load/vec4 v0x55e9269f2f40_0;
    %inv;
    %load/vec4 v0x55e9269f2fe0_0;
    %and;
    %flag_set/vec4 8;
    %jmp/0xz  T_1.6, 8;
    %pushi/vec4 0, 0, 1;
    %assign/vec4 v0x55e9269f3170_0, 0;
    %pushi/vec4 1, 0, 1;
    %assign/vec4 v0x55e9269f3210_0, 0;
    %jmp T_1.7;
T_1.6 ;
    %load/vec4 v0x55e9269f2f40_0;
    %load/vec4 v0x55e9269f2fe0_0;
    %and;
    %flag_set/vec4 8;
    %jmp/0xz  T_1.8, 8;
    %load/vec4 v0x55e9269f3170_0;
    %inv;
    %assign/vec4 v0x55e9269f3170_0, 0;
    %load/vec4 v0x55e9269f3210_0;
    %inv;
    %assign/vec4 v0x55e9269f3210_0, 0;
T_1.8 ;
T_1.7 ;
T_1.5 ;
T_1.3 ;
T_1.1 ;
    %jmp T_1;
    .thread T_1;
    .scope S_0x55e9269f21f0;
T_2 ;
    %wait E_0x55e9269d2340;
    %load/vec4 v0x55e9269f24a0_0;
    %flag_set/vec4 8;
    %jmp/0xz  T_2.0, 8;
    %pushi/vec4 0, 0, 1;
    %assign/vec4 v0x55e9269f2850_0, 0;
    %pushi/vec4 1, 0, 1;
    %assign/vec4 v0x55e9269f28f0_0, 0;
    %jmp T_2.1;
T_2.0 ;
    %load/vec4 v0x55e9269f27b0_0;
    %flag_set/vec4 8;
    %jmp/0xz  T_2.2, 8;
    %pushi/vec4 1, 0, 1;
    %assign/vec4 v0x55e9269f2850_0, 0;
    %pushi/vec4 0, 0, 1;
    %assign/vec4 v0x55e9269f28f0_0, 0;
    %jmp T_2.3;
T_2.2 ;
    %load/vec4 v0x55e9269f2670_0;
    %load/vec4 v0x55e9269f2710_0;
    %inv;
    %and;
    %flag_set/vec4 8;
    %jmp/0xz  T_2.4, 8;
    %pushi/vec4 1, 0, 1;
    %assign/vec4 v0x55e9269f2850_0, 0;
    %pushi/vec4 0, 0, 1;
    %assign/vec4 v0x55e9269f28f0_0, 0;
    %jmp T_2.5;
T_2.4 ;
    %load/vec4 v0x55e9269f2670_0;
    %inv;
    %load/vec4 v0x55e9269f2710_0;
    %and;
    %flag_set/vec4 8;
    %jmp/0xz  T_2.6, 8;
    %pushi/vec4 0, 0, 1;
    %assign/vec4 v0x55e9269f2850_0, 0;
    %pushi/vec4 1, 0, 1;
    %assign/vec4 v0x55e9269f28f0_0, 0;
    %jmp T_2.7;
T_2.6 ;
    %load/vec4 v0x55e9269f2670_0;
    %load/vec4 v0x55e9269f2710_0;
    %and;
    %flag_set/vec4 8;
    %jmp/0xz  T_2.8, 8;
    %load/vec4 v0x55e9269f2850_0;
    %inv;
    %assign/vec4 v0x55e9269f2850_0, 0;
    %load/vec4 v0x55e9269f28f0_0;
    %inv;
    %assign/vec4 v0x55e9269f28f0_0, 0;
T_2.8 ;
T_2.7 ;
T_2.5 ;
T_2.3 ;
T_2.1 ;
    %jmp T_2;
    .thread T_2;
    .scope S_0x55e9269f1920;
T_3 ;
    %wait E_0x55e9269bdc80;
    %load/vec4 v0x55e9269f1bf0_0;
    %flag_set/vec4 8;
    %jmp/0xz  T_3.0, 8;
    %pushi/vec4 0, 0, 1;
    %assign/vec4 v0x55e9269f1fd0_0, 0;
    %pushi/vec4 1, 0, 1;
    %assign/vec4 v0x55e9269f2070_0, 0;
    %jmp T_3.1;
T_3.0 ;
    %load/vec4 v0x55e9269f1ee0_0;
    %flag_set/vec4 8;
    %jmp/0xz  T_3.2, 8;
    %pushi/vec4 1, 0, 1;
    %assign/vec4 v0x55e9269f1fd0_0, 0;
    %pushi/vec4 0, 0, 1;
    %assign/vec4 v0x55e9269f2070_0, 0;
    %jmp T_3.3;
T_3.2 ;
    %load/vec4 v0x55e9269f1d50_0;
    %load/vec4 v0x55e9269f1e40_0;
    %inv;
    %and;
    %flag_set/vec4 8;
    %jmp/0xz  T_3.4, 8;
    %pushi/vec4 1, 0, 1;
    %assign/vec4 v0x55e9269f1fd0_0, 0;
    %pushi/vec4 0, 0, 1;
    %assign/vec4 v0x55e9269f2070_0, 0;
    %jmp T_3.5;
T_3.4 ;
    %load/vec4 v0x55e9269f1d50_0;
    %inv;
    %load/vec4 v0x55e9269f1e40_0;
    %and;
    %flag_set/vec4 8;
    %jmp/0xz  T_3.6, 8;
    %pushi/vec4 0, 0, 1;
    %assign/vec4 v0x55e9269f1fd0_0, 0;
    %pushi/vec4 1, 0, 1;
    %assign/vec4 v0x55e9269f2070_0, 0;
    %jmp T_3.7;
T_3.6 ;
    %load/vec4 v0x55e9269f1d50_0;
    %load/vec4 v0x55e9269f1e40_0;
    %and;
    %flag_set/vec4 8;
    %jmp/0xz  T_3.8, 8;
    %load/vec4 v0x55e9269f1fd0_0;
    %inv;
    %assign/vec4 v0x55e9269f1fd0_0, 0;
    %load/vec4 v0x55e9269f2070_0;
    %inv;
    %assign/vec4 v0x55e9269f2070_0, 0;
T_3.8 ;
T_3.7 ;
T_3.5 ;
T_3.3 ;
T_3.1 ;
    %jmp T_3;
    .thread T_3;
    .scope S_0x55e9269c81e0;
T_4 ;
    %wait E_0x55e9269c5540;
    %load/vec4 v0x55e9269c8470_0;
    %flag_set/vec4 8;
    %jmp/0xz  T_4.0, 8;
    %pushi/vec4 0, 0, 1;
    %assign/vec4 v0x55e9269f16c0_0, 0;
    %pushi/vec4 1, 0, 1;
    %assign/vec4 v0x55e9269f1780_0, 0;
    %jmp T_4.1;
T_4.0 ;
    %load/vec4 v0x55e9269f15d0_0;
    %flag_set/vec4 8;
    %jmp/0xz  T_4.2, 8;
    %pushi/vec4 1, 0, 1;
    %assign/vec4 v0x55e9269f16c0_0, 0;
    %pushi/vec4 0, 0, 1;
    %assign/vec4 v0x55e9269f1780_0, 0;
    %jmp T_4.3;
T_4.2 ;
    %load/vec4 v0x55e9269f1490_0;
    %load/vec4 v0x55e9269f1530_0;
    %inv;
    %and;
    %flag_set/vec4 8;
    %jmp/0xz  T_4.4, 8;
    %pushi/vec4 1, 0, 1;
    %assign/vec4 v0x55e9269f16c0_0, 0;
    %pushi/vec4 0, 0, 1;
    %assign/vec4 v0x55e9269f1780_0, 0;
    %jmp T_4.5;
T_4.4 ;
    %load/vec4 v0x55e9269f1490_0;
    %inv;
    %load/vec4 v0x55e9269f1530_0;
    %and;
    %flag_set/vec4 8;
    %jmp/0xz  T_4.6, 8;
    %pushi/vec4 0, 0, 1;
    %assign/vec4 v0x55e9269f16c0_0, 0;
    %pushi/vec4 1, 0, 1;
    %assign/vec4 v0x55e9269f1780_0, 0;
    %jmp T_4.7;
T_4.6 ;
    %load/vec4 v0x55e9269f1490_0;
    %load/vec4 v0x55e9269f1530_0;
    %and;
    %flag_set/vec4 8;
    %jmp/0xz  T_4.8, 8;
    %load/vec4 v0x55e9269f16c0_0;
    %inv;
    %assign/vec4 v0x55e9269f16c0_0, 0;
    %load/vec4 v0x55e9269f1780_0;
    %inv;
    %assign/vec4 v0x55e9269f1780_0, 0;
T_4.8 ;
T_4.7 ;
T_4.5 ;
T_4.3 ;
T_4.1 ;
    %jmp T_4;
    .thread T_4;
    .scope S_0x55e926987cf0;
T_5 ;
    %pushi/vec4 0, 0, 1;
    %store/vec4 v0x55e9269f4870_0, 0, 1;
T_5.0 ;
    %delay 5, 0;
    %load/vec4 v0x55e9269f4870_0;
    %inv;
    %store/vec4 v0x55e9269f4870_0, 0, 1;
    %jmp T_5.0;
    %end;
    .thread T_5;
    .scope S_0x55e926987cf0;
T_6 ;
    %vpi_call 2 32 "$monitor", "Tempo=%0t | in1=%b | clear=%b | pulse = %b | out=%b%b%b%b%b", $time, v0x55e9269f4930_0, v0x55e9269f47b0_0, v0x55e9269f4e80_0, v0x55e9269f49d0_0, v0x55e9269f4a70_0, v0x55e9269f4bb0_0, v0x55e9269f4ca0_0, v0x55e9269f4d90_0 {0 0 0};
    %pushi/vec4 0, 0, 1;
    %store/vec4 v0x55e9269f4930_0, 0, 1;
    %pushi/vec4 0, 0, 1;
    %store/vec4 v0x55e9269f4e80_0, 0, 1;
    %pushi/vec4 1, 0, 1;
    %store/vec4 v0x55e9269f47b0_0, 0, 1;
    %delay 10, 0;
    %pushi/vec4 0, 0, 1;
    %store/vec4 v0x55e9269f47b0_0, 0, 1;
    %pushi/vec4 1, 0, 1;
    %store/vec4 v0x55e9269f4930_0, 0, 1;
    %delay 5, 0;
    %pushi/vec4 1, 0, 1;
    %store/vec4 v0x55e9269f4e80_0, 0, 1;
    %delay 5, 0;
    %pushi/vec4 0, 0, 1;
    %store/vec4 v0x55e9269f4e80_0, 0, 1;
    %delay 5, 0;
    %pushi/vec4 1, 0, 1;
    %store/vec4 v0x55e9269f4e80_0, 0, 1;
    %delay 5, 0;
    %pushi/vec4 0, 0, 1;
    %store/vec4 v0x55e9269f4e80_0, 0, 1;
    %delay 5, 0;
    %pushi/vec4 1, 0, 1;
    %store/vec4 v0x55e9269f4e80_0, 0, 1;
    %delay 5, 0;
    %pushi/vec4 0, 0, 1;
    %store/vec4 v0x55e9269f4e80_0, 0, 1;
    %delay 5, 0;
    %pushi/vec4 0, 0, 1;
    %store/vec4 v0x55e9269f4930_0, 0, 1;
    %delay 5, 0;
    %pushi/vec4 1, 0, 1;
    %store/vec4 v0x55e9269f4e80_0, 0, 1;
    %delay 5, 0;
    %pushi/vec4 0, 0, 1;
    %store/vec4 v0x55e9269f4e80_0, 0, 1;
    %delay 5, 0;
    %pushi/vec4 0, 0, 1;
    %store/vec4 v0x55e9269f4930_0, 0, 1;
    %delay 5, 0;
    %pushi/vec4 1, 0, 1;
    %store/vec4 v0x55e9269f4e80_0, 0, 1;
    %delay 5, 0;
    %pushi/vec4 0, 0, 1;
    %store/vec4 v0x55e9269f4e80_0, 0, 1;
    %delay 5, 0;
    %pushi/vec4 1, 0, 1;
    %store/vec4 v0x55e9269f4e80_0, 0, 1;
    %delay 5, 0;
    %pushi/vec4 0, 0, 1;
    %store/vec4 v0x55e9269f4e80_0, 0, 1;
    %delay 5, 0;
    %pushi/vec4 1, 0, 1;
    %store/vec4 v0x55e9269f4930_0, 0, 1;
    %delay 5, 0;
    %pushi/vec4 1, 0, 1;
    %store/vec4 v0x55e9269f4e80_0, 0, 1;
    %delay 5, 0;
    %pushi/vec4 0, 0, 1;
    %store/vec4 v0x55e9269f4e80_0, 0, 1;
    %delay 5, 0;
    %pushi/vec4 1, 0, 1;
    %store/vec4 v0x55e9269f4e80_0, 0, 1;
    %delay 5, 0;
    %pushi/vec4 0, 0, 1;
    %store/vec4 v0x55e9269f4e80_0, 0, 1;
    %delay 5, 0;
    %pushi/vec4 1, 0, 1;
    %store/vec4 v0x55e9269f4e80_0, 0, 1;
    %delay 5, 0;
    %pushi/vec4 0, 0, 1;
    %store/vec4 v0x55e9269f4e80_0, 0, 1;
    %delay 5, 0;
    %pushi/vec4 1, 0, 1;
    %store/vec4 v0x55e9269f4e80_0, 0, 1;
    %delay 5, 0;
    %pushi/vec4 0, 0, 1;
    %store/vec4 v0x55e9269f4e80_0, 0, 1;
    %delay 5, 0;
    %pushi/vec4 1, 0, 1;
    %store/vec4 v0x55e9269f4e80_0, 0, 1;
    %delay 5, 0;
    %pushi/vec4 0, 0, 1;
    %store/vec4 v0x55e9269f4e80_0, 0, 1;
    %delay 5, 0;
    %pushi/vec4 1, 0, 1;
    %store/vec4 v0x55e9269f4e80_0, 0, 1;
    %delay 5, 0;
    %pushi/vec4 0, 0, 1;
    %store/vec4 v0x55e9269f4e80_0, 0, 1;
    %delay 5, 0;
    %pushi/vec4 1, 0, 1;
    %store/vec4 v0x55e9269f4e80_0, 0, 1;
    %delay 5, 0;
    %pushi/vec4 0, 0, 1;
    %store/vec4 v0x55e9269f4e80_0, 0, 1;
    %delay 5, 0;
    %pushi/vec4 1, 0, 1;
    %store/vec4 v0x55e9269f47b0_0, 0, 1;
    %delay 5, 0;
    %pushi/vec4 1, 0, 1;
    %store/vec4 v0x55e9269f4e80_0, 0, 1;
    %delay 5, 0;
    %pushi/vec4 0, 0, 1;
    %store/vec4 v0x55e9269f4e80_0, 0, 1;
    %vpi_call 2 97 "$finish" {0 0 0};
    %end;
    .thread T_6;
# The file index is used to find the file name in the following table.
:file_names 5;
    "N/A";
    "<interactive>";
    "Guia_1302.v";
    "./ContadorAssincronoCrescente.v";
    "./Flip_Flop_JK.v";
