#! /usr/bin/vvp
:ivl_version "11.0 (stable)";
:ivl_delay_selection "TYPICAL";
:vpi_time_precision + 0;
:vpi_module "/usr/lib/x86_64-linux-gnu/ivl/system.vpi";
:vpi_module "/usr/lib/x86_64-linux-gnu/ivl/vhdl_sys.vpi";
:vpi_module "/usr/lib/x86_64-linux-gnu/ivl/vhdl_textio.vpi";
:vpi_module "/usr/lib/x86_64-linux-gnu/ivl/v2005_math.vpi";
:vpi_module "/usr/lib/x86_64-linux-gnu/ivl/va_math.vpi";
S_0x55dadb6fbcf0 .scope module, "test_ContadorAnelTorcido" "test_ContadorAnelTorcido" 2 14;
 .timescale 0 0;
v0x55dadb7642a0_0 .var "clear", 0 0;
v0x55dadb764360_0 .var "clk", 0 0;
v0x55dadb764420_0 .var "in1", 0 0;
v0x55dadb7644c0_0 .var "input1", 0 0;
v0x55dadb764560_0 .net "out_a", 0 0, v0x55dadb761030_0;  1 drivers
v0x55dadb764600_0 .net "out_b", 0 0, v0x55dadb7618f0_0;  1 drivers
v0x55dadb7646a0_0 .net "out_c", 0 0, v0x55dadb762210_0;  1 drivers
v0x55dadb764740_0 .net "out_d", 0 0, v0x55dadb762b50_0;  1 drivers
v0x55dadb7647e0_0 .net "out_e", 0 0, v0x55dadb763490_0;  1 drivers
S_0x55dadb6fbe80 .scope module, "contador" "ContadorAnelTorcido" 2 22, 3 14 0, S_0x55dadb6fbcf0;
 .timescale 0 0;
    .port_info 0 /OUTPUT 1 "Qa";
    .port_info 1 /OUTPUT 1 "Qb";
    .port_info 2 /OUTPUT 1 "Qc";
    .port_info 3 /OUTPUT 1 "Qd";
    .port_info 4 /OUTPUT 1 "Qe";
    .port_info 5 /INPUT 1 "input1";
    .port_info 6 /INPUT 1 "clk";
    .port_info 7 /INPUT 1 "clr";
L_0x55dadb731f80 .functor OR 1, v0x55dadb7644c0_0, v0x55dadb763530_0, C4<0>, C4<0>;
L_0x55dadb764a00 .functor NOT 1, L_0x55dadb731f80, C4<0>, C4<0>, C4<0>;
L_0x55dadb764a90 .functor NOT 1, v0x55dadb761030_0, C4<0>, C4<0>, C4<0>;
L_0x55dadb764b90 .functor NOT 1, v0x55dadb7618f0_0, C4<0>, C4<0>, C4<0>;
L_0x55dadb764d20 .functor NOT 1, v0x55dadb762210_0, C4<0>, C4<0>, C4<0>;
L_0x55dadb764e80 .functor NOT 1, v0x55dadb762b50_0, C4<0>, C4<0>, C4<0>;
v0x55dadb763710_0 .net "QNot_a", 0 0, v0x55dadb7610f0_0;  1 drivers
v0x55dadb7637d0_0 .net "QNot_b", 0 0, v0x55dadb761990_0;  1 drivers
v0x55dadb7638a0_0 .net "QNot_c", 0 0, v0x55dadb7622b0_0;  1 drivers
v0x55dadb7639a0_0 .net "QNot_d", 0 0, v0x55dadb762bf0_0;  1 drivers
v0x55dadb763a70_0 .net "QNot_e", 0 0, v0x55dadb763530_0;  1 drivers
v0x55dadb763b10_0 .net "Qa", 0 0, v0x55dadb761030_0;  alias, 1 drivers
v0x55dadb763c00_0 .net "Qb", 0 0, v0x55dadb7618f0_0;  alias, 1 drivers
v0x55dadb763cf0_0 .net "Qc", 0 0, v0x55dadb762210_0;  alias, 1 drivers
v0x55dadb763de0_0 .net "Qd", 0 0, v0x55dadb762b50_0;  alias, 1 drivers
v0x55dadb763f10_0 .net "Qe", 0 0, v0x55dadb763490_0;  alias, 1 drivers
v0x55dadb763fb0_0 .net "clk", 0 0, v0x55dadb764360_0;  1 drivers
v0x55dadb764050_0 .net "clr", 0 0, v0x55dadb7642a0_0;  1 drivers
v0x55dadb7640f0_0 .net "input1", 0 0, v0x55dadb7644c0_0;  1 drivers
v0x55dadb764190_0 .net "or1", 0 0, L_0x55dadb731f80;  1 drivers
S_0x55dadb73c700 .scope module, "Flip_Flop_JK_a" "jkff" 3 25, 4 13 0, S_0x55dadb6fbe80;
 .timescale 0 0;
    .port_info 0 /OUTPUT 1 "q";
    .port_info 1 /OUTPUT 1 "qnot";
    .port_info 2 /INPUT 1 "j";
    .port_info 3 /INPUT 1 "k";
    .port_info 4 /INPUT 1 "clk";
    .port_info 5 /INPUT 1 "preset";
    .port_info 6 /INPUT 1 "clear";
v0x55dadb73c990_0 .net "clear", 0 0, v0x55dadb7642a0_0;  alias, 1 drivers
v0x55dadb760d00_0 .net "clk", 0 0, v0x55dadb764360_0;  alias, 1 drivers
v0x55dadb760dc0_0 .net "j", 0 0, L_0x55dadb731f80;  alias, 1 drivers
v0x55dadb760e60_0 .net "k", 0 0, L_0x55dadb764a00;  1 drivers
L_0x7f03168f4018 .functor BUFT 1, C4<0>, C4<0>, C4<0>, C4<0>;
v0x55dadb760f20_0 .net "preset", 0 0, L_0x7f03168f4018;  1 drivers
v0x55dadb761030_0 .var "q", 0 0;
v0x55dadb7610f0_0 .var "qnot", 0 0;
E_0x55dadb71f9f0 .event posedge, v0x55dadb73c990_0, v0x55dadb760f20_0, v0x55dadb760d00_0;
S_0x55dadb761290 .scope module, "Flip_Flop_JK_b" "jkff" 3 26, 4 13 0, S_0x55dadb6fbe80;
 .timescale 0 0;
    .port_info 0 /OUTPUT 1 "q";
    .port_info 1 /OUTPUT 1 "qnot";
    .port_info 2 /INPUT 1 "j";
    .port_info 3 /INPUT 1 "k";
    .port_info 4 /INPUT 1 "clk";
    .port_info 5 /INPUT 1 "preset";
    .port_info 6 /INPUT 1 "clear";
v0x55dadb761560_0 .net "clear", 0 0, v0x55dadb7642a0_0;  alias, 1 drivers
v0x55dadb761620_0 .net "clk", 0 0, v0x55dadb764360_0;  alias, 1 drivers
v0x55dadb7616c0_0 .net "j", 0 0, v0x55dadb761030_0;  alias, 1 drivers
v0x55dadb761760_0 .net "k", 0 0, L_0x55dadb764a90;  1 drivers
L_0x7f03168f4060 .functor BUFT 1, C4<0>, C4<0>, C4<0>, C4<0>;
v0x55dadb761800_0 .net "preset", 0 0, L_0x7f03168f4060;  1 drivers
v0x55dadb7618f0_0 .var "q", 0 0;
v0x55dadb761990_0 .var "qnot", 0 0;
E_0x55dadb741f80 .event posedge, v0x55dadb73c990_0, v0x55dadb761800_0, v0x55dadb760d00_0;
S_0x55dadb761b10 .scope module, "Flip_Flop_JK_c" "jkff" 3 27, 4 13 0, S_0x55dadb6fbe80;
 .timescale 0 0;
    .port_info 0 /OUTPUT 1 "q";
    .port_info 1 /OUTPUT 1 "qnot";
    .port_info 2 /INPUT 1 "j";
    .port_info 3 /INPUT 1 "k";
    .port_info 4 /INPUT 1 "clk";
    .port_info 5 /INPUT 1 "preset";
    .port_info 6 /INPUT 1 "clear";
v0x55dadb761dc0_0 .net "clear", 0 0, v0x55dadb7642a0_0;  alias, 1 drivers
v0x55dadb761ed0_0 .net "clk", 0 0, v0x55dadb764360_0;  alias, 1 drivers
v0x55dadb761fe0_0 .net "j", 0 0, v0x55dadb7618f0_0;  alias, 1 drivers
v0x55dadb762080_0 .net "k", 0 0, L_0x55dadb764b90;  1 drivers
L_0x7f03168f40a8 .functor BUFT 1, C4<0>, C4<0>, C4<0>, C4<0>;
v0x55dadb762120_0 .net "preset", 0 0, L_0x7f03168f40a8;  1 drivers
v0x55dadb762210_0 .var "q", 0 0;
v0x55dadb7622b0_0 .var "qnot", 0 0;
E_0x55dadb7422a0 .event posedge, v0x55dadb73c990_0, v0x55dadb762120_0, v0x55dadb760d00_0;
S_0x55dadb762490 .scope module, "Flip_Flop_JK_d" "jkff" 3 28, 4 13 0, S_0x55dadb6fbe80;
 .timescale 0 0;
    .port_info 0 /OUTPUT 1 "q";
    .port_info 1 /OUTPUT 1 "qnot";
    .port_info 2 /INPUT 1 "j";
    .port_info 3 /INPUT 1 "k";
    .port_info 4 /INPUT 1 "clk";
    .port_info 5 /INPUT 1 "preset";
    .port_info 6 /INPUT 1 "clear";
v0x55dadb7627a0_0 .net "clear", 0 0, v0x55dadb7642a0_0;  alias, 1 drivers
v0x55dadb762860_0 .net "clk", 0 0, v0x55dadb764360_0;  alias, 1 drivers
v0x55dadb762920_0 .net "j", 0 0, v0x55dadb762210_0;  alias, 1 drivers
v0x55dadb7629c0_0 .net "k", 0 0, L_0x55dadb764d20;  1 drivers
L_0x7f03168f40f0 .functor BUFT 1, C4<0>, C4<0>, C4<0>, C4<0>;
v0x55dadb762a60_0 .net "preset", 0 0, L_0x7f03168f40f0;  1 drivers
v0x55dadb762b50_0 .var "q", 0 0;
v0x55dadb762bf0_0 .var "qnot", 0 0;
E_0x55dadb762720 .event posedge, v0x55dadb73c990_0, v0x55dadb762a60_0, v0x55dadb760d00_0;
S_0x55dadb762dd0 .scope module, "Flip_Flop_JK_e" "jkff" 3 29, 4 13 0, S_0x55dadb6fbe80;
 .timescale 0 0;
    .port_info 0 /OUTPUT 1 "q";
    .port_info 1 /OUTPUT 1 "qnot";
    .port_info 2 /INPUT 1 "j";
    .port_info 3 /INPUT 1 "k";
    .port_info 4 /INPUT 1 "clk";
    .port_info 5 /INPUT 1 "preset";
    .port_info 6 /INPUT 1 "clear";
v0x55dadb763130_0 .net "clear", 0 0, v0x55dadb7642a0_0;  alias, 1 drivers
v0x55dadb7631f0_0 .net "clk", 0 0, v0x55dadb764360_0;  alias, 1 drivers
v0x55dadb7632b0_0 .net "j", 0 0, v0x55dadb762b50_0;  alias, 1 drivers
v0x55dadb763350_0 .net "k", 0 0, L_0x55dadb764e80;  1 drivers
L_0x7f03168f4138 .functor BUFT 1, C4<0>, C4<0>, C4<0>, C4<0>;
v0x55dadb7633f0_0 .net "preset", 0 0, L_0x7f03168f4138;  1 drivers
v0x55dadb763490_0 .var "q", 0 0;
v0x55dadb763530_0 .var "qnot", 0 0;
E_0x55dadb7630b0 .event posedge, v0x55dadb73c990_0, v0x55dadb7633f0_0, v0x55dadb760d00_0;
    .scope S_0x55dadb73c700;
T_0 ;
    %wait E_0x55dadb71f9f0;
    %load/vec4 v0x55dadb73c990_0;
    %flag_set/vec4 8;
    %jmp/0xz  T_0.0, 8;
    %pushi/vec4 0, 0, 1;
    %assign/vec4 v0x55dadb761030_0, 0;
    %pushi/vec4 1, 0, 1;
    %assign/vec4 v0x55dadb7610f0_0, 0;
    %jmp T_0.1;
T_0.0 ;
    %load/vec4 v0x55dadb760f20_0;
    %flag_set/vec4 8;
    %jmp/0xz  T_0.2, 8;
    %pushi/vec4 1, 0, 1;
    %assign/vec4 v0x55dadb761030_0, 0;
    %pushi/vec4 0, 0, 1;
    %assign/vec4 v0x55dadb7610f0_0, 0;
    %jmp T_0.3;
T_0.2 ;
    %load/vec4 v0x55dadb760dc0_0;
    %load/vec4 v0x55dadb760e60_0;
    %inv;
    %and;
    %flag_set/vec4 8;
    %jmp/0xz  T_0.4, 8;
    %pushi/vec4 1, 0, 1;
    %assign/vec4 v0x55dadb761030_0, 0;
    %pushi/vec4 0, 0, 1;
    %assign/vec4 v0x55dadb7610f0_0, 0;
    %jmp T_0.5;
T_0.4 ;
    %load/vec4 v0x55dadb760dc0_0;
    %inv;
    %load/vec4 v0x55dadb760e60_0;
    %and;
    %flag_set/vec4 8;
    %jmp/0xz  T_0.6, 8;
    %pushi/vec4 0, 0, 1;
    %assign/vec4 v0x55dadb761030_0, 0;
    %pushi/vec4 1, 0, 1;
    %assign/vec4 v0x55dadb7610f0_0, 0;
    %jmp T_0.7;
T_0.6 ;
    %load/vec4 v0x55dadb760dc0_0;
    %load/vec4 v0x55dadb760e60_0;
    %and;
    %flag_set/vec4 8;
    %jmp/0xz  T_0.8, 8;
    %load/vec4 v0x55dadb761030_0;
    %inv;
    %assign/vec4 v0x55dadb761030_0, 0;
    %load/vec4 v0x55dadb7610f0_0;
    %inv;
    %assign/vec4 v0x55dadb7610f0_0, 0;
T_0.8 ;
T_0.7 ;
T_0.5 ;
T_0.3 ;
T_0.1 ;
    %jmp T_0;
    .thread T_0;
    .scope S_0x55dadb761290;
T_1 ;
    %wait E_0x55dadb741f80;
    %load/vec4 v0x55dadb761560_0;
    %flag_set/vec4 8;
    %jmp/0xz  T_1.0, 8;
    %pushi/vec4 0, 0, 1;
    %assign/vec4 v0x55dadb7618f0_0, 0;
    %pushi/vec4 1, 0, 1;
    %assign/vec4 v0x55dadb761990_0, 0;
    %jmp T_1.1;
T_1.0 ;
    %load/vec4 v0x55dadb761800_0;
    %flag_set/vec4 8;
    %jmp/0xz  T_1.2, 8;
    %pushi/vec4 1, 0, 1;
    %assign/vec4 v0x55dadb7618f0_0, 0;
    %pushi/vec4 0, 0, 1;
    %assign/vec4 v0x55dadb761990_0, 0;
    %jmp T_1.3;
T_1.2 ;
    %load/vec4 v0x55dadb7616c0_0;
    %load/vec4 v0x55dadb761760_0;
    %inv;
    %and;
    %flag_set/vec4 8;
    %jmp/0xz  T_1.4, 8;
    %pushi/vec4 1, 0, 1;
    %assign/vec4 v0x55dadb7618f0_0, 0;
    %pushi/vec4 0, 0, 1;
    %assign/vec4 v0x55dadb761990_0, 0;
    %jmp T_1.5;
T_1.4 ;
    %load/vec4 v0x55dadb7616c0_0;
    %inv;
    %load/vec4 v0x55dadb761760_0;
    %and;
    %flag_set/vec4 8;
    %jmp/0xz  T_1.6, 8;
    %pushi/vec4 0, 0, 1;
    %assign/vec4 v0x55dadb7618f0_0, 0;
    %pushi/vec4 1, 0, 1;
    %assign/vec4 v0x55dadb761990_0, 0;
    %jmp T_1.7;
T_1.6 ;
    %load/vec4 v0x55dadb7616c0_0;
    %load/vec4 v0x55dadb761760_0;
    %and;
    %flag_set/vec4 8;
    %jmp/0xz  T_1.8, 8;
    %load/vec4 v0x55dadb7618f0_0;
    %inv;
    %assign/vec4 v0x55dadb7618f0_0, 0;
    %load/vec4 v0x55dadb761990_0;
    %inv;
    %assign/vec4 v0x55dadb761990_0, 0;
T_1.8 ;
T_1.7 ;
T_1.5 ;
T_1.3 ;
T_1.1 ;
    %jmp T_1;
    .thread T_1;
    .scope S_0x55dadb761b10;
T_2 ;
    %wait E_0x55dadb7422a0;
    %load/vec4 v0x55dadb761dc0_0;
    %flag_set/vec4 8;
    %jmp/0xz  T_2.0, 8;
    %pushi/vec4 0, 0, 1;
    %assign/vec4 v0x55dadb762210_0, 0;
    %pushi/vec4 1, 0, 1;
    %assign/vec4 v0x55dadb7622b0_0, 0;
    %jmp T_2.1;
T_2.0 ;
    %load/vec4 v0x55dadb762120_0;
    %flag_set/vec4 8;
    %jmp/0xz  T_2.2, 8;
    %pushi/vec4 1, 0, 1;
    %assign/vec4 v0x55dadb762210_0, 0;
    %pushi/vec4 0, 0, 1;
    %assign/vec4 v0x55dadb7622b0_0, 0;
    %jmp T_2.3;
T_2.2 ;
    %load/vec4 v0x55dadb761fe0_0;
    %load/vec4 v0x55dadb762080_0;
    %inv;
    %and;
    %flag_set/vec4 8;
    %jmp/0xz  T_2.4, 8;
    %pushi/vec4 1, 0, 1;
    %assign/vec4 v0x55dadb762210_0, 0;
    %pushi/vec4 0, 0, 1;
    %assign/vec4 v0x55dadb7622b0_0, 0;
    %jmp T_2.5;
T_2.4 ;
    %load/vec4 v0x55dadb761fe0_0;
    %inv;
    %load/vec4 v0x55dadb762080_0;
    %and;
    %flag_set/vec4 8;
    %jmp/0xz  T_2.6, 8;
    %pushi/vec4 0, 0, 1;
    %assign/vec4 v0x55dadb762210_0, 0;
    %pushi/vec4 1, 0, 1;
    %assign/vec4 v0x55dadb7622b0_0, 0;
    %jmp T_2.7;
T_2.6 ;
    %load/vec4 v0x55dadb761fe0_0;
    %load/vec4 v0x55dadb762080_0;
    %and;
    %flag_set/vec4 8;
    %jmp/0xz  T_2.8, 8;
    %load/vec4 v0x55dadb762210_0;
    %inv;
    %assign/vec4 v0x55dadb762210_0, 0;
    %load/vec4 v0x55dadb7622b0_0;
    %inv;
    %assign/vec4 v0x55dadb7622b0_0, 0;
T_2.8 ;
T_2.7 ;
T_2.5 ;
T_2.3 ;
T_2.1 ;
    %jmp T_2;
    .thread T_2;
    .scope S_0x55dadb762490;
T_3 ;
    %wait E_0x55dadb762720;
    %load/vec4 v0x55dadb7627a0_0;
    %flag_set/vec4 8;
    %jmp/0xz  T_3.0, 8;
    %pushi/vec4 0, 0, 1;
    %assign/vec4 v0x55dadb762b50_0, 0;
    %pushi/vec4 1, 0, 1;
    %assign/vec4 v0x55dadb762bf0_0, 0;
    %jmp T_3.1;
T_3.0 ;
    %load/vec4 v0x55dadb762a60_0;
    %flag_set/vec4 8;
    %jmp/0xz  T_3.2, 8;
    %pushi/vec4 1, 0, 1;
    %assign/vec4 v0x55dadb762b50_0, 0;
    %pushi/vec4 0, 0, 1;
    %assign/vec4 v0x55dadb762bf0_0, 0;
    %jmp T_3.3;
T_3.2 ;
    %load/vec4 v0x55dadb762920_0;
    %load/vec4 v0x55dadb7629c0_0;
    %inv;
    %and;
    %flag_set/vec4 8;
    %jmp/0xz  T_3.4, 8;
    %pushi/vec4 1, 0, 1;
    %assign/vec4 v0x55dadb762b50_0, 0;
    %pushi/vec4 0, 0, 1;
    %assign/vec4 v0x55dadb762bf0_0, 0;
    %jmp T_3.5;
T_3.4 ;
    %load/vec4 v0x55dadb762920_0;
    %inv;
    %load/vec4 v0x55dadb7629c0_0;
    %and;
    %flag_set/vec4 8;
    %jmp/0xz  T_3.6, 8;
    %pushi/vec4 0, 0, 1;
    %assign/vec4 v0x55dadb762b50_0, 0;
    %pushi/vec4 1, 0, 1;
    %assign/vec4 v0x55dadb762bf0_0, 0;
    %jmp T_3.7;
T_3.6 ;
    %load/vec4 v0x55dadb762920_0;
    %load/vec4 v0x55dadb7629c0_0;
    %and;
    %flag_set/vec4 8;
    %jmp/0xz  T_3.8, 8;
    %load/vec4 v0x55dadb762b50_0;
    %inv;
    %assign/vec4 v0x55dadb762b50_0, 0;
    %load/vec4 v0x55dadb762bf0_0;
    %inv;
    %assign/vec4 v0x55dadb762bf0_0, 0;
T_3.8 ;
T_3.7 ;
T_3.5 ;
T_3.3 ;
T_3.1 ;
    %jmp T_3;
    .thread T_3;
    .scope S_0x55dadb762dd0;
T_4 ;
    %wait E_0x55dadb7630b0;
    %load/vec4 v0x55dadb763130_0;
    %flag_set/vec4 8;
    %jmp/0xz  T_4.0, 8;
    %pushi/vec4 0, 0, 1;
    %assign/vec4 v0x55dadb763490_0, 0;
    %pushi/vec4 1, 0, 1;
    %assign/vec4 v0x55dadb763530_0, 0;
    %jmp T_4.1;
T_4.0 ;
    %load/vec4 v0x55dadb7633f0_0;
    %flag_set/vec4 8;
    %jmp/0xz  T_4.2, 8;
    %pushi/vec4 1, 0, 1;
    %assign/vec4 v0x55dadb763490_0, 0;
    %pushi/vec4 0, 0, 1;
    %assign/vec4 v0x55dadb763530_0, 0;
    %jmp T_4.3;
T_4.2 ;
    %load/vec4 v0x55dadb7632b0_0;
    %load/vec4 v0x55dadb763350_0;
    %inv;
    %and;
    %flag_set/vec4 8;
    %jmp/0xz  T_4.4, 8;
    %pushi/vec4 1, 0, 1;
    %assign/vec4 v0x55dadb763490_0, 0;
    %pushi/vec4 0, 0, 1;
    %assign/vec4 v0x55dadb763530_0, 0;
    %jmp T_4.5;
T_4.4 ;
    %load/vec4 v0x55dadb7632b0_0;
    %inv;
    %load/vec4 v0x55dadb763350_0;
    %and;
    %flag_set/vec4 8;
    %jmp/0xz  T_4.6, 8;
    %pushi/vec4 0, 0, 1;
    %assign/vec4 v0x55dadb763490_0, 0;
    %pushi/vec4 1, 0, 1;
    %assign/vec4 v0x55dadb763530_0, 0;
    %jmp T_4.7;
T_4.6 ;
    %load/vec4 v0x55dadb7632b0_0;
    %load/vec4 v0x55dadb763350_0;
    %and;
    %flag_set/vec4 8;
    %jmp/0xz  T_4.8, 8;
    %load/vec4 v0x55dadb763490_0;
    %inv;
    %assign/vec4 v0x55dadb763490_0, 0;
    %load/vec4 v0x55dadb763530_0;
    %inv;
    %assign/vec4 v0x55dadb763530_0, 0;
T_4.8 ;
T_4.7 ;
T_4.5 ;
T_4.3 ;
T_4.1 ;
    %jmp T_4;
    .thread T_4;
    .scope S_0x55dadb6fbcf0;
T_5 ;
    %pushi/vec4 0, 0, 1;
    %store/vec4 v0x55dadb764360_0, 0, 1;
T_5.0 ;
    %delay 5, 0;
    %load/vec4 v0x55dadb764360_0;
    %inv;
    %store/vec4 v0x55dadb764360_0, 0, 1;
    %jmp T_5.0;
    %end;
    .thread T_5;
    .scope S_0x55dadb6fbcf0;
T_6 ;
    %vpi_call 2 32 "$monitor", "Tempo=%0t | clk=%b | clear=%b | input = %b | out=%b%b%b%b%b", $time, v0x55dadb764360_0, v0x55dadb7642a0_0, v0x55dadb7644c0_0, v0x55dadb764560_0, v0x55dadb764600_0, v0x55dadb7646a0_0, v0x55dadb764740_0, v0x55dadb7647e0_0 {0 0 0};
    %pushi/vec4 0, 0, 1;
    %store/vec4 v0x55dadb764420_0, 0, 1;
    %pushi/vec4 1, 0, 1;
    %store/vec4 v0x55dadb7644c0_0, 0, 1;
    %pushi/vec4 1, 0, 1;
    %store/vec4 v0x55dadb7642a0_0, 0, 1;
    %delay 10, 0;
    %pushi/vec4 0, 0, 1;
    %store/vec4 v0x55dadb7642a0_0, 0, 1;
    %delay 5, 0;
    %pushi/vec4 1, 0, 1;
    %store/vec4 v0x55dadb7644c0_0, 0, 1;
    %delay 5, 0;
    %pushi/vec4 0, 0, 1;
    %store/vec4 v0x55dadb7644c0_0, 0, 1;
    %delay 10, 0;
    %delay 10, 0;
    %delay 10, 0;
    %delay 10, 0;
    %delay 10, 0;
    %delay 10, 0;
    %delay 10, 0;
    %delay 10, 0;
    %delay 10, 0;
    %delay 5, 0;
    %pushi/vec4 1, 0, 1;
    %store/vec4 v0x55dadb7644c0_0, 0, 1;
    %delay 5, 0;
    %pushi/vec4 0, 0, 1;
    %store/vec4 v0x55dadb7644c0_0, 0, 1;
    %delay 10, 0;
    %delay 5, 0;
    %pushi/vec4 1, 0, 1;
    %store/vec4 v0x55dadb7642a0_0, 0, 1;
    %delay 5, 0;
    %pushi/vec4 0, 0, 1;
    %store/vec4 v0x55dadb7642a0_0, 0, 1;
    %delay 10, 0;
    %delay 10, 0;
    %vpi_call 2 67 "$finish" {0 0 0};
    %end;
    .thread T_6;
# The file index is used to find the file name in the following table.
:file_names 5;
    "N/A";
    "<interactive>";
    "Guia_1307.v";
    "./ContadorAnelTorcido.v";
    "./Flip_Flop_JK.v";
