#! /usr/bin/vvp
:ivl_version "11.0 (stable)";
:ivl_delay_selection "TYPICAL";
:vpi_time_precision + 0;
:vpi_module "/usr/lib/x86_64-linux-gnu/ivl/system.vpi";
:vpi_module "/usr/lib/x86_64-linux-gnu/ivl/vhdl_sys.vpi";
:vpi_module "/usr/lib/x86_64-linux-gnu/ivl/vhdl_textio.vpi";
:vpi_module "/usr/lib/x86_64-linux-gnu/ivl/v2005_math.vpi";
:vpi_module "/usr/lib/x86_64-linux-gnu/ivl/va_math.vpi";
S_0x563dbe4a6cf0 .scope module, "teste_ContadorDecadicoDecrescente" "teste_ContadorDecadicoDecrescente" 2 14;
 .timescale 0 0;
v0x563dbe50fa80_0 .var "clk", 0 0;
v0x563dbe50fb60_0 .var "in1", 0 0;
v0x563dbe50fc20_0 .net "out_a", 0 0, v0x563dbe50ec00_0;  1 drivers
v0x563dbe50fcc0_0 .net "out_b", 0 0, v0x563dbe50e2e0_0;  1 drivers
v0x563dbe50fd60_0 .net "out_c", 0 0, v0x563dbe50d9e0_0;  1 drivers
v0x563dbe50fe00_0 .net "out_d", 0 0, v0x563dbe50d090_0;  1 drivers
v0x563dbe50fea0_0 .var "pulse", 0 0;
S_0x563dbe4a6e80 .scope module, "contador" "ContadorDecadicoDecrescente" 2 22, 3 14 0, S_0x563dbe4a6cf0;
 .timescale 0 0;
    .port_info 0 /OUTPUT 1 "Qd";
    .port_info 1 /OUTPUT 1 "Qc";
    .port_info 2 /OUTPUT 1 "Qb";
    .port_info 3 /OUTPUT 1 "Qa";
    .port_info 4 /INPUT 1 "pulse";
    .port_info 5 /INPUT 1 "in1";
L_0x563dbe4d9960 .functor AND 1, L_0x563dbe510030, v0x563dbe50da80_0, L_0x563dbe510140, v0x563dbe50eca0_0;
L_0x563dbe510030 .functor NOT 1, v0x563dbe50d150_0, C4<0>, C4<0>, C4<0>;
L_0x563dbe510140 .functor NOT 1, v0x563dbe50e380_0, C4<0>, C4<0>, C4<0>;
L_0x563dbe510250 .functor OR 1, L_0x563dbe510340, L_0x563dbe4d9960, C4<0>, C4<0>;
L_0x563dbe510340 .functor NOT 1, v0x563dbe50fb60_0, C4<0>, C4<0>, C4<0>;
v0x563dbe50ee40_0 .net "QNot_a", 0 0, v0x563dbe50d150_0;  1 drivers
v0x563dbe50ef00_0 .net "QNot_b", 0 0, v0x563dbe50da80_0;  1 drivers
v0x563dbe50efd0_0 .net "QNot_c", 0 0, v0x563dbe50e380_0;  1 drivers
v0x563dbe50f0d0_0 .net "QNot_d", 0 0, v0x563dbe50eca0_0;  1 drivers
v0x563dbe50f1a0_0 .net "Qa", 0 0, v0x563dbe50d090_0;  alias, 1 drivers
v0x563dbe50f2e0_0 .net "Qb", 0 0, v0x563dbe50d9e0_0;  alias, 1 drivers
v0x563dbe50f3d0_0 .net "Qc", 0 0, v0x563dbe50e2e0_0;  alias, 1 drivers
v0x563dbe50f4c0_0 .net "Qd", 0 0, v0x563dbe50ec00_0;  alias, 1 drivers
v0x563dbe50f560_0 .net *"_ivl_0", 0 0, L_0x563dbe510030;  1 drivers
v0x563dbe50f600_0 .net *"_ivl_2", 0 0, L_0x563dbe510140;  1 drivers
v0x563dbe50f6a0_0 .net *"_ivl_4", 0 0, L_0x563dbe510340;  1 drivers
v0x563dbe50f740_0 .net "and1", 0 0, L_0x563dbe4d9960;  1 drivers
v0x563dbe50f800_0 .net "in1", 0 0, v0x563dbe50fb60_0;  1 drivers
v0x563dbe50f8a0_0 .net "or1", 0 0, L_0x563dbe510250;  1 drivers
v0x563dbe50f940_0 .net "pulse", 0 0, v0x563dbe50fea0_0;  1 drivers
S_0x563dbe4e7040 .scope module, "Flip_Flop_JK_a" "jkff" 3 25, 4 13 0, S_0x563dbe4a6e80;
 .timescale 0 0;
    .port_info 0 /OUTPUT 1 "q";
    .port_info 1 /OUTPUT 1 "qnot";
    .port_info 2 /INPUT 1 "j";
    .port_info 3 /INPUT 1 "k";
    .port_info 4 /INPUT 1 "clk";
    .port_info 5 /INPUT 1 "preset";
    .port_info 6 /INPUT 1 "clear";
L_0x7f0b6591b018 .functor BUFT 1, C4<0>, C4<0>, C4<0>, C4<0>;
v0x563dbe4e7220_0 .net "clear", 0 0, L_0x7f0b6591b018;  1 drivers
v0x563dbe50cda0_0 .net "clk", 0 0, v0x563dbe50fea0_0;  alias, 1 drivers
v0x563dbe50ce60_0 .net "j", 0 0, v0x563dbe50fb60_0;  alias, 1 drivers
v0x563dbe50cf00_0 .net "k", 0 0, v0x563dbe50fb60_0;  alias, 1 drivers
v0x563dbe50cfa0_0 .net "preset", 0 0, L_0x563dbe510250;  alias, 1 drivers
v0x563dbe50d090_0 .var "q", 0 0;
v0x563dbe50d150_0 .var "qnot", 0 0;
E_0x563dbe4caa10 .event posedge, v0x563dbe4e7220_0, v0x563dbe50cfa0_0, v0x563dbe50cda0_0;
S_0x563dbe50d2f0 .scope module, "Flip_Flop_JK_b" "jkff" 3 26, 4 13 0, S_0x563dbe4a6e80;
 .timescale 0 0;
    .port_info 0 /OUTPUT 1 "q";
    .port_info 1 /OUTPUT 1 "qnot";
    .port_info 2 /INPUT 1 "j";
    .port_info 3 /INPUT 1 "k";
    .port_info 4 /INPUT 1 "clk";
    .port_info 5 /INPUT 1 "preset";
    .port_info 6 /INPUT 1 "clear";
L_0x7f0b6591b060 .functor BUFT 1, C4<0>, C4<0>, C4<0>, C4<0>;
v0x563dbe50d5c0_0 .net "clear", 0 0, L_0x7f0b6591b060;  1 drivers
v0x563dbe50d6a0_0 .net "clk", 0 0, v0x563dbe50d090_0;  alias, 1 drivers
v0x563dbe50d760_0 .net "j", 0 0, v0x563dbe50fb60_0;  alias, 1 drivers
v0x563dbe50d850_0 .net "k", 0 0, v0x563dbe50fb60_0;  alias, 1 drivers
v0x563dbe50d8f0_0 .net "preset", 0 0, L_0x563dbe510250;  alias, 1 drivers
v0x563dbe50d9e0_0 .var "q", 0 0;
v0x563dbe50da80_0 .var "qnot", 0 0;
E_0x563dbe4dd230 .event posedge, v0x563dbe50d5c0_0, v0x563dbe50cfa0_0, v0x563dbe50d090_0;
S_0x563dbe50dbc0 .scope module, "Flip_Flop_JK_c" "jkff" 3 27, 4 13 0, S_0x563dbe4a6e80;
 .timescale 0 0;
    .port_info 0 /OUTPUT 1 "q";
    .port_info 1 /OUTPUT 1 "qnot";
    .port_info 2 /INPUT 1 "j";
    .port_info 3 /INPUT 1 "k";
    .port_info 4 /INPUT 1 "clk";
    .port_info 5 /INPUT 1 "preset";
    .port_info 6 /INPUT 1 "clear";
L_0x7f0b6591b0a8 .functor BUFT 1, C4<0>, C4<0>, C4<0>, C4<0>;
v0x563dbe50deb0_0 .net "clear", 0 0, L_0x7f0b6591b0a8;  1 drivers
v0x563dbe50df90_0 .net "clk", 0 0, v0x563dbe50d9e0_0;  alias, 1 drivers
v0x563dbe50e080_0 .net "j", 0 0, v0x563dbe50fb60_0;  alias, 1 drivers
v0x563dbe50e150_0 .net "k", 0 0, v0x563dbe50fb60_0;  alias, 1 drivers
v0x563dbe50e1f0_0 .net "preset", 0 0, L_0x563dbe510250;  alias, 1 drivers
v0x563dbe50e2e0_0 .var "q", 0 0;
v0x563dbe50e380_0 .var "qnot", 0 0;
E_0x563dbe50de50 .event posedge, v0x563dbe50deb0_0, v0x563dbe50cfa0_0, v0x563dbe50d9e0_0;
S_0x563dbe50e520 .scope module, "Flip_Flop_JK_d" "jkff" 3 28, 4 13 0, S_0x563dbe4a6e80;
 .timescale 0 0;
    .port_info 0 /OUTPUT 1 "q";
    .port_info 1 /OUTPUT 1 "qnot";
    .port_info 2 /INPUT 1 "j";
    .port_info 3 /INPUT 1 "k";
    .port_info 4 /INPUT 1 "clk";
    .port_info 5 /INPUT 1 "preset";
    .port_info 6 /INPUT 1 "clear";
L_0x7f0b6591b0f0 .functor BUFT 1, C4<0>, C4<0>, C4<0>, C4<0>;
v0x563dbe50e830_0 .net "clear", 0 0, L_0x7f0b6591b0f0;  1 drivers
v0x563dbe50e910_0 .net "clk", 0 0, v0x563dbe50e2e0_0;  alias, 1 drivers
v0x563dbe50e9d0_0 .net "j", 0 0, v0x563dbe50fb60_0;  alias, 1 drivers
v0x563dbe50ea70_0 .net "k", 0 0, v0x563dbe50fb60_0;  alias, 1 drivers
v0x563dbe50eb10_0 .net "preset", 0 0, L_0x563dbe510250;  alias, 1 drivers
v0x563dbe50ec00_0 .var "q", 0 0;
v0x563dbe50eca0_0 .var "qnot", 0 0;
E_0x563dbe50e7b0 .event posedge, v0x563dbe50e830_0, v0x563dbe50cfa0_0, v0x563dbe50e2e0_0;
    .scope S_0x563dbe4e7040;
T_0 ;
    %wait E_0x563dbe4caa10;
    %load/vec4 v0x563dbe4e7220_0;
    %flag_set/vec4 8;
    %jmp/0xz  T_0.0, 8;
    %pushi/vec4 0, 0, 1;
    %assign/vec4 v0x563dbe50d090_0, 0;
    %pushi/vec4 1, 0, 1;
    %assign/vec4 v0x563dbe50d150_0, 0;
    %jmp T_0.1;
T_0.0 ;
    %load/vec4 v0x563dbe50cfa0_0;
    %flag_set/vec4 8;
    %jmp/0xz  T_0.2, 8;
    %pushi/vec4 1, 0, 1;
    %assign/vec4 v0x563dbe50d090_0, 0;
    %pushi/vec4 0, 0, 1;
    %assign/vec4 v0x563dbe50d150_0, 0;
    %jmp T_0.3;
T_0.2 ;
    %load/vec4 v0x563dbe50ce60_0;
    %load/vec4 v0x563dbe50cf00_0;
    %inv;
    %and;
    %flag_set/vec4 8;
    %jmp/0xz  T_0.4, 8;
    %pushi/vec4 1, 0, 1;
    %assign/vec4 v0x563dbe50d090_0, 0;
    %pushi/vec4 0, 0, 1;
    %assign/vec4 v0x563dbe50d150_0, 0;
    %jmp T_0.5;
T_0.4 ;
    %load/vec4 v0x563dbe50ce60_0;
    %inv;
    %load/vec4 v0x563dbe50cf00_0;
    %and;
    %flag_set/vec4 8;
    %jmp/0xz  T_0.6, 8;
    %pushi/vec4 0, 0, 1;
    %assign/vec4 v0x563dbe50d090_0, 0;
    %pushi/vec4 1, 0, 1;
    %assign/vec4 v0x563dbe50d150_0, 0;
    %jmp T_0.7;
T_0.6 ;
    %load/vec4 v0x563dbe50ce60_0;
    %load/vec4 v0x563dbe50cf00_0;
    %and;
    %flag_set/vec4 8;
    %jmp/0xz  T_0.8, 8;
    %load/vec4 v0x563dbe50d090_0;
    %inv;
    %assign/vec4 v0x563dbe50d090_0, 0;
    %load/vec4 v0x563dbe50d150_0;
    %inv;
    %assign/vec4 v0x563dbe50d150_0, 0;
T_0.8 ;
T_0.7 ;
T_0.5 ;
T_0.3 ;
T_0.1 ;
    %jmp T_0;
    .thread T_0;
    .scope S_0x563dbe50d2f0;
T_1 ;
    %wait E_0x563dbe4dd230;
    %load/vec4 v0x563dbe50d5c0_0;
    %flag_set/vec4 8;
    %jmp/0xz  T_1.0, 8;
    %pushi/vec4 0, 0, 1;
    %assign/vec4 v0x563dbe50d9e0_0, 0;
    %pushi/vec4 1, 0, 1;
    %assign/vec4 v0x563dbe50da80_0, 0;
    %jmp T_1.1;
T_1.0 ;
    %load/vec4 v0x563dbe50d8f0_0;
    %flag_set/vec4 8;
    %jmp/0xz  T_1.2, 8;
    %pushi/vec4 1, 0, 1;
    %assign/vec4 v0x563dbe50d9e0_0, 0;
    %pushi/vec4 0, 0, 1;
    %assign/vec4 v0x563dbe50da80_0, 0;
    %jmp T_1.3;
T_1.2 ;
    %load/vec4 v0x563dbe50d760_0;
    %load/vec4 v0x563dbe50d850_0;
    %inv;
    %and;
    %flag_set/vec4 8;
    %jmp/0xz  T_1.4, 8;
    %pushi/vec4 1, 0, 1;
    %assign/vec4 v0x563dbe50d9e0_0, 0;
    %pushi/vec4 0, 0, 1;
    %assign/vec4 v0x563dbe50da80_0, 0;
    %jmp T_1.5;
T_1.4 ;
    %load/vec4 v0x563dbe50d760_0;
    %inv;
    %load/vec4 v0x563dbe50d850_0;
    %and;
    %flag_set/vec4 8;
    %jmp/0xz  T_1.6, 8;
    %pushi/vec4 0, 0, 1;
    %assign/vec4 v0x563dbe50d9e0_0, 0;
    %pushi/vec4 1, 0, 1;
    %assign/vec4 v0x563dbe50da80_0, 0;
    %jmp T_1.7;
T_1.6 ;
    %load/vec4 v0x563dbe50d760_0;
    %load/vec4 v0x563dbe50d850_0;
    %and;
    %flag_set/vec4 8;
    %jmp/0xz  T_1.8, 8;
    %load/vec4 v0x563dbe50d9e0_0;
    %inv;
    %assign/vec4 v0x563dbe50d9e0_0, 0;
    %load/vec4 v0x563dbe50da80_0;
    %inv;
    %assign/vec4 v0x563dbe50da80_0, 0;
T_1.8 ;
T_1.7 ;
T_1.5 ;
T_1.3 ;
T_1.1 ;
    %jmp T_1;
    .thread T_1;
    .scope S_0x563dbe50dbc0;
T_2 ;
    %wait E_0x563dbe50de50;
    %load/vec4 v0x563dbe50deb0_0;
    %flag_set/vec4 8;
    %jmp/0xz  T_2.0, 8;
    %pushi/vec4 0, 0, 1;
    %assign/vec4 v0x563dbe50e2e0_0, 0;
    %pushi/vec4 1, 0, 1;
    %assign/vec4 v0x563dbe50e380_0, 0;
    %jmp T_2.1;
T_2.0 ;
    %load/vec4 v0x563dbe50e1f0_0;
    %flag_set/vec4 8;
    %jmp/0xz  T_2.2, 8;
    %pushi/vec4 1, 0, 1;
    %assign/vec4 v0x563dbe50e2e0_0, 0;
    %pushi/vec4 0, 0, 1;
    %assign/vec4 v0x563dbe50e380_0, 0;
    %jmp T_2.3;
T_2.2 ;
    %load/vec4 v0x563dbe50e080_0;
    %load/vec4 v0x563dbe50e150_0;
    %inv;
    %and;
    %flag_set/vec4 8;
    %jmp/0xz  T_2.4, 8;
    %pushi/vec4 1, 0, 1;
    %assign/vec4 v0x563dbe50e2e0_0, 0;
    %pushi/vec4 0, 0, 1;
    %assign/vec4 v0x563dbe50e380_0, 0;
    %jmp T_2.5;
T_2.4 ;
    %load/vec4 v0x563dbe50e080_0;
    %inv;
    %load/vec4 v0x563dbe50e150_0;
    %and;
    %flag_set/vec4 8;
    %jmp/0xz  T_2.6, 8;
    %pushi/vec4 0, 0, 1;
    %assign/vec4 v0x563dbe50e2e0_0, 0;
    %pushi/vec4 1, 0, 1;
    %assign/vec4 v0x563dbe50e380_0, 0;
    %jmp T_2.7;
T_2.6 ;
    %load/vec4 v0x563dbe50e080_0;
    %load/vec4 v0x563dbe50e150_0;
    %and;
    %flag_set/vec4 8;
    %jmp/0xz  T_2.8, 8;
    %load/vec4 v0x563dbe50e2e0_0;
    %inv;
    %assign/vec4 v0x563dbe50e2e0_0, 0;
    %load/vec4 v0x563dbe50e380_0;
    %inv;
    %assign/vec4 v0x563dbe50e380_0, 0;
T_2.8 ;
T_2.7 ;
T_2.5 ;
T_2.3 ;
T_2.1 ;
    %jmp T_2;
    .thread T_2;
    .scope S_0x563dbe50e520;
T_3 ;
    %wait E_0x563dbe50e7b0;
    %load/vec4 v0x563dbe50e830_0;
    %flag_set/vec4 8;
    %jmp/0xz  T_3.0, 8;
    %pushi/vec4 0, 0, 1;
    %assign/vec4 v0x563dbe50ec00_0, 0;
    %pushi/vec4 1, 0, 1;
    %assign/vec4 v0x563dbe50eca0_0, 0;
    %jmp T_3.1;
T_3.0 ;
    %load/vec4 v0x563dbe50eb10_0;
    %flag_set/vec4 8;
    %jmp/0xz  T_3.2, 8;
    %pushi/vec4 1, 0, 1;
    %assign/vec4 v0x563dbe50ec00_0, 0;
    %pushi/vec4 0, 0, 1;
    %assign/vec4 v0x563dbe50eca0_0, 0;
    %jmp T_3.3;
T_3.2 ;
    %load/vec4 v0x563dbe50e9d0_0;
    %load/vec4 v0x563dbe50ea70_0;
    %inv;
    %and;
    %flag_set/vec4 8;
    %jmp/0xz  T_3.4, 8;
    %pushi/vec4 1, 0, 1;
    %assign/vec4 v0x563dbe50ec00_0, 0;
    %pushi/vec4 0, 0, 1;
    %assign/vec4 v0x563dbe50eca0_0, 0;
    %jmp T_3.5;
T_3.4 ;
    %load/vec4 v0x563dbe50e9d0_0;
    %inv;
    %load/vec4 v0x563dbe50ea70_0;
    %and;
    %flag_set/vec4 8;
    %jmp/0xz  T_3.6, 8;
    %pushi/vec4 0, 0, 1;
    %assign/vec4 v0x563dbe50ec00_0, 0;
    %pushi/vec4 1, 0, 1;
    %assign/vec4 v0x563dbe50eca0_0, 0;
    %jmp T_3.7;
T_3.6 ;
    %load/vec4 v0x563dbe50e9d0_0;
    %load/vec4 v0x563dbe50ea70_0;
    %and;
    %flag_set/vec4 8;
    %jmp/0xz  T_3.8, 8;
    %load/vec4 v0x563dbe50ec00_0;
    %inv;
    %assign/vec4 v0x563dbe50ec00_0, 0;
    %load/vec4 v0x563dbe50eca0_0;
    %inv;
    %assign/vec4 v0x563dbe50eca0_0, 0;
T_3.8 ;
T_3.7 ;
T_3.5 ;
T_3.3 ;
T_3.1 ;
    %jmp T_3;
    .thread T_3;
    .scope S_0x563dbe4a6cf0;
T_4 ;
    %pushi/vec4 0, 0, 1;
    %store/vec4 v0x563dbe50fa80_0, 0, 1;
T_4.0 ;
    %delay 5, 0;
    %load/vec4 v0x563dbe50fa80_0;
    %inv;
    %store/vec4 v0x563dbe50fa80_0, 0, 1;
    %jmp T_4.0;
    %end;
    .thread T_4;
    .scope S_0x563dbe4a6cf0;
T_5 ;
    %vpi_call 2 32 "$monitor", "Tempo=%0t | in1=%b | pulse = %b | out=%b%b%b%b", $time, v0x563dbe50fb60_0, v0x563dbe50fea0_0, v0x563dbe50fc20_0, v0x563dbe50fcc0_0, v0x563dbe50fd60_0, v0x563dbe50fe00_0 {0 0 0};
    %pushi/vec4 0, 0, 1;
    %store/vec4 v0x563dbe50fb60_0, 0, 1;
    %pushi/vec4 0, 0, 1;
    %store/vec4 v0x563dbe50fea0_0, 0, 1;
    %pushi/vec4 0, 0, 1;
    %store/vec4 v0x563dbe50fb60_0, 0, 1;
    %delay 5, 0;
    %pushi/vec4 1, 0, 1;
    %store/vec4 v0x563dbe50fea0_0, 0, 1;
    %delay 5, 0;
    %pushi/vec4 0, 0, 1;
    %store/vec4 v0x563dbe50fea0_0, 0, 1;
    %delay 5, 0;
    %pushi/vec4 1, 0, 1;
    %store/vec4 v0x563dbe50fea0_0, 0, 1;
    %delay 5, 0;
    %pushi/vec4 0, 0, 1;
    %store/vec4 v0x563dbe50fea0_0, 0, 1;
    %delay 5, 0;
    %pushi/vec4 1, 0, 1;
    %store/vec4 v0x563dbe50fea0_0, 0, 1;
    %delay 5, 0;
    %pushi/vec4 0, 0, 1;
    %store/vec4 v0x563dbe50fea0_0, 0, 1;
    %delay 5, 0;
    %pushi/vec4 1, 0, 1;
    %store/vec4 v0x563dbe50fb60_0, 0, 1;
    %delay 5, 0;
    %pushi/vec4 1, 0, 1;
    %store/vec4 v0x563dbe50fea0_0, 0, 1;
    %delay 5, 0;
    %pushi/vec4 0, 0, 1;
    %store/vec4 v0x563dbe50fea0_0, 0, 1;
    %delay 5, 0;
    %pushi/vec4 0, 0, 1;
    %store/vec4 v0x563dbe50fb60_0, 0, 1;
    %delay 5, 0;
    %pushi/vec4 1, 0, 1;
    %store/vec4 v0x563dbe50fea0_0, 0, 1;
    %delay 5, 0;
    %pushi/vec4 0, 0, 1;
    %store/vec4 v0x563dbe50fea0_0, 0, 1;
    %delay 5, 0;
    %pushi/vec4 1, 0, 1;
    %store/vec4 v0x563dbe50fb60_0, 0, 1;
    %delay 5, 0;
    %pushi/vec4 1, 0, 1;
    %store/vec4 v0x563dbe50fea0_0, 0, 1;
    %delay 5, 0;
    %pushi/vec4 0, 0, 1;
    %store/vec4 v0x563dbe50fea0_0, 0, 1;
    %delay 5, 0;
    %pushi/vec4 1, 0, 1;
    %store/vec4 v0x563dbe50fea0_0, 0, 1;
    %delay 5, 0;
    %pushi/vec4 0, 0, 1;
    %store/vec4 v0x563dbe50fea0_0, 0, 1;
    %delay 5, 0;
    %pushi/vec4 1, 0, 1;
    %store/vec4 v0x563dbe50fea0_0, 0, 1;
    %delay 5, 0;
    %pushi/vec4 0, 0, 1;
    %store/vec4 v0x563dbe50fea0_0, 0, 1;
    %delay 5, 0;
    %pushi/vec4 1, 0, 1;
    %store/vec4 v0x563dbe50fea0_0, 0, 1;
    %delay 5, 0;
    %pushi/vec4 0, 0, 1;
    %store/vec4 v0x563dbe50fea0_0, 0, 1;
    %delay 5, 0;
    %pushi/vec4 1, 0, 1;
    %store/vec4 v0x563dbe50fea0_0, 0, 1;
    %delay 5, 0;
    %pushi/vec4 0, 0, 1;
    %store/vec4 v0x563dbe50fea0_0, 0, 1;
    %delay 5, 0;
    %pushi/vec4 1, 0, 1;
    %store/vec4 v0x563dbe50fea0_0, 0, 1;
    %delay 5, 0;
    %pushi/vec4 0, 0, 1;
    %store/vec4 v0x563dbe50fea0_0, 0, 1;
    %delay 5, 0;
    %pushi/vec4 1, 0, 1;
    %store/vec4 v0x563dbe50fea0_0, 0, 1;
    %delay 5, 0;
    %pushi/vec4 0, 0, 1;
    %store/vec4 v0x563dbe50fea0_0, 0, 1;
    %delay 5, 0;
    %pushi/vec4 1, 0, 1;
    %store/vec4 v0x563dbe50fea0_0, 0, 1;
    %delay 5, 0;
    %pushi/vec4 0, 0, 1;
    %store/vec4 v0x563dbe50fea0_0, 0, 1;
    %delay 5, 0;
    %pushi/vec4 1, 0, 1;
    %store/vec4 v0x563dbe50fea0_0, 0, 1;
    %delay 5, 0;
    %pushi/vec4 0, 0, 1;
    %store/vec4 v0x563dbe50fea0_0, 0, 1;
    %vpi_call 2 94 "$finish" {0 0 0};
    %end;
    .thread T_5;
# The file index is used to find the file name in the following table.
:file_names 5;
    "N/A";
    "<interactive>";
    "Guia_1304.v";
    "./ContadorDecadicoDecrescente.v";
    "./Flip_Flop_JK.v";
