#! /usr/bin/vvp
:ivl_version "11.0 (stable)";
:ivl_delay_selection "TYPICAL";
:vpi_time_precision + 0;
:vpi_module "/usr/lib/x86_64-linux-gnu/ivl/system.vpi";
:vpi_module "/usr/lib/x86_64-linux-gnu/ivl/vhdl_sys.vpi";
:vpi_module "/usr/lib/x86_64-linux-gnu/ivl/vhdl_textio.vpi";
:vpi_module "/usr/lib/x86_64-linux-gnu/ivl/v2005_math.vpi";
:vpi_module "/usr/lib/x86_64-linux-gnu/ivl/va_math.vpi";
S_0x5565a0af0aa0 .scope module, "test_ComparadorDesigualdadeCompleto_5bits" "test_ComparadorDesigualdadeCompleto_5bits" 2 43;
 .timescale 0 0;
v0x5565a0b21db0_0 .net "Result_out", 0 0, L_0x5565a0b22f70;  1 drivers
v0x5565a0b21e50_0 .var "x", 4 0;
v0x5565a0b21f20_0 .var "y", 4 0;
S_0x5565a0af31a0 .scope module, "FS0" "ComparadorDesigualdadeCompleto_5bits" 2 51, 2 24 0, S_0x5565a0af0aa0;
 .timescale 0 0;
    .port_info 0 /OUTPUT 1 "Result_out";
    .port_info 1 /INPUT 5 "a";
    .port_info 2 /INPUT 5 "b";
L_0x5565a0b22f70/0/0 .functor OR 1, L_0x5565a0b23030, L_0x5565a0b231e0, L_0x5565a0b232d0, L_0x5565a0b234d0;
L_0x5565a0b22f70/0/4 .functor OR 1, L_0x5565a0b23570, C4<0>, C4<0>, C4<0>;
L_0x5565a0b22f70 .functor OR 1, L_0x5565a0b22f70/0/0, L_0x5565a0b22f70/0/4, C4<0>, C4<0>;
v0x5565a0b21510_0 .net "Result", 4 0, L_0x5565a0b22b20;  1 drivers
v0x5565a0b215f0_0 .net "Result_out", 0 0, L_0x5565a0b22f70;  alias, 1 drivers
v0x5565a0b216b0_0 .net *"_ivl_32", 0 0, L_0x5565a0b23030;  1 drivers
v0x5565a0b217a0_0 .net *"_ivl_34", 0 0, L_0x5565a0b231e0;  1 drivers
v0x5565a0b21880_0 .net *"_ivl_36", 0 0, L_0x5565a0b232d0;  1 drivers
v0x5565a0b219b0_0 .net *"_ivl_38", 0 0, L_0x5565a0b234d0;  1 drivers
v0x5565a0b21a90_0 .net *"_ivl_40", 0 0, L_0x5565a0b23570;  1 drivers
v0x5565a0b21b70_0 .net "a", 4 0, v0x5565a0b21e50_0;  1 drivers
v0x5565a0b21c50_0 .net "b", 4 0, v0x5565a0b21f20_0;  1 drivers
L_0x5565a0b220b0 .part v0x5565a0b21e50_0, 0, 1;
L_0x5565a0b221a0 .part v0x5565a0b21f20_0, 0, 1;
L_0x5565a0b22350 .part v0x5565a0b21e50_0, 1, 1;
L_0x5565a0b22440 .part v0x5565a0b21f20_0, 1, 1;
L_0x5565a0b225d0 .part v0x5565a0b21e50_0, 2, 1;
L_0x5565a0b226c0 .part v0x5565a0b21f20_0, 2, 1;
L_0x5565a0b228a0 .part v0x5565a0b21e50_0, 3, 1;
L_0x5565a0b22940 .part v0x5565a0b21f20_0, 3, 1;
LS_0x5565a0b22b20_0_0 .concat8 [ 1 1 1 1], L_0x5565a0af54a0, L_0x5565a0b222e0, L_0x5565a0b22560, L_0x5565a0b22830;
LS_0x5565a0b22b20_0_4 .concat8 [ 1 0 0 0], L_0x5565a0b22a80;
L_0x5565a0b22b20 .concat8 [ 4 1 0 0], LS_0x5565a0b22b20_0_0, LS_0x5565a0b22b20_0_4;
L_0x5565a0b22d80 .part v0x5565a0b21e50_0, 4, 1;
L_0x5565a0b22ed0 .part v0x5565a0b21f20_0, 4, 1;
L_0x5565a0b23030 .part L_0x5565a0b22b20, 0, 1;
L_0x5565a0b231e0 .part L_0x5565a0b22b20, 1, 1;
L_0x5565a0b232d0 .part L_0x5565a0b22b20, 2, 1;
L_0x5565a0b234d0 .part L_0x5565a0b22b20, 3, 1;
L_0x5565a0b23570 .part L_0x5565a0b22b20, 4, 1;
S_0x5565a0af5910 .scope module, "FS0" "ComparadorDesigualdadeComun" 2 28, 2 15 0, S_0x5565a0af31a0;
 .timescale 0 0;
    .port_info 0 /OUTPUT 1 "Result";
    .port_info 1 /INPUT 1 "a";
    .port_info 2 /INPUT 1 "b";
L_0x5565a0af54a0 .functor XOR 1, L_0x5565a0b220b0, L_0x5565a0b221a0, C4<0>, C4<0>;
v0x5565a0af13d0_0 .net "Result", 0 0, L_0x5565a0af54a0;  1 drivers
v0x5565a0b1ff40_0 .net "a", 0 0, L_0x5565a0b220b0;  1 drivers
v0x5565a0b20000_0 .net "b", 0 0, L_0x5565a0b221a0;  1 drivers
S_0x5565a0b20120 .scope module, "FS1" "ComparadorDesigualdadeComun" 2 29, 2 15 0, S_0x5565a0af31a0;
 .timescale 0 0;
    .port_info 0 /OUTPUT 1 "Result";
    .port_info 1 /INPUT 1 "a";
    .port_info 2 /INPUT 1 "b";
L_0x5565a0b222e0 .functor XOR 1, L_0x5565a0b22350, L_0x5565a0b22440, C4<0>, C4<0>;
v0x5565a0b20350_0 .net "Result", 0 0, L_0x5565a0b222e0;  1 drivers
v0x5565a0b20430_0 .net "a", 0 0, L_0x5565a0b22350;  1 drivers
v0x5565a0b204f0_0 .net "b", 0 0, L_0x5565a0b22440;  1 drivers
S_0x5565a0b20610 .scope module, "FS2" "ComparadorDesigualdadeComun" 2 30, 2 15 0, S_0x5565a0af31a0;
 .timescale 0 0;
    .port_info 0 /OUTPUT 1 "Result";
    .port_info 1 /INPUT 1 "a";
    .port_info 2 /INPUT 1 "b";
L_0x5565a0b22560 .functor XOR 1, L_0x5565a0b225d0, L_0x5565a0b226c0, C4<0>, C4<0>;
v0x5565a0b20840_0 .net "Result", 0 0, L_0x5565a0b22560;  1 drivers
v0x5565a0b20900_0 .net "a", 0 0, L_0x5565a0b225d0;  1 drivers
v0x5565a0b209c0_0 .net "b", 0 0, L_0x5565a0b226c0;  1 drivers
S_0x5565a0b20ae0 .scope module, "FS3" "ComparadorDesigualdadeComun" 2 31, 2 15 0, S_0x5565a0af31a0;
 .timescale 0 0;
    .port_info 0 /OUTPUT 1 "Result";
    .port_info 1 /INPUT 1 "a";
    .port_info 2 /INPUT 1 "b";
L_0x5565a0b22830 .functor XOR 1, L_0x5565a0b228a0, L_0x5565a0b22940, C4<0>, C4<0>;
v0x5565a0b20d10_0 .net "Result", 0 0, L_0x5565a0b22830;  1 drivers
v0x5565a0b20df0_0 .net "a", 0 0, L_0x5565a0b228a0;  1 drivers
v0x5565a0b20eb0_0 .net "b", 0 0, L_0x5565a0b22940;  1 drivers
S_0x5565a0b20fd0 .scope module, "FS4" "ComparadorDesigualdadeComun" 2 32, 2 15 0, S_0x5565a0af31a0;
 .timescale 0 0;
    .port_info 0 /OUTPUT 1 "Result";
    .port_info 1 /INPUT 1 "a";
    .port_info 2 /INPUT 1 "b";
L_0x5565a0b22a80 .functor XOR 1, L_0x5565a0b22d80, L_0x5565a0b22ed0, C4<0>, C4<0>;
v0x5565a0b21250_0 .net "Result", 0 0, L_0x5565a0b22a80;  1 drivers
v0x5565a0b21330_0 .net "a", 0 0, L_0x5565a0b22d80;  1 drivers
v0x5565a0b213f0_0 .net "b", 0 0, L_0x5565a0b22ed0;  1 drivers
    .scope S_0x5565a0af0aa0;
T_0 ;
    %vpi_call 2 56 "$display", "Guia_0804 - Davi C\303\242ndido de Almeida - 857859" {0 0 0};
    %vpi_call 2 57 "$display", "Test ComparadorDesigualdadeCompleto_5bits" {0 0 0};
    %pushi/vec4 10, 0, 5;
    %store/vec4 v0x5565a0b21e50_0, 0, 5;
    %pushi/vec4 5, 0, 5;
    %store/vec4 v0x5565a0b21f20_0, 0, 5;
    %delay 1, 0;
    %vpi_call 2 64 "$monitor", "x = %b, y = %b, Result = %b", v0x5565a0b21e50_0, v0x5565a0b21f20_0, v0x5565a0b21db0_0 {0 0 0};
    %delay 1, 0;
    %pushi/vec4 0, 0, 5;
    %store/vec4 v0x5565a0b21e50_0, 0, 5;
    %pushi/vec4 0, 0, 5;
    %store/vec4 v0x5565a0b21f20_0, 0, 5;
    %delay 1, 0;
    %pushi/vec4 1, 0, 5;
    %store/vec4 v0x5565a0b21e50_0, 0, 5;
    %pushi/vec4 0, 0, 5;
    %store/vec4 v0x5565a0b21f20_0, 0, 5;
    %delay 1, 0;
    %pushi/vec4 1, 0, 5;
    %store/vec4 v0x5565a0b21e50_0, 0, 5;
    %pushi/vec4 1, 0, 5;
    %store/vec4 v0x5565a0b21f20_0, 0, 5;
    %delay 1, 0;
    %pushi/vec4 2, 0, 5;
    %store/vec4 v0x5565a0b21e50_0, 0, 5;
    %pushi/vec4 1, 0, 5;
    %store/vec4 v0x5565a0b21f20_0, 0, 5;
    %delay 1, 0;
    %pushi/vec4 3, 0, 5;
    %store/vec4 v0x5565a0b21e50_0, 0, 5;
    %pushi/vec4 3, 0, 5;
    %store/vec4 v0x5565a0b21f20_0, 0, 5;
    %delay 1, 0;
    %pushi/vec4 4, 0, 5;
    %store/vec4 v0x5565a0b21e50_0, 0, 5;
    %pushi/vec4 4, 0, 5;
    %store/vec4 v0x5565a0b21f20_0, 0, 5;
    %delay 1, 0;
    %pushi/vec4 5, 0, 5;
    %store/vec4 v0x5565a0b21e50_0, 0, 5;
    %pushi/vec4 2, 0, 5;
    %store/vec4 v0x5565a0b21f20_0, 0, 5;
    %delay 1, 0;
    %pushi/vec4 8, 0, 5;
    %store/vec4 v0x5565a0b21e50_0, 0, 5;
    %pushi/vec4 4, 0, 5;
    %store/vec4 v0x5565a0b21f20_0, 0, 5;
    %delay 1, 0;
    %pushi/vec4 0, 0, 5;
    %store/vec4 v0x5565a0b21e50_0, 0, 5;
    %pushi/vec4 1, 0, 5;
    %store/vec4 v0x5565a0b21f20_0, 0, 5;
    %delay 1, 0;
    %pushi/vec4 12, 0, 5;
    %store/vec4 v0x5565a0b21e50_0, 0, 5;
    %pushi/vec4 12, 0, 5;
    %store/vec4 v0x5565a0b21f20_0, 0, 5;
    %end;
    .thread T_0;
# The file index is used to find the file name in the following table.
:file_names 3;
    "N/A";
    "<interactive>";
    "Guia_0804.v";
