#! /usr/bin/vvp
:ivl_version "11.0 (stable)";
:ivl_delay_selection "TYPICAL";
:vpi_time_precision + 0;
:vpi_module "/usr/lib/x86_64-linux-gnu/ivl/system.vpi";
:vpi_module "/usr/lib/x86_64-linux-gnu/ivl/vhdl_sys.vpi";
:vpi_module "/usr/lib/x86_64-linux-gnu/ivl/vhdl_textio.vpi";
:vpi_module "/usr/lib/x86_64-linux-gnu/ivl/v2005_math.vpi";
:vpi_module "/usr/lib/x86_64-linux-gnu/ivl/va_math.vpi";
S_0x5637ad1bca30 .scope module, "test_Complemento_de_2_completo" "test_Complemento_de_2_completo" 2 39;
 .timescale 0 0;
v0x5637ad1eaeb0_0 .net "Complemento_de_2", 5 0, L_0x5637ad1ecc30;  1 drivers
v0x5637ad1eaf90_0 .net "vai_um", 5 0, L_0x5637ad1ecd30;  1 drivers
v0x5637ad1eb070_0 .var "x", 5 0;
L_0x5637ad1eb4a0 .part v0x5637ad1eb070_0, 0, 1;
L_0x5637ad1eb850 .part v0x5637ad1eb070_0, 1, 1;
L_0x5637ad1eb940 .part L_0x5637ad1ecd30, 0, 1;
L_0x5637ad1ebcb0 .part v0x5637ad1eb070_0, 2, 1;
L_0x5637ad1ebd50 .part L_0x5637ad1ecd30, 1, 1;
L_0x5637ad1ec1a0 .part v0x5637ad1eb070_0, 3, 1;
L_0x5637ad1ec310 .part L_0x5637ad1ecd30, 2, 1;
L_0x5637ad1ec6e0 .part v0x5637ad1eb070_0, 4, 1;
L_0x5637ad1ec7d0 .part L_0x5637ad1ecd30, 3, 1;
LS_0x5637ad1ecc30_0_0 .concat8 [ 1 1 1 1], L_0x5637ad1eb240, L_0x5637ad1eb5f0, L_0x5637ad1eba50, L_0x5637ad1ebf40;
LS_0x5637ad1ecc30_0_4 .concat8 [ 1 1 0 0], L_0x5637ad1ec4d0, L_0x5637ad1eca20;
L_0x5637ad1ecc30 .concat8 [ 4 2 0 0], LS_0x5637ad1ecc30_0_0, LS_0x5637ad1ecc30_0_4;
LS_0x5637ad1ecd30_0_0 .concat8 [ 1 1 1 1], L_0x5637ad1eb3c0, L_0x5637ad1eb770, L_0x5637ad1ebbd0, L_0x5637ad1ec0c0;
LS_0x5637ad1ecd30_0_4 .concat8 [ 1 1 0 0], L_0x5637ad1ec600, L_0x5637ad1ecb50;
L_0x5637ad1ecd30 .concat8 [ 4 2 0 0], LS_0x5637ad1ecd30_0_0, LS_0x5637ad1ecd30_0_4;
L_0x5637ad1ecdd0 .part v0x5637ad1eb070_0, 5, 1;
L_0x5637ad1ecee0 .part L_0x5637ad1ecd30, 4, 1;
S_0x5637ad1b8540 .scope module, "FS0" "Complemento_de_2_completo" 2 47, 2 28 0, S_0x5637ad1bca30;
 .timescale 0 0;
    .port_info 0 /OUTPUT 1 "S0";
    .port_info 1 /OUTPUT 1 "S1";
    .port_info 2 /INPUT 1 "a";
    .port_info 3 /INPUT 1 "vem_um";
v0x5637ad1e6be0_0 .net "S0", 0 0, L_0x5637ad1eb240;  1 drivers
v0x5637ad1e6ca0_0 .net "S1", 0 0, L_0x5637ad1eb3c0;  1 drivers
v0x5637ad1e6d40_0 .net "a", 0 0, L_0x5637ad1eb4a0;  1 drivers
L_0x7f7abce2d018 .functor BUFT 1, C4<1>, C4<0>, C4<0>, C4<0>;
v0x5637ad1e6e10_0 .net "vem_um", 0 0, L_0x7f7abce2d018;  1 drivers
S_0x5637ad1bd3a0 .scope module, "HS1" "Complemento_de_1" 2 31, 2 16 0, S_0x5637ad1b8540;
 .timescale 0 0;
    .port_info 0 /OUTPUT 1 "S0";
    .port_info 1 /OUTPUT 1 "S1";
    .port_info 2 /INPUT 1 "a";
    .port_info 3 /INPUT 1 "vai_um";
L_0x5637ad1eb130 .functor NOT 1, L_0x5637ad1eb4a0, C4<0>, C4<0>, C4<0>;
L_0x5637ad1eb240 .functor XOR 1, L_0x5637ad1eb130, L_0x7f7abce2d018, C4<0>, C4<0>;
L_0x5637ad1eb3c0 .functor AND 1, L_0x5637ad1eb130, L_0x7f7abce2d018, C4<1>, C4<1>;
v0x5637ad1bc940_0 .net "S0", 0 0, L_0x5637ad1eb240;  alias, 1 drivers
v0x5637ad1bb620_0 .net "S1", 0 0, L_0x5637ad1eb3c0;  alias, 1 drivers
v0x5637ad1ba300_0 .net "a", 0 0, L_0x5637ad1eb4a0;  alias, 1 drivers
v0x5637ad1b8fe0_0 .net "not_a", 0 0, L_0x5637ad1eb130;  1 drivers
v0x5637ad1b7cd0_0 .net "vai_um", 0 0, L_0x7f7abce2d018;  alias, 1 drivers
S_0x5637ad1e6f10 .scope module, "FS1" "Complemento_de_2_completo" 2 48, 2 28 0, S_0x5637ad1bca30;
 .timescale 0 0;
    .port_info 0 /OUTPUT 1 "S0";
    .port_info 1 /OUTPUT 1 "S1";
    .port_info 2 /INPUT 1 "a";
    .port_info 3 /INPUT 1 "vem_um";
v0x5637ad1e77c0_0 .net "S0", 0 0, L_0x5637ad1eb5f0;  1 drivers
v0x5637ad1e7880_0 .net "S1", 0 0, L_0x5637ad1eb770;  1 drivers
v0x5637ad1e7950_0 .net "a", 0 0, L_0x5637ad1eb850;  1 drivers
v0x5637ad1e7a50_0 .net "vem_um", 0 0, L_0x5637ad1eb940;  1 drivers
S_0x5637ad1e70f0 .scope module, "HS1" "Complemento_de_1" 2 31, 2 16 0, S_0x5637ad1e6f10;
 .timescale 0 0;
    .port_info 0 /OUTPUT 1 "S0";
    .port_info 1 /OUTPUT 1 "S1";
    .port_info 2 /INPUT 1 "a";
    .port_info 3 /INPUT 1 "vai_um";
L_0x5637ad1eb560 .functor NOT 1, L_0x5637ad1eb850, C4<0>, C4<0>, C4<0>;
L_0x5637ad1eb5f0 .functor XOR 1, L_0x5637ad1eb560, L_0x5637ad1eb940, C4<0>, C4<0>;
L_0x5637ad1eb770 .functor AND 1, L_0x5637ad1eb560, L_0x5637ad1eb940, C4<1>, C4<1>;
v0x5637ad1e7300_0 .net "S0", 0 0, L_0x5637ad1eb5f0;  alias, 1 drivers
v0x5637ad1e73e0_0 .net "S1", 0 0, L_0x5637ad1eb770;  alias, 1 drivers
v0x5637ad1e74a0_0 .net "a", 0 0, L_0x5637ad1eb850;  alias, 1 drivers
v0x5637ad1e7570_0 .net "not_a", 0 0, L_0x5637ad1eb560;  1 drivers
v0x5637ad1e7630_0 .net "vai_um", 0 0, L_0x5637ad1eb940;  alias, 1 drivers
S_0x5637ad1e7b50 .scope module, "FS2" "Complemento_de_2_completo" 2 49, 2 28 0, S_0x5637ad1bca30;
 .timescale 0 0;
    .port_info 0 /OUTPUT 1 "S0";
    .port_info 1 /OUTPUT 1 "S1";
    .port_info 2 /INPUT 1 "a";
    .port_info 3 /INPUT 1 "vem_um";
v0x5637ad1e8410_0 .net "S0", 0 0, L_0x5637ad1eba50;  1 drivers
v0x5637ad1e84d0_0 .net "S1", 0 0, L_0x5637ad1ebbd0;  1 drivers
v0x5637ad1e85a0_0 .net "a", 0 0, L_0x5637ad1ebcb0;  1 drivers
v0x5637ad1e86a0_0 .net "vem_um", 0 0, L_0x5637ad1ebd50;  1 drivers
S_0x5637ad1e7d60 .scope module, "HS1" "Complemento_de_1" 2 31, 2 16 0, S_0x5637ad1e7b50;
 .timescale 0 0;
    .port_info 0 /OUTPUT 1 "S0";
    .port_info 1 /OUTPUT 1 "S1";
    .port_info 2 /INPUT 1 "a";
    .port_info 3 /INPUT 1 "vai_um";
L_0x5637ad1eb9e0 .functor NOT 1, L_0x5637ad1ebcb0, C4<0>, C4<0>, C4<0>;
L_0x5637ad1eba50 .functor XOR 1, L_0x5637ad1eb9e0, L_0x5637ad1ebd50, C4<0>, C4<0>;
L_0x5637ad1ebbd0 .functor AND 1, L_0x5637ad1eb9e0, L_0x5637ad1ebd50, C4<1>, C4<1>;
v0x5637ad1e7f70_0 .net "S0", 0 0, L_0x5637ad1eba50;  alias, 1 drivers
v0x5637ad1e8030_0 .net "S1", 0 0, L_0x5637ad1ebbd0;  alias, 1 drivers
v0x5637ad1e80f0_0 .net "a", 0 0, L_0x5637ad1ebcb0;  alias, 1 drivers
v0x5637ad1e81c0_0 .net "not_a", 0 0, L_0x5637ad1eb9e0;  1 drivers
v0x5637ad1e8280_0 .net "vai_um", 0 0, L_0x5637ad1ebd50;  alias, 1 drivers
S_0x5637ad1e87a0 .scope module, "FS3" "Complemento_de_2_completo" 2 50, 2 28 0, S_0x5637ad1bca30;
 .timescale 0 0;
    .port_info 0 /OUTPUT 1 "S0";
    .port_info 1 /OUTPUT 1 "S1";
    .port_info 2 /INPUT 1 "a";
    .port_info 3 /INPUT 1 "vem_um";
v0x5637ad1e90c0_0 .net "S0", 0 0, L_0x5637ad1ebf40;  1 drivers
v0x5637ad1e9180_0 .net "S1", 0 0, L_0x5637ad1ec0c0;  1 drivers
v0x5637ad1e9250_0 .net "a", 0 0, L_0x5637ad1ec1a0;  1 drivers
v0x5637ad1e9350_0 .net "vem_um", 0 0, L_0x5637ad1ec310;  1 drivers
S_0x5637ad1e8980 .scope module, "HS1" "Complemento_de_1" 2 31, 2 16 0, S_0x5637ad1e87a0;
 .timescale 0 0;
    .port_info 0 /OUTPUT 1 "S0";
    .port_info 1 /OUTPUT 1 "S1";
    .port_info 2 /INPUT 1 "a";
    .port_info 3 /INPUT 1 "vai_um";
L_0x5637ad1ebe80 .functor NOT 1, L_0x5637ad1ec1a0, C4<0>, C4<0>, C4<0>;
L_0x5637ad1ebf40 .functor XOR 1, L_0x5637ad1ebe80, L_0x5637ad1ec310, C4<0>, C4<0>;
L_0x5637ad1ec0c0 .functor AND 1, L_0x5637ad1ebe80, L_0x5637ad1ec310, C4<1>, C4<1>;
v0x5637ad1e8c00_0 .net "S0", 0 0, L_0x5637ad1ebf40;  alias, 1 drivers
v0x5637ad1e8ce0_0 .net "S1", 0 0, L_0x5637ad1ec0c0;  alias, 1 drivers
v0x5637ad1e8da0_0 .net "a", 0 0, L_0x5637ad1ec1a0;  alias, 1 drivers
v0x5637ad1e8e70_0 .net "not_a", 0 0, L_0x5637ad1ebe80;  1 drivers
v0x5637ad1e8f30_0 .net "vai_um", 0 0, L_0x5637ad1ec310;  alias, 1 drivers
S_0x5637ad1e9450 .scope module, "FS4" "Complemento_de_2_completo" 2 51, 2 28 0, S_0x5637ad1bca30;
 .timescale 0 0;
    .port_info 0 /OUTPUT 1 "S0";
    .port_info 1 /OUTPUT 1 "S1";
    .port_info 2 /INPUT 1 "a";
    .port_info 3 /INPUT 1 "vem_um";
v0x5637ad1e9e00_0 .net "S0", 0 0, L_0x5637ad1ec4d0;  1 drivers
v0x5637ad1e9ec0_0 .net "S1", 0 0, L_0x5637ad1ec600;  1 drivers
v0x5637ad1e9f90_0 .net "a", 0 0, L_0x5637ad1ec6e0;  1 drivers
v0x5637ad1ea090_0 .net "vem_um", 0 0, L_0x5637ad1ec7d0;  1 drivers
S_0x5637ad1e96f0 .scope module, "HS1" "Complemento_de_1" 2 31, 2 16 0, S_0x5637ad1e9450;
 .timescale 0 0;
    .port_info 0 /OUTPUT 1 "S0";
    .port_info 1 /OUTPUT 1 "S1";
    .port_info 2 /INPUT 1 "a";
    .port_info 3 /INPUT 1 "vai_um";
L_0x5637ad1ec440 .functor NOT 1, L_0x5637ad1ec6e0, C4<0>, C4<0>, C4<0>;
L_0x5637ad1ec4d0 .functor XOR 1, L_0x5637ad1ec440, L_0x5637ad1ec7d0, C4<0>, C4<0>;
L_0x5637ad1ec600 .functor AND 1, L_0x5637ad1ec440, L_0x5637ad1ec7d0, C4<1>, C4<1>;
v0x5637ad1e9940_0 .net "S0", 0 0, L_0x5637ad1ec4d0;  alias, 1 drivers
v0x5637ad1e9a20_0 .net "S1", 0 0, L_0x5637ad1ec600;  alias, 1 drivers
v0x5637ad1e9ae0_0 .net "a", 0 0, L_0x5637ad1ec6e0;  alias, 1 drivers
v0x5637ad1e9bb0_0 .net "not_a", 0 0, L_0x5637ad1ec440;  1 drivers
v0x5637ad1e9c70_0 .net "vai_um", 0 0, L_0x5637ad1ec7d0;  alias, 1 drivers
S_0x5637ad1ea190 .scope module, "FS5" "Complemento_de_2_completo" 2 52, 2 28 0, S_0x5637ad1bca30;
 .timescale 0 0;
    .port_info 0 /OUTPUT 1 "S0";
    .port_info 1 /OUTPUT 1 "S1";
    .port_info 2 /INPUT 1 "a";
    .port_info 3 /INPUT 1 "vem_um";
v0x5637ad1eab20_0 .net "S0", 0 0, L_0x5637ad1eca20;  1 drivers
v0x5637ad1eabe0_0 .net "S1", 0 0, L_0x5637ad1ecb50;  1 drivers
v0x5637ad1eacb0_0 .net "a", 0 0, L_0x5637ad1ecdd0;  1 drivers
v0x5637ad1eadb0_0 .net "vem_um", 0 0, L_0x5637ad1ecee0;  1 drivers
S_0x5637ad1ea3e0 .scope module, "HS1" "Complemento_de_1" 2 31, 2 16 0, S_0x5637ad1ea190;
 .timescale 0 0;
    .port_info 0 /OUTPUT 1 "S0";
    .port_info 1 /OUTPUT 1 "S1";
    .port_info 2 /INPUT 1 "a";
    .port_info 3 /INPUT 1 "vai_um";
L_0x5637ad1ec990 .functor NOT 1, L_0x5637ad1ecdd0, C4<0>, C4<0>, C4<0>;
L_0x5637ad1eca20 .functor XOR 1, L_0x5637ad1ec990, L_0x5637ad1ecee0, C4<0>, C4<0>;
L_0x5637ad1ecb50 .functor AND 1, L_0x5637ad1ec990, L_0x5637ad1ecee0, C4<1>, C4<1>;
v0x5637ad1ea660_0 .net "S0", 0 0, L_0x5637ad1eca20;  alias, 1 drivers
v0x5637ad1ea740_0 .net "S1", 0 0, L_0x5637ad1ecb50;  alias, 1 drivers
v0x5637ad1ea800_0 .net "a", 0 0, L_0x5637ad1ecdd0;  alias, 1 drivers
v0x5637ad1ea8d0_0 .net "not_a", 0 0, L_0x5637ad1ec990;  1 drivers
v0x5637ad1ea990_0 .net "vai_um", 0 0, L_0x5637ad1ecee0;  alias, 1 drivers
    .scope S_0x5637ad1bca30;
T_0 ;
    %vpi_call 2 56 "$display", "Guia_0802 - Davi C\303\242ndido de Almeida - 857859" {0 0 0};
    %vpi_call 2 57 "$display", "Test Complemento_de_2_completo" {0 0 0};
    %pushi/vec4 10, 0, 6;
    %store/vec4 v0x5637ad1eb070_0, 0, 6;
    %delay 1, 0;
    %vpi_call 2 63 "$monitor", "x = %b Complemento_de_2 = %b", v0x5637ad1eb070_0, v0x5637ad1eaeb0_0 {0 0 0};
    %delay 1, 0;
    %pushi/vec4 0, 0, 6;
    %store/vec4 v0x5637ad1eb070_0, 0, 6;
    %delay 1, 0;
    %pushi/vec4 1, 0, 6;
    %store/vec4 v0x5637ad1eb070_0, 0, 6;
    %delay 1, 0;
    %pushi/vec4 2, 0, 6;
    %store/vec4 v0x5637ad1eb070_0, 0, 6;
    %delay 1, 0;
    %pushi/vec4 3, 0, 6;
    %store/vec4 v0x5637ad1eb070_0, 0, 6;
    %delay 1, 0;
    %pushi/vec4 4, 0, 6;
    %store/vec4 v0x5637ad1eb070_0, 0, 6;
    %delay 1, 0;
    %pushi/vec4 5, 0, 6;
    %store/vec4 v0x5637ad1eb070_0, 0, 6;
    %delay 1, 0;
    %pushi/vec4 8, 0, 6;
    %store/vec4 v0x5637ad1eb070_0, 0, 6;
    %delay 1, 0;
    %pushi/vec4 0, 0, 6;
    %store/vec4 v0x5637ad1eb070_0, 0, 6;
    %delay 1, 0;
    %pushi/vec4 2, 0, 6;
    %store/vec4 v0x5637ad1eb070_0, 0, 6;
    %end;
    .thread T_0;
# The file index is used to find the file name in the following table.
:file_names 3;
    "N/A";
    "<interactive>";
    "Guia_0805.v";
