#! /c/Source/iverilog-install/bin/vvp
:ivl_version "12.0 (devel)" "(s20150603-1539-g2693dd32b)";
:ivl_delay_selection "TYPICAL";
:vpi_time_precision + 0;
:vpi_module "C:\2024-2~1\ICARUS~1\lib\ivl\system.vpi";
:vpi_module "C:\2024-2~1\ICARUS~1\lib\ivl\vhdl_sys.vpi";
:vpi_module "C:\2024-2~1\ICARUS~1\lib\ivl\vhdl_textio.vpi";
:vpi_module "C:\2024-2~1\ICARUS~1\lib\ivl\v2005_math.vpi";
:vpi_module "C:\2024-2~1\ICARUS~1\lib\ivl\va_math.vpi";
S_000002517f8847f0 .scope module, "Guia_0205" "Guia_0205" 2 12;
 .timescale 0 0;
v000002517f9b9cc0_0 .var "a", 7 0;
v000002517f9b8e50_0 .var "b", 7 0;
v000002517f862eb0_0 .var "c", 7 0;
S_000002517f862d20 .scope begin, "main" "main" 2 19, 2 19 0, S_000002517f8847f0;
 .timescale 0 0;
    .scope S_000002517f8847f0;
T_0 ;
    %pushi/vec4 107, 0, 8;
    %store/vec4 v000002517f9b9cc0_0, 0, 8;
    %pushi/vec4 13, 0, 8;
    %store/vec4 v000002517f9b8e50_0, 0, 8;
    %end;
    .thread T_0;
    .scope S_000002517f8847f0;
T_1 ;
    %fork t_1, S_000002517f862d20;
    %jmp t_0;
    .scope S_000002517f862d20;
t_1 ;
    %vpi_call 2 20 "$display", "Guia_0205 - Tests" {0 0 0};
    %vpi_call 2 21 "$display", "a = %8b", v000002517f9b9cc0_0 {0 0 0};
    %vpi_call 2 22 "$display", "b = %8b", v000002517f9b8e50_0 {0 0 0};
    %load/vec4 v000002517f9b9cc0_0;
    %load/vec4 v000002517f9b8e50_0;
    %add;
    %store/vec4 v000002517f862eb0_0, 0, 8;
    %vpi_call 2 24 "$display", "c = a+b = %8b", v000002517f862eb0_0 {0 0 0};
    %load/vec4 v000002517f9b9cc0_0;
    %load/vec4 v000002517f9b8e50_0;
    %sub;
    %store/vec4 v000002517f862eb0_0, 0, 8;
    %vpi_call 2 26 "$display", "c = a-b = %8b", v000002517f862eb0_0 {0 0 0};
    %load/vec4 v000002517f9b8e50_0;
    %load/vec4 v000002517f9b9cc0_0;
    %sub;
    %store/vec4 v000002517f862eb0_0, 0, 8;
    %vpi_call 2 28 "$display", "c = b-a = %8b", v000002517f862eb0_0 {0 0 0};
    %load/vec4 v000002517f9b9cc0_0;
    %load/vec4 v000002517f9b8e50_0;
    %mul;
    %store/vec4 v000002517f862eb0_0, 0, 8;
    %vpi_call 2 30 "$display", "c = a*b = %8b", v000002517f862eb0_0 {0 0 0};
    %load/vec4 v000002517f9b9cc0_0;
    %load/vec4 v000002517f9b8e50_0;
    %div;
    %store/vec4 v000002517f862eb0_0, 0, 8;
    %vpi_call 2 32 "$display", "c = b/a = %8b", v000002517f862eb0_0 {0 0 0};
    %load/vec4 v000002517f9b9cc0_0;
    %load/vec4 v000002517f9b8e50_0;
    %mod;
    %store/vec4 v000002517f862eb0_0, 0, 8;
    %vpi_call 2 34 "$display", "c = b%%a = %8b", v000002517f862eb0_0 {0 0 0};
    %end;
    .scope S_000002517f8847f0;
t_0 %join;
    %end;
    .thread T_1;
# The file index is used to find the file name in the following table.
:file_names 3;
    "N/A";
    "<interactive>";
    "Guia_0205.v";
