#! /usr/bin/vvp
:ivl_version "11.0 (stable)";
:ivl_delay_selection "TYPICAL";
:vpi_time_precision + 0;
:vpi_module "/usr/lib/x86_64-linux-gnu/ivl/system.vpi";
:vpi_module "/usr/lib/x86_64-linux-gnu/ivl/vhdl_sys.vpi";
:vpi_module "/usr/lib/x86_64-linux-gnu/ivl/vhdl_textio.vpi";
:vpi_module "/usr/lib/x86_64-linux-gnu/ivl/v2005_math.vpi";
:vpi_module "/usr/lib/x86_64-linux-gnu/ivl/va_math.vpi";
S_0x55e023a5c9d0 .scope module, "Guia_1402" "Guia_1402" 2 14;
 .timescale 0 0;
v0x55e023a86e70_0 .var "clear", 0 0;
v0x55e023a86f30_0 .var "clock", 0 0;
v0x55e023a86ff0_0 .var "input0", 0 0;
v0x55e023a87090_0 .var "input1", 0 0;
v0x55e023a87130_0 .var "input2", 0 0;
v0x55e023a87220_0 .var "input3", 0 0;
v0x55e023a872c0_0 .var "input4", 0 0;
v0x55e023a87360_0 .var "input5", 0 0;
v0x55e023a87430_0 .var "load", 0 0;
v0x55e023a87500_0 .net "out_0", 0 0, v0x55e023a4fd40_0;  1 drivers
v0x55e023a875a0_0 .net "out_1", 0 0, v0x55e023a836c0_0;  1 drivers
v0x55e023a87640_0 .net "out_2", 0 0, v0x55e023a83eb0_0;  1 drivers
v0x55e023a876e0_0 .net "out_3", 0 0, v0x55e023a84640_0;  1 drivers
v0x55e023a87780_0 .net "out_4", 0 0, v0x55e023a84e20_0;  1 drivers
v0x55e023a87820_0 .net "out_5", 0 0, v0x55e023a85550_0;  1 drivers
S_0x55e023a5cb60 .scope module, "deslocador" "DeslocadorEsquera6Bit" 2 22, 3 14 0, S_0x55e023a5c9d0;
 .timescale 0 0;
    .port_info 0 /OUTPUT 1 "out0";
    .port_info 1 /OUTPUT 1 "out1";
    .port_info 2 /OUTPUT 1 "out2";
    .port_info 3 /OUTPUT 1 "out3";
    .port_info 4 /OUTPUT 1 "out4";
    .port_info 5 /OUTPUT 1 "out5";
    .port_info 6 /INPUT 1 "input0";
    .port_info 7 /INPUT 1 "input1";
    .port_info 8 /INPUT 1 "input2";
    .port_info 9 /INPUT 1 "input3";
    .port_info 10 /INPUT 1 "input4";
    .port_info 11 /INPUT 1 "input5";
    .port_info 12 /INPUT 1 "clock";
    .port_info 13 /INPUT 1 "clear";
    .port_info 14 /INPUT 1 "load";
L_0x55e023a4a750 .functor AND 1, v0x55e023a87430_0, v0x55e023a86ff0_0, C4<1>, C4<1>;
L_0x55e023a4b810 .functor AND 1, v0x55e023a87430_0, v0x55e023a87090_0, C4<1>, C4<1>;
L_0x55e023a4c560 .functor AND 1, v0x55e023a87430_0, v0x55e023a87130_0, C4<1>, C4<1>;
L_0x55e023a4d250 .functor AND 1, v0x55e023a87430_0, v0x55e023a87220_0, C4<1>, C4<1>;
L_0x55e023a4df40 .functor AND 1, v0x55e023a87430_0, v0x55e023a872c0_0, C4<1>, C4<1>;
L_0x55e023a4fbc0 .functor AND 1, v0x55e023a87430_0, v0x55e023a87360_0, C4<1>, C4<1>;
v0x55e023a857e0_0 .net "QNot_0", 0 0, v0x55e023a4fde0_0;  1 drivers
v0x55e023a858d0_0 .net "QNot_1", 0 0, v0x55e023a837b0_0;  1 drivers
v0x55e023a859a0_0 .net "QNot_2", 0 0, v0x55e023a83fa0_0;  1 drivers
v0x55e023a85aa0_0 .net "QNot_3", 0 0, v0x55e023a84730_0;  1 drivers
v0x55e023a85b70_0 .net "QNot_4", 0 0, v0x55e023a84ec0_0;  1 drivers
v0x55e023a85c60_0 .net "QNot_5", 0 0, v0x55e023a85640_0;  1 drivers
v0x55e023a85d30_0 .net "clear", 0 0, v0x55e023a86e70_0;  1 drivers
v0x55e023a85dd0_0 .net "clock", 0 0, v0x55e023a86f30_0;  1 drivers
v0x55e023a85e70_0 .net "input0", 0 0, v0x55e023a86ff0_0;  1 drivers
v0x55e023a85fa0_0 .net "input1", 0 0, v0x55e023a87090_0;  1 drivers
v0x55e023a86040_0 .net "input2", 0 0, v0x55e023a87130_0;  1 drivers
v0x55e023a860e0_0 .net "input3", 0 0, v0x55e023a87220_0;  1 drivers
v0x55e023a86180_0 .net "input4", 0 0, v0x55e023a872c0_0;  1 drivers
v0x55e023a86220_0 .net "input5", 0 0, v0x55e023a87360_0;  1 drivers
v0x55e023a862c0_0 .net "load", 0 0, v0x55e023a87430_0;  1 drivers
v0x55e023a86360_0 .net "load_0", 0 0, L_0x55e023a4a750;  1 drivers
v0x55e023a86430_0 .net "load_1", 0 0, L_0x55e023a4b810;  1 drivers
v0x55e023a86500_0 .net "load_2", 0 0, L_0x55e023a4c560;  1 drivers
v0x55e023a865d0_0 .net "load_3", 0 0, L_0x55e023a4d250;  1 drivers
v0x55e023a866a0_0 .net "load_4", 0 0, L_0x55e023a4df40;  1 drivers
v0x55e023a86770_0 .net "load_5", 0 0, L_0x55e023a4fbc0;  1 drivers
v0x55e023a86840_0 .net "out0", 0 0, v0x55e023a4fd40_0;  alias, 1 drivers
v0x55e023a86910_0 .net "out1", 0 0, v0x55e023a836c0_0;  alias, 1 drivers
v0x55e023a869b0_0 .net "out2", 0 0, v0x55e023a83eb0_0;  alias, 1 drivers
v0x55e023a86aa0_0 .net "out3", 0 0, v0x55e023a84640_0;  alias, 1 drivers
v0x55e023a86b90_0 .net "out4", 0 0, v0x55e023a84e20_0;  alias, 1 drivers
v0x55e023a86c80_0 .net "out5", 0 0, v0x55e023a85550_0;  alias, 1 drivers
S_0x55e023a1ae60 .scope module, "Flip_Flop_D_0" "dff" 3 36, 4 13 0, S_0x55e023a5cb60;
 .timescale 0 0;
    .port_info 0 /OUTPUT 1 "q";
    .port_info 1 /OUTPUT 1 "qnot";
    .port_info 2 /INPUT 1 "d";
    .port_info 3 /INPUT 1 "clk";
    .port_info 4 /INPUT 1 "preset";
    .port_info 5 /INPUT 1 "clear";
v0x55e023a4b970_0 .net "clear", 0 0, v0x55e023a86e70_0;  alias, 1 drivers
v0x55e023a4c6c0_0 .net "clk", 0 0, v0x55e023a86f30_0;  alias, 1 drivers
v0x55e023a4d3b0_0 .net "d", 0 0, v0x55e023a836c0_0;  alias, 1 drivers
v0x55e023a4e0a0_0 .net "preset", 0 0, L_0x55e023a4a750;  alias, 1 drivers
v0x55e023a4fd40_0 .var "q", 0 0;
v0x55e023a4fde0_0 .var "qnot", 0 0;
E_0x55e023a56d70 .event posedge, v0x55e023a4c6c0_0;
S_0x55e023a831a0 .scope module, "Flip_Flop_D_1" "dff" 3 35, 4 13 0, S_0x55e023a5cb60;
 .timescale 0 0;
    .port_info 0 /OUTPUT 1 "q";
    .port_info 1 /OUTPUT 1 "qnot";
    .port_info 2 /INPUT 1 "d";
    .port_info 3 /INPUT 1 "clk";
    .port_info 4 /INPUT 1 "preset";
    .port_info 5 /INPUT 1 "clear";
v0x55e023a83440_0 .net "clear", 0 0, v0x55e023a86e70_0;  alias, 1 drivers
v0x55e023a834e0_0 .net "clk", 0 0, v0x55e023a86f30_0;  alias, 1 drivers
v0x55e023a83580_0 .net "d", 0 0, v0x55e023a83eb0_0;  alias, 1 drivers
v0x55e023a83620_0 .net "preset", 0 0, L_0x55e023a4b810;  alias, 1 drivers
v0x55e023a836c0_0 .var "q", 0 0;
v0x55e023a837b0_0 .var "qnot", 0 0;
S_0x55e023a838f0 .scope module, "Flip_Flop_D_2" "dff" 3 34, 4 13 0, S_0x55e023a5cb60;
 .timescale 0 0;
    .port_info 0 /OUTPUT 1 "q";
    .port_info 1 /OUTPUT 1 "qnot";
    .port_info 2 /INPUT 1 "d";
    .port_info 3 /INPUT 1 "clk";
    .port_info 4 /INPUT 1 "preset";
    .port_info 5 /INPUT 1 "clear";
v0x55e023a83b70_0 .net "clear", 0 0, v0x55e023a86e70_0;  alias, 1 drivers
v0x55e023a83c60_0 .net "clk", 0 0, v0x55e023a86f30_0;  alias, 1 drivers
v0x55e023a83d70_0 .net "d", 0 0, v0x55e023a84640_0;  alias, 1 drivers
v0x55e023a83e10_0 .net "preset", 0 0, L_0x55e023a4c560;  alias, 1 drivers
v0x55e023a83eb0_0 .var "q", 0 0;
v0x55e023a83fa0_0 .var "qnot", 0 0;
S_0x55e023a84100 .scope module, "Flip_Flop_D_3" "dff" 3 33, 4 13 0, S_0x55e023a5cb60;
 .timescale 0 0;
    .port_info 0 /OUTPUT 1 "q";
    .port_info 1 /OUTPUT 1 "qnot";
    .port_info 2 /INPUT 1 "d";
    .port_info 3 /INPUT 1 "clk";
    .port_info 4 /INPUT 1 "preset";
    .port_info 5 /INPUT 1 "clear";
v0x55e023a84380_0 .net "clear", 0 0, v0x55e023a86e70_0;  alias, 1 drivers
v0x55e023a84440_0 .net "clk", 0 0, v0x55e023a86f30_0;  alias, 1 drivers
v0x55e023a84500_0 .net "d", 0 0, v0x55e023a84e20_0;  alias, 1 drivers
v0x55e023a845a0_0 .net "preset", 0 0, L_0x55e023a4d250;  alias, 1 drivers
v0x55e023a84640_0 .var "q", 0 0;
v0x55e023a84730_0 .var "qnot", 0 0;
S_0x55e023a84890 .scope module, "Flip_Flop_D_4" "dff" 3 32, 4 13 0, S_0x55e023a5cb60;
 .timescale 0 0;
    .port_info 0 /OUTPUT 1 "q";
    .port_info 1 /OUTPUT 1 "qnot";
    .port_info 2 /INPUT 1 "d";
    .port_info 3 /INPUT 1 "clk";
    .port_info 4 /INPUT 1 "preset";
    .port_info 5 /INPUT 1 "clear";
v0x55e023a84b60_0 .net "clear", 0 0, v0x55e023a86e70_0;  alias, 1 drivers
v0x55e023a84c20_0 .net "clk", 0 0, v0x55e023a86f30_0;  alias, 1 drivers
v0x55e023a84ce0_0 .net "d", 0 0, v0x55e023a85550_0;  alias, 1 drivers
v0x55e023a84d80_0 .net "preset", 0 0, L_0x55e023a4df40;  alias, 1 drivers
v0x55e023a84e20_0 .var "q", 0 0;
v0x55e023a84ec0_0 .var "qnot", 0 0;
S_0x55e023a85060 .scope module, "Flip_Flop_D_5" "dff" 3 31, 4 13 0, S_0x55e023a5cb60;
 .timescale 0 0;
    .port_info 0 /OUTPUT 1 "q";
    .port_info 1 /OUTPUT 1 "qnot";
    .port_info 2 /INPUT 1 "d";
    .port_info 3 /INPUT 1 "clk";
    .port_info 4 /INPUT 1 "preset";
    .port_info 5 /INPUT 1 "clear";
v0x55e023a85290_0 .net "clear", 0 0, v0x55e023a86e70_0;  alias, 1 drivers
v0x55e023a85350_0 .net "clk", 0 0, v0x55e023a86f30_0;  alias, 1 drivers
L_0x7f79e7ba2018 .functor BUFT 1, C4<0>, C4<0>, C4<0>, C4<0>;
v0x55e023a85410_0 .net "d", 0 0, L_0x7f79e7ba2018;  1 drivers
v0x55e023a854b0_0 .net "preset", 0 0, L_0x55e023a4fbc0;  alias, 1 drivers
v0x55e023a85550_0 .var "q", 0 0;
v0x55e023a85640_0 .var "qnot", 0 0;
    .scope S_0x55e023a85060;
T_0 ;
    %wait E_0x55e023a56d70;
    %load/vec4 v0x55e023a85290_0;
    %flag_set/vec4 8;
    %jmp/0xz  T_0.0, 8;
    %pushi/vec4 0, 0, 1;
    %assign/vec4 v0x55e023a85550_0, 0;
    %pushi/vec4 1, 0, 1;
    %assign/vec4 v0x55e023a85640_0, 0;
    %jmp T_0.1;
T_0.0 ;
    %load/vec4 v0x55e023a854b0_0;
    %flag_set/vec4 8;
    %jmp/0xz  T_0.2, 8;
    %pushi/vec4 1, 0, 1;
    %assign/vec4 v0x55e023a85550_0, 0;
    %pushi/vec4 0, 0, 1;
    %assign/vec4 v0x55e023a85640_0, 0;
    %jmp T_0.3;
T_0.2 ;
    %load/vec4 v0x55e023a85410_0;
    %assign/vec4 v0x55e023a85550_0, 0;
    %load/vec4 v0x55e023a85410_0;
    %inv;
    %assign/vec4 v0x55e023a85640_0, 0;
T_0.3 ;
T_0.1 ;
    %jmp T_0;
    .thread T_0;
    .scope S_0x55e023a84890;
T_1 ;
    %wait E_0x55e023a56d70;
    %load/vec4 v0x55e023a84b60_0;
    %flag_set/vec4 8;
    %jmp/0xz  T_1.0, 8;
    %pushi/vec4 0, 0, 1;
    %assign/vec4 v0x55e023a84e20_0, 0;
    %pushi/vec4 1, 0, 1;
    %assign/vec4 v0x55e023a84ec0_0, 0;
    %jmp T_1.1;
T_1.0 ;
    %load/vec4 v0x55e023a84d80_0;
    %flag_set/vec4 8;
    %jmp/0xz  T_1.2, 8;
    %pushi/vec4 1, 0, 1;
    %assign/vec4 v0x55e023a84e20_0, 0;
    %pushi/vec4 0, 0, 1;
    %assign/vec4 v0x55e023a84ec0_0, 0;
    %jmp T_1.3;
T_1.2 ;
    %load/vec4 v0x55e023a84ce0_0;
    %assign/vec4 v0x55e023a84e20_0, 0;
    %load/vec4 v0x55e023a84ce0_0;
    %inv;
    %assign/vec4 v0x55e023a84ec0_0, 0;
T_1.3 ;
T_1.1 ;
    %jmp T_1;
    .thread T_1;
    .scope S_0x55e023a84100;
T_2 ;
    %wait E_0x55e023a56d70;
    %load/vec4 v0x55e023a84380_0;
    %flag_set/vec4 8;
    %jmp/0xz  T_2.0, 8;
    %pushi/vec4 0, 0, 1;
    %assign/vec4 v0x55e023a84640_0, 0;
    %pushi/vec4 1, 0, 1;
    %assign/vec4 v0x55e023a84730_0, 0;
    %jmp T_2.1;
T_2.0 ;
    %load/vec4 v0x55e023a845a0_0;
    %flag_set/vec4 8;
    %jmp/0xz  T_2.2, 8;
    %pushi/vec4 1, 0, 1;
    %assign/vec4 v0x55e023a84640_0, 0;
    %pushi/vec4 0, 0, 1;
    %assign/vec4 v0x55e023a84730_0, 0;
    %jmp T_2.3;
T_2.2 ;
    %load/vec4 v0x55e023a84500_0;
    %assign/vec4 v0x55e023a84640_0, 0;
    %load/vec4 v0x55e023a84500_0;
    %inv;
    %assign/vec4 v0x55e023a84730_0, 0;
T_2.3 ;
T_2.1 ;
    %jmp T_2;
    .thread T_2;
    .scope S_0x55e023a838f0;
T_3 ;
    %wait E_0x55e023a56d70;
    %load/vec4 v0x55e023a83b70_0;
    %flag_set/vec4 8;
    %jmp/0xz  T_3.0, 8;
    %pushi/vec4 0, 0, 1;
    %assign/vec4 v0x55e023a83eb0_0, 0;
    %pushi/vec4 1, 0, 1;
    %assign/vec4 v0x55e023a83fa0_0, 0;
    %jmp T_3.1;
T_3.0 ;
    %load/vec4 v0x55e023a83e10_0;
    %flag_set/vec4 8;
    %jmp/0xz  T_3.2, 8;
    %pushi/vec4 1, 0, 1;
    %assign/vec4 v0x55e023a83eb0_0, 0;
    %pushi/vec4 0, 0, 1;
    %assign/vec4 v0x55e023a83fa0_0, 0;
    %jmp T_3.3;
T_3.2 ;
    %load/vec4 v0x55e023a83d70_0;
    %assign/vec4 v0x55e023a83eb0_0, 0;
    %load/vec4 v0x55e023a83d70_0;
    %inv;
    %assign/vec4 v0x55e023a83fa0_0, 0;
T_3.3 ;
T_3.1 ;
    %jmp T_3;
    .thread T_3;
    .scope S_0x55e023a831a0;
T_4 ;
    %wait E_0x55e023a56d70;
    %load/vec4 v0x55e023a83440_0;
    %flag_set/vec4 8;
    %jmp/0xz  T_4.0, 8;
    %pushi/vec4 0, 0, 1;
    %assign/vec4 v0x55e023a836c0_0, 0;
    %pushi/vec4 1, 0, 1;
    %assign/vec4 v0x55e023a837b0_0, 0;
    %jmp T_4.1;
T_4.0 ;
    %load/vec4 v0x55e023a83620_0;
    %flag_set/vec4 8;
    %jmp/0xz  T_4.2, 8;
    %pushi/vec4 1, 0, 1;
    %assign/vec4 v0x55e023a836c0_0, 0;
    %pushi/vec4 0, 0, 1;
    %assign/vec4 v0x55e023a837b0_0, 0;
    %jmp T_4.3;
T_4.2 ;
    %load/vec4 v0x55e023a83580_0;
    %assign/vec4 v0x55e023a836c0_0, 0;
    %load/vec4 v0x55e023a83580_0;
    %inv;
    %assign/vec4 v0x55e023a837b0_0, 0;
T_4.3 ;
T_4.1 ;
    %jmp T_4;
    .thread T_4;
    .scope S_0x55e023a1ae60;
T_5 ;
    %wait E_0x55e023a56d70;
    %load/vec4 v0x55e023a4b970_0;
    %flag_set/vec4 8;
    %jmp/0xz  T_5.0, 8;
    %pushi/vec4 0, 0, 1;
    %assign/vec4 v0x55e023a4fd40_0, 0;
    %pushi/vec4 1, 0, 1;
    %assign/vec4 v0x55e023a4fde0_0, 0;
    %jmp T_5.1;
T_5.0 ;
    %load/vec4 v0x55e023a4e0a0_0;
    %flag_set/vec4 8;
    %jmp/0xz  T_5.2, 8;
    %pushi/vec4 1, 0, 1;
    %assign/vec4 v0x55e023a4fd40_0, 0;
    %pushi/vec4 0, 0, 1;
    %assign/vec4 v0x55e023a4fde0_0, 0;
    %jmp T_5.3;
T_5.2 ;
    %load/vec4 v0x55e023a4d3b0_0;
    %assign/vec4 v0x55e023a4fd40_0, 0;
    %load/vec4 v0x55e023a4d3b0_0;
    %inv;
    %assign/vec4 v0x55e023a4fde0_0, 0;
T_5.3 ;
T_5.1 ;
    %jmp T_5;
    .thread T_5;
    .scope S_0x55e023a5c9d0;
T_6 ;
    %pushi/vec4 0, 0, 1;
    %store/vec4 v0x55e023a86f30_0, 0, 1;
T_6.0 ;
    %delay 5, 0;
    %load/vec4 v0x55e023a86f30_0;
    %inv;
    %store/vec4 v0x55e023a86f30_0, 0, 1;
    %jmp T_6.0;
    %end;
    .thread T_6;
    .scope S_0x55e023a5c9d0;
T_7 ;
    %vpi_call 2 32 "$monitor", "Tempo=%0t | clear=%b | load=%b | input = %b%b%b%b%b%b | out=%b%b%b%b%b%b", $time, v0x55e023a86e70_0, v0x55e023a87430_0, v0x55e023a86ff0_0, v0x55e023a87090_0, v0x55e023a87130_0, v0x55e023a87220_0, v0x55e023a872c0_0, v0x55e023a87360_0, v0x55e023a87500_0, v0x55e023a875a0_0, v0x55e023a87640_0, v0x55e023a876e0_0, v0x55e023a87780_0, v0x55e023a87820_0 {0 0 0};
    %pushi/vec4 0, 0, 1;
    %store/vec4 v0x55e023a86ff0_0, 0, 1;
    %pushi/vec4 1, 0, 1;
    %store/vec4 v0x55e023a86e70_0, 0, 1;
    %pushi/vec4 0, 0, 1;
    %store/vec4 v0x55e023a87430_0, 0, 1;
    %delay 10, 0;
    %pushi/vec4 0, 0, 1;
    %store/vec4 v0x55e023a86e70_0, 0, 1;
    %pushi/vec4 1, 0, 1;
    %store/vec4 v0x55e023a87430_0, 0, 1;
    %pushi/vec4 1, 0, 1;
    %store/vec4 v0x55e023a86ff0_0, 0, 1;
    %pushi/vec4 1, 0, 1;
    %store/vec4 v0x55e023a87090_0, 0, 1;
    %pushi/vec4 1, 0, 1;
    %store/vec4 v0x55e023a87130_0, 0, 1;
    %pushi/vec4 1, 0, 1;
    %store/vec4 v0x55e023a87220_0, 0, 1;
    %pushi/vec4 1, 0, 1;
    %store/vec4 v0x55e023a872c0_0, 0, 1;
    %delay 5, 0;
    %pushi/vec4 1, 0, 1;
    %store/vec4 v0x55e023a87360_0, 0, 1;
    %delay 10, 0;
    %pushi/vec4 0, 0, 1;
    %store/vec4 v0x55e023a86ff0_0, 0, 1;
    %pushi/vec4 0, 0, 1;
    %store/vec4 v0x55e023a87090_0, 0, 1;
    %pushi/vec4 0, 0, 1;
    %store/vec4 v0x55e023a87130_0, 0, 1;
    %pushi/vec4 0, 0, 1;
    %store/vec4 v0x55e023a87220_0, 0, 1;
    %pushi/vec4 0, 0, 1;
    %store/vec4 v0x55e023a872c0_0, 0, 1;
    %delay 5, 0;
    %pushi/vec4 0, 0, 1;
    %store/vec4 v0x55e023a87360_0, 0, 1;
    %delay 10, 0;
    %pushi/vec4 0, 0, 1;
    %store/vec4 v0x55e023a87430_0, 0, 1;
    %delay 10, 0;
    %delay 10, 0;
    %delay 10, 0;
    %delay 10, 0;
    %delay 10, 0;
    %delay 10, 0;
    %pushi/vec4 1, 0, 1;
    %store/vec4 v0x55e023a87430_0, 0, 1;
    %delay 10, 0;
    %pushi/vec4 1, 0, 1;
    %store/vec4 v0x55e023a87360_0, 0, 1;
    %delay 10, 0;
    %pushi/vec4 0, 0, 1;
    %store/vec4 v0x55e023a87360_0, 0, 1;
    %delay 10, 0;
    %pushi/vec4 0, 0, 1;
    %store/vec4 v0x55e023a87430_0, 0, 1;
    %delay 10, 0;
    %pushi/vec4 1, 0, 1;
    %store/vec4 v0x55e023a86e70_0, 0, 1;
    %delay 10, 0;
    %pushi/vec4 0, 0, 1;
    %store/vec4 v0x55e023a86e70_0, 0, 1;
    %vpi_call 2 78 "$finish" {0 0 0};
    %end;
    .thread T_7;
# The file index is used to find the file name in the following table.
:file_names 5;
    "N/A";
    "<interactive>";
    "Guia_1402.v";
    "./DeslocadorEsquera6Bit.v";
    "./Flip_Flop_D.v";
