#! /usr/bin/vvp
:ivl_version "11.0 (stable)";
:ivl_delay_selection "TYPICAL";
:vpi_time_precision + 0;
:vpi_module "/usr/lib/x86_64-linux-gnu/ivl/system.vpi";
:vpi_module "/usr/lib/x86_64-linux-gnu/ivl/vhdl_sys.vpi";
:vpi_module "/usr/lib/x86_64-linux-gnu/ivl/vhdl_textio.vpi";
:vpi_module "/usr/lib/x86_64-linux-gnu/ivl/v2005_math.vpi";
:vpi_module "/usr/lib/x86_64-linux-gnu/ivl/va_math.vpi";
S_0x55ef27dee9f0 .scope module, "Guia_1407" "Guia_1407" 2 14;
 .timescale 0 0;
v0x55ef27e17d00_0 .var "clear", 0 0;
v0x55ef27e17dc0_0 .var "clock", 0 0;
v0x55ef27e17e80_0 .var "input0", 0 0;
v0x55ef27e17f20_0 .var "input1", 0 0;
v0x55ef27e17fc0_0 .var "input2", 0 0;
v0x55ef27e180b0_0 .var "input3", 0 0;
v0x55ef27e18150_0 .var "input4", 0 0;
v0x55ef27e18220_0 .var "load", 0 0;
v0x55ef27e182f0_0 .net "out_0", 0 0, v0x55ef27dde470_0;  1 drivers
v0x55ef27e18390_0 .net "out_1", 0 0, v0x55ef27e150a0_0;  1 drivers
v0x55ef27e18430_0 .net "out_2", 0 0, v0x55ef27e15890_0;  1 drivers
v0x55ef27e184d0_0 .net "out_3", 0 0, v0x55ef27e16020_0;  1 drivers
v0x55ef27e18570_0 .net "out_4", 0 0, v0x55ef27e16800_0;  1 drivers
S_0x55ef27deeb80 .scope module, "deslocador" "DeslocadorAnelTorcidoEsquerda5Bit" 2 22, 3 14 0, S_0x55ef27dee9f0;
 .timescale 0 0;
    .port_info 0 /OUTPUT 1 "out0";
    .port_info 1 /OUTPUT 1 "out1";
    .port_info 2 /OUTPUT 1 "out2";
    .port_info 3 /OUTPUT 1 "out3";
    .port_info 4 /OUTPUT 1 "out4";
    .port_info 5 /INPUT 1 "input0";
    .port_info 6 /INPUT 1 "input1";
    .port_info 7 /INPUT 1 "input2";
    .port_info 8 /INPUT 1 "input3";
    .port_info 9 /INPUT 1 "input4";
    .port_info 10 /INPUT 1 "clock";
    .port_info 11 /INPUT 1 "clear";
    .port_info 12 /INPUT 1 "load";
L_0x55ef27ddbb20 .functor AND 1, v0x55ef27e18220_0, v0x55ef27e17e80_0, C4<1>, C4<1>;
L_0x55ef27ddd620 .functor AND 1, v0x55ef27e18220_0, v0x55ef27e17f20_0, C4<1>, C4<1>;
L_0x55ef27dde310 .functor AND 1, v0x55ef27e18220_0, v0x55ef27e17fc0_0, C4<1>, C4<1>;
L_0x55ef27deae80 .functor AND 1, v0x55ef27e18220_0, v0x55ef27e180b0_0, C4<1>, C4<1>;
L_0x55ef27ddff00 .functor AND 1, v0x55ef27e18220_0, v0x55ef27e18150_0, C4<1>, C4<1>;
v0x55ef27e16a00_0 .net "QNot_0", 0 0, v0x55ef27e14a00_0;  1 drivers
v0x55ef27e16ac0_0 .net "QNot_1", 0 0, v0x55ef27e15190_0;  1 drivers
v0x55ef27e16b80_0 .net "QNot_2", 0 0, v0x55ef27e15980_0;  1 drivers
v0x55ef27e16c80_0 .net "QNot_3", 0 0, v0x55ef27e16110_0;  1 drivers
v0x55ef27e16d50_0 .net "QNot_4", 0 0, v0x55ef27e168a0_0;  1 drivers
v0x55ef27e16e40_0 .net "clear", 0 0, v0x55ef27e17d00_0;  1 drivers
v0x55ef27e16ee0_0 .net "clock", 0 0, v0x55ef27e17dc0_0;  1 drivers
v0x55ef27e16f80_0 .net "input0", 0 0, v0x55ef27e17e80_0;  1 drivers
v0x55ef27e17020_0 .net "input1", 0 0, v0x55ef27e17f20_0;  1 drivers
v0x55ef27e17150_0 .net "input2", 0 0, v0x55ef27e17fc0_0;  1 drivers
v0x55ef27e171f0_0 .net "input3", 0 0, v0x55ef27e180b0_0;  1 drivers
v0x55ef27e17290_0 .net "input4", 0 0, v0x55ef27e18150_0;  1 drivers
v0x55ef27e17330_0 .net "load", 0 0, v0x55ef27e18220_0;  1 drivers
v0x55ef27e173d0_0 .net "load_0", 0 0, L_0x55ef27ddbb20;  1 drivers
v0x55ef27e174a0_0 .net "load_1", 0 0, L_0x55ef27ddd620;  1 drivers
v0x55ef27e17570_0 .net "load_2", 0 0, L_0x55ef27dde310;  1 drivers
v0x55ef27e17640_0 .net "load_3", 0 0, L_0x55ef27deae80;  1 drivers
v0x55ef27e17710_0 .net "load_4", 0 0, L_0x55ef27ddff00;  1 drivers
v0x55ef27e177e0_0 .net "out0", 0 0, v0x55ef27dde470_0;  alias, 1 drivers
v0x55ef27e178b0_0 .net "out1", 0 0, v0x55ef27e150a0_0;  alias, 1 drivers
v0x55ef27e17950_0 .net "out2", 0 0, v0x55ef27e15890_0;  alias, 1 drivers
v0x55ef27e17a40_0 .net "out3", 0 0, v0x55ef27e16020_0;  alias, 1 drivers
v0x55ef27e17b30_0 .net "out4", 0 0, v0x55ef27e16800_0;  alias, 1 drivers
S_0x55ef27dade30 .scope module, "Flip_Flop_D_0" "dff" 3 35, 4 13 0, S_0x55ef27deeb80;
 .timescale 0 0;
    .port_info 0 /OUTPUT 1 "q";
    .port_info 1 /OUTPUT 1 "qnot";
    .port_info 2 /INPUT 1 "d";
    .port_info 3 /INPUT 1 "clk";
    .port_info 4 /INPUT 1 "preset";
    .port_info 5 /INPUT 1 "clear";
v0x55ef27deba50_0 .net "clear", 0 0, v0x55ef27e17d00_0;  alias, 1 drivers
v0x55ef27ddbc80_0 .net "clk", 0 0, v0x55ef27e17dc0_0;  alias, 1 drivers
v0x55ef27ddca00_0 .net "d", 0 0, v0x55ef27e150a0_0;  alias, 1 drivers
v0x55ef27ddd780_0 .net "preset", 0 0, L_0x55ef27ddbb20;  alias, 1 drivers
v0x55ef27dde470_0 .var "q", 0 0;
v0x55ef27e14a00_0 .var "qnot", 0 0;
E_0x55ef27de3db0 .event posedge, v0x55ef27ddbc80_0;
S_0x55ef27e14b80 .scope module, "Flip_Flop_D_1" "dff" 3 34, 4 13 0, S_0x55ef27deeb80;
 .timescale 0 0;
    .port_info 0 /OUTPUT 1 "q";
    .port_info 1 /OUTPUT 1 "qnot";
    .port_info 2 /INPUT 1 "d";
    .port_info 3 /INPUT 1 "clk";
    .port_info 4 /INPUT 1 "preset";
    .port_info 5 /INPUT 1 "clear";
v0x55ef27e14e20_0 .net "clear", 0 0, v0x55ef27e17d00_0;  alias, 1 drivers
v0x55ef27e14ec0_0 .net "clk", 0 0, v0x55ef27e17dc0_0;  alias, 1 drivers
v0x55ef27e14f60_0 .net "d", 0 0, v0x55ef27e15890_0;  alias, 1 drivers
v0x55ef27e15000_0 .net "preset", 0 0, L_0x55ef27ddd620;  alias, 1 drivers
v0x55ef27e150a0_0 .var "q", 0 0;
v0x55ef27e15190_0 .var "qnot", 0 0;
S_0x55ef27e152d0 .scope module, "Flip_Flop_D_2" "dff" 3 33, 4 13 0, S_0x55ef27deeb80;
 .timescale 0 0;
    .port_info 0 /OUTPUT 1 "q";
    .port_info 1 /OUTPUT 1 "qnot";
    .port_info 2 /INPUT 1 "d";
    .port_info 3 /INPUT 1 "clk";
    .port_info 4 /INPUT 1 "preset";
    .port_info 5 /INPUT 1 "clear";
v0x55ef27e15550_0 .net "clear", 0 0, v0x55ef27e17d00_0;  alias, 1 drivers
v0x55ef27e15640_0 .net "clk", 0 0, v0x55ef27e17dc0_0;  alias, 1 drivers
v0x55ef27e15750_0 .net "d", 0 0, v0x55ef27e16020_0;  alias, 1 drivers
v0x55ef27e157f0_0 .net "preset", 0 0, L_0x55ef27dde310;  alias, 1 drivers
v0x55ef27e15890_0 .var "q", 0 0;
v0x55ef27e15980_0 .var "qnot", 0 0;
S_0x55ef27e15ae0 .scope module, "Flip_Flop_D_3" "dff" 3 32, 4 13 0, S_0x55ef27deeb80;
 .timescale 0 0;
    .port_info 0 /OUTPUT 1 "q";
    .port_info 1 /OUTPUT 1 "qnot";
    .port_info 2 /INPUT 1 "d";
    .port_info 3 /INPUT 1 "clk";
    .port_info 4 /INPUT 1 "preset";
    .port_info 5 /INPUT 1 "clear";
v0x55ef27e15d60_0 .net "clear", 0 0, v0x55ef27e17d00_0;  alias, 1 drivers
v0x55ef27e15e20_0 .net "clk", 0 0, v0x55ef27e17dc0_0;  alias, 1 drivers
v0x55ef27e15ee0_0 .net "d", 0 0, v0x55ef27e16800_0;  alias, 1 drivers
v0x55ef27e15f80_0 .net "preset", 0 0, L_0x55ef27deae80;  alias, 1 drivers
v0x55ef27e16020_0 .var "q", 0 0;
v0x55ef27e16110_0 .var "qnot", 0 0;
S_0x55ef27e16270 .scope module, "Flip_Flop_D_4" "dff" 3 31, 4 13 0, S_0x55ef27deeb80;
 .timescale 0 0;
    .port_info 0 /OUTPUT 1 "q";
    .port_info 1 /OUTPUT 1 "qnot";
    .port_info 2 /INPUT 1 "d";
    .port_info 3 /INPUT 1 "clk";
    .port_info 4 /INPUT 1 "preset";
    .port_info 5 /INPUT 1 "clear";
v0x55ef27e16540_0 .net "clear", 0 0, v0x55ef27e17d00_0;  alias, 1 drivers
v0x55ef27e16600_0 .net "clk", 0 0, v0x55ef27e17dc0_0;  alias, 1 drivers
v0x55ef27e166c0_0 .net "d", 0 0, v0x55ef27e14a00_0;  alias, 1 drivers
v0x55ef27e16760_0 .net "preset", 0 0, L_0x55ef27ddff00;  alias, 1 drivers
v0x55ef27e16800_0 .var "q", 0 0;
v0x55ef27e168a0_0 .var "qnot", 0 0;
    .scope S_0x55ef27e16270;
T_0 ;
    %wait E_0x55ef27de3db0;
    %load/vec4 v0x55ef27e16540_0;
    %flag_set/vec4 8;
    %jmp/0xz  T_0.0, 8;
    %pushi/vec4 0, 0, 1;
    %assign/vec4 v0x55ef27e16800_0, 0;
    %pushi/vec4 1, 0, 1;
    %assign/vec4 v0x55ef27e168a0_0, 0;
    %jmp T_0.1;
T_0.0 ;
    %load/vec4 v0x55ef27e16760_0;
    %flag_set/vec4 8;
    %jmp/0xz  T_0.2, 8;
    %pushi/vec4 1, 0, 1;
    %assign/vec4 v0x55ef27e16800_0, 0;
    %pushi/vec4 0, 0, 1;
    %assign/vec4 v0x55ef27e168a0_0, 0;
    %jmp T_0.3;
T_0.2 ;
    %load/vec4 v0x55ef27e166c0_0;
    %assign/vec4 v0x55ef27e16800_0, 0;
    %load/vec4 v0x55ef27e166c0_0;
    %inv;
    %assign/vec4 v0x55ef27e168a0_0, 0;
T_0.3 ;
T_0.1 ;
    %jmp T_0;
    .thread T_0;
    .scope S_0x55ef27e15ae0;
T_1 ;
    %wait E_0x55ef27de3db0;
    %load/vec4 v0x55ef27e15d60_0;
    %flag_set/vec4 8;
    %jmp/0xz  T_1.0, 8;
    %pushi/vec4 0, 0, 1;
    %assign/vec4 v0x55ef27e16020_0, 0;
    %pushi/vec4 1, 0, 1;
    %assign/vec4 v0x55ef27e16110_0, 0;
    %jmp T_1.1;
T_1.0 ;
    %load/vec4 v0x55ef27e15f80_0;
    %flag_set/vec4 8;
    %jmp/0xz  T_1.2, 8;
    %pushi/vec4 1, 0, 1;
    %assign/vec4 v0x55ef27e16020_0, 0;
    %pushi/vec4 0, 0, 1;
    %assign/vec4 v0x55ef27e16110_0, 0;
    %jmp T_1.3;
T_1.2 ;
    %load/vec4 v0x55ef27e15ee0_0;
    %assign/vec4 v0x55ef27e16020_0, 0;
    %load/vec4 v0x55ef27e15ee0_0;
    %inv;
    %assign/vec4 v0x55ef27e16110_0, 0;
T_1.3 ;
T_1.1 ;
    %jmp T_1;
    .thread T_1;
    .scope S_0x55ef27e152d0;
T_2 ;
    %wait E_0x55ef27de3db0;
    %load/vec4 v0x55ef27e15550_0;
    %flag_set/vec4 8;
    %jmp/0xz  T_2.0, 8;
    %pushi/vec4 0, 0, 1;
    %assign/vec4 v0x55ef27e15890_0, 0;
    %pushi/vec4 1, 0, 1;
    %assign/vec4 v0x55ef27e15980_0, 0;
    %jmp T_2.1;
T_2.0 ;
    %load/vec4 v0x55ef27e157f0_0;
    %flag_set/vec4 8;
    %jmp/0xz  T_2.2, 8;
    %pushi/vec4 1, 0, 1;
    %assign/vec4 v0x55ef27e15890_0, 0;
    %pushi/vec4 0, 0, 1;
    %assign/vec4 v0x55ef27e15980_0, 0;
    %jmp T_2.3;
T_2.2 ;
    %load/vec4 v0x55ef27e15750_0;
    %assign/vec4 v0x55ef27e15890_0, 0;
    %load/vec4 v0x55ef27e15750_0;
    %inv;
    %assign/vec4 v0x55ef27e15980_0, 0;
T_2.3 ;
T_2.1 ;
    %jmp T_2;
    .thread T_2;
    .scope S_0x55ef27e14b80;
T_3 ;
    %wait E_0x55ef27de3db0;
    %load/vec4 v0x55ef27e14e20_0;
    %flag_set/vec4 8;
    %jmp/0xz  T_3.0, 8;
    %pushi/vec4 0, 0, 1;
    %assign/vec4 v0x55ef27e150a0_0, 0;
    %pushi/vec4 1, 0, 1;
    %assign/vec4 v0x55ef27e15190_0, 0;
    %jmp T_3.1;
T_3.0 ;
    %load/vec4 v0x55ef27e15000_0;
    %flag_set/vec4 8;
    %jmp/0xz  T_3.2, 8;
    %pushi/vec4 1, 0, 1;
    %assign/vec4 v0x55ef27e150a0_0, 0;
    %pushi/vec4 0, 0, 1;
    %assign/vec4 v0x55ef27e15190_0, 0;
    %jmp T_3.3;
T_3.2 ;
    %load/vec4 v0x55ef27e14f60_0;
    %assign/vec4 v0x55ef27e150a0_0, 0;
    %load/vec4 v0x55ef27e14f60_0;
    %inv;
    %assign/vec4 v0x55ef27e15190_0, 0;
T_3.3 ;
T_3.1 ;
    %jmp T_3;
    .thread T_3;
    .scope S_0x55ef27dade30;
T_4 ;
    %wait E_0x55ef27de3db0;
    %load/vec4 v0x55ef27deba50_0;
    %flag_set/vec4 8;
    %jmp/0xz  T_4.0, 8;
    %pushi/vec4 0, 0, 1;
    %assign/vec4 v0x55ef27dde470_0, 0;
    %pushi/vec4 1, 0, 1;
    %assign/vec4 v0x55ef27e14a00_0, 0;
    %jmp T_4.1;
T_4.0 ;
    %load/vec4 v0x55ef27ddd780_0;
    %flag_set/vec4 8;
    %jmp/0xz  T_4.2, 8;
    %pushi/vec4 1, 0, 1;
    %assign/vec4 v0x55ef27dde470_0, 0;
    %pushi/vec4 0, 0, 1;
    %assign/vec4 v0x55ef27e14a00_0, 0;
    %jmp T_4.3;
T_4.2 ;
    %load/vec4 v0x55ef27ddca00_0;
    %assign/vec4 v0x55ef27dde470_0, 0;
    %load/vec4 v0x55ef27ddca00_0;
    %inv;
    %assign/vec4 v0x55ef27e14a00_0, 0;
T_4.3 ;
T_4.1 ;
    %jmp T_4;
    .thread T_4;
    .scope S_0x55ef27dee9f0;
T_5 ;
    %pushi/vec4 0, 0, 1;
    %store/vec4 v0x55ef27e17dc0_0, 0, 1;
T_5.0 ;
    %delay 5, 0;
    %load/vec4 v0x55ef27e17dc0_0;
    %inv;
    %store/vec4 v0x55ef27e17dc0_0, 0, 1;
    %jmp T_5.0;
    %end;
    .thread T_5;
    .scope S_0x55ef27dee9f0;
T_6 ;
    %vpi_call 2 32 "$monitor", "Tempo=%0t | clear=%b | load=%b | input = %b%b%b%b%b | out=%b%b%b%b%b", $time, v0x55ef27e17d00_0, v0x55ef27e18220_0, v0x55ef27e17e80_0, v0x55ef27e17f20_0, v0x55ef27e17fc0_0, v0x55ef27e180b0_0, v0x55ef27e18150_0, v0x55ef27e182f0_0, v0x55ef27e18390_0, v0x55ef27e18430_0, v0x55ef27e184d0_0, v0x55ef27e18570_0 {0 0 0};
    %pushi/vec4 0, 0, 1;
    %store/vec4 v0x55ef27e17e80_0, 0, 1;
    %pushi/vec4 1, 0, 1;
    %store/vec4 v0x55ef27e17d00_0, 0, 1;
    %pushi/vec4 0, 0, 1;
    %store/vec4 v0x55ef27e18220_0, 0, 1;
    %delay 10, 0;
    %pushi/vec4 0, 0, 1;
    %store/vec4 v0x55ef27e17d00_0, 0, 1;
    %pushi/vec4 1, 0, 1;
    %store/vec4 v0x55ef27e18220_0, 0, 1;
    %pushi/vec4 1, 0, 1;
    %store/vec4 v0x55ef27e17e80_0, 0, 1;
    %pushi/vec4 1, 0, 1;
    %store/vec4 v0x55ef27e17f20_0, 0, 1;
    %pushi/vec4 1, 0, 1;
    %store/vec4 v0x55ef27e17fc0_0, 0, 1;
    %pushi/vec4 1, 0, 1;
    %store/vec4 v0x55ef27e180b0_0, 0, 1;
    %delay 5, 0;
    %pushi/vec4 1, 0, 1;
    %store/vec4 v0x55ef27e18150_0, 0, 1;
    %delay 10, 0;
    %pushi/vec4 0, 0, 1;
    %store/vec4 v0x55ef27e17e80_0, 0, 1;
    %pushi/vec4 0, 0, 1;
    %store/vec4 v0x55ef27e17f20_0, 0, 1;
    %pushi/vec4 0, 0, 1;
    %store/vec4 v0x55ef27e17fc0_0, 0, 1;
    %pushi/vec4 0, 0, 1;
    %store/vec4 v0x55ef27e180b0_0, 0, 1;
    %delay 5, 0;
    %pushi/vec4 0, 0, 1;
    %store/vec4 v0x55ef27e18150_0, 0, 1;
    %delay 10, 0;
    %pushi/vec4 0, 0, 1;
    %store/vec4 v0x55ef27e18220_0, 0, 1;
    %delay 10, 0;
    %delay 10, 0;
    %delay 10, 0;
    %delay 10, 0;
    %delay 10, 0;
    %delay 10, 0;
    %pushi/vec4 1, 0, 1;
    %store/vec4 v0x55ef27e18220_0, 0, 1;
    %delay 10, 0;
    %pushi/vec4 1, 0, 1;
    %store/vec4 v0x55ef27e17e80_0, 0, 1;
    %delay 10, 0;
    %pushi/vec4 0, 0, 1;
    %store/vec4 v0x55ef27e17e80_0, 0, 1;
    %delay 10, 0;
    %pushi/vec4 0, 0, 1;
    %store/vec4 v0x55ef27e18220_0, 0, 1;
    %delay 10, 0;
    %pushi/vec4 1, 0, 1;
    %store/vec4 v0x55ef27e17d00_0, 0, 1;
    %delay 10, 0;
    %pushi/vec4 0, 0, 1;
    %store/vec4 v0x55ef27e17d00_0, 0, 1;
    %pushi/vec4 1, 0, 1;
    %store/vec4 v0x55ef27e18220_0, 0, 1;
    %pushi/vec4 0, 0, 1;
    %store/vec4 v0x55ef27e17e80_0, 0, 1;
    %pushi/vec4 0, 0, 1;
    %store/vec4 v0x55ef27e17f20_0, 0, 1;
    %pushi/vec4 0, 0, 1;
    %store/vec4 v0x55ef27e17fc0_0, 0, 1;
    %pushi/vec4 1, 0, 1;
    %store/vec4 v0x55ef27e180b0_0, 0, 1;
    %delay 5, 0;
    %pushi/vec4 1, 0, 1;
    %store/vec4 v0x55ef27e18150_0, 0, 1;
    %delay 10, 0;
    %pushi/vec4 0, 0, 1;
    %store/vec4 v0x55ef27e17e80_0, 0, 1;
    %pushi/vec4 0, 0, 1;
    %store/vec4 v0x55ef27e17f20_0, 0, 1;
    %pushi/vec4 0, 0, 1;
    %store/vec4 v0x55ef27e17fc0_0, 0, 1;
    %pushi/vec4 0, 0, 1;
    %store/vec4 v0x55ef27e180b0_0, 0, 1;
    %pushi/vec4 0, 0, 1;
    %store/vec4 v0x55ef27e18150_0, 0, 1;
    %delay 10, 0;
    %pushi/vec4 0, 0, 1;
    %store/vec4 v0x55ef27e18220_0, 0, 1;
    %delay 10, 0;
    %delay 10, 0;
    %delay 10, 0;
    %delay 10, 0;
    %delay 10, 0;
    %vpi_call 2 102 "$finish" {0 0 0};
    %end;
    .thread T_6;
# The file index is used to find the file name in the following table.
:file_names 5;
    "N/A";
    "<interactive>";
    "Guia_1407.v";
    "./DeslocadorAnelTorcidoEsquerda5Bit.v";
    "./Flip_Flop_D.v";
