#! /usr/bin/vvp
:ivl_version "11.0 (stable)";
:ivl_delay_selection "TYPICAL";
:vpi_time_precision + 0;
:vpi_module "/usr/lib/x86_64-linux-gnu/ivl/system.vpi";
:vpi_module "/usr/lib/x86_64-linux-gnu/ivl/vhdl_sys.vpi";
:vpi_module "/usr/lib/x86_64-linux-gnu/ivl/vhdl_textio.vpi";
:vpi_module "/usr/lib/x86_64-linux-gnu/ivl/v2005_math.vpi";
:vpi_module "/usr/lib/x86_64-linux-gnu/ivl/va_math.vpi";
S_0x5607bc27b020 .scope module, "Guia_1401" "Guia_1401" 2 14;
 .timescale 0 0;
v0x5607bc29f360_0 .var "clear", 0 0;
v0x5607bc29f420_0 .var "clock", 0 0;
v0x5607bc29f4e0_0 .var "input0", 0 0;
v0x5607bc29f580_0 .net "out_0", 0 0, v0x5607bc29bd20_0;  1 drivers
v0x5607bc29f670_0 .net "out_1", 0 0, v0x5607bc29c4d0_0;  1 drivers
v0x5607bc29f760_0 .net "out_2", 0 0, v0x5607bc29ccc0_0;  1 drivers
v0x5607bc29f800_0 .net "out_3", 0 0, v0x5607bc29d450_0;  1 drivers
v0x5607bc29f8a0_0 .net "out_4", 0 0, v0x5607bc29dc30_0;  1 drivers
v0x5607bc29f940_0 .net "out_5", 0 0, v0x5607bc29e360_0;  1 drivers
S_0x5607bc27b1b0 .scope module, "deslocador" "DeslocadorEsquera1Bit" 2 22, 3 14 0, S_0x5607bc27b020;
 .timescale 0 0;
    .port_info 0 /OUTPUT 1 "out0";
    .port_info 1 /OUTPUT 1 "out1";
    .port_info 2 /OUTPUT 1 "out2";
    .port_info 3 /OUTPUT 1 "out3";
    .port_info 4 /OUTPUT 1 "out4";
    .port_info 5 /OUTPUT 1 "out5";
    .port_info 6 /INPUT 1 "input1";
    .port_info 7 /INPUT 1 "clock";
    .port_info 8 /INPUT 1 "clear";
v0x5607bc29e5f0_0 .net "QNot_0", 0 0, v0x5607bc29be30_0;  1 drivers
v0x5607bc29e6e0_0 .net "QNot_1", 0 0, v0x5607bc29c5c0_0;  1 drivers
v0x5607bc29e7b0_0 .net "QNot_2", 0 0, v0x5607bc29cdb0_0;  1 drivers
v0x5607bc29e8b0_0 .net "QNot_3", 0 0, v0x5607bc29d540_0;  1 drivers
v0x5607bc29e980_0 .net "QNot_4", 0 0, v0x5607bc29dcd0_0;  1 drivers
v0x5607bc29ea70_0 .net "QNot_5", 0 0, v0x5607bc29e450_0;  1 drivers
v0x5607bc29eb40_0 .net "clear", 0 0, v0x5607bc29f360_0;  1 drivers
v0x5607bc29ebe0_0 .net "clock", 0 0, v0x5607bc29f420_0;  1 drivers
v0x5607bc29ec80_0 .net "input1", 0 0, v0x5607bc29f4e0_0;  1 drivers
v0x5607bc29ede0_0 .net "out0", 0 0, v0x5607bc29bd20_0;  alias, 1 drivers
v0x5607bc29eeb0_0 .net "out1", 0 0, v0x5607bc29c4d0_0;  alias, 1 drivers
v0x5607bc29ef50_0 .net "out2", 0 0, v0x5607bc29ccc0_0;  alias, 1 drivers
v0x5607bc29f040_0 .net "out3", 0 0, v0x5607bc29d450_0;  alias, 1 drivers
v0x5607bc29f130_0 .net "out4", 0 0, v0x5607bc29dc30_0;  alias, 1 drivers
v0x5607bc29f220_0 .net "out5", 0 0, v0x5607bc29e360_0;  alias, 1 drivers
S_0x5607bc23bcf0 .scope module, "Flip_Flop_D_0" "dff" 3 28, 4 13 0, S_0x5607bc27b1b0;
 .timescale 0 0;
    .port_info 0 /OUTPUT 1 "q";
    .port_info 1 /OUTPUT 1 "qnot";
    .port_info 2 /INPUT 1 "d";
    .port_info 3 /INPUT 1 "clk";
    .port_info 4 /INPUT 1 "preset";
    .port_info 5 /INPUT 1 "clear";
v0x5607bc269f50_0 .net "clear", 0 0, v0x5607bc29f360_0;  alias, 1 drivers
v0x5607bc26afb0_0 .net "clk", 0 0, v0x5607bc29f420_0;  alias, 1 drivers
v0x5607bc26bfe0_0 .net "d", 0 0, v0x5607bc29c4d0_0;  alias, 1 drivers
L_0x7f38b243f180 .functor BUFT 1, C4<0>, C4<0>, C4<0>, C4<0>;
v0x5607bc26d010_0 .net "preset", 0 0, L_0x7f38b243f180;  1 drivers
v0x5607bc29bd20_0 .var "q", 0 0;
v0x5607bc29be30_0 .var "qnot", 0 0;
E_0x5607bc270720 .event posedge, v0x5607bc26afb0_0;
S_0x5607bc29bfb0 .scope module, "Flip_Flop_D_1" "dff" 3 27, 4 13 0, S_0x5607bc27b1b0;
 .timescale 0 0;
    .port_info 0 /OUTPUT 1 "q";
    .port_info 1 /OUTPUT 1 "qnot";
    .port_info 2 /INPUT 1 "d";
    .port_info 3 /INPUT 1 "clk";
    .port_info 4 /INPUT 1 "preset";
    .port_info 5 /INPUT 1 "clear";
v0x5607bc29c250_0 .net "clear", 0 0, v0x5607bc29f360_0;  alias, 1 drivers
v0x5607bc29c2f0_0 .net "clk", 0 0, v0x5607bc29f420_0;  alias, 1 drivers
v0x5607bc29c390_0 .net "d", 0 0, v0x5607bc29ccc0_0;  alias, 1 drivers
L_0x7f38b243f138 .functor BUFT 1, C4<0>, C4<0>, C4<0>, C4<0>;
v0x5607bc29c430_0 .net "preset", 0 0, L_0x7f38b243f138;  1 drivers
v0x5607bc29c4d0_0 .var "q", 0 0;
v0x5607bc29c5c0_0 .var "qnot", 0 0;
S_0x5607bc29c700 .scope module, "Flip_Flop_D_2" "dff" 3 26, 4 13 0, S_0x5607bc27b1b0;
 .timescale 0 0;
    .port_info 0 /OUTPUT 1 "q";
    .port_info 1 /OUTPUT 1 "qnot";
    .port_info 2 /INPUT 1 "d";
    .port_info 3 /INPUT 1 "clk";
    .port_info 4 /INPUT 1 "preset";
    .port_info 5 /INPUT 1 "clear";
v0x5607bc29c980_0 .net "clear", 0 0, v0x5607bc29f360_0;  alias, 1 drivers
v0x5607bc29ca70_0 .net "clk", 0 0, v0x5607bc29f420_0;  alias, 1 drivers
v0x5607bc29cb80_0 .net "d", 0 0, v0x5607bc29d450_0;  alias, 1 drivers
L_0x7f38b243f0f0 .functor BUFT 1, C4<0>, C4<0>, C4<0>, C4<0>;
v0x5607bc29cc20_0 .net "preset", 0 0, L_0x7f38b243f0f0;  1 drivers
v0x5607bc29ccc0_0 .var "q", 0 0;
v0x5607bc29cdb0_0 .var "qnot", 0 0;
S_0x5607bc29cf10 .scope module, "Flip_Flop_D_3" "dff" 3 25, 4 13 0, S_0x5607bc27b1b0;
 .timescale 0 0;
    .port_info 0 /OUTPUT 1 "q";
    .port_info 1 /OUTPUT 1 "qnot";
    .port_info 2 /INPUT 1 "d";
    .port_info 3 /INPUT 1 "clk";
    .port_info 4 /INPUT 1 "preset";
    .port_info 5 /INPUT 1 "clear";
v0x5607bc29d190_0 .net "clear", 0 0, v0x5607bc29f360_0;  alias, 1 drivers
v0x5607bc29d250_0 .net "clk", 0 0, v0x5607bc29f420_0;  alias, 1 drivers
v0x5607bc29d310_0 .net "d", 0 0, v0x5607bc29dc30_0;  alias, 1 drivers
L_0x7f38b243f0a8 .functor BUFT 1, C4<0>, C4<0>, C4<0>, C4<0>;
v0x5607bc29d3b0_0 .net "preset", 0 0, L_0x7f38b243f0a8;  1 drivers
v0x5607bc29d450_0 .var "q", 0 0;
v0x5607bc29d540_0 .var "qnot", 0 0;
S_0x5607bc29d6a0 .scope module, "Flip_Flop_D_4" "dff" 3 24, 4 13 0, S_0x5607bc27b1b0;
 .timescale 0 0;
    .port_info 0 /OUTPUT 1 "q";
    .port_info 1 /OUTPUT 1 "qnot";
    .port_info 2 /INPUT 1 "d";
    .port_info 3 /INPUT 1 "clk";
    .port_info 4 /INPUT 1 "preset";
    .port_info 5 /INPUT 1 "clear";
v0x5607bc29d970_0 .net "clear", 0 0, v0x5607bc29f360_0;  alias, 1 drivers
v0x5607bc29da30_0 .net "clk", 0 0, v0x5607bc29f420_0;  alias, 1 drivers
v0x5607bc29daf0_0 .net "d", 0 0, v0x5607bc29e360_0;  alias, 1 drivers
L_0x7f38b243f060 .functor BUFT 1, C4<0>, C4<0>, C4<0>, C4<0>;
v0x5607bc29db90_0 .net "preset", 0 0, L_0x7f38b243f060;  1 drivers
v0x5607bc29dc30_0 .var "q", 0 0;
v0x5607bc29dcd0_0 .var "qnot", 0 0;
S_0x5607bc29de70 .scope module, "Flip_Flop_D_5" "dff" 3 23, 4 13 0, S_0x5607bc27b1b0;
 .timescale 0 0;
    .port_info 0 /OUTPUT 1 "q";
    .port_info 1 /OUTPUT 1 "qnot";
    .port_info 2 /INPUT 1 "d";
    .port_info 3 /INPUT 1 "clk";
    .port_info 4 /INPUT 1 "preset";
    .port_info 5 /INPUT 1 "clear";
v0x5607bc29e0a0_0 .net "clear", 0 0, v0x5607bc29f360_0;  alias, 1 drivers
v0x5607bc29e160_0 .net "clk", 0 0, v0x5607bc29f420_0;  alias, 1 drivers
L_0x7f38b243f018 .functor BUFT 1, C4<0>, C4<0>, C4<0>, C4<0>;
v0x5607bc29e220_0 .net "d", 0 0, L_0x7f38b243f018;  1 drivers
v0x5607bc29e2c0_0 .net "preset", 0 0, v0x5607bc29f4e0_0;  alias, 1 drivers
v0x5607bc29e360_0 .var "q", 0 0;
v0x5607bc29e450_0 .var "qnot", 0 0;
    .scope S_0x5607bc29de70;
T_0 ;
    %wait E_0x5607bc270720;
    %load/vec4 v0x5607bc29e0a0_0;
    %flag_set/vec4 8;
    %jmp/0xz  T_0.0, 8;
    %pushi/vec4 0, 0, 1;
    %assign/vec4 v0x5607bc29e360_0, 0;
    %pushi/vec4 1, 0, 1;
    %assign/vec4 v0x5607bc29e450_0, 0;
    %jmp T_0.1;
T_0.0 ;
    %load/vec4 v0x5607bc29e2c0_0;
    %flag_set/vec4 8;
    %jmp/0xz  T_0.2, 8;
    %pushi/vec4 1, 0, 1;
    %assign/vec4 v0x5607bc29e360_0, 0;
    %pushi/vec4 0, 0, 1;
    %assign/vec4 v0x5607bc29e450_0, 0;
    %jmp T_0.3;
T_0.2 ;
    %load/vec4 v0x5607bc29e220_0;
    %assign/vec4 v0x5607bc29e360_0, 0;
    %load/vec4 v0x5607bc29e220_0;
    %inv;
    %assign/vec4 v0x5607bc29e450_0, 0;
T_0.3 ;
T_0.1 ;
    %jmp T_0;
    .thread T_0;
    .scope S_0x5607bc29d6a0;
T_1 ;
    %wait E_0x5607bc270720;
    %load/vec4 v0x5607bc29d970_0;
    %flag_set/vec4 8;
    %jmp/0xz  T_1.0, 8;
    %pushi/vec4 0, 0, 1;
    %assign/vec4 v0x5607bc29dc30_0, 0;
    %pushi/vec4 1, 0, 1;
    %assign/vec4 v0x5607bc29dcd0_0, 0;
    %jmp T_1.1;
T_1.0 ;
    %load/vec4 v0x5607bc29db90_0;
    %flag_set/vec4 8;
    %jmp/0xz  T_1.2, 8;
    %pushi/vec4 1, 0, 1;
    %assign/vec4 v0x5607bc29dc30_0, 0;
    %pushi/vec4 0, 0, 1;
    %assign/vec4 v0x5607bc29dcd0_0, 0;
    %jmp T_1.3;
T_1.2 ;
    %load/vec4 v0x5607bc29daf0_0;
    %assign/vec4 v0x5607bc29dc30_0, 0;
    %load/vec4 v0x5607bc29daf0_0;
    %inv;
    %assign/vec4 v0x5607bc29dcd0_0, 0;
T_1.3 ;
T_1.1 ;
    %jmp T_1;
    .thread T_1;
    .scope S_0x5607bc29cf10;
T_2 ;
    %wait E_0x5607bc270720;
    %load/vec4 v0x5607bc29d190_0;
    %flag_set/vec4 8;
    %jmp/0xz  T_2.0, 8;
    %pushi/vec4 0, 0, 1;
    %assign/vec4 v0x5607bc29d450_0, 0;
    %pushi/vec4 1, 0, 1;
    %assign/vec4 v0x5607bc29d540_0, 0;
    %jmp T_2.1;
T_2.0 ;
    %load/vec4 v0x5607bc29d3b0_0;
    %flag_set/vec4 8;
    %jmp/0xz  T_2.2, 8;
    %pushi/vec4 1, 0, 1;
    %assign/vec4 v0x5607bc29d450_0, 0;
    %pushi/vec4 0, 0, 1;
    %assign/vec4 v0x5607bc29d540_0, 0;
    %jmp T_2.3;
T_2.2 ;
    %load/vec4 v0x5607bc29d310_0;
    %assign/vec4 v0x5607bc29d450_0, 0;
    %load/vec4 v0x5607bc29d310_0;
    %inv;
    %assign/vec4 v0x5607bc29d540_0, 0;
T_2.3 ;
T_2.1 ;
    %jmp T_2;
    .thread T_2;
    .scope S_0x5607bc29c700;
T_3 ;
    %wait E_0x5607bc270720;
    %load/vec4 v0x5607bc29c980_0;
    %flag_set/vec4 8;
    %jmp/0xz  T_3.0, 8;
    %pushi/vec4 0, 0, 1;
    %assign/vec4 v0x5607bc29ccc0_0, 0;
    %pushi/vec4 1, 0, 1;
    %assign/vec4 v0x5607bc29cdb0_0, 0;
    %jmp T_3.1;
T_3.0 ;
    %load/vec4 v0x5607bc29cc20_0;
    %flag_set/vec4 8;
    %jmp/0xz  T_3.2, 8;
    %pushi/vec4 1, 0, 1;
    %assign/vec4 v0x5607bc29ccc0_0, 0;
    %pushi/vec4 0, 0, 1;
    %assign/vec4 v0x5607bc29cdb0_0, 0;
    %jmp T_3.3;
T_3.2 ;
    %load/vec4 v0x5607bc29cb80_0;
    %assign/vec4 v0x5607bc29ccc0_0, 0;
    %load/vec4 v0x5607bc29cb80_0;
    %inv;
    %assign/vec4 v0x5607bc29cdb0_0, 0;
T_3.3 ;
T_3.1 ;
    %jmp T_3;
    .thread T_3;
    .scope S_0x5607bc29bfb0;
T_4 ;
    %wait E_0x5607bc270720;
    %load/vec4 v0x5607bc29c250_0;
    %flag_set/vec4 8;
    %jmp/0xz  T_4.0, 8;
    %pushi/vec4 0, 0, 1;
    %assign/vec4 v0x5607bc29c4d0_0, 0;
    %pushi/vec4 1, 0, 1;
    %assign/vec4 v0x5607bc29c5c0_0, 0;
    %jmp T_4.1;
T_4.0 ;
    %load/vec4 v0x5607bc29c430_0;
    %flag_set/vec4 8;
    %jmp/0xz  T_4.2, 8;
    %pushi/vec4 1, 0, 1;
    %assign/vec4 v0x5607bc29c4d0_0, 0;
    %pushi/vec4 0, 0, 1;
    %assign/vec4 v0x5607bc29c5c0_0, 0;
    %jmp T_4.3;
T_4.2 ;
    %load/vec4 v0x5607bc29c390_0;
    %assign/vec4 v0x5607bc29c4d0_0, 0;
    %load/vec4 v0x5607bc29c390_0;
    %inv;
    %assign/vec4 v0x5607bc29c5c0_0, 0;
T_4.3 ;
T_4.1 ;
    %jmp T_4;
    .thread T_4;
    .scope S_0x5607bc23bcf0;
T_5 ;
    %wait E_0x5607bc270720;
    %load/vec4 v0x5607bc269f50_0;
    %flag_set/vec4 8;
    %jmp/0xz  T_5.0, 8;
    %pushi/vec4 0, 0, 1;
    %assign/vec4 v0x5607bc29bd20_0, 0;
    %pushi/vec4 1, 0, 1;
    %assign/vec4 v0x5607bc29be30_0, 0;
    %jmp T_5.1;
T_5.0 ;
    %load/vec4 v0x5607bc26d010_0;
    %flag_set/vec4 8;
    %jmp/0xz  T_5.2, 8;
    %pushi/vec4 1, 0, 1;
    %assign/vec4 v0x5607bc29bd20_0, 0;
    %pushi/vec4 0, 0, 1;
    %assign/vec4 v0x5607bc29be30_0, 0;
    %jmp T_5.3;
T_5.2 ;
    %load/vec4 v0x5607bc26bfe0_0;
    %assign/vec4 v0x5607bc29bd20_0, 0;
    %load/vec4 v0x5607bc26bfe0_0;
    %inv;
    %assign/vec4 v0x5607bc29be30_0, 0;
T_5.3 ;
T_5.1 ;
    %jmp T_5;
    .thread T_5;
    .scope S_0x5607bc27b020;
T_6 ;
    %pushi/vec4 0, 0, 1;
    %store/vec4 v0x5607bc29f420_0, 0, 1;
T_6.0 ;
    %delay 5, 0;
    %load/vec4 v0x5607bc29f420_0;
    %inv;
    %store/vec4 v0x5607bc29f420_0, 0, 1;
    %jmp T_6.0;
    %end;
    .thread T_6;
    .scope S_0x5607bc27b020;
T_7 ;
    %vpi_call 2 32 "$monitor", "Tempo=%0t | clear=%b | input0 = %b | out=%b%b%b%b%b%b", $time, v0x5607bc29f360_0, v0x5607bc29f4e0_0, v0x5607bc29f580_0, v0x5607bc29f670_0, v0x5607bc29f760_0, v0x5607bc29f800_0, v0x5607bc29f8a0_0, v0x5607bc29f940_0 {0 0 0};
    %pushi/vec4 0, 0, 1;
    %store/vec4 v0x5607bc29f4e0_0, 0, 1;
    %pushi/vec4 1, 0, 1;
    %store/vec4 v0x5607bc29f360_0, 0, 1;
    %delay 10, 0;
    %pushi/vec4 0, 0, 1;
    %store/vec4 v0x5607bc29f360_0, 0, 1;
    %delay 5, 0;
    %pushi/vec4 1, 0, 1;
    %store/vec4 v0x5607bc29f4e0_0, 0, 1;
    %delay 5, 0;
    %pushi/vec4 0, 0, 1;
    %store/vec4 v0x5607bc29f4e0_0, 0, 1;
    %delay 10, 0;
    %delay 10, 0;
    %delay 10, 0;
    %delay 10, 0;
    %delay 10, 0;
    %delay 10, 0;
    %delay 5, 0;
    %pushi/vec4 1, 0, 1;
    %store/vec4 v0x5607bc29f4e0_0, 0, 1;
    %delay 5, 0;
    %pushi/vec4 0, 0, 1;
    %store/vec4 v0x5607bc29f4e0_0, 0, 1;
    %delay 5, 0;
    %pushi/vec4 1, 0, 1;
    %store/vec4 v0x5607bc29f360_0, 0, 1;
    %vpi_call 2 59 "$finish" {0 0 0};
    %end;
    .thread T_7;
# The file index is used to find the file name in the following table.
:file_names 5;
    "N/A";
    "<interactive>";
    "Guia_1401.v";
    "./DeslocadorEsquera1Bit.v";
    "./Flip_Flop_D.v";
