#! /usr/bin/vvp
:ivl_version "11.0 (stable)";
:ivl_delay_selection "TYPICAL";
:vpi_time_precision + 0;
:vpi_module "/usr/lib/x86_64-linux-gnu/ivl/system.vpi";
:vpi_module "/usr/lib/x86_64-linux-gnu/ivl/vhdl_sys.vpi";
:vpi_module "/usr/lib/x86_64-linux-gnu/ivl/vhdl_textio.vpi";
:vpi_module "/usr/lib/x86_64-linux-gnu/ivl/v2005_math.vpi";
:vpi_module "/usr/lib/x86_64-linux-gnu/ivl/va_math.vpi";
S_0x55d8998366f0 .scope module, "Guia_0301" "Guia_0301" 2 13;
 .timescale 0 0;
v0x55d89980b350_0 .var "a", 5 0;
v0x55d89980b7b0_0 .var "aR", 5 0;
v0x55d89980bba0_0 .var "b", 7 0;
v0x55d899860010_0 .var "bR", 7 0;
v0x55d8998600f0_0 .var "c", 5 0;
v0x55d899860220_0 .var "cR", 5 0;
v0x55d899860300_0 .var "d", 6 0;
v0x55d8998603e0_0 .var "dR", 6 0;
v0x55d8998604c0_0 .var "e", 7 0;
v0x55d8998605a0_0 .var "eR", 7 0;
S_0x55d899847ba0 .scope begin, "main" "main" 2 28, 2 28 0, S_0x55d8998366f0;
 .timescale 0 0;
S_0x55d8998479f0 .scope module, "Guia_0302" "Guia_0302" 2 65;
 .timescale 0 0;
v0x55d899860830_0 .var "a", 7 0;
v0x55d899860930_0 .var "b", 6 0;
v0x55d899860a10_0 .var "c", 5 0;
v0x55d899860ad0_0 .var "d", 7 0;
v0x55d899860bb0_0 .var "e", 6 0;
v0x55d899860ce0_0 .var "f", 5 0;
S_0x55d899860680 .scope begin, "main" "main" 2 75, 2 75 0, S_0x55d8998479f0;
 .timescale 0 0;
    .scope S_0x55d8998366f0;
T_0 ;
    %pushi/vec4 10, 0, 6;
    %store/vec4 v0x55d89980b350_0, 0, 6;
    %pushi/vec4 13, 0, 8;
    %store/vec4 v0x55d89980bba0_0, 0, 8;
    %pushi/vec4 41, 0, 6;
    %store/vec4 v0x55d8998600f0_0, 0, 6;
    %pushi/vec4 47, 0, 7;
    %store/vec4 v0x55d899860300_0, 0, 7;
    %pushi/vec4 52, 0, 8;
    %store/vec4 v0x55d8998604c0_0, 0, 8;
    %pushi/vec4 0, 0, 6;
    %store/vec4 v0x55d89980b7b0_0, 0, 6;
    %pushi/vec4 0, 0, 8;
    %store/vec4 v0x55d899860010_0, 0, 8;
    %pushi/vec4 0, 0, 6;
    %store/vec4 v0x55d899860220_0, 0, 6;
    %pushi/vec4 0, 0, 7;
    %store/vec4 v0x55d8998603e0_0, 0, 7;
    %pushi/vec4 0, 0, 8;
    %store/vec4 v0x55d8998605a0_0, 0, 8;
    %end;
    .thread T_0;
    .scope S_0x55d8998366f0;
T_1 ;
    %fork t_1, S_0x55d899847ba0;
    %jmp t_0;
    .scope S_0x55d899847ba0;
t_1 ;
    %vpi_call 2 29 "$display", "Guia_0301 - Tests" {0 0 0};
    %load/vec4 v0x55d89980b350_0;
    %inv;
    %addi 1, 0, 6;
    %store/vec4 v0x55d89980b7b0_0, 0, 6;
    %load/vec4 v0x55d89980b350_0;
    %inv;
    %vpi_call 2 31 "$display", "a = %8b -> C1(a) = %8b -> C2(a) = %8b", v0x55d89980b350_0, S<0,vec4,u6>, v0x55d89980b7b0_0 {1 0 0};
    %load/vec4 v0x55d89980bba0_0;
    %inv;
    %addi 1, 0, 8;
    %store/vec4 v0x55d899860010_0, 0, 8;
    %load/vec4 v0x55d89980bba0_0;
    %inv;
    %vpi_call 2 33 "$display", "b = %8b -> C1(b) = %8b -> C2(b) = %8b", v0x55d89980bba0_0, S<0,vec4,u8>, v0x55d899860010_0 {1 0 0};
    %load/vec4 v0x55d8998600f0_0;
    %inv;
    %addi 1, 0, 6;
    %store/vec4 v0x55d899860220_0, 0, 6;
    %load/vec4 v0x55d8998600f0_0;
    %inv;
    %vpi_call 2 35 "$display", "c = %8b -> C1(c) = %8b -> C2(c) = %8b", v0x55d8998600f0_0, S<0,vec4,u6>, v0x55d899860220_0 {1 0 0};
    %load/vec4 v0x55d899860300_0;
    %inv;
    %addi 1, 0, 7;
    %store/vec4 v0x55d8998603e0_0, 0, 7;
    %load/vec4 v0x55d899860300_0;
    %inv;
    %vpi_call 2 37 "$display", "d = %8b -> C1(c) = %8b -> C2(c) = %8b", v0x55d899860300_0, S<0,vec4,u7>, v0x55d8998603e0_0 {1 0 0};
    %load/vec4 v0x55d8998604c0_0;
    %inv;
    %addi 1, 0, 8;
    %store/vec4 v0x55d8998605a0_0, 0, 8;
    %load/vec4 v0x55d8998604c0_0;
    %inv;
    %vpi_call 2 39 "$display", "e = %8b -> C1(c) = %8b -> C2(c) = %8b", v0x55d8998604c0_0, S<0,vec4,u8>, v0x55d8998605a0_0 {1 0 0};
    %end;
    .scope S_0x55d8998366f0;
t_0 %join;
    %end;
    .thread T_1;
    .scope S_0x55d8998479f0;
T_2 ;
    %pushi/vec4 10, 0, 8;
    %store/vec4 v0x55d899860830_0, 0, 8;
    %pushi/vec4 13, 0, 7;
    %store/vec4 v0x55d899860930_0, 0, 7;
    %pushi/vec4 13, 0, 6;
    %store/vec4 v0x55d899860a10_0, 0, 6;
    %pushi/vec4 0, 0, 8;
    %store/vec4 v0x55d899860ad0_0, 0, 8;
    %pushi/vec4 0, 0, 7;
    %store/vec4 v0x55d899860bb0_0, 0, 7;
    %pushi/vec4 0, 0, 6;
    %store/vec4 v0x55d899860ce0_0, 0, 6;
    %end;
    .thread T_2;
    .scope S_0x55d8998479f0;
T_3 ;
    %fork t_3, S_0x55d899860680;
    %jmp t_2;
    .scope S_0x55d899860680;
t_3 ;
    %vpi_call 2 76 "$display", "Guia_0302 - Tests" {0 0 0};
    %load/vec4 v0x55d899860830_0;
    %inv;
    %addi 1, 0, 8;
    %store/vec4 v0x55d899860ad0_0, 0, 8;
    %load/vec4 v0x55d899860830_0;
    %inv;
    %vpi_call 2 78 "$display", "a = %8b -> C1(a) = %8b -> C2(a) = %8b", v0x55d899860830_0, S<0,vec4,u8>, v0x55d899860ad0_0 {1 0 0};
    %load/vec4 v0x55d899860930_0;
    %inv;
    %addi 1, 0, 7;
    %store/vec4 v0x55d899860bb0_0, 0, 7;
    %load/vec4 v0x55d899860930_0;
    %inv;
    %vpi_call 2 80 "$display", "b = %7b -> C1(b) = %7b -> C2(b) = %7b", v0x55d899860930_0, S<0,vec4,u7>, v0x55d899860bb0_0 {1 0 0};
    %load/vec4 v0x55d899860a10_0;
    %inv;
    %addi 1, 0, 6;
    %store/vec4 v0x55d899860ce0_0, 0, 6;
    %load/vec4 v0x55d899860a10_0;
    %inv;
    %vpi_call 2 82 "$display", "c = %6b -> C1(c) = %6b -> C2(c) = %6b", v0x55d899860a10_0, S<0,vec4,u6>, v0x55d899860ce0_0 {1 0 0};
    %end;
    .scope S_0x55d8998479f0;
t_2 %join;
    %end;
    .thread T_3;
# The file index is used to find the file name in the following table.
:file_names 3;
    "N/A";
    "<interactive>";
    "Guia_0301.v";
