#! /usr/bin/vvp
:ivl_version "11.0 (stable)";
:ivl_delay_selection "TYPICAL";
:vpi_time_precision + 0;
:vpi_module "/usr/lib/x86_64-linux-gnu/ivl/system.vpi";
:vpi_module "/usr/lib/x86_64-linux-gnu/ivl/vhdl_sys.vpi";
:vpi_module "/usr/lib/x86_64-linux-gnu/ivl/vhdl_textio.vpi";
:vpi_module "/usr/lib/x86_64-linux-gnu/ivl/v2005_math.vpi";
:vpi_module "/usr/lib/x86_64-linux-gnu/ivl/va_math.vpi";
S_0x55c8f5e54d30 .scope module, "Guia_0303" "Guia_0303" 2 12;
 .timescale 0 0;
v0x55c8f5e2c350_0 .var/s "R", 7 0;
v0x55c8f5e2c7b0_0 .var/s "a", 4 0;
v0x55c8f5e2cba0_0 .var/s "b", 5 0;
v0x55c8f5e7bc40_0 .var/s "c", 5 0;
v0x55c8f5e7bd20_0 .var/s "d", 6 0;
v0x55c8f5e7be50_0 .var/s "e", 6 0;
v0x55c8f5e7bf30_0 .var/s "r", 6 0;
S_0x55c8f5e2acf0 .scope begin, "main" "main" 2 24, 2 24 0, S_0x55c8f5e54d30;
 .timescale 0 0;
    .scope S_0x55c8f5e54d30;
T_0 ;
    %pushi/vec4 22, 0, 5;
    %store/vec4 v0x55c8f5e2c7b0_0, 0, 5;
    %pushi/vec4 51, 0, 6;
    %store/vec4 v0x55c8f5e2cba0_0, 0, 6;
    %pushi/vec4 36, 0, 6;
    %store/vec4 v0x55c8f5e7bc40_0, 0, 6;
    %pushi/vec4 91, 0, 7;
    %store/vec4 v0x55c8f5e7bd20_0, 0, 7;
    %pushi/vec4 115, 0, 7;
    %store/vec4 v0x55c8f5e7be50_0, 0, 7;
    %pushi/vec4 0, 0, 8;
    %store/vec4 v0x55c8f5e2c350_0, 0, 8;
    %pushi/vec4 0, 0, 7;
    %store/vec4 v0x55c8f5e7bf30_0, 0, 7;
    %end;
    .thread T_0;
    .scope S_0x55c8f5e54d30;
T_1 ;
    %fork t_1, S_0x55c8f5e2acf0;
    %jmp t_0;
    .scope S_0x55c8f5e2acf0;
t_1 ;
    %vpi_call 2 25 "$display", "Guia_0303 - Tests" {0 0 0};
    %load/vec4 v0x55c8f5e2c7b0_0;
    %pad/s 8;
    %inv;
    %addi 1, 0, 8;
    %store/vec4 v0x55c8f5e2c350_0, 0, 8;
    %load/vec4 v0x55c8f5e2c7b0_0;
    %pad/s 7;
    %subi 1, 0, 7;
    %inv;
    %store/vec4 v0x55c8f5e7bf30_0, 0, 7;
    %load/vec4 v0x55c8f5e2c7b0_0;
    %inv;
    %vpi_call 2 28 "$display", "a = %8b -> C1(a) = %8b -> C2(a) = %8b = %d = %d", v0x55c8f5e2c7b0_0, S<0,vec4,s5>, v0x55c8f5e2c350_0, v0x55c8f5e2c350_0, v0x55c8f5e7bf30_0 {1 0 0};
    %load/vec4 v0x55c8f5e2cba0_0;
    %pad/s 8;
    %inv;
    %addi 1, 0, 8;
    %store/vec4 v0x55c8f5e2c350_0, 0, 8;
    %load/vec4 v0x55c8f5e2cba0_0;
    %pad/s 7;
    %subi 1, 0, 7;
    %inv;
    %store/vec4 v0x55c8f5e7bf30_0, 0, 7;
    %load/vec4 v0x55c8f5e2cba0_0;
    %inv;
    %vpi_call 2 31 "$display", "b = %7b -> C1(b) = %7b -> C2(b) = %7b = %d = %d", v0x55c8f5e2cba0_0, S<0,vec4,s6>, v0x55c8f5e2c350_0, v0x55c8f5e2c350_0, v0x55c8f5e7bf30_0 {1 0 0};
    %load/vec4 v0x55c8f5e7bc40_0;
    %pad/s 8;
    %inv;
    %addi 1, 0, 8;
    %store/vec4 v0x55c8f5e2c350_0, 0, 8;
    %load/vec4 v0x55c8f5e7bc40_0;
    %pad/s 7;
    %subi 1, 0, 7;
    %inv;
    %store/vec4 v0x55c8f5e7bf30_0, 0, 7;
    %load/vec4 v0x55c8f5e7bc40_0;
    %inv;
    %vpi_call 2 34 "$display", "c = %6b -> C1(c) = %6b -> C2(c) = %6b = %d = %d", v0x55c8f5e7bc40_0, S<0,vec4,s6>, v0x55c8f5e2c350_0, v0x55c8f5e2c350_0, v0x55c8f5e7bf30_0 {1 0 0};
    %load/vec4 v0x55c8f5e7bd20_0;
    %pad/s 8;
    %inv;
    %addi 1, 0, 8;
    %store/vec4 v0x55c8f5e2c350_0, 0, 8;
    %load/vec4 v0x55c8f5e7bd20_0;
    %subi 1, 0, 7;
    %inv;
    %store/vec4 v0x55c8f5e7bf30_0, 0, 7;
    %load/vec4 v0x55c8f5e7bd20_0;
    %inv;
    %vpi_call 2 37 "$display", "c = %6b -> C1(c) = %6b -> C2(c) = %6b = %d = %d", v0x55c8f5e7bd20_0, S<0,vec4,s7>, v0x55c8f5e2c350_0, v0x55c8f5e2c350_0, v0x55c8f5e7bf30_0 {1 0 0};
    %load/vec4 v0x55c8f5e7be50_0;
    %pad/s 8;
    %inv;
    %addi 1, 0, 8;
    %store/vec4 v0x55c8f5e2c350_0, 0, 8;
    %load/vec4 v0x55c8f5e7be50_0;
    %subi 1, 0, 7;
    %inv;
    %store/vec4 v0x55c8f5e7bf30_0, 0, 7;
    %load/vec4 v0x55c8f5e7be50_0;
    %inv;
    %vpi_call 2 40 "$display", "c = %6b -> C1(c) = %6b -> C2(c) = %6b = %d = %d = %h(16)", v0x55c8f5e7be50_0, S<0,vec4,s7>, v0x55c8f5e2c350_0, v0x55c8f5e2c350_0, v0x55c8f5e7bf30_0, v0x55c8f5e7bf30_0 {1 0 0};
    %end;
    .scope S_0x55c8f5e54d30;
t_0 %join;
    %end;
    .thread T_1;
# The file index is used to find the file name in the following table.
:file_names 3;
    "N/A";
    "<interactive>";
    "Guia_0303.v";
