#! /usr/bin/vvp
:ivl_version "11.0 (stable)";
:ivl_delay_selection "TYPICAL";
:vpi_time_precision + 0;
:vpi_module "/usr/lib/x86_64-linux-gnu/ivl/system.vpi";
:vpi_module "/usr/lib/x86_64-linux-gnu/ivl/vhdl_sys.vpi";
:vpi_module "/usr/lib/x86_64-linux-gnu/ivl/vhdl_textio.vpi";
:vpi_module "/usr/lib/x86_64-linux-gnu/ivl/v2005_math.vpi";
:vpi_module "/usr/lib/x86_64-linux-gnu/ivl/va_math.vpi";
S_0x561069a50cf0 .scope module, "test_RAM_1x1" "test_RAM_1x1" 2 14;
 .timescale 0 0;
v0x561069aa8070_0 .var "addr", 0 0;
v0x561069aa8160_0 .var "clear", 0 0;
v0x561069aa8200_0 .var "clk", 0 0;
v0x561069aa82d0_0 .var "in1", 0 0;
v0x561069aa83c0_0 .net "out1", 0 0, L_0x561069aa8730;  1 drivers
v0x561069aa84b0_0 .var "r_w", 0 0;
S_0x561069a50e80 .scope module, "dut" "RAM_1x1" 2 21, 3 13 0, S_0x561069a50cf0;
 .timescale 0 0;
    .port_info 0 /OUTPUT 1 "out1";
    .port_info 1 /INPUT 1 "in1";
    .port_info 2 /INPUT 1 "addr";
    .port_info 3 /INPUT 1 "r_w";
    .port_info 4 /INPUT 1 "clk";
    .port_info 5 /INPUT 1 "clear";
L_0x561069a7a7d0 .functor AND 1, v0x561069aa8070_0, v0x561069aa84b0_0, v0x561069aa8200_0, C4<1>;
L_0x561069aa86c0 .functor NOT 1, v0x561069aa82d0_0, C4<0>, C4<0>, C4<0>;
L_0x561069aa8730 .functor AND 1, v0x561069aa8070_0, v0x561069aa76c0_0, C4<1>, C4<1>;
v0x561069aa7920_0 .net "addr", 0 0, v0x561069aa8070_0;  1 drivers
v0x561069aa7a00_0 .net "and1", 0 0, L_0x561069a7a7d0;  1 drivers
v0x561069aa7ac0_0 .net "clear", 0 0, v0x561069aa8160_0;  1 drivers
v0x561069aa7bc0_0 .net "clk", 0 0, v0x561069aa8200_0;  1 drivers
v0x561069aa7c60_0 .net "in1", 0 0, v0x561069aa82d0_0;  1 drivers
v0x561069aa7d50_0 .net "out1", 0 0, L_0x561069aa8730;  alias, 1 drivers
v0x561069aa7df0_0 .net "q1", 0 0, v0x561069aa76c0_0;  1 drivers
v0x561069aa7ec0_0 .net "qnot1", 0 0, v0x561069aa7780_0;  1 drivers
v0x561069aa7f90_0 .net "r_w", 0 0, v0x561069aa84b0_0;  1 drivers
S_0x561069a8f890 .scope module, "Flip_Flop_JK" "jkff" 3 24, 4 13 0, S_0x561069a50e80;
 .timescale 0 0;
    .port_info 0 /OUTPUT 1 "q";
    .port_info 1 /OUTPUT 1 "qnot";
    .port_info 2 /INPUT 1 "j";
    .port_info 3 /INPUT 1 "k";
    .port_info 4 /INPUT 1 "clk";
    .port_info 5 /INPUT 1 "preset";
    .port_info 6 /INPUT 1 "clear";
v0x561069a8fa70_0 .net "clear", 0 0, v0x561069aa8160_0;  alias, 1 drivers
v0x561069aa7390_0 .net "clk", 0 0, L_0x561069a7a7d0;  alias, 1 drivers
v0x561069aa7450_0 .net "j", 0 0, v0x561069aa82d0_0;  alias, 1 drivers
v0x561069aa74f0_0 .net "k", 0 0, L_0x561069aa86c0;  1 drivers
L_0x7f68d751f018 .functor BUFT 1, C4<0>, C4<0>, C4<0>, C4<0>;
v0x561069aa75b0_0 .net "preset", 0 0, L_0x7f68d751f018;  1 drivers
v0x561069aa76c0_0 .var "q", 0 0;
v0x561069aa7780_0 .var "qnot", 0 0;
E_0x561069a8e570 .event posedge, v0x561069a8fa70_0, v0x561069aa75b0_0, v0x561069aa7390_0;
    .scope S_0x561069a8f890;
T_0 ;
    %wait E_0x561069a8e570;
    %load/vec4 v0x561069a8fa70_0;
    %flag_set/vec4 8;
    %jmp/0xz  T_0.0, 8;
    %pushi/vec4 0, 0, 1;
    %assign/vec4 v0x561069aa76c0_0, 0;
    %pushi/vec4 1, 0, 1;
    %assign/vec4 v0x561069aa7780_0, 0;
    %jmp T_0.1;
T_0.0 ;
    %load/vec4 v0x561069aa75b0_0;
    %flag_set/vec4 8;
    %jmp/0xz  T_0.2, 8;
    %pushi/vec4 1, 0, 1;
    %assign/vec4 v0x561069aa76c0_0, 0;
    %pushi/vec4 0, 0, 1;
    %assign/vec4 v0x561069aa7780_0, 0;
    %jmp T_0.3;
T_0.2 ;
    %load/vec4 v0x561069aa7450_0;
    %load/vec4 v0x561069aa74f0_0;
    %inv;
    %and;
    %flag_set/vec4 8;
    %jmp/0xz  T_0.4, 8;
    %pushi/vec4 1, 0, 1;
    %assign/vec4 v0x561069aa76c0_0, 0;
    %pushi/vec4 0, 0, 1;
    %assign/vec4 v0x561069aa7780_0, 0;
    %jmp T_0.5;
T_0.4 ;
    %load/vec4 v0x561069aa7450_0;
    %inv;
    %load/vec4 v0x561069aa74f0_0;
    %and;
    %flag_set/vec4 8;
    %jmp/0xz  T_0.6, 8;
    %pushi/vec4 0, 0, 1;
    %assign/vec4 v0x561069aa76c0_0, 0;
    %pushi/vec4 1, 0, 1;
    %assign/vec4 v0x561069aa7780_0, 0;
    %jmp T_0.7;
T_0.6 ;
    %load/vec4 v0x561069aa7450_0;
    %load/vec4 v0x561069aa74f0_0;
    %and;
    %flag_set/vec4 8;
    %jmp/0xz  T_0.8, 8;
    %load/vec4 v0x561069aa76c0_0;
    %inv;
    %assign/vec4 v0x561069aa76c0_0, 0;
    %load/vec4 v0x561069aa7780_0;
    %inv;
    %assign/vec4 v0x561069aa7780_0, 0;
T_0.8 ;
T_0.7 ;
T_0.5 ;
T_0.3 ;
T_0.1 ;
    %jmp T_0;
    .thread T_0;
    .scope S_0x561069a50cf0;
T_1 ;
    %pushi/vec4 0, 0, 1;
    %store/vec4 v0x561069aa8200_0, 0, 1;
T_1.0 ;
    %delay 5, 0;
    %load/vec4 v0x561069aa8200_0;
    %inv;
    %store/vec4 v0x561069aa8200_0, 0, 1;
    %jmp T_1.0;
    %end;
    .thread T_1;
    .scope S_0x561069a50cf0;
T_2 ;
    %vpi_call 2 31 "$monitor", "Tempo=%0t | addr=%b | r_w=%b | in1=%b | clear=%b | out1=%b", $time, v0x561069aa8070_0, v0x561069aa84b0_0, v0x561069aa82d0_0, v0x561069aa8160_0, v0x561069aa83c0_0 {0 0 0};
    %pushi/vec4 0, 0, 1;
    %store/vec4 v0x561069aa82d0_0, 0, 1;
    %pushi/vec4 0, 0, 1;
    %store/vec4 v0x561069aa8070_0, 0, 1;
    %pushi/vec4 0, 0, 1;
    %store/vec4 v0x561069aa84b0_0, 0, 1;
    %pushi/vec4 1, 0, 1;
    %store/vec4 v0x561069aa8160_0, 0, 1;
    %delay 10, 0;
    %pushi/vec4 0, 0, 1;
    %store/vec4 v0x561069aa8160_0, 0, 1;
    %pushi/vec4 1, 0, 1;
    %store/vec4 v0x561069aa8070_0, 0, 1;
    %pushi/vec4 1, 0, 1;
    %store/vec4 v0x561069aa84b0_0, 0, 1;
    %pushi/vec4 1, 0, 1;
    %store/vec4 v0x561069aa82d0_0, 0, 1;
    %delay 10, 0;
    %pushi/vec4 1, 0, 1;
    %store/vec4 v0x561069aa8070_0, 0, 1;
    %pushi/vec4 0, 0, 1;
    %store/vec4 v0x561069aa84b0_0, 0, 1;
    %delay 10, 0;
    %pushi/vec4 0, 0, 1;
    %store/vec4 v0x561069aa82d0_0, 0, 1;
    %delay 10, 0;
    %pushi/vec4 1, 0, 1;
    %store/vec4 v0x561069aa8160_0, 0, 1;
    %delay 10, 0;
    %pushi/vec4 0, 0, 1;
    %store/vec4 v0x561069aa8160_0, 0, 1;
    %pushi/vec4 1, 0, 1;
    %store/vec4 v0x561069aa8070_0, 0, 1;
    %pushi/vec4 0, 0, 1;
    %store/vec4 v0x561069aa84b0_0, 0, 1;
    %delay 10, 0;
    %vpi_call 2 58 "$finish" {0 0 0};
    %end;
    .thread T_2;
# The file index is used to find the file name in the following table.
:file_names 5;
    "N/A";
    "<interactive>";
    "Guia_1200.v";
    "./RAM_1x1.v";
    "./Flip_Flop_JK.v";
