#! /usr/bin/vvp
:ivl_version "11.0 (stable)";
:ivl_delay_selection "TYPICAL";
:vpi_time_precision + 0;
:vpi_module "/usr/lib/x86_64-linux-gnu/ivl/system.vpi";
:vpi_module "/usr/lib/x86_64-linux-gnu/ivl/vhdl_sys.vpi";
:vpi_module "/usr/lib/x86_64-linux-gnu/ivl/vhdl_textio.vpi";
:vpi_module "/usr/lib/x86_64-linux-gnu/ivl/v2005_math.vpi";
:vpi_module "/usr/lib/x86_64-linux-gnu/ivl/va_math.vpi";
S_0x564e6ee39020 .scope module, "test_f5" "test_f5" 2 39;
 .timescale 0 0;
v0x564e6ee50870_0 .net "a", 0 0, L_0x564e6ee50c80;  1 drivers
v0x564e6ee50910_0 .net "b", 0 0, L_0x564e6ee50ee0;  1 drivers
v0x564e6ee509b0_0 .net "c", 0 0, L_0x564e6ee51170;  1 drivers
v0x564e6ee50a80_0 .var "x", 0 0;
v0x564e6ee50b20_0 .var "y", 0 0;
S_0x564e6ee391b0 .scope begin, "main" "main" 2 49, 2 49 0, S_0x564e6ee39020;
 .timescale 0 0;
S_0x564e6ee39f70 .scope module, "moduloA" "f04a" 2 44, 2 13 0, S_0x564e6ee39020;
 .timescale 0 0;
    .port_info 0 /OUTPUT 1 "s";
    .port_info 1 /INPUT 1 "a";
    .port_info 2 /INPUT 1 "b";
L_0x564e6ee50c10 .functor NAND 1, v0x564e6ee50a80_0, v0x564e6ee50a80_0, C4<1>, C4<1>;
L_0x564e6ee50c80 .functor NAND 1, L_0x564e6ee50c10, v0x564e6ee50b20_0, C4<1>, C4<1>;
v0x564e6ee3a1a0_0 .net "a", 0 0, v0x564e6ee50a80_0;  1 drivers
v0x564e6ee4f6a0_0 .net "b", 0 0, v0x564e6ee50b20_0;  1 drivers
v0x564e6ee4f760_0 .net "not_a", 0 0, L_0x564e6ee50c10;  1 drivers
v0x564e6ee4f800_0 .net "s", 0 0, L_0x564e6ee50c80;  alias, 1 drivers
S_0x564e6ee4f940 .scope module, "moduloB" "f04b" 2 45, 2 23 0, S_0x564e6ee39020;
 .timescale 0 0;
    .port_info 0 /OUTPUT 1 "s";
    .port_info 1 /INPUT 1 "a";
    .port_info 2 /INPUT 1 "b";
L_0x564e6ee50d40 .functor AND 1, v0x564e6ee50a80_0, v0x564e6ee50a80_0, C4<1>, C4<1>;
L_0x564e6ee50db0 .functor NOT 1, L_0x564e6ee50d40, C4<0>, C4<0>, C4<0>;
L_0x564e6ee50e20 .functor AND 1, L_0x564e6ee50db0, v0x564e6ee50b20_0, C4<1>, C4<1>;
L_0x564e6ee50ee0 .functor NOT 1, L_0x564e6ee50e20, C4<0>, C4<0>, C4<0>;
v0x564e6ee4fb70_0 .net *"_ivl_0", 0 0, L_0x564e6ee50d40;  1 drivers
v0x564e6ee4fc50_0 .net *"_ivl_2", 0 0, L_0x564e6ee50db0;  1 drivers
v0x564e6ee4fd30_0 .net *"_ivl_4", 0 0, L_0x564e6ee50e20;  1 drivers
v0x564e6ee4fe20_0 .net "a", 0 0, v0x564e6ee50a80_0;  alias, 1 drivers
v0x564e6ee4fef0_0 .net "b", 0 0, v0x564e6ee50b20_0;  alias, 1 drivers
v0x564e6ee4ffe0_0 .net "s", 0 0, L_0x564e6ee50ee0;  alias, 1 drivers
S_0x564e6ee500e0 .scope module, "moduloC" "f04c" 2 46, 2 31 0, S_0x564e6ee39020;
 .timescale 0 0;
    .port_info 0 /OUTPUT 1 "s";
    .port_info 1 /INPUT 1 "a";
    .port_info 2 /INPUT 1 "b";
L_0x564e6ee51020 .functor NOT 1, v0x564e6ee50a80_0, C4<0>, C4<0>, C4<0>;
L_0x564e6ee51090 .functor AND 1, L_0x564e6ee51020, v0x564e6ee50b20_0, C4<1>, C4<1>;
L_0x564e6ee51170 .functor NOT 1, L_0x564e6ee51090, C4<0>, C4<0>, C4<0>;
v0x564e6ee50310_0 .net *"_ivl_0", 0 0, L_0x564e6ee51020;  1 drivers
v0x564e6ee50410_0 .net *"_ivl_2", 0 0, L_0x564e6ee51090;  1 drivers
v0x564e6ee504f0_0 .net "a", 0 0, v0x564e6ee50a80_0;  alias, 1 drivers
v0x564e6ee50610_0 .net "b", 0 0, v0x564e6ee50b20_0;  alias, 1 drivers
v0x564e6ee50700_0 .net "s", 0 0, L_0x564e6ee51170;  alias, 1 drivers
    .scope S_0x564e6ee39020;
T_0 ;
    %fork t_1, S_0x564e6ee391b0;
    %jmp t_0;
    .scope S_0x564e6ee391b0;
t_1 ;
    %vpi_call 2 50 "$display", "Guia_0504 - Davi C\303\242ndido - 857859" {0 0 0};
    %vpi_call 2 51 "$display", "Test module" {0 0 0};
    %vpi_call 2 52 "$display", "   x    y   nand nand ORI" {0 0 0};
    %vpi_call 2 54 "$monitor", "%4b %4b %4b %4b %4b", v0x564e6ee50a80_0, v0x564e6ee50b20_0, v0x564e6ee50870_0, v0x564e6ee50910_0, v0x564e6ee509b0_0 {0 0 0};
    %pushi/vec4 0, 0, 1;
    %store/vec4 v0x564e6ee50a80_0, 0, 1;
    %pushi/vec4 0, 0, 1;
    %store/vec4 v0x564e6ee50b20_0, 0, 1;
    %delay 1, 0;
    %pushi/vec4 0, 0, 1;
    %store/vec4 v0x564e6ee50a80_0, 0, 1;
    %pushi/vec4 1, 0, 1;
    %store/vec4 v0x564e6ee50b20_0, 0, 1;
    %delay 1, 0;
    %pushi/vec4 1, 0, 1;
    %store/vec4 v0x564e6ee50a80_0, 0, 1;
    %pushi/vec4 0, 0, 1;
    %store/vec4 v0x564e6ee50b20_0, 0, 1;
    %delay 1, 0;
    %pushi/vec4 1, 0, 1;
    %store/vec4 v0x564e6ee50a80_0, 0, 1;
    %pushi/vec4 1, 0, 1;
    %store/vec4 v0x564e6ee50b20_0, 0, 1;
    %end;
    .scope S_0x564e6ee39020;
t_0 %join;
    %end;
    .thread T_0;
# The file index is used to find the file name in the following table.
:file_names 3;
    "N/A";
    "<interactive>";
    "Guia_0504.v";
