#! /usr/bin/vvp
:ivl_version "11.0 (stable)";
:ivl_delay_selection "TYPICAL";
:vpi_time_precision + 0;
:vpi_module "/usr/lib/x86_64-linux-gnu/ivl/system.vpi";
:vpi_module "/usr/lib/x86_64-linux-gnu/ivl/vhdl_sys.vpi";
:vpi_module "/usr/lib/x86_64-linux-gnu/ivl/vhdl_textio.vpi";
:vpi_module "/usr/lib/x86_64-linux-gnu/ivl/v2005_math.vpi";
:vpi_module "/usr/lib/x86_64-linux-gnu/ivl/va_math.vpi";
S_0x560817c7fc80 .scope module, "test_f5" "test_f5" 2 37;
 .timescale 0 0;
v0x560817c99a10_0 .net "a", 0 0, L_0x560817c99e10;  1 drivers
v0x560817c99ab0_0 .net "b", 0 0, L_0x560817c9a620;  1 drivers
v0x560817c99b80_0 .net "c", 0 0, L_0x560817c9a800;  1 drivers
v0x560817c99c80_0 .var "x", 0 0;
v0x560817c99d20_0 .var "y", 0 0;
S_0x560817c7fe10 .scope begin, "main" "main" 2 47, 2 47 0, S_0x560817c7fc80;
 .timescale 0 0;
S_0x560817c80e40 .scope module, "moduloA" "f05a" 2 42, 2 13 0, S_0x560817c7fc80;
 .timescale 0 0;
    .port_info 0 /OUTPUT 1 "s";
    .port_info 1 /INPUT 1 "a";
    .port_info 2 /INPUT 1 "b";
L_0x560817c99e10 .functor XNOR 1, v0x560817c99c80_0, v0x560817c99d20_0, C4<0>, C4<0>;
v0x560817c81070_0 .net "a", 0 0, v0x560817c99c80_0;  1 drivers
v0x560817c98570_0 .net "b", 0 0, v0x560817c99d20_0;  1 drivers
v0x560817c98630_0 .net "s", 0 0, L_0x560817c99e10;  alias, 1 drivers
S_0x560817c98750 .scope module, "moduloB" "f05b" 2 43, 2 21 0, S_0x560817c7fc80;
 .timescale 0 0;
    .port_info 0 /OUTPUT 1 "s";
    .port_info 1 /INPUT 1 "a";
    .port_info 2 /INPUT 1 "b";
L_0x560817c99f60 .functor OR 1, v0x560817c99d20_0, v0x560817c99d20_0, C4<0>, C4<0>;
L_0x560817c99fd0 .functor NOT 1, L_0x560817c99f60, C4<0>, C4<0>, C4<0>;
L_0x560817c9a040 .functor OR 1, v0x560817c99c80_0, L_0x560817c99fd0, C4<0>, C4<0>;
L_0x560817c9a0b0 .functor NOT 1, L_0x560817c9a040, C4<0>, C4<0>, C4<0>;
L_0x560817c9a1a0 .functor OR 1, v0x560817c99c80_0, v0x560817c99c80_0, C4<0>, C4<0>;
L_0x560817c9a210 .functor NOT 1, L_0x560817c9a1a0, C4<0>, C4<0>, C4<0>;
L_0x560817c9a340 .functor OR 1, L_0x560817c9a210, v0x560817c99d20_0, C4<0>, C4<0>;
L_0x560817c9a400 .functor NOT 1, L_0x560817c9a340, C4<0>, C4<0>, C4<0>;
L_0x560817c9a510 .functor OR 1, L_0x560817c9a0b0, L_0x560817c9a400, C4<0>, C4<0>;
L_0x560817c9a620 .functor NOT 1, L_0x560817c9a510, C4<0>, C4<0>, C4<0>;
v0x560817c98980_0 .net *"_ivl_0", 0 0, L_0x560817c99f60;  1 drivers
v0x560817c98a60_0 .net *"_ivl_10", 0 0, L_0x560817c9a210;  1 drivers
v0x560817c98b40_0 .net *"_ivl_12", 0 0, L_0x560817c9a340;  1 drivers
v0x560817c98c30_0 .net *"_ivl_14", 0 0, L_0x560817c9a400;  1 drivers
v0x560817c98d10_0 .net *"_ivl_16", 0 0, L_0x560817c9a510;  1 drivers
v0x560817c98e40_0 .net *"_ivl_2", 0 0, L_0x560817c99fd0;  1 drivers
v0x560817c98f20_0 .net *"_ivl_4", 0 0, L_0x560817c9a040;  1 drivers
v0x560817c99000_0 .net *"_ivl_6", 0 0, L_0x560817c9a0b0;  1 drivers
v0x560817c990e0_0 .net *"_ivl_8", 0 0, L_0x560817c9a1a0;  1 drivers
v0x560817c991c0_0 .net "a", 0 0, v0x560817c99c80_0;  alias, 1 drivers
v0x560817c99260_0 .net "b", 0 0, v0x560817c99d20_0;  alias, 1 drivers
v0x560817c99330_0 .net "s", 0 0, L_0x560817c9a620;  alias, 1 drivers
S_0x560817c99430 .scope module, "moduloC" "f05c" 2 44, 2 29 0, S_0x560817c7fc80;
 .timescale 0 0;
    .port_info 0 /OUTPUT 1 "s";
    .port_info 1 /INPUT 1 "a";
    .port_info 2 /INPUT 1 "b";
L_0x560817c9a790 .functor XOR 1, v0x560817c99c80_0, v0x560817c99d20_0, C4<0>, C4<0>;
L_0x560817c9a800 .functor NOT 1, L_0x560817c9a790, C4<0>, C4<0>, C4<0>;
v0x560817c99610_0 .net *"_ivl_0", 0 0, L_0x560817c9a790;  1 drivers
v0x560817c99710_0 .net "a", 0 0, v0x560817c99c80_0;  alias, 1 drivers
v0x560817c99820_0 .net "b", 0 0, v0x560817c99d20_0;  alias, 1 drivers
v0x560817c99910_0 .net "s", 0 0, L_0x560817c9a800;  alias, 1 drivers
    .scope S_0x560817c7fc80;
T_0 ;
    %fork t_1, S_0x560817c7fe10;
    %jmp t_0;
    .scope S_0x560817c7fe10;
t_1 ;
    %vpi_call 2 48 "$display", "Guia_0505 - Davi C\303\242ndido - 857859" {0 0 0};
    %vpi_call 2 49 "$display", "Test module" {0 0 0};
    %vpi_call 2 50 "$display", "   x    y   xnor xnor ORI" {0 0 0};
    %vpi_call 2 52 "$monitor", "%4b %4b %4b %4b %4b", v0x560817c99c80_0, v0x560817c99d20_0, v0x560817c99a10_0, v0x560817c99ab0_0, v0x560817c99b80_0 {0 0 0};
    %pushi/vec4 0, 0, 1;
    %store/vec4 v0x560817c99c80_0, 0, 1;
    %pushi/vec4 0, 0, 1;
    %store/vec4 v0x560817c99d20_0, 0, 1;
    %delay 1, 0;
    %pushi/vec4 0, 0, 1;
    %store/vec4 v0x560817c99c80_0, 0, 1;
    %pushi/vec4 1, 0, 1;
    %store/vec4 v0x560817c99d20_0, 0, 1;
    %delay 1, 0;
    %pushi/vec4 1, 0, 1;
    %store/vec4 v0x560817c99c80_0, 0, 1;
    %pushi/vec4 0, 0, 1;
    %store/vec4 v0x560817c99d20_0, 0, 1;
    %delay 1, 0;
    %pushi/vec4 1, 0, 1;
    %store/vec4 v0x560817c99c80_0, 0, 1;
    %pushi/vec4 1, 0, 1;
    %store/vec4 v0x560817c99d20_0, 0, 1;
    %end;
    .scope S_0x560817c7fc80;
t_0 %join;
    %end;
    .thread T_0;
# The file index is used to find the file name in the following table.
:file_names 3;
    "N/A";
    "<interactive>";
    "Guia_0505.v";
