#! /usr/bin/vvp
:ivl_version "11.0 (stable)";
:ivl_delay_selection "TYPICAL";
:vpi_time_precision + 0;
:vpi_module "/usr/lib/x86_64-linux-gnu/ivl/system.vpi";
:vpi_module "/usr/lib/x86_64-linux-gnu/ivl/vhdl_sys.vpi";
:vpi_module "/usr/lib/x86_64-linux-gnu/ivl/vhdl_textio.vpi";
:vpi_module "/usr/lib/x86_64-linux-gnu/ivl/v2005_math.vpi";
:vpi_module "/usr/lib/x86_64-linux-gnu/ivl/va_math.vpi";
S_0x55b9dd09c020 .scope module, "test_f5" "test_f5" 2 39;
 .timescale 0 0;
v0x55b9dd0b3870_0 .net "a", 0 0, L_0x55b9dd0b3c80;  1 drivers
v0x55b9dd0b3910_0 .net "b", 0 0, L_0x55b9dd0b3ee0;  1 drivers
v0x55b9dd0b39b0_0 .net "c", 0 0, L_0x55b9dd0b4170;  1 drivers
v0x55b9dd0b3a80_0 .var "x", 0 0;
v0x55b9dd0b3b20_0 .var "y", 0 0;
S_0x55b9dd09c1b0 .scope begin, "main" "main" 2 49, 2 49 0, S_0x55b9dd09c020;
 .timescale 0 0;
S_0x55b9dd09cf70 .scope module, "moduloA" "f03a" 2 44, 2 13 0, S_0x55b9dd09c020;
 .timescale 0 0;
    .port_info 0 /OUTPUT 1 "s";
    .port_info 1 /INPUT 1 "a";
    .port_info 2 /INPUT 1 "b";
L_0x55b9dd0b3c10 .functor NOR 1, v0x55b9dd0b3a80_0, v0x55b9dd0b3a80_0, C4<0>, C4<0>;
L_0x55b9dd0b3c80 .functor NOR 1, L_0x55b9dd0b3c10, v0x55b9dd0b3b20_0, C4<0>, C4<0>;
v0x55b9dd09d1a0_0 .net "a", 0 0, v0x55b9dd0b3a80_0;  1 drivers
v0x55b9dd0b26a0_0 .net "b", 0 0, v0x55b9dd0b3b20_0;  1 drivers
v0x55b9dd0b2760_0 .net "not_a", 0 0, L_0x55b9dd0b3c10;  1 drivers
v0x55b9dd0b2800_0 .net "s", 0 0, L_0x55b9dd0b3c80;  alias, 1 drivers
S_0x55b9dd0b2940 .scope module, "moduloB" "f03b" 2 45, 2 23 0, S_0x55b9dd09c020;
 .timescale 0 0;
    .port_info 0 /OUTPUT 1 "s";
    .port_info 1 /INPUT 1 "a";
    .port_info 2 /INPUT 1 "b";
L_0x55b9dd0b3d40 .functor OR 1, v0x55b9dd0b3a80_0, v0x55b9dd0b3a80_0, C4<0>, C4<0>;
L_0x55b9dd0b3db0 .functor NOT 1, L_0x55b9dd0b3d40, C4<0>, C4<0>, C4<0>;
L_0x55b9dd0b3e20 .functor OR 1, L_0x55b9dd0b3db0, v0x55b9dd0b3b20_0, C4<0>, C4<0>;
L_0x55b9dd0b3ee0 .functor NOT 1, L_0x55b9dd0b3e20, C4<0>, C4<0>, C4<0>;
v0x55b9dd0b2b70_0 .net *"_ivl_0", 0 0, L_0x55b9dd0b3d40;  1 drivers
v0x55b9dd0b2c50_0 .net *"_ivl_2", 0 0, L_0x55b9dd0b3db0;  1 drivers
v0x55b9dd0b2d30_0 .net *"_ivl_4", 0 0, L_0x55b9dd0b3e20;  1 drivers
v0x55b9dd0b2e20_0 .net "a", 0 0, v0x55b9dd0b3a80_0;  alias, 1 drivers
v0x55b9dd0b2ef0_0 .net "b", 0 0, v0x55b9dd0b3b20_0;  alias, 1 drivers
v0x55b9dd0b2fe0_0 .net "s", 0 0, L_0x55b9dd0b3ee0;  alias, 1 drivers
S_0x55b9dd0b30e0 .scope module, "moduloC" "f03c" 2 46, 2 31 0, S_0x55b9dd09c020;
 .timescale 0 0;
    .port_info 0 /OUTPUT 1 "s";
    .port_info 1 /INPUT 1 "a";
    .port_info 2 /INPUT 1 "b";
L_0x55b9dd0b4020 .functor NOT 1, v0x55b9dd0b3a80_0, C4<0>, C4<0>, C4<0>;
L_0x55b9dd0b4090 .functor OR 1, L_0x55b9dd0b4020, v0x55b9dd0b3b20_0, C4<0>, C4<0>;
L_0x55b9dd0b4170 .functor NOT 1, L_0x55b9dd0b4090, C4<0>, C4<0>, C4<0>;
v0x55b9dd0b3310_0 .net *"_ivl_0", 0 0, L_0x55b9dd0b4020;  1 drivers
v0x55b9dd0b3410_0 .net *"_ivl_2", 0 0, L_0x55b9dd0b4090;  1 drivers
v0x55b9dd0b34f0_0 .net "a", 0 0, v0x55b9dd0b3a80_0;  alias, 1 drivers
v0x55b9dd0b3610_0 .net "b", 0 0, v0x55b9dd0b3b20_0;  alias, 1 drivers
v0x55b9dd0b3700_0 .net "s", 0 0, L_0x55b9dd0b4170;  alias, 1 drivers
    .scope S_0x55b9dd09c020;
T_0 ;
    %fork t_1, S_0x55b9dd09c1b0;
    %jmp t_0;
    .scope S_0x55b9dd09c1b0;
t_1 ;
    %vpi_call 2 50 "$display", "Guia_0503 - Davi C\303\242ndido - 857859" {0 0 0};
    %vpi_call 2 51 "$display", "Test module" {0 0 0};
    %vpi_call 2 52 "$display", "   x    y   nor  nor  ORI" {0 0 0};
    %vpi_call 2 54 "$monitor", "%4b %4b %4b %4b %4b", v0x55b9dd0b3a80_0, v0x55b9dd0b3b20_0, v0x55b9dd0b3870_0, v0x55b9dd0b3910_0, v0x55b9dd0b39b0_0 {0 0 0};
    %pushi/vec4 0, 0, 1;
    %store/vec4 v0x55b9dd0b3a80_0, 0, 1;
    %pushi/vec4 0, 0, 1;
    %store/vec4 v0x55b9dd0b3b20_0, 0, 1;
    %delay 1, 0;
    %pushi/vec4 0, 0, 1;
    %store/vec4 v0x55b9dd0b3a80_0, 0, 1;
    %pushi/vec4 1, 0, 1;
    %store/vec4 v0x55b9dd0b3b20_0, 0, 1;
    %delay 1, 0;
    %pushi/vec4 1, 0, 1;
    %store/vec4 v0x55b9dd0b3a80_0, 0, 1;
    %pushi/vec4 0, 0, 1;
    %store/vec4 v0x55b9dd0b3b20_0, 0, 1;
    %delay 1, 0;
    %pushi/vec4 1, 0, 1;
    %store/vec4 v0x55b9dd0b3a80_0, 0, 1;
    %pushi/vec4 1, 0, 1;
    %store/vec4 v0x55b9dd0b3b20_0, 0, 1;
    %end;
    .scope S_0x55b9dd09c020;
t_0 %join;
    %end;
    .thread T_0;
# The file index is used to find the file name in the following table.
:file_names 3;
    "N/A";
    "<interactive>";
    "Guia_0503.v";
