#! /usr/bin/vvp
:ivl_version "11.0 (stable)";
:ivl_delay_selection "TYPICAL";
:vpi_time_precision + 0;
:vpi_module "/usr/lib/x86_64-linux-gnu/ivl/system.vpi";
:vpi_module "/usr/lib/x86_64-linux-gnu/ivl/vhdl_sys.vpi";
:vpi_module "/usr/lib/x86_64-linux-gnu/ivl/vhdl_textio.vpi";
:vpi_module "/usr/lib/x86_64-linux-gnu/ivl/v2005_math.vpi";
:vpi_module "/usr/lib/x86_64-linux-gnu/ivl/va_math.vpi";
S_0x5635b33bc020 .scope module, "test_f5" "test_f5" 2 39;
 .timescale 0 0;
v0x5635b33d3350_0 .net "a", 0 0, L_0x5635b33d37c0;  1 drivers
v0x5635b33d33f0_0 .net "b", 0 0, L_0x5635b33d3a20;  1 drivers
v0x5635b33d34c0_0 .net "c", 0 0, L_0x5635b33d3bd0;  1 drivers
v0x5635b33d35c0_0 .var "x", 0 0;
v0x5635b33d3660_0 .var "y", 0 0;
S_0x5635b33bc1b0 .scope begin, "main" "main" 2 49, 2 49 0, S_0x5635b33bc020;
 .timescale 0 0;
S_0x5635b33bcf30 .scope module, "moduloA" "f02a" 2 44, 2 13 0, S_0x5635b33bc020;
 .timescale 0 0;
    .port_info 0 /OUTPUT 1 "s";
    .port_info 1 /INPUT 1 "a";
    .port_info 2 /INPUT 1 "b";
L_0x5635b33d3750 .functor NAND 1, v0x5635b33d35c0_0, v0x5635b33d35c0_0, C4<1>, C4<1>;
L_0x5635b33d37c0 .functor NAND 1, L_0x5635b33d3750, v0x5635b33d3660_0, C4<1>, C4<1>;
v0x5635b33bd160_0 .net "a", 0 0, v0x5635b33d35c0_0;  1 drivers
v0x5635b33d22e0_0 .net "b", 0 0, v0x5635b33d3660_0;  1 drivers
v0x5635b33d23a0_0 .net "not_a", 0 0, L_0x5635b33d3750;  1 drivers
v0x5635b33d2440_0 .net "s", 0 0, L_0x5635b33d37c0;  alias, 1 drivers
S_0x5635b33d2580 .scope module, "moduloB" "f02b" 2 45, 2 23 0, S_0x5635b33bc020;
 .timescale 0 0;
    .port_info 0 /OUTPUT 1 "s";
    .port_info 1 /INPUT 1 "a";
    .port_info 2 /INPUT 1 "b";
L_0x5635b33d3880 .functor AND 1, v0x5635b33d35c0_0, v0x5635b33d35c0_0, C4<1>, C4<1>;
L_0x5635b33d38f0 .functor NOT 1, L_0x5635b33d3880, C4<0>, C4<0>, C4<0>;
L_0x5635b33d3960 .functor AND 1, L_0x5635b33d38f0, v0x5635b33d3660_0, C4<1>, C4<1>;
L_0x5635b33d3a20 .functor NOT 1, L_0x5635b33d3960, C4<0>, C4<0>, C4<0>;
v0x5635b33d27b0_0 .net *"_ivl_0", 0 0, L_0x5635b33d3880;  1 drivers
v0x5635b33d2890_0 .net *"_ivl_2", 0 0, L_0x5635b33d38f0;  1 drivers
v0x5635b33d2970_0 .net *"_ivl_4", 0 0, L_0x5635b33d3960;  1 drivers
v0x5635b33d2a60_0 .net "a", 0 0, v0x5635b33d35c0_0;  alias, 1 drivers
v0x5635b33d2b30_0 .net "b", 0 0, v0x5635b33d3660_0;  alias, 1 drivers
v0x5635b33d2c20_0 .net "s", 0 0, L_0x5635b33d3a20;  alias, 1 drivers
S_0x5635b33d2d20 .scope module, "moduloC" "f02c" 2 46, 2 31 0, S_0x5635b33bc020;
 .timescale 0 0;
    .port_info 0 /OUTPUT 1 "s";
    .port_info 1 /INPUT 1 "a";
    .port_info 2 /INPUT 1 "b";
L_0x5635b33d3b60 .functor NOT 1, v0x5635b33d3660_0, C4<0>, C4<0>, C4<0>;
L_0x5635b33d3bd0 .functor OR 1, v0x5635b33d35c0_0, L_0x5635b33d3b60, C4<0>, C4<0>;
v0x5635b33d2f50_0 .net *"_ivl_0", 0 0, L_0x5635b33d3b60;  1 drivers
v0x5635b33d3050_0 .net "a", 0 0, v0x5635b33d35c0_0;  alias, 1 drivers
v0x5635b33d3160_0 .net "b", 0 0, v0x5635b33d3660_0;  alias, 1 drivers
v0x5635b33d3250_0 .net "s", 0 0, L_0x5635b33d3bd0;  alias, 1 drivers
    .scope S_0x5635b33bc020;
T_0 ;
    %fork t_1, S_0x5635b33bc1b0;
    %jmp t_0;
    .scope S_0x5635b33bc1b0;
t_1 ;
    %vpi_call 2 50 "$display", "Guia_0502 - Davi C\303\242ndido - 857859" {0 0 0};
    %vpi_call 2 51 "$display", "Test module" {0 0 0};
    %vpi_call 2 52 "$display", "   x    y   nand nand ORI" {0 0 0};
    %vpi_call 2 54 "$monitor", "%4b %4b %4b %4b %4b", v0x5635b33d35c0_0, v0x5635b33d3660_0, v0x5635b33d3350_0, v0x5635b33d33f0_0, v0x5635b33d34c0_0 {0 0 0};
    %pushi/vec4 0, 0, 1;
    %store/vec4 v0x5635b33d35c0_0, 0, 1;
    %pushi/vec4 0, 0, 1;
    %store/vec4 v0x5635b33d3660_0, 0, 1;
    %delay 1, 0;
    %pushi/vec4 0, 0, 1;
    %store/vec4 v0x5635b33d35c0_0, 0, 1;
    %pushi/vec4 1, 0, 1;
    %store/vec4 v0x5635b33d3660_0, 0, 1;
    %delay 1, 0;
    %pushi/vec4 1, 0, 1;
    %store/vec4 v0x5635b33d35c0_0, 0, 1;
    %pushi/vec4 0, 0, 1;
    %store/vec4 v0x5635b33d3660_0, 0, 1;
    %delay 1, 0;
    %pushi/vec4 1, 0, 1;
    %store/vec4 v0x5635b33d35c0_0, 0, 1;
    %pushi/vec4 1, 0, 1;
    %store/vec4 v0x5635b33d3660_0, 0, 1;
    %end;
    .scope S_0x5635b33bc020;
t_0 %join;
    %end;
    .thread T_0;
# The file index is used to find the file name in the following table.
:file_names 3;
    "N/A";
    "<interactive>";
    "Guia_0502.v";
