#! /usr/bin/vvp
:ivl_version "11.0 (stable)";
:ivl_delay_selection "TYPICAL";
:vpi_time_precision + 0;
:vpi_module "/usr/lib/x86_64-linux-gnu/ivl/system.vpi";
:vpi_module "/usr/lib/x86_64-linux-gnu/ivl/vhdl_sys.vpi";
:vpi_module "/usr/lib/x86_64-linux-gnu/ivl/vhdl_textio.vpi";
:vpi_module "/usr/lib/x86_64-linux-gnu/ivl/v2005_math.vpi";
:vpi_module "/usr/lib/x86_64-linux-gnu/ivl/va_math.vpi";
S_0x55ac1a856c80 .scope module, "test_f5" "test_f5" 2 37;
 .timescale 0 0;
v0x55ac1a870570_0 .net "a", 0 0, L_0x55ac1a870970;  1 drivers
v0x55ac1a870610_0 .net "b", 0 0, L_0x55ac1a871180;  1 drivers
v0x55ac1a8706e0_0 .net "c", 0 0, L_0x55ac1a8712f0;  1 drivers
v0x55ac1a8707e0_0 .var "x", 0 0;
v0x55ac1a870880_0 .var "y", 0 0;
S_0x55ac1a856e10 .scope begin, "main" "main" 2 47, 2 47 0, S_0x55ac1a856c80;
 .timescale 0 0;
S_0x55ac1a857e40 .scope module, "moduloA" "f06a" 2 42, 2 13 0, S_0x55ac1a856c80;
 .timescale 0 0;
    .port_info 0 /OUTPUT 1 "s";
    .port_info 1 /INPUT 1 "a";
    .port_info 2 /INPUT 1 "b";
L_0x55ac1a870970 .functor XOR 1, v0x55ac1a8707e0_0, v0x55ac1a870880_0, C4<0>, C4<0>;
v0x55ac1a858070_0 .net "a", 0 0, v0x55ac1a8707e0_0;  1 drivers
v0x55ac1a86f1b0_0 .net "b", 0 0, v0x55ac1a870880_0;  1 drivers
v0x55ac1a86f270_0 .net "s", 0 0, L_0x55ac1a870970;  alias, 1 drivers
S_0x55ac1a86f390 .scope module, "moduloB" "f06b" 2 43, 2 21 0, S_0x55ac1a856c80;
 .timescale 0 0;
    .port_info 0 /OUTPUT 1 "s";
    .port_info 1 /INPUT 1 "a";
    .port_info 2 /INPUT 1 "b";
L_0x55ac1a870ac0 .functor AND 1, v0x55ac1a870880_0, v0x55ac1a870880_0, C4<1>, C4<1>;
L_0x55ac1a870b30 .functor NOT 1, L_0x55ac1a870ac0, C4<0>, C4<0>, C4<0>;
L_0x55ac1a870ba0 .functor AND 1, v0x55ac1a8707e0_0, L_0x55ac1a870b30, C4<1>, C4<1>;
L_0x55ac1a870c10 .functor NOT 1, L_0x55ac1a870ba0, C4<0>, C4<0>, C4<0>;
L_0x55ac1a870d00 .functor AND 1, v0x55ac1a8707e0_0, v0x55ac1a8707e0_0, C4<1>, C4<1>;
L_0x55ac1a870d70 .functor NOT 1, L_0x55ac1a870d00, C4<0>, C4<0>, C4<0>;
L_0x55ac1a870ea0 .functor AND 1, L_0x55ac1a870d70, v0x55ac1a870880_0, C4<1>, C4<1>;
L_0x55ac1a870f60 .functor NOT 1, L_0x55ac1a870ea0, C4<0>, C4<0>, C4<0>;
L_0x55ac1a871070 .functor AND 1, L_0x55ac1a870c10, L_0x55ac1a870f60, C4<1>, C4<1>;
L_0x55ac1a871180 .functor NOT 1, L_0x55ac1a871070, C4<0>, C4<0>, C4<0>;
v0x55ac1a86f5c0_0 .net *"_ivl_0", 0 0, L_0x55ac1a870ac0;  1 drivers
v0x55ac1a86f6a0_0 .net *"_ivl_10", 0 0, L_0x55ac1a870d70;  1 drivers
v0x55ac1a86f780_0 .net *"_ivl_12", 0 0, L_0x55ac1a870ea0;  1 drivers
v0x55ac1a86f870_0 .net *"_ivl_14", 0 0, L_0x55ac1a870f60;  1 drivers
v0x55ac1a86f950_0 .net *"_ivl_16", 0 0, L_0x55ac1a871070;  1 drivers
v0x55ac1a86fa80_0 .net *"_ivl_2", 0 0, L_0x55ac1a870b30;  1 drivers
v0x55ac1a86fb60_0 .net *"_ivl_4", 0 0, L_0x55ac1a870ba0;  1 drivers
v0x55ac1a86fc40_0 .net *"_ivl_6", 0 0, L_0x55ac1a870c10;  1 drivers
v0x55ac1a86fd20_0 .net *"_ivl_8", 0 0, L_0x55ac1a870d00;  1 drivers
v0x55ac1a86fe00_0 .net "a", 0 0, v0x55ac1a8707e0_0;  alias, 1 drivers
v0x55ac1a86fea0_0 .net "b", 0 0, v0x55ac1a870880_0;  alias, 1 drivers
v0x55ac1a86ff70_0 .net "s", 0 0, L_0x55ac1a871180;  alias, 1 drivers
S_0x55ac1a870070 .scope module, "moduloC" "f06c" 2 44, 2 29 0, S_0x55ac1a856c80;
 .timescale 0 0;
    .port_info 0 /OUTPUT 1 "s";
    .port_info 1 /INPUT 1 "a";
    .port_info 2 /INPUT 1 "b";
L_0x55ac1a8712f0 .functor XOR 1, v0x55ac1a8707e0_0, v0x55ac1a870880_0, C4<0>, C4<0>;
v0x55ac1a870250_0 .net "a", 0 0, v0x55ac1a8707e0_0;  alias, 1 drivers
v0x55ac1a870360_0 .net "b", 0 0, v0x55ac1a870880_0;  alias, 1 drivers
v0x55ac1a870470_0 .net "s", 0 0, L_0x55ac1a8712f0;  alias, 1 drivers
    .scope S_0x55ac1a856c80;
T_0 ;
    %fork t_1, S_0x55ac1a856e10;
    %jmp t_0;
    .scope S_0x55ac1a856e10;
t_1 ;
    %vpi_call 2 48 "$display", "Guia_0506 - Davi C\303\242ndido - 857859" {0 0 0};
    %vpi_call 2 49 "$display", "Test module" {0 0 0};
    %vpi_call 2 50 "$display", "   x    y   xor  xor  ORI" {0 0 0};
    %vpi_call 2 52 "$monitor", "%4b %4b %4b %4b %4b", v0x55ac1a8707e0_0, v0x55ac1a870880_0, v0x55ac1a870570_0, v0x55ac1a870610_0, v0x55ac1a8706e0_0 {0 0 0};
    %pushi/vec4 0, 0, 1;
    %store/vec4 v0x55ac1a8707e0_0, 0, 1;
    %pushi/vec4 0, 0, 1;
    %store/vec4 v0x55ac1a870880_0, 0, 1;
    %delay 1, 0;
    %pushi/vec4 0, 0, 1;
    %store/vec4 v0x55ac1a8707e0_0, 0, 1;
    %pushi/vec4 1, 0, 1;
    %store/vec4 v0x55ac1a870880_0, 0, 1;
    %delay 1, 0;
    %pushi/vec4 1, 0, 1;
    %store/vec4 v0x55ac1a8707e0_0, 0, 1;
    %pushi/vec4 0, 0, 1;
    %store/vec4 v0x55ac1a870880_0, 0, 1;
    %delay 1, 0;
    %pushi/vec4 1, 0, 1;
    %store/vec4 v0x55ac1a8707e0_0, 0, 1;
    %pushi/vec4 1, 0, 1;
    %store/vec4 v0x55ac1a870880_0, 0, 1;
    %end;
    .scope S_0x55ac1a856c80;
t_0 %join;
    %end;
    .thread T_0;
# The file index is used to find the file name in the following table.
:file_names 3;
    "N/A";
    "<interactive>";
    "Guia_0506.v";
