#! /usr/bin/vvp
:ivl_version "11.0 (stable)";
:ivl_delay_selection "TYPICAL";
:vpi_time_precision + 0;
:vpi_module "/usr/lib/x86_64-linux-gnu/ivl/system.vpi";
:vpi_module "/usr/lib/x86_64-linux-gnu/ivl/vhdl_sys.vpi";
:vpi_module "/usr/lib/x86_64-linux-gnu/ivl/vhdl_textio.vpi";
:vpi_module "/usr/lib/x86_64-linux-gnu/ivl/v2005_math.vpi";
:vpi_module "/usr/lib/x86_64-linux-gnu/ivl/va_math.vpi";
S_0x55cfc9872a00 .scope module, "test_f7" "test_f7" 2 41;
 .timescale 0 0;
v0x55cfc9889a60_0 .net "Resf7", 0 0, L_0x55cfc9889fb0;  1 drivers
v0x55cfc9889b20_0 .net "ResfMux", 0 0, L_0x55cfc988a1f0;  1 drivers
v0x55cfc9889bf0_0 .var "sel", 0 0;
v0x55cfc9889d10_0 .var "x", 0 0;
v0x55cfc9889e00_0 .var "y", 0 0;
S_0x55cfc9872b90 .scope module, "MUX1" "mux" 2 50, 2 30 0, S_0x55cfc9872a00;
 .timescale 0 0;
    .port_info 0 /OUTPUT 1 "s";
    .port_info 1 /INPUT 1 "a";
    .port_info 2 /INPUT 1 "b";
    .port_info 3 /INPUT 1 "select";
L_0x55cfc988a180 .functor NAND 1, v0x55cfc9889d10_0, v0x55cfc9889e00_0, C4<1>, C4<1>;
L_0x55cfc988a1f0 .functor AND 1, L_0x55cfc988a180, v0x55cfc9889bf0_0, C4<1>, C4<1>;
v0x55cfc9872d70_0 .net "a", 0 0, v0x55cfc9889d10_0;  1 drivers
v0x55cfc9888d00_0 .net "b", 0 0, v0x55cfc9889e00_0;  1 drivers
v0x55cfc9888dc0_0 .net "nandAB", 0 0, L_0x55cfc988a180;  1 drivers
v0x55cfc9888e60_0 .net "s", 0 0, L_0x55cfc988a1f0;  alias, 1 drivers
v0x55cfc9888f20_0 .net "select", 0 0, v0x55cfc9889bf0_0;  1 drivers
S_0x55cfc98890b0 .scope begin, "main" "main" 2 54, 2 54 0, S_0x55cfc9872a00;
 .timescale 0 0;
S_0x55cfc98892b0 .scope module, "modulo" "f7" 2 49, 2 16 0, S_0x55cfc9872a00;
 .timescale 0 0;
    .port_info 0 /OUTPUT 1 "s";
    .port_info 1 /INPUT 1 "a";
    .port_info 2 /INPUT 1 "b";
    .port_info 3 /INPUT 1 "select";
L_0x55cfc9889f40 .functor AND 1, v0x55cfc9889d10_0, v0x55cfc9889e00_0, C4<1>, C4<1>;
L_0x55cfc9889fb0 .functor AND 1, L_0x55cfc9889f40, L_0x55cfc988a0c0, C4<1>, C4<1>;
L_0x55cfc988a0c0 .functor NOT 1, v0x55cfc9889bf0_0, C4<0>, C4<0>, C4<0>;
v0x55cfc9889530_0 .net *"_ivl_0", 0 0, L_0x55cfc988a0c0;  1 drivers
v0x55cfc98895f0_0 .net "a", 0 0, v0x55cfc9889d10_0;  alias, 1 drivers
v0x55cfc98896e0_0 .net "andAB", 0 0, L_0x55cfc9889f40;  1 drivers
v0x55cfc98897b0_0 .net "b", 0 0, v0x55cfc9889e00_0;  alias, 1 drivers
v0x55cfc9889880_0 .net "s", 0 0, L_0x55cfc9889fb0;  alias, 1 drivers
v0x55cfc9889970_0 .net "select", 0 0, v0x55cfc9889bf0_0;  alias, 1 drivers
    .scope S_0x55cfc9872a00;
T_0 ;
    %fork t_1, S_0x55cfc98890b0;
    %jmp t_0;
    .scope S_0x55cfc98890b0;
t_1 ;
    %vpi_call 2 55 "$display", "Guia_0701 - Davi C\303\242ndido de Almeida - 857859" {0 0 0};
    %vpi_call 2 56 "$display", "Test LU's module" {0 0 0};
    %vpi_call 2 57 "$display", "   x    y    s    nand and" {0 0 0};
    %delay 1, 0;
    %pushi/vec4 0, 0, 1;
    %store/vec4 v0x55cfc9889d10_0, 0, 1;
    %pushi/vec4 0, 0, 1;
    %store/vec4 v0x55cfc9889e00_0, 0, 1;
    %pushi/vec4 0, 0, 1;
    %store/vec4 v0x55cfc9889bf0_0, 0, 1;
    %delay 1, 0;
    %vpi_call 2 61 "$monitor", "%4b %4b %4b  %4b %4b", v0x55cfc9889d10_0, v0x55cfc9889e00_0, v0x55cfc9889bf0_0, v0x55cfc9889b20_0, v0x55cfc9889a60_0 {0 0 0};
    %delay 1, 0;
    %pushi/vec4 0, 0, 1;
    %store/vec4 v0x55cfc9889d10_0, 0, 1;
    %pushi/vec4 1, 0, 1;
    %store/vec4 v0x55cfc9889e00_0, 0, 1;
    %pushi/vec4 0, 0, 1;
    %store/vec4 v0x55cfc9889bf0_0, 0, 1;
    %delay 1, 0;
    %pushi/vec4 1, 0, 1;
    %store/vec4 v0x55cfc9889d10_0, 0, 1;
    %pushi/vec4 1, 0, 1;
    %store/vec4 v0x55cfc9889e00_0, 0, 1;
    %pushi/vec4 0, 0, 1;
    %store/vec4 v0x55cfc9889bf0_0, 0, 1;
    %delay 1, 0;
    %pushi/vec4 0, 0, 1;
    %store/vec4 v0x55cfc9889d10_0, 0, 1;
    %pushi/vec4 0, 0, 1;
    %store/vec4 v0x55cfc9889e00_0, 0, 1;
    %pushi/vec4 1, 0, 1;
    %store/vec4 v0x55cfc9889bf0_0, 0, 1;
    %delay 1, 0;
    %pushi/vec4 0, 0, 1;
    %store/vec4 v0x55cfc9889d10_0, 0, 1;
    %pushi/vec4 1, 0, 1;
    %store/vec4 v0x55cfc9889e00_0, 0, 1;
    %pushi/vec4 1, 0, 1;
    %store/vec4 v0x55cfc9889bf0_0, 0, 1;
    %delay 1, 0;
    %pushi/vec4 1, 0, 1;
    %store/vec4 v0x55cfc9889d10_0, 0, 1;
    %pushi/vec4 1, 0, 1;
    %store/vec4 v0x55cfc9889e00_0, 0, 1;
    %pushi/vec4 1, 0, 1;
    %store/vec4 v0x55cfc9889bf0_0, 0, 1;
    %end;
    .scope S_0x55cfc9872a00;
t_0 %join;
    %end;
    .thread T_0;
# The file index is used to find the file name in the following table.
:file_names 3;
    "N/A";
    "<interactive>";
    "Guia_0701.v";
