#! /usr/bin/vvp
:ivl_version "11.0 (stable)";
:ivl_delay_selection "TYPICAL";
:vpi_time_precision + 0;
:vpi_module "/usr/lib/x86_64-linux-gnu/ivl/system.vpi";
:vpi_module "/usr/lib/x86_64-linux-gnu/ivl/vhdl_sys.vpi";
:vpi_module "/usr/lib/x86_64-linux-gnu/ivl/vhdl_textio.vpi";
:vpi_module "/usr/lib/x86_64-linux-gnu/ivl/v2005_math.vpi";
:vpi_module "/usr/lib/x86_64-linux-gnu/ivl/va_math.vpi";
S_0x560f4c5af2e0 .scope module, "test_f7" "test_f7" 2 26;
 .timescale 0 0;
v0x560f4c5d7310_0 .net "Resf0706", 0 0, L_0x560f4c5d7bd0;  1 drivers
v0x560f4c5d73b0_0 .var "a1", 0 0;
v0x560f4c5d7480_0 .var "a2", 0 0;
v0x560f4c5d7580_0 .var "b1", 0 0;
v0x560f4c5d7650_0 .var "b2", 0 0;
v0x560f4c5d7740_0 .var "c1", 0 0;
v0x560f4c5d7810_0 .var "c2", 0 0;
S_0x560f4c5af470 .scope module, "f0706" "f0706" 2 39, 2 14 0, S_0x560f4c5af2e0;
 .timescale 0 0;
    .port_info 0 /OUTPUT 1 "s";
    .port_info 1 /INPUT 1 "a1";
    .port_info 2 /INPUT 1 "b1";
    .port_info 3 /INPUT 1 "c1";
    .port_info 4 /INPUT 1 "a2";
    .port_info 5 /INPUT 1 "b2";
    .port_info 6 /INPUT 1 "c2";
L_0x560f4c59b7b0 .functor XNOR 1, v0x560f4c5d73b0_0, v0x560f4c5d7480_0, C4<0>, C4<0>;
L_0x560f4c5d79b0 .functor XNOR 1, v0x560f4c5d7580_0, v0x560f4c5d7650_0, C4<0>, C4<0>;
L_0x560f4c5d7ac0 .functor XNOR 1, v0x560f4c5d7740_0, v0x560f4c5d7810_0, C4<0>, C4<0>;
L_0x560f4c5d7bd0 .functor AND 1, L_0x560f4c59b7b0, L_0x560f4c5d79b0, L_0x560f4c5d7ac0, C4<1>;
v0x560f4c5af700_0 .net "a1", 0 0, v0x560f4c5d73b0_0;  1 drivers
v0x560f4c5d6990_0 .net "a2", 0 0, v0x560f4c5d7480_0;  1 drivers
v0x560f4c5d6a50_0 .net "b1", 0 0, v0x560f4c5d7580_0;  1 drivers
v0x560f4c5d6af0_0 .net "b2", 0 0, v0x560f4c5d7650_0;  1 drivers
v0x560f4c5d6bb0_0 .net "c1", 0 0, v0x560f4c5d7740_0;  1 drivers
v0x560f4c5d6cc0_0 .net "c2", 0 0, v0x560f4c5d7810_0;  1 drivers
v0x560f4c5d6d80_0 .net "s", 0 0, L_0x560f4c5d7bd0;  alias, 1 drivers
v0x560f4c5d6e40_0 .net "xnor1", 0 0, L_0x560f4c59b7b0;  1 drivers
v0x560f4c5d6f00_0 .net "xnor2", 0 0, L_0x560f4c5d79b0;  1 drivers
v0x560f4c5d6fc0_0 .net "xnor3", 0 0, L_0x560f4c5d7ac0;  1 drivers
S_0x560f4c5d7160 .scope begin, "main" "main" 2 43, 2 43 0, S_0x560f4c5af2e0;
 .timescale 0 0;
    .scope S_0x560f4c5af2e0;
T_0 ;
    %fork t_1, S_0x560f4c5d7160;
    %jmp t_0;
    .scope S_0x560f4c5d7160;
t_1 ;
    %vpi_call 2 44 "$display", "Guia_0706 - Davi C\303\242ndido de Almeida - 857859" {0 0 0};
    %vpi_call 2 45 "$display", "  Compara\303\247\303\265es: 1-igual  0-diferente   " {0 0 0};
    %vpi_call 2 47 "$display", "   a1  b1  c1   a2  b2  c2     Result" {0 0 0};
    %pushi/vec4 0, 0, 1;
    %store/vec4 v0x560f4c5d73b0_0, 0, 1;
    %pushi/vec4 0, 0, 1;
    %store/vec4 v0x560f4c5d7580_0, 0, 1;
    %pushi/vec4 0, 0, 1;
    %store/vec4 v0x560f4c5d7740_0, 0, 1;
    %pushi/vec4 0, 0, 1;
    %store/vec4 v0x560f4c5d7480_0, 0, 1;
    %pushi/vec4 0, 0, 1;
    %store/vec4 v0x560f4c5d7650_0, 0, 1;
    %delay 1, 0;
    %pushi/vec4 0, 0, 1;
    %store/vec4 v0x560f4c5d7810_0, 0, 1;
    %delay 1, 0;
    %delay 1, 0;
    %vpi_call 2 51 "$monitor", "%4b%4b%4b %4b%4b%4b    %4b", v0x560f4c5d73b0_0, v0x560f4c5d7580_0, v0x560f4c5d7740_0, v0x560f4c5d7480_0, v0x560f4c5d7650_0, v0x560f4c5d7810_0, v0x560f4c5d7310_0 {0 0 0};
    %pushi/vec4 0, 0, 1;
    %store/vec4 v0x560f4c5d73b0_0, 0, 1;
    %pushi/vec4 0, 0, 1;
    %store/vec4 v0x560f4c5d7580_0, 0, 1;
    %pushi/vec4 0, 0, 1;
    %store/vec4 v0x560f4c5d7740_0, 0, 1;
    %pushi/vec4 0, 0, 1;
    %store/vec4 v0x560f4c5d7480_0, 0, 1;
    %pushi/vec4 0, 0, 1;
    %store/vec4 v0x560f4c5d7650_0, 0, 1;
    %delay 1, 0;
    %pushi/vec4 0, 0, 1;
    %store/vec4 v0x560f4c5d7810_0, 0, 1;
    %delay 1, 0;
    %pushi/vec4 0, 0, 1;
    %store/vec4 v0x560f4c5d73b0_0, 0, 1;
    %pushi/vec4 1, 0, 1;
    %store/vec4 v0x560f4c5d7580_0, 0, 1;
    %pushi/vec4 0, 0, 1;
    %store/vec4 v0x560f4c5d7740_0, 0, 1;
    %pushi/vec4 0, 0, 1;
    %store/vec4 v0x560f4c5d7480_0, 0, 1;
    %pushi/vec4 0, 0, 1;
    %store/vec4 v0x560f4c5d7650_0, 0, 1;
    %delay 1, 0;
    %pushi/vec4 0, 0, 1;
    %store/vec4 v0x560f4c5d7810_0, 0, 1;
    %delay 1, 0;
    %pushi/vec4 1, 0, 1;
    %store/vec4 v0x560f4c5d73b0_0, 0, 1;
    %pushi/vec4 0, 0, 1;
    %store/vec4 v0x560f4c5d7580_0, 0, 1;
    %pushi/vec4 0, 0, 1;
    %store/vec4 v0x560f4c5d7740_0, 0, 1;
    %pushi/vec4 0, 0, 1;
    %store/vec4 v0x560f4c5d7480_0, 0, 1;
    %pushi/vec4 0, 0, 1;
    %store/vec4 v0x560f4c5d7650_0, 0, 1;
    %delay 1, 0;
    %pushi/vec4 0, 0, 1;
    %store/vec4 v0x560f4c5d7810_0, 0, 1;
    %delay 1, 0;
    %pushi/vec4 1, 0, 1;
    %store/vec4 v0x560f4c5d73b0_0, 0, 1;
    %pushi/vec4 1, 0, 1;
    %store/vec4 v0x560f4c5d7580_0, 0, 1;
    %pushi/vec4 0, 0, 1;
    %store/vec4 v0x560f4c5d7740_0, 0, 1;
    %pushi/vec4 0, 0, 1;
    %store/vec4 v0x560f4c5d7480_0, 0, 1;
    %pushi/vec4 0, 0, 1;
    %store/vec4 v0x560f4c5d7650_0, 0, 1;
    %delay 1, 0;
    %pushi/vec4 0, 0, 1;
    %store/vec4 v0x560f4c5d7810_0, 0, 1;
    %delay 1, 0;
    %pushi/vec4 0, 0, 1;
    %store/vec4 v0x560f4c5d73b0_0, 0, 1;
    %pushi/vec4 0, 0, 1;
    %store/vec4 v0x560f4c5d7580_0, 0, 1;
    %pushi/vec4 0, 0, 1;
    %store/vec4 v0x560f4c5d7740_0, 0, 1;
    %pushi/vec4 1, 0, 1;
    %store/vec4 v0x560f4c5d7480_0, 0, 1;
    %pushi/vec4 0, 0, 1;
    %store/vec4 v0x560f4c5d7650_0, 0, 1;
    %delay 1, 0;
    %pushi/vec4 0, 0, 1;
    %store/vec4 v0x560f4c5d7810_0, 0, 1;
    %delay 1, 0;
    %pushi/vec4 0, 0, 1;
    %store/vec4 v0x560f4c5d73b0_0, 0, 1;
    %pushi/vec4 1, 0, 1;
    %store/vec4 v0x560f4c5d7580_0, 0, 1;
    %pushi/vec4 0, 0, 1;
    %store/vec4 v0x560f4c5d7740_0, 0, 1;
    %pushi/vec4 1, 0, 1;
    %store/vec4 v0x560f4c5d7480_0, 0, 1;
    %pushi/vec4 0, 0, 1;
    %store/vec4 v0x560f4c5d7650_0, 0, 1;
    %delay 1, 0;
    %pushi/vec4 0, 0, 1;
    %store/vec4 v0x560f4c5d7810_0, 0, 1;
    %delay 1, 0;
    %pushi/vec4 1, 0, 1;
    %store/vec4 v0x560f4c5d73b0_0, 0, 1;
    %pushi/vec4 0, 0, 1;
    %store/vec4 v0x560f4c5d7580_0, 0, 1;
    %pushi/vec4 0, 0, 1;
    %store/vec4 v0x560f4c5d7740_0, 0, 1;
    %pushi/vec4 1, 0, 1;
    %store/vec4 v0x560f4c5d7480_0, 0, 1;
    %pushi/vec4 0, 0, 1;
    %store/vec4 v0x560f4c5d7650_0, 0, 1;
    %delay 1, 0;
    %pushi/vec4 0, 0, 1;
    %store/vec4 v0x560f4c5d7810_0, 0, 1;
    %delay 1, 0;
    %pushi/vec4 1, 0, 1;
    %store/vec4 v0x560f4c5d73b0_0, 0, 1;
    %pushi/vec4 1, 0, 1;
    %store/vec4 v0x560f4c5d7580_0, 0, 1;
    %pushi/vec4 0, 0, 1;
    %store/vec4 v0x560f4c5d7740_0, 0, 1;
    %pushi/vec4 1, 0, 1;
    %store/vec4 v0x560f4c5d7480_0, 0, 1;
    %pushi/vec4 0, 0, 1;
    %store/vec4 v0x560f4c5d7650_0, 0, 1;
    %delay 1, 0;
    %pushi/vec4 0, 0, 1;
    %store/vec4 v0x560f4c5d7810_0, 0, 1;
    %delay 1, 0;
    %pushi/vec4 0, 0, 1;
    %store/vec4 v0x560f4c5d73b0_0, 0, 1;
    %pushi/vec4 0, 0, 1;
    %store/vec4 v0x560f4c5d7580_0, 0, 1;
    %pushi/vec4 0, 0, 1;
    %store/vec4 v0x560f4c5d7740_0, 0, 1;
    %pushi/vec4 0, 0, 1;
    %store/vec4 v0x560f4c5d7480_0, 0, 1;
    %pushi/vec4 1, 0, 1;
    %store/vec4 v0x560f4c5d7650_0, 0, 1;
    %delay 1, 0;
    %pushi/vec4 0, 0, 1;
    %store/vec4 v0x560f4c5d7810_0, 0, 1;
    %delay 1, 0;
    %pushi/vec4 0, 0, 1;
    %store/vec4 v0x560f4c5d73b0_0, 0, 1;
    %pushi/vec4 1, 0, 1;
    %store/vec4 v0x560f4c5d7580_0, 0, 1;
    %pushi/vec4 0, 0, 1;
    %store/vec4 v0x560f4c5d7740_0, 0, 1;
    %pushi/vec4 0, 0, 1;
    %store/vec4 v0x560f4c5d7480_0, 0, 1;
    %pushi/vec4 1, 0, 1;
    %store/vec4 v0x560f4c5d7650_0, 0, 1;
    %delay 1, 0;
    %pushi/vec4 0, 0, 1;
    %store/vec4 v0x560f4c5d7810_0, 0, 1;
    %delay 1, 0;
    %pushi/vec4 1, 0, 1;
    %store/vec4 v0x560f4c5d73b0_0, 0, 1;
    %pushi/vec4 0, 0, 1;
    %store/vec4 v0x560f4c5d7580_0, 0, 1;
    %pushi/vec4 0, 0, 1;
    %store/vec4 v0x560f4c5d7740_0, 0, 1;
    %pushi/vec4 0, 0, 1;
    %store/vec4 v0x560f4c5d7480_0, 0, 1;
    %pushi/vec4 1, 0, 1;
    %store/vec4 v0x560f4c5d7650_0, 0, 1;
    %delay 1, 0;
    %pushi/vec4 0, 0, 1;
    %store/vec4 v0x560f4c5d7810_0, 0, 1;
    %delay 1, 0;
    %pushi/vec4 1, 0, 1;
    %store/vec4 v0x560f4c5d73b0_0, 0, 1;
    %pushi/vec4 1, 0, 1;
    %store/vec4 v0x560f4c5d7580_0, 0, 1;
    %pushi/vec4 0, 0, 1;
    %store/vec4 v0x560f4c5d7740_0, 0, 1;
    %pushi/vec4 0, 0, 1;
    %store/vec4 v0x560f4c5d7480_0, 0, 1;
    %pushi/vec4 1, 0, 1;
    %store/vec4 v0x560f4c5d7650_0, 0, 1;
    %delay 1, 0;
    %pushi/vec4 0, 0, 1;
    %store/vec4 v0x560f4c5d7810_0, 0, 1;
    %delay 1, 0;
    %pushi/vec4 0, 0, 1;
    %store/vec4 v0x560f4c5d73b0_0, 0, 1;
    %pushi/vec4 0, 0, 1;
    %store/vec4 v0x560f4c5d7580_0, 0, 1;
    %pushi/vec4 0, 0, 1;
    %store/vec4 v0x560f4c5d7740_0, 0, 1;
    %pushi/vec4 1, 0, 1;
    %store/vec4 v0x560f4c5d7480_0, 0, 1;
    %pushi/vec4 1, 0, 1;
    %store/vec4 v0x560f4c5d7650_0, 0, 1;
    %delay 1, 0;
    %pushi/vec4 0, 0, 1;
    %store/vec4 v0x560f4c5d7810_0, 0, 1;
    %delay 1, 0;
    %pushi/vec4 0, 0, 1;
    %store/vec4 v0x560f4c5d73b0_0, 0, 1;
    %pushi/vec4 1, 0, 1;
    %store/vec4 v0x560f4c5d7580_0, 0, 1;
    %pushi/vec4 0, 0, 1;
    %store/vec4 v0x560f4c5d7740_0, 0, 1;
    %pushi/vec4 1, 0, 1;
    %store/vec4 v0x560f4c5d7480_0, 0, 1;
    %pushi/vec4 1, 0, 1;
    %store/vec4 v0x560f4c5d7650_0, 0, 1;
    %delay 1, 0;
    %pushi/vec4 0, 0, 1;
    %store/vec4 v0x560f4c5d7810_0, 0, 1;
    %delay 1, 0;
    %pushi/vec4 1, 0, 1;
    %store/vec4 v0x560f4c5d73b0_0, 0, 1;
    %pushi/vec4 0, 0, 1;
    %store/vec4 v0x560f4c5d7580_0, 0, 1;
    %pushi/vec4 0, 0, 1;
    %store/vec4 v0x560f4c5d7740_0, 0, 1;
    %pushi/vec4 1, 0, 1;
    %store/vec4 v0x560f4c5d7480_0, 0, 1;
    %pushi/vec4 1, 0, 1;
    %store/vec4 v0x560f4c5d7650_0, 0, 1;
    %delay 1, 0;
    %pushi/vec4 0, 0, 1;
    %store/vec4 v0x560f4c5d7810_0, 0, 1;
    %delay 1, 0;
    %pushi/vec4 1, 0, 1;
    %store/vec4 v0x560f4c5d73b0_0, 0, 1;
    %pushi/vec4 1, 0, 1;
    %store/vec4 v0x560f4c5d7580_0, 0, 1;
    %pushi/vec4 0, 0, 1;
    %store/vec4 v0x560f4c5d7740_0, 0, 1;
    %pushi/vec4 1, 0, 1;
    %store/vec4 v0x560f4c5d7480_0, 0, 1;
    %pushi/vec4 1, 0, 1;
    %store/vec4 v0x560f4c5d7650_0, 0, 1;
    %delay 1, 0;
    %pushi/vec4 0, 0, 1;
    %store/vec4 v0x560f4c5d7810_0, 0, 1;
    %delay 1, 0;
    %end;
    .scope S_0x560f4c5af2e0;
t_0 %join;
    %end;
    .thread T_0;
# The file index is used to find the file name in the following table.
:file_names 3;
    "N/A";
    "<interactive>";
    "Guia_0706.v";
