#! /usr/bin/vvp
:ivl_version "11.0 (stable)";
:ivl_delay_selection "TYPICAL";
:vpi_time_precision + 0;
:vpi_module "/usr/lib/x86_64-linux-gnu/ivl/system.vpi";
:vpi_module "/usr/lib/x86_64-linux-gnu/ivl/vhdl_sys.vpi";
:vpi_module "/usr/lib/x86_64-linux-gnu/ivl/vhdl_textio.vpi";
:vpi_module "/usr/lib/x86_64-linux-gnu/ivl/v2005_math.vpi";
:vpi_module "/usr/lib/x86_64-linux-gnu/ivl/va_math.vpi";
S_0x5602cb18d320 .scope module, "test_f7" "test_f7" 2 34;
 .timescale 0 0;
v0x5602cb1c0870_0 .net "Resf0704", 0 0, L_0x5602cb1c1740;  1 drivers
v0x5602cb1c0910_0 .var "sel_1", 0 0;
v0x5602cb1c09e0_0 .var "sel_2", 0 0;
v0x5602cb1c0ae0_0 .var "x", 0 0;
v0x5602cb1c0bb0_0 .var "y", 0 0;
S_0x5602cb19f7f0 .scope module, "f0704" "f0704" 2 43, 2 14 0, S_0x5602cb18d320;
 .timescale 0 0;
    .port_info 0 /OUTPUT 1 "s";
    .port_info 1 /INPUT 1 "a";
    .port_info 2 /INPUT 1 "b";
    .port_info 3 /INPUT 1 "sel_1";
    .port_info 4 /INPUT 1 "sel_2";
L_0x5602cb18c170 .functor XOR 1, v0x5602cb1c0ae0_0, v0x5602cb1c0bb0_0, C4<0>, C4<0>;
L_0x5602cb18c290 .functor AND 1, L_0x5602cb18c170, v0x5602cb1c0910_0, L_0x5602cb1c0e10, C4<1>;
L_0x5602cb1c0e10 .functor NOT 1, v0x5602cb1c09e0_0, C4<0>, C4<0>, C4<0>;
L_0x5602cb1c0f20 .functor NOR 1, v0x5602cb1c0ae0_0, v0x5602cb1c0bb0_0, C4<0>, C4<0>;
L_0x5602cb1c0fc0 .functor AND 1, L_0x5602cb1c0f20, L_0x5602cb1c10b0, L_0x5602cb1c11b0, C4<1>;
L_0x5602cb1c10b0 .functor NOT 1, v0x5602cb1c0910_0, C4<0>, C4<0>, C4<0>;
L_0x5602cb1c11b0 .functor NOT 1, v0x5602cb1c09e0_0, C4<0>, C4<0>, C4<0>;
L_0x5602cb1c1270 .functor OR 1, v0x5602cb1c0ae0_0, v0x5602cb1c0bb0_0, C4<0>, C4<0>;
L_0x5602cb1c1330 .functor AND 1, L_0x5602cb1c1270, L_0x5602cb1c1430, v0x5602cb1c09e0_0, C4<1>;
L_0x5602cb1c1430 .functor NOT 1, v0x5602cb1c0910_0, C4<0>, C4<0>, C4<0>;
L_0x5602cb1c1590 .functor XNOR 1, v0x5602cb1c0ae0_0, v0x5602cb1c0bb0_0, C4<0>, C4<0>;
L_0x5602cb1c1600 .functor AND 1, L_0x5602cb1c1590, v0x5602cb1c0910_0, v0x5602cb1c09e0_0, C4<1>;
L_0x5602cb1c1740 .functor OR 1, L_0x5602cb18c290, L_0x5602cb1c0fc0, L_0x5602cb1c1330, L_0x5602cb1c1600;
v0x5602cb19f9d0_0 .net *"_ivl_0", 0 0, L_0x5602cb1c0e10;  1 drivers
v0x5602cb1bf960_0 .net *"_ivl_2", 0 0, L_0x5602cb1c10b0;  1 drivers
v0x5602cb1bfa40_0 .net *"_ivl_4", 0 0, L_0x5602cb1c11b0;  1 drivers
v0x5602cb1bfb30_0 .net *"_ivl_6", 0 0, L_0x5602cb1c1430;  1 drivers
v0x5602cb1bfc10_0 .net "a", 0 0, v0x5602cb1c0ae0_0;  1 drivers
v0x5602cb1bfd20_0 .net "and1", 0 0, L_0x5602cb18c290;  1 drivers
v0x5602cb1bfde0_0 .net "and2", 0 0, L_0x5602cb1c0fc0;  1 drivers
v0x5602cb1bfea0_0 .net "and3", 0 0, L_0x5602cb1c1330;  1 drivers
v0x5602cb1bff60_0 .net "and4", 0 0, L_0x5602cb1c1600;  1 drivers
v0x5602cb1c0020_0 .net "b", 0 0, v0x5602cb1c0bb0_0;  1 drivers
v0x5602cb1c00e0_0 .net "nor1", 0 0, L_0x5602cb1c0f20;  1 drivers
v0x5602cb1c01a0_0 .net "or1", 0 0, L_0x5602cb1c1270;  1 drivers
v0x5602cb1c0260_0 .net "s", 0 0, L_0x5602cb1c1740;  alias, 1 drivers
v0x5602cb1c0320_0 .net "sel_1", 0 0, v0x5602cb1c0910_0;  1 drivers
v0x5602cb1c03e0_0 .net "sel_2", 0 0, v0x5602cb1c09e0_0;  1 drivers
v0x5602cb1c04a0_0 .net "xnor1", 0 0, L_0x5602cb1c1590;  1 drivers
v0x5602cb1c0560_0 .net "xor1", 0 0, L_0x5602cb18c170;  1 drivers
S_0x5602cb1c06c0 .scope begin, "main" "main" 2 47, 2 47 0, S_0x5602cb18d320;
 .timescale 0 0;
    .scope S_0x5602cb18d320;
T_0 ;
    %fork t_1, S_0x5602cb1c06c0;
    %jmp t_0;
    .scope S_0x5602cb1c06c0;
t_1 ;
    %vpi_call 2 48 "$display", "Guia_0704 - Davi C\303\242ndido de Almeida - 857859" {0 0 0};
    %vpi_call 2 50 "$display", "   x    y     00-NOR 01-OR 10-XOR 11-XNOR    NOR/OR/XOR/XNOR" {0 0 0};
    %delay 1, 0;
    %pushi/vec4 0, 0, 1;
    %store/vec4 v0x5602cb1c0ae0_0, 0, 1;
    %pushi/vec4 0, 0, 1;
    %store/vec4 v0x5602cb1c0bb0_0, 0, 1;
    %pushi/vec4 0, 0, 1;
    %store/vec4 v0x5602cb1c0910_0, 0, 1;
    %pushi/vec4 0, 0, 1;
    %store/vec4 v0x5602cb1c09e0_0, 0, 1;
    %delay 1, 0;
    %vpi_call 2 54 "$monitor", "%4b %4b\011\011\011\011 %4b%4b \011\011\011\011%4b", v0x5602cb1c0ae0_0, v0x5602cb1c0bb0_0, v0x5602cb1c0910_0, v0x5602cb1c09e0_0, v0x5602cb1c0870_0 {0 0 0};
    %delay 1, 0;
    %pushi/vec4 0, 0, 1;
    %store/vec4 v0x5602cb1c0ae0_0, 0, 1;
    %pushi/vec4 0, 0, 1;
    %store/vec4 v0x5602cb1c0bb0_0, 0, 1;
    %pushi/vec4 0, 0, 1;
    %store/vec4 v0x5602cb1c0910_0, 0, 1;
    %pushi/vec4 1, 0, 1;
    %store/vec4 v0x5602cb1c09e0_0, 0, 1;
    %delay 1, 0;
    %pushi/vec4 0, 0, 1;
    %store/vec4 v0x5602cb1c0ae0_0, 0, 1;
    %pushi/vec4 0, 0, 1;
    %store/vec4 v0x5602cb1c0bb0_0, 0, 1;
    %pushi/vec4 1, 0, 1;
    %store/vec4 v0x5602cb1c0910_0, 0, 1;
    %pushi/vec4 0, 0, 1;
    %store/vec4 v0x5602cb1c09e0_0, 0, 1;
    %delay 1, 0;
    %pushi/vec4 0, 0, 1;
    %store/vec4 v0x5602cb1c0ae0_0, 0, 1;
    %pushi/vec4 0, 0, 1;
    %store/vec4 v0x5602cb1c0bb0_0, 0, 1;
    %pushi/vec4 1, 0, 1;
    %store/vec4 v0x5602cb1c0910_0, 0, 1;
    %pushi/vec4 1, 0, 1;
    %store/vec4 v0x5602cb1c09e0_0, 0, 1;
    %delay 1, 0;
    %pushi/vec4 0, 0, 1;
    %store/vec4 v0x5602cb1c0ae0_0, 0, 1;
    %pushi/vec4 1, 0, 1;
    %store/vec4 v0x5602cb1c0bb0_0, 0, 1;
    %pushi/vec4 0, 0, 1;
    %store/vec4 v0x5602cb1c0910_0, 0, 1;
    %pushi/vec4 0, 0, 1;
    %store/vec4 v0x5602cb1c09e0_0, 0, 1;
    %delay 1, 0;
    %pushi/vec4 0, 0, 1;
    %store/vec4 v0x5602cb1c0ae0_0, 0, 1;
    %pushi/vec4 1, 0, 1;
    %store/vec4 v0x5602cb1c0bb0_0, 0, 1;
    %pushi/vec4 0, 0, 1;
    %store/vec4 v0x5602cb1c0910_0, 0, 1;
    %pushi/vec4 1, 0, 1;
    %store/vec4 v0x5602cb1c09e0_0, 0, 1;
    %delay 1, 0;
    %pushi/vec4 0, 0, 1;
    %store/vec4 v0x5602cb1c0ae0_0, 0, 1;
    %pushi/vec4 1, 0, 1;
    %store/vec4 v0x5602cb1c0bb0_0, 0, 1;
    %pushi/vec4 1, 0, 1;
    %store/vec4 v0x5602cb1c0910_0, 0, 1;
    %pushi/vec4 0, 0, 1;
    %store/vec4 v0x5602cb1c09e0_0, 0, 1;
    %delay 1, 0;
    %pushi/vec4 0, 0, 1;
    %store/vec4 v0x5602cb1c0ae0_0, 0, 1;
    %pushi/vec4 1, 0, 1;
    %store/vec4 v0x5602cb1c0bb0_0, 0, 1;
    %pushi/vec4 1, 0, 1;
    %store/vec4 v0x5602cb1c0910_0, 0, 1;
    %pushi/vec4 1, 0, 1;
    %store/vec4 v0x5602cb1c09e0_0, 0, 1;
    %delay 1, 0;
    %pushi/vec4 1, 0, 1;
    %store/vec4 v0x5602cb1c0ae0_0, 0, 1;
    %pushi/vec4 0, 0, 1;
    %store/vec4 v0x5602cb1c0bb0_0, 0, 1;
    %pushi/vec4 0, 0, 1;
    %store/vec4 v0x5602cb1c0910_0, 0, 1;
    %pushi/vec4 0, 0, 1;
    %store/vec4 v0x5602cb1c09e0_0, 0, 1;
    %delay 1, 0;
    %pushi/vec4 1, 0, 1;
    %store/vec4 v0x5602cb1c0ae0_0, 0, 1;
    %pushi/vec4 0, 0, 1;
    %store/vec4 v0x5602cb1c0bb0_0, 0, 1;
    %pushi/vec4 0, 0, 1;
    %store/vec4 v0x5602cb1c0910_0, 0, 1;
    %pushi/vec4 1, 0, 1;
    %store/vec4 v0x5602cb1c09e0_0, 0, 1;
    %delay 1, 0;
    %pushi/vec4 1, 0, 1;
    %store/vec4 v0x5602cb1c0ae0_0, 0, 1;
    %pushi/vec4 0, 0, 1;
    %store/vec4 v0x5602cb1c0bb0_0, 0, 1;
    %pushi/vec4 1, 0, 1;
    %store/vec4 v0x5602cb1c0910_0, 0, 1;
    %pushi/vec4 0, 0, 1;
    %store/vec4 v0x5602cb1c09e0_0, 0, 1;
    %delay 1, 0;
    %pushi/vec4 1, 0, 1;
    %store/vec4 v0x5602cb1c0ae0_0, 0, 1;
    %pushi/vec4 0, 0, 1;
    %store/vec4 v0x5602cb1c0bb0_0, 0, 1;
    %pushi/vec4 1, 0, 1;
    %store/vec4 v0x5602cb1c0910_0, 0, 1;
    %pushi/vec4 1, 0, 1;
    %store/vec4 v0x5602cb1c09e0_0, 0, 1;
    %delay 1, 0;
    %pushi/vec4 1, 0, 1;
    %store/vec4 v0x5602cb1c0ae0_0, 0, 1;
    %pushi/vec4 1, 0, 1;
    %store/vec4 v0x5602cb1c0bb0_0, 0, 1;
    %pushi/vec4 0, 0, 1;
    %store/vec4 v0x5602cb1c0910_0, 0, 1;
    %pushi/vec4 0, 0, 1;
    %store/vec4 v0x5602cb1c09e0_0, 0, 1;
    %delay 1, 0;
    %pushi/vec4 1, 0, 1;
    %store/vec4 v0x5602cb1c0ae0_0, 0, 1;
    %pushi/vec4 1, 0, 1;
    %store/vec4 v0x5602cb1c0bb0_0, 0, 1;
    %pushi/vec4 0, 0, 1;
    %store/vec4 v0x5602cb1c0910_0, 0, 1;
    %pushi/vec4 1, 0, 1;
    %store/vec4 v0x5602cb1c09e0_0, 0, 1;
    %delay 1, 0;
    %pushi/vec4 1, 0, 1;
    %store/vec4 v0x5602cb1c0ae0_0, 0, 1;
    %pushi/vec4 1, 0, 1;
    %store/vec4 v0x5602cb1c0bb0_0, 0, 1;
    %pushi/vec4 1, 0, 1;
    %store/vec4 v0x5602cb1c0910_0, 0, 1;
    %pushi/vec4 0, 0, 1;
    %store/vec4 v0x5602cb1c09e0_0, 0, 1;
    %delay 1, 0;
    %pushi/vec4 1, 0, 1;
    %store/vec4 v0x5602cb1c0ae0_0, 0, 1;
    %pushi/vec4 1, 0, 1;
    %store/vec4 v0x5602cb1c0bb0_0, 0, 1;
    %pushi/vec4 1, 0, 1;
    %store/vec4 v0x5602cb1c0910_0, 0, 1;
    %pushi/vec4 1, 0, 1;
    %store/vec4 v0x5602cb1c09e0_0, 0, 1;
    %end;
    .scope S_0x5602cb18d320;
t_0 %join;
    %end;
    .thread T_0;
# The file index is used to find the file name in the following table.
:file_names 3;
    "N/A";
    "<interactive>";
    "Guia_0704.v";
