#! /c/Source/iverilog-install/bin/vvp
:ivl_version "12.0 (devel)" "(s20150603-1539-g2693dd32b)";
:ivl_delay_selection "TYPICAL";
:vpi_time_precision + 0;
:vpi_module "C:\2024-2~1\ICARUS~1\lib\ivl\system.vpi";
:vpi_module "C:\2024-2~1\ICARUS~1\lib\ivl\vhdl_sys.vpi";
:vpi_module "C:\2024-2~1\ICARUS~1\lib\ivl\vhdl_textio.vpi";
:vpi_module "C:\2024-2~1\ICARUS~1\lib\ivl\v2005_math.vpi";
:vpi_module "C:\2024-2~1\ICARUS~1\lib\ivl\va_math.vpi";
S_000001b36eed85e0 .scope module, "Guia_0203" "Guia_0203" 2 12;
 .timescale 0 0;
v000001b36eed9b60_0 .var "b", 7 0;
v000001b36efd7920_0 .var/real "x", 0 0;
S_000001b36eed99d0 .scope begin, "main" "main" 2 18, 2 18 0, S_000001b36eed85e0;
 .timescale 0 0;
    .scope S_000001b36eed85e0;
T_0 ;
    %pushi/real 2118123520, 4075; load=1010.00
    %store/real v000001b36efd7920_0;
    %pushi/vec4 144, 0, 8;
    %store/vec4 v000001b36eed9b60_0, 0, 8;
    %end;
    .thread T_0;
    .scope S_000001b36eed85e0;
T_1 ;
    %fork t_1, S_000001b36eed99d0;
    %jmp t_0;
    .scope S_000001b36eed99d0;
t_1 ;
    %vpi_call 2 19 "$display", "Guia_0203 - Tests" {0 0 0};
    %vpi_call 2 20 "$display", "x = %f", v000001b36efd7920_0 {0 0 0};
    %vpi_call 2 21 "$display", "b = 0.%8b", v000001b36eed9b60_0 {0 0 0};
    %vpi_call 2 22 "$display", "b = d.%x%x (16)", &PV<v000001b36eed9b60_0, 4, 4>, &PV<v000001b36eed9b60_0, 0, 4> {0 0 0};
    %vpi_call 2 23 "$display", "b = 0.%o%o%o (8) ", &PV<v000001b36eed9b60_0, 5, 3>, &PV<v000001b36eed9b60_0, 2, 3>, &PV<v000001b36eed9b60_0, 0, 2> {0 0 0};
    %vpi_call 2 26 "$display", "b = 0.%d%d%d%d (4) ", &PV<v000001b36eed9b60_0, 6, 2>, &PV<v000001b36eed9b60_0, 4, 2>, &PV<v000001b36eed9b60_0, 2, 2>, &PV<v000001b36eed9b60_0, 0, 2> {0 0 0};
    %end;
    .scope S_000001b36eed85e0;
t_0 %join;
    %end;
    .thread T_1;
# The file index is used to find the file name in the following table.
:file_names 3;
    "N/A";
    "<interactive>";
    "Guia_0203.v";
