#! /c/Source/iverilog-install/bin/vvp
:ivl_version "12.0 (devel)" "(s20150603-1539-g2693dd32b)";
:ivl_delay_selection "TYPICAL";
:vpi_time_precision + 0;
:vpi_module "C:\2024-2~1\ICARUS~1\lib\ivl\system.vpi";
:vpi_module "C:\2024-2~1\ICARUS~1\lib\ivl\vhdl_sys.vpi";
:vpi_module "C:\2024-2~1\ICARUS~1\lib\ivl\vhdl_textio.vpi";
:vpi_module "C:\2024-2~1\ICARUS~1\lib\ivl\v2005_math.vpi";
:vpi_module "C:\2024-2~1\ICARUS~1\lib\ivl\va_math.vpi";
S_00000214d65dac40 .scope module, "Guia_0204" "Guia_0204" 2 12;
 .timescale 0 0;
v00000214d65dadd0_0 .var "b", 11 0;
v00000214d65f3120 .array/i "q", 0 5, 31 0;
v00000214d65d9d70_0 .var/real "x", 0 0;
S_00000214d6615c10 .scope begin, "main" "main" 2 19, 2 19 0, S_00000214d65dac40;
 .timescale 0 0;
    .scope S_00000214d65dac40;
T_0 ;
    %pushi/real 0, 4065; load=0.00000
    %store/real v00000214d65d9d70_0;
    %pushi/vec4 2654, 0, 12;
    %store/vec4 v00000214d65dadd0_0, 0, 12;
    %end;
    .thread T_0;
    .scope S_00000214d65dac40;
T_1 ;
    %fork t_1, S_00000214d6615c10;
    %jmp t_0;
    .scope S_00000214d6615c10;
t_1 ;
    %vpi_call 2 20 "$display", "Guia_0204 - Tests" {0 0 0};
    %vpi_call 2 21 "$display", "x = %f", v00000214d65d9d70_0 {0 0 0};
    %vpi_call 2 22 "$display", "b = 0.%8b", v00000214d65dadd0_0 {0 0 0};
    %vpi_call 2 23 "$display", "b = 0.%x%x%x  (16)", &PV<v00000214d65dadd0_0, 8, 4>, &PV<v00000214d65dadd0_0, 4, 4>, &PV<v00000214d65dadd0_0, 0, 4> {0 0 0};
    %load/vec4 v00000214d65dadd0_0;
    %parti/s 2, 10, 5;
    %pad/u 32;
    %ix/load 4, 5, 0;
    %flag_set/imm 4, 0;
    %store/vec4a v00000214d65f3120, 4, 0;
    %load/vec4 v00000214d65dadd0_0;
    %parti/s 2, 8, 5;
    %pad/u 32;
    %ix/load 4, 4, 0;
    %flag_set/imm 4, 0;
    %store/vec4a v00000214d65f3120, 4, 0;
    %load/vec4 v00000214d65dadd0_0;
    %parti/s 2, 6, 4;
    %pad/u 32;
    %ix/load 4, 3, 0;
    %flag_set/imm 4, 0;
    %store/vec4a v00000214d65f3120, 4, 0;
    %load/vec4 v00000214d65dadd0_0;
    %parti/s 2, 4, 4;
    %pad/u 32;
    %ix/load 4, 2, 0;
    %flag_set/imm 4, 0;
    %store/vec4a v00000214d65f3120, 4, 0;
    %load/vec4 v00000214d65dadd0_0;
    %parti/s 2, 2, 3;
    %pad/u 32;
    %ix/load 4, 1, 0;
    %flag_set/imm 4, 0;
    %store/vec4a v00000214d65f3120, 4, 0;
    %load/vec4 v00000214d65dadd0_0;
    %parti/s 2, 0, 2;
    %pad/u 32;
    %ix/load 4, 0, 0;
    %flag_set/imm 4, 0;
    %store/vec4a v00000214d65f3120, 4, 0;
    %vpi_call 2 30 "$display", "b = 0.%2b %2b %2b %2b %2b %2b (2)", &PV<v00000214d65dadd0_0, 10, 2>, &PV<v00000214d65dadd0_0, 8, 2>, &PV<v00000214d65dadd0_0, 6, 2>, &PV<v00000214d65dadd0_0, 4, 2>, &PV<v00000214d65dadd0_0, 2, 2>, &PV<v00000214d65dadd0_0, 0, 2> {0 0 0};
    %vpi_call 2 31 "$display", "q = 0.%2d %2d %2d %2d %2d %2d (4)", &A<v00000214d65f3120, 5>, &A<v00000214d65f3120, 4>, &A<v00000214d65f3120, 3>, &A<v00000214d65f3120, 2>, &A<v00000214d65f3120, 1>, &A<v00000214d65f3120, 0> {0 0 0};
    %end;
    .scope S_00000214d65dac40;
t_0 %join;
    %end;
    .thread T_1;
# The file index is used to find the file name in the following table.
:file_names 3;
    "N/A";
    "<interactive>";
    "Guia_0204.v";
