#! /usr/bin/vvp
:ivl_version "11.0 (stable)";
:ivl_delay_selection "TYPICAL";
:vpi_time_precision + 0;
:vpi_module "/usr/lib/x86_64-linux-gnu/ivl/system.vpi";
:vpi_module "/usr/lib/x86_64-linux-gnu/ivl/vhdl_sys.vpi";
:vpi_module "/usr/lib/x86_64-linux-gnu/ivl/vhdl_textio.vpi";
:vpi_module "/usr/lib/x86_64-linux-gnu/ivl/v2005_math.vpi";
:vpi_module "/usr/lib/x86_64-linux-gnu/ivl/va_math.vpi";
S_0x55c9514b21b0 .scope module, "R02a_Tc" "R02a_Tc" 2 26;
 .timescale 0 0;
v0x55c9514dbea0_0 .var "a", 0 0;
v0x55c9514dbf90_0 .var "b", 0 0;
v0x55c9514dc060_0 .var "c", 0 0;
v0x55c9514dc160_0 .var "clk", 0 0;
v0x55c9514dc200_0 .var "d", 0 0;
v0x55c9514dc2f0_0 .var/i "m", 31 0;
v0x55c9514dc390_0 .net "out", 0 0, v0x55c9514db1e0_0;  1 drivers
S_0x55c9514b2340 .scope module, "tc" "SimplificacaoTc" 2 32, 2 16 0, S_0x55c9514b21b0;
 .timescale 0 0;
    .port_info 0 /OUTPUT 1 "Qa";
    .port_info 1 /INPUT 1 "clk";
    .port_info 2 /INPUT 1 "a";
    .port_info 3 /INPUT 1 "b";
    .port_info 4 /INPUT 1 "c";
    .port_info 5 /INPUT 1 "d";
L_0x55c9514a12f0 .functor NOT 1, v0x55c9514dc060_0, C4<0>, C4<0>, C4<0>;
L_0x55c9514dc4d0 .functor AND 1, L_0x55c9514a12f0, v0x55c9514dc200_0, C4<1>, C4<1>;
L_0x55c9514dc5e0 .functor AND 1, v0x55c9514dbea0_0, v0x55c9514dbf90_0, C4<1>, C4<1>;
L_0x55c9514dc6f0 .functor AND 1, L_0x55c9514dc5e0, v0x55c9514dc200_0, C4<1>, C4<1>;
L_0x55c9514dc7e0 .functor OR 1, L_0x55c9514dc4d0, L_0x55c9514dc6f0, C4<0>, C4<0>;
v0x55c9514db4e0_0 .net "QNot_a", 0 0, v0x55c9514db2a0_0;  1 drivers
v0x55c9514db5a0_0 .net "Qa", 0 0, v0x55c9514db1e0_0;  alias, 1 drivers
v0x55c9514db640_0 .net *"_ivl_0", 0 0, L_0x55c9514a12f0;  1 drivers
v0x55c9514db6e0_0 .net *"_ivl_2", 0 0, L_0x55c9514dc4d0;  1 drivers
v0x55c9514db7a0_0 .net *"_ivl_4", 0 0, L_0x55c9514dc5e0;  1 drivers
v0x55c9514db8d0_0 .net *"_ivl_6", 0 0, L_0x55c9514dc6f0;  1 drivers
v0x55c9514db9b0_0 .net "a", 0 0, v0x55c9514dbea0_0;  1 drivers
v0x55c9514dba70_0 .net "b", 0 0, v0x55c9514dbf90_0;  1 drivers
v0x55c9514dbb30_0 .net "c", 0 0, v0x55c9514dc060_0;  1 drivers
v0x55c9514dbbf0_0 .net "clk", 0 0, v0x55c9514dc160_0;  1 drivers
v0x55c9514dbc90_0 .net "d", 0 0, v0x55c9514dc200_0;  1 drivers
v0x55c9514dbd30_0 .net "simp", 0 0, L_0x55c9514dc7e0;  1 drivers
S_0x55c951476cf0 .scope module, "Flip_Flop_Tc" "tff" 2 22, 3 12 0, S_0x55c9514b2340;
 .timescale 0 0;
    .port_info 0 /OUTPUT 1 "q";
    .port_info 1 /OUTPUT 1 "qnot";
    .port_info 2 /INPUT 1 "t";
    .port_info 3 /INPUT 1 "clk";
    .port_info 4 /INPUT 1 "preset";
    .port_info 5 /INPUT 1 "clear";
L_0x7f3425fb0018 .functor BUFT 1, C4<0>, C4<0>, C4<0>, C4<0>;
L_0x55c9514dc940 .functor NOT 1, L_0x7f3425fb0018, C4<0>, C4<0>, C4<0>;
L_0x7f3425fb0060 .functor BUFT 1, C4<0>, C4<0>, C4<0>, C4<0>;
L_0x55c9514dc9b0 .functor NOT 1, L_0x7f3425fb0060, C4<0>, C4<0>, C4<0>;
v0x55c951476f70_0 .net *"_ivl_2", 0 0, L_0x55c9514dc940;  1 drivers
v0x55c9514dae90_0 .net *"_ivl_5", 0 0, L_0x55c9514dc9b0;  1 drivers
v0x55c9514daf70_0 .net "clear", 0 0, L_0x7f3425fb0060;  1 drivers
v0x55c9514db010_0 .net "clk", 0 0, v0x55c9514dc160_0;  alias, 1 drivers
v0x55c9514db0d0_0 .net "preset", 0 0, L_0x7f3425fb0018;  1 drivers
v0x55c9514db1e0_0 .var "q", 0 0;
v0x55c9514db2a0_0 .var "qnot", 0 0;
v0x55c9514db360_0 .net "t", 0 0, L_0x55c9514dc7e0;  alias, 1 drivers
E_0x55c9514b5650/0 .event edge, L_0x55c9514dc9b0, L_0x55c9514dc940;
E_0x55c9514b5650/1 .event posedge, v0x55c9514db010_0;
E_0x55c9514b5650 .event/or E_0x55c9514b5650/0, E_0x55c9514b5650/1;
    .scope S_0x55c951476cf0;
T_0 ;
    %wait E_0x55c9514b5650;
    %load/vec4 v0x55c9514daf70_0;
    %inv;
    %flag_set/vec4 8;
    %jmp/0xz  T_0.0, 8;
    %pushi/vec4 0, 0, 1;
    %assign/vec4 v0x55c9514db1e0_0, 0;
    %pushi/vec4 1, 0, 1;
    %assign/vec4 v0x55c9514db2a0_0, 0;
    %jmp T_0.1;
T_0.0 ;
    %load/vec4 v0x55c9514db0d0_0;
    %inv;
    %flag_set/vec4 8;
    %jmp/0xz  T_0.2, 8;
    %pushi/vec4 1, 0, 1;
    %assign/vec4 v0x55c9514db1e0_0, 0;
    %pushi/vec4 0, 0, 1;
    %assign/vec4 v0x55c9514db2a0_0, 0;
    %jmp T_0.3;
T_0.2 ;
    %load/vec4 v0x55c9514db360_0;
    %flag_set/vec4 8;
    %jmp/0xz  T_0.4, 8;
    %load/vec4 v0x55c9514db1e0_0;
    %inv;
    %assign/vec4 v0x55c9514db1e0_0, 0;
    %load/vec4 v0x55c9514db2a0_0;
    %inv;
    %assign/vec4 v0x55c9514db2a0_0, 0;
T_0.4 ;
T_0.3 ;
T_0.1 ;
    %jmp T_0;
    .thread T_0;
    .scope S_0x55c9514b21b0;
T_1 ;
    %vpi_call 2 35 "$display", "           Simplificacao tc:\012 Time -  m -   a    b    c    d = out" {0 0 0};
    %end;
    .thread T_1;
    .scope S_0x55c9514b21b0;
T_2 ;
    %pushi/vec4 0, 0, 1;
    %store/vec4 v0x55c9514dc160_0, 0, 1;
T_2.0 ;
    %delay 5, 0;
    %load/vec4 v0x55c9514dc160_0;
    %inv;
    %store/vec4 v0x55c9514dc160_0, 0, 1;
    %jmp T_2.0;
    %end;
    .thread T_2;
    .scope S_0x55c9514b21b0;
T_3 ;
    %vpi_call 2 47 "$monitor", "%4d  %4d  %4b %4b %4b %4b %4b", $time, v0x55c9514dc2f0_0, v0x55c9514dbea0_0, v0x55c9514dbf90_0, v0x55c9514dc060_0, v0x55c9514dc200_0, v0x55c9514dc390_0 {0 0 0};
    %pushi/vec4 0, 0, 32;
    %store/vec4 v0x55c9514dc2f0_0, 0, 32;
    %pushi/vec4 0, 0, 1;
    %store/vec4 v0x55c9514dbea0_0, 0, 1;
    %pushi/vec4 0, 0, 1;
    %store/vec4 v0x55c9514dbf90_0, 0, 1;
    %pushi/vec4 0, 0, 1;
    %store/vec4 v0x55c9514dc060_0, 0, 1;
    %pushi/vec4 0, 0, 1;
    %store/vec4 v0x55c9514dc200_0, 0, 1;
    %delay 20, 0;
    %pushi/vec4 1, 0, 32;
    %store/vec4 v0x55c9514dc2f0_0, 0, 32;
    %pushi/vec4 0, 0, 1;
    %store/vec4 v0x55c9514dbea0_0, 0, 1;
    %pushi/vec4 0, 0, 1;
    %store/vec4 v0x55c9514dbf90_0, 0, 1;
    %pushi/vec4 0, 0, 1;
    %store/vec4 v0x55c9514dc060_0, 0, 1;
    %pushi/vec4 1, 0, 1;
    %store/vec4 v0x55c9514dc200_0, 0, 1;
    %delay 20, 0;
    %pushi/vec4 2, 0, 32;
    %store/vec4 v0x55c9514dc2f0_0, 0, 32;
    %pushi/vec4 0, 0, 1;
    %store/vec4 v0x55c9514dbea0_0, 0, 1;
    %pushi/vec4 0, 0, 1;
    %store/vec4 v0x55c9514dbf90_0, 0, 1;
    %pushi/vec4 1, 0, 1;
    %store/vec4 v0x55c9514dc060_0, 0, 1;
    %pushi/vec4 0, 0, 1;
    %store/vec4 v0x55c9514dc200_0, 0, 1;
    %delay 20, 0;
    %pushi/vec4 3, 0, 32;
    %store/vec4 v0x55c9514dc2f0_0, 0, 32;
    %pushi/vec4 0, 0, 1;
    %store/vec4 v0x55c9514dbea0_0, 0, 1;
    %pushi/vec4 0, 0, 1;
    %store/vec4 v0x55c9514dbf90_0, 0, 1;
    %pushi/vec4 1, 0, 1;
    %store/vec4 v0x55c9514dc060_0, 0, 1;
    %pushi/vec4 1, 0, 1;
    %store/vec4 v0x55c9514dc200_0, 0, 1;
    %delay 20, 0;
    %pushi/vec4 4, 0, 32;
    %store/vec4 v0x55c9514dc2f0_0, 0, 32;
    %pushi/vec4 0, 0, 1;
    %store/vec4 v0x55c9514dbea0_0, 0, 1;
    %pushi/vec4 1, 0, 1;
    %store/vec4 v0x55c9514dbf90_0, 0, 1;
    %pushi/vec4 0, 0, 1;
    %store/vec4 v0x55c9514dc060_0, 0, 1;
    %pushi/vec4 0, 0, 1;
    %store/vec4 v0x55c9514dc200_0, 0, 1;
    %delay 20, 0;
    %pushi/vec4 5, 0, 32;
    %store/vec4 v0x55c9514dc2f0_0, 0, 32;
    %pushi/vec4 0, 0, 1;
    %store/vec4 v0x55c9514dbea0_0, 0, 1;
    %pushi/vec4 1, 0, 1;
    %store/vec4 v0x55c9514dbf90_0, 0, 1;
    %pushi/vec4 0, 0, 1;
    %store/vec4 v0x55c9514dc060_0, 0, 1;
    %pushi/vec4 1, 0, 1;
    %store/vec4 v0x55c9514dc200_0, 0, 1;
    %delay 20, 0;
    %pushi/vec4 6, 0, 32;
    %store/vec4 v0x55c9514dc2f0_0, 0, 32;
    %pushi/vec4 0, 0, 1;
    %store/vec4 v0x55c9514dbea0_0, 0, 1;
    %pushi/vec4 1, 0, 1;
    %store/vec4 v0x55c9514dbf90_0, 0, 1;
    %pushi/vec4 1, 0, 1;
    %store/vec4 v0x55c9514dc060_0, 0, 1;
    %pushi/vec4 0, 0, 1;
    %store/vec4 v0x55c9514dc200_0, 0, 1;
    %delay 20, 0;
    %pushi/vec4 7, 0, 32;
    %store/vec4 v0x55c9514dc2f0_0, 0, 32;
    %pushi/vec4 0, 0, 1;
    %store/vec4 v0x55c9514dbea0_0, 0, 1;
    %pushi/vec4 1, 0, 1;
    %store/vec4 v0x55c9514dbf90_0, 0, 1;
    %pushi/vec4 1, 0, 1;
    %store/vec4 v0x55c9514dc060_0, 0, 1;
    %pushi/vec4 1, 0, 1;
    %store/vec4 v0x55c9514dc200_0, 0, 1;
    %delay 20, 0;
    %pushi/vec4 8, 0, 32;
    %store/vec4 v0x55c9514dc2f0_0, 0, 32;
    %pushi/vec4 1, 0, 1;
    %store/vec4 v0x55c9514dbea0_0, 0, 1;
    %pushi/vec4 0, 0, 1;
    %store/vec4 v0x55c9514dbf90_0, 0, 1;
    %pushi/vec4 0, 0, 1;
    %store/vec4 v0x55c9514dc060_0, 0, 1;
    %pushi/vec4 0, 0, 1;
    %store/vec4 v0x55c9514dc200_0, 0, 1;
    %delay 20, 0;
    %pushi/vec4 9, 0, 32;
    %store/vec4 v0x55c9514dc2f0_0, 0, 32;
    %pushi/vec4 1, 0, 1;
    %store/vec4 v0x55c9514dbea0_0, 0, 1;
    %pushi/vec4 0, 0, 1;
    %store/vec4 v0x55c9514dbf90_0, 0, 1;
    %pushi/vec4 0, 0, 1;
    %store/vec4 v0x55c9514dc060_0, 0, 1;
    %pushi/vec4 1, 0, 1;
    %store/vec4 v0x55c9514dc200_0, 0, 1;
    %delay 20, 0;
    %pushi/vec4 10, 0, 32;
    %store/vec4 v0x55c9514dc2f0_0, 0, 32;
    %pushi/vec4 1, 0, 1;
    %store/vec4 v0x55c9514dbea0_0, 0, 1;
    %pushi/vec4 0, 0, 1;
    %store/vec4 v0x55c9514dbf90_0, 0, 1;
    %pushi/vec4 1, 0, 1;
    %store/vec4 v0x55c9514dc060_0, 0, 1;
    %pushi/vec4 0, 0, 1;
    %store/vec4 v0x55c9514dc200_0, 0, 1;
    %delay 20, 0;
    %pushi/vec4 11, 0, 32;
    %store/vec4 v0x55c9514dc2f0_0, 0, 32;
    %pushi/vec4 1, 0, 1;
    %store/vec4 v0x55c9514dbea0_0, 0, 1;
    %pushi/vec4 0, 0, 1;
    %store/vec4 v0x55c9514dbf90_0, 0, 1;
    %pushi/vec4 1, 0, 1;
    %store/vec4 v0x55c9514dc060_0, 0, 1;
    %pushi/vec4 1, 0, 1;
    %store/vec4 v0x55c9514dc200_0, 0, 1;
    %delay 20, 0;
    %pushi/vec4 12, 0, 32;
    %store/vec4 v0x55c9514dc2f0_0, 0, 32;
    %pushi/vec4 1, 0, 1;
    %store/vec4 v0x55c9514dbea0_0, 0, 1;
    %pushi/vec4 1, 0, 1;
    %store/vec4 v0x55c9514dbf90_0, 0, 1;
    %pushi/vec4 0, 0, 1;
    %store/vec4 v0x55c9514dc060_0, 0, 1;
    %pushi/vec4 0, 0, 1;
    %store/vec4 v0x55c9514dc200_0, 0, 1;
    %delay 20, 0;
    %pushi/vec4 13, 0, 32;
    %store/vec4 v0x55c9514dc2f0_0, 0, 32;
    %pushi/vec4 1, 0, 1;
    %store/vec4 v0x55c9514dbea0_0, 0, 1;
    %pushi/vec4 1, 0, 1;
    %store/vec4 v0x55c9514dbf90_0, 0, 1;
    %pushi/vec4 0, 0, 1;
    %store/vec4 v0x55c9514dc060_0, 0, 1;
    %pushi/vec4 1, 0, 1;
    %store/vec4 v0x55c9514dc200_0, 0, 1;
    %delay 20, 0;
    %pushi/vec4 14, 0, 32;
    %store/vec4 v0x55c9514dc2f0_0, 0, 32;
    %pushi/vec4 1, 0, 1;
    %store/vec4 v0x55c9514dbea0_0, 0, 1;
    %pushi/vec4 1, 0, 1;
    %store/vec4 v0x55c9514dbf90_0, 0, 1;
    %pushi/vec4 1, 0, 1;
    %store/vec4 v0x55c9514dc060_0, 0, 1;
    %pushi/vec4 0, 0, 1;
    %store/vec4 v0x55c9514dc200_0, 0, 1;
    %delay 20, 0;
    %pushi/vec4 15, 0, 32;
    %store/vec4 v0x55c9514dc2f0_0, 0, 32;
    %pushi/vec4 1, 0, 1;
    %store/vec4 v0x55c9514dbea0_0, 0, 1;
    %pushi/vec4 1, 0, 1;
    %store/vec4 v0x55c9514dbf90_0, 0, 1;
    %pushi/vec4 1, 0, 1;
    %store/vec4 v0x55c9514dc060_0, 0, 1;
    %pushi/vec4 1, 0, 1;
    %store/vec4 v0x55c9514dc200_0, 0, 1;
    %delay 10, 0;
    %vpi_call 2 66 "$finish" {0 0 0};
    %end;
    .thread T_3;
# The file index is used to find the file name in the following table.
:file_names 4;
    "N/A";
    "<interactive>";
    "R02a_Tc.v";
    "./Flip_Flop_T.v";
