#! /usr/bin/vvp
:ivl_version "11.0 (stable)";
:ivl_delay_selection "TYPICAL";
:vpi_time_precision + 0;
:vpi_module "/usr/lib/x86_64-linux-gnu/ivl/system.vpi";
:vpi_module "/usr/lib/x86_64-linux-gnu/ivl/vhdl_sys.vpi";
:vpi_module "/usr/lib/x86_64-linux-gnu/ivl/vhdl_textio.vpi";
:vpi_module "/usr/lib/x86_64-linux-gnu/ivl/v2005_math.vpi";
:vpi_module "/usr/lib/x86_64-linux-gnu/ivl/va_math.vpi";
S_0x55a471e74140 .scope module, "R02a_Da" "R02a_Da" 2 27;
 .timescale 0 0;
v0x55a471ea2c30_0 .var "a", 0 0;
v0x55a471ea2d20_0 .var "b", 0 0;
v0x55a471ea2df0_0 .var "c", 0 0;
v0x55a471ea2ef0_0 .var "clk", 0 0;
v0x55a471ea2f90_0 .var "d", 0 0;
v0x55a471ea3080_0 .var/i "m", 31 0;
v0x55a471ea3120_0 .net "out", 0 0, v0x55a471ea15e0_0;  1 drivers
S_0x55a471e35cf0 .scope module, "Da" "SimplificacaoDa" 2 33, 2 17 0, S_0x55a471e74140;
 .timescale 0 0;
    .port_info 0 /OUTPUT 1 "Qa";
    .port_info 1 /INPUT 1 "clk";
    .port_info 2 /INPUT 1 "a";
    .port_info 3 /INPUT 1 "b";
    .port_info 4 /INPUT 1 "c";
    .port_info 5 /INPUT 1 "d";
L_0x55a471ea3940 .functor NOT 1, v0x55a471ea2c30_0, C4<0>, C4<0>, C4<0>;
L_0x55a471ea3a20 .functor AND 1, L_0x55a471ea3940, v0x55a471ea2d20_0, C4<1>, C4<1>;
L_0x55a471ea3b50 .functor AND 1, L_0x55a471ea3a20, v0x55a471ea2df0_0, C4<1>, C4<1>;
L_0x55a471ea3c60 .functor AND 1, L_0x55a471ea3b50, v0x55a471ea2f90_0, C4<1>, C4<1>;
L_0x55a471ea3da0 .functor NOT 1, v0x55a471ea2df0_0, C4<0>, C4<0>, C4<0>;
L_0x55a471ea3e10 .functor AND 1, v0x55a471ea2c30_0, L_0x55a471ea3da0, C4<1>, C4<1>;
L_0x55a471ea3f10 .functor AND 1, L_0x55a471ea3e10, v0x55a471ea2f90_0, C4<1>, C4<1>;
L_0x55a471ea3fd0 .functor OR 1, L_0x55a471ea3c60, L_0x55a471ea3f10, C4<0>, C4<0>;
L_0x55a471ea4130 .functor NOT 1, v0x55a471ea2d20_0, C4<0>, C4<0>, C4<0>;
L_0x55a471ea41a0 .functor AND 1, v0x55a471ea2c30_0, L_0x55a471ea4130, C4<1>, C4<1>;
L_0x55a471ea4270 .functor AND 1, L_0x55a471ea41a0, v0x55a471ea2df0_0, C4<1>, C4<1>;
L_0x55a471ea42e0 .functor OR 1, L_0x55a471ea3fd0, L_0x55a471ea4270, C4<0>, C4<0>;
L_0x55a471ea4410 .functor AND 1, v0x55a471ea2c30_0, v0x55a471ea2df0_0, C4<1>, C4<1>;
L_0x55a471ea4480 .functor NOT 1, v0x55a471ea2f90_0, C4<0>, C4<0>, C4<0>;
L_0x55a471ea43a0 .functor AND 1, L_0x55a471ea4410, L_0x55a471ea4480, C4<1>, C4<1>;
L_0x55a471ea4650 .functor OR 1, L_0x55a471ea42e0, L_0x55a471ea43a0, C4<0>, C4<0>;
v0x55a471ea1870_0 .net "QNot_a", 0 0, v0x55a471ea16f0_0;  1 drivers
v0x55a471ea1930_0 .net "Qa", 0 0, v0x55a471ea15e0_0;  alias, 1 drivers
v0x55a471ea1a00_0 .net *"_ivl_0", 0 0, L_0x55a471ea3940;  1 drivers
v0x55a471ea1ad0_0 .net *"_ivl_10", 0 0, L_0x55a471ea3e10;  1 drivers
v0x55a471ea1b90_0 .net *"_ivl_12", 0 0, L_0x55a471ea3f10;  1 drivers
v0x55a471ea1cc0_0 .net *"_ivl_14", 0 0, L_0x55a471ea3fd0;  1 drivers
v0x55a471ea1da0_0 .net *"_ivl_16", 0 0, L_0x55a471ea4130;  1 drivers
v0x55a471ea1e80_0 .net *"_ivl_18", 0 0, L_0x55a471ea41a0;  1 drivers
v0x55a471ea1f60_0 .net *"_ivl_2", 0 0, L_0x55a471ea3a20;  1 drivers
v0x55a471ea2040_0 .net *"_ivl_20", 0 0, L_0x55a471ea4270;  1 drivers
v0x55a471ea2120_0 .net *"_ivl_22", 0 0, L_0x55a471ea42e0;  1 drivers
v0x55a471ea2200_0 .net *"_ivl_24", 0 0, L_0x55a471ea4410;  1 drivers
v0x55a471ea22e0_0 .net *"_ivl_26", 0 0, L_0x55a471ea4480;  1 drivers
v0x55a471ea23c0_0 .net *"_ivl_28", 0 0, L_0x55a471ea43a0;  1 drivers
v0x55a471ea24a0_0 .net *"_ivl_4", 0 0, L_0x55a471ea3b50;  1 drivers
v0x55a471ea2580_0 .net *"_ivl_6", 0 0, L_0x55a471ea3c60;  1 drivers
v0x55a471ea2660_0 .net *"_ivl_8", 0 0, L_0x55a471ea3da0;  1 drivers
v0x55a471ea2740_0 .net "a", 0 0, v0x55a471ea2c30_0;  1 drivers
v0x55a471ea2800_0 .net "b", 0 0, v0x55a471ea2d20_0;  1 drivers
v0x55a471ea28c0_0 .net "c", 0 0, v0x55a471ea2df0_0;  1 drivers
v0x55a471ea2980_0 .net "clk", 0 0, v0x55a471ea2ef0_0;  1 drivers
v0x55a471ea2a20_0 .net "d", 0 0, v0x55a471ea2f90_0;  1 drivers
v0x55a471ea2ac0_0 .net "simp", 0 0, L_0x55a471ea4650;  1 drivers
S_0x55a471e35f70 .scope module, "Flip_Flop_Da" "dff" 2 23, 3 13 0, S_0x55a471e35cf0;
 .timescale 0 0;
    .port_info 0 /OUTPUT 1 "q";
    .port_info 1 /OUTPUT 1 "qnot";
    .port_info 2 /INPUT 1 "d";
    .port_info 3 /INPUT 1 "clk";
    .port_info 4 /INPUT 1 "preset";
    .port_info 5 /INPUT 1 "clear";
L_0x7f20367ee060 .functor BUFT 1, C4<0>, C4<0>, C4<0>, C4<0>;
v0x55a471e753c0_0 .net "clear", 0 0, L_0x7f20367ee060;  1 drivers
v0x55a471ea13c0_0 .net "clk", 0 0, v0x55a471ea2ef0_0;  alias, 1 drivers
v0x55a471ea1480_0 .net "d", 0 0, L_0x55a471ea4650;  alias, 1 drivers
L_0x7f20367ee018 .functor BUFT 1, C4<0>, C4<0>, C4<0>, C4<0>;
v0x55a471ea1520_0 .net "preset", 0 0, L_0x7f20367ee018;  1 drivers
v0x55a471ea15e0_0 .var "q", 0 0;
v0x55a471ea16f0_0 .var "qnot", 0 0;
E_0x55a471e59a30 .event posedge, v0x55a471ea13c0_0;
S_0x55a471e742d0 .scope module, "tff" "tff" 4 12;
 .timescale 0 0;
    .port_info 0 /OUTPUT 1 "q";
    .port_info 1 /OUTPUT 1 "qnot";
    .port_info 2 /INPUT 1 "t";
    .port_info 3 /INPUT 1 "clk";
    .port_info 4 /INPUT 1 "preset";
    .port_info 5 /INPUT 1 "clear";
o0x7f20368377f8 .functor BUFZ 1, C4<z>; HiZ drive
L_0x55a471ea4840 .functor NOT 1, o0x7f20368377f8, C4<0>, C4<0>, C4<0>;
o0x7f2036837798 .functor BUFZ 1, C4<z>; HiZ drive
L_0x55a471ea48b0 .functor NOT 1, o0x7f2036837798, C4<0>, C4<0>, C4<0>;
v0x55a471ea3230_0 .net *"_ivl_2", 0 0, L_0x55a471ea4840;  1 drivers
v0x55a471ea32f0_0 .net *"_ivl_5", 0 0, L_0x55a471ea48b0;  1 drivers
v0x55a471ea33d0_0 .net "clear", 0 0, o0x7f2036837798;  0 drivers
o0x7f20368377c8 .functor BUFZ 1, C4<z>; HiZ drive
v0x55a471ea3470_0 .net "clk", 0 0, o0x7f20368377c8;  0 drivers
v0x55a471ea3530_0 .net "preset", 0 0, o0x7f20368377f8;  0 drivers
v0x55a471ea3640_0 .var "q", 0 0;
v0x55a471ea3700_0 .var "qnot", 0 0;
o0x7f2036837888 .functor BUFZ 1, C4<z>; HiZ drive
v0x55a471ea37c0_0 .net "t", 0 0, o0x7f2036837888;  0 drivers
E_0x55a471e77c10/0 .event edge, L_0x55a471ea48b0, L_0x55a471ea4840;
E_0x55a471e77c10/1 .event posedge, v0x55a471ea3470_0;
E_0x55a471e77c10 .event/or E_0x55a471e77c10/0, E_0x55a471e77c10/1;
    .scope S_0x55a471e35f70;
T_0 ;
    %wait E_0x55a471e59a30;
    %load/vec4 v0x55a471e753c0_0;
    %flag_set/vec4 8;
    %jmp/0xz  T_0.0, 8;
    %pushi/vec4 0, 0, 1;
    %assign/vec4 v0x55a471ea15e0_0, 0;
    %pushi/vec4 1, 0, 1;
    %assign/vec4 v0x55a471ea16f0_0, 0;
    %jmp T_0.1;
T_0.0 ;
    %load/vec4 v0x55a471ea1520_0;
    %flag_set/vec4 8;
    %jmp/0xz  T_0.2, 8;
    %pushi/vec4 1, 0, 1;
    %assign/vec4 v0x55a471ea15e0_0, 0;
    %pushi/vec4 0, 0, 1;
    %assign/vec4 v0x55a471ea16f0_0, 0;
    %jmp T_0.3;
T_0.2 ;
    %load/vec4 v0x55a471ea1480_0;
    %assign/vec4 v0x55a471ea15e0_0, 0;
    %load/vec4 v0x55a471ea1480_0;
    %inv;
    %assign/vec4 v0x55a471ea16f0_0, 0;
T_0.3 ;
T_0.1 ;
    %jmp T_0;
    .thread T_0;
    .scope S_0x55a471e74140;
T_1 ;
    %vpi_call 2 36 "$display", "           Simplificacao Da:\012 Time -  m -   a    b    c    d = out" {0 0 0};
    %end;
    .thread T_1;
    .scope S_0x55a471e74140;
T_2 ;
    %pushi/vec4 0, 0, 1;
    %store/vec4 v0x55a471ea2ef0_0, 0, 1;
T_2.0 ;
    %delay 5, 0;
    %load/vec4 v0x55a471ea2ef0_0;
    %inv;
    %store/vec4 v0x55a471ea2ef0_0, 0, 1;
    %jmp T_2.0;
    %end;
    .thread T_2;
    .scope S_0x55a471e74140;
T_3 ;
    %vpi_call 2 48 "$monitor", "%4d  %4d  %4b %4b %4b %4b %4b", $time, v0x55a471ea3080_0, v0x55a471ea2c30_0, v0x55a471ea2d20_0, v0x55a471ea2df0_0, v0x55a471ea2f90_0, v0x55a471ea3120_0 {0 0 0};
    %pushi/vec4 0, 0, 32;
    %store/vec4 v0x55a471ea3080_0, 0, 32;
    %pushi/vec4 0, 0, 1;
    %store/vec4 v0x55a471ea2c30_0, 0, 1;
    %pushi/vec4 0, 0, 1;
    %store/vec4 v0x55a471ea2d20_0, 0, 1;
    %pushi/vec4 0, 0, 1;
    %store/vec4 v0x55a471ea2df0_0, 0, 1;
    %pushi/vec4 0, 0, 1;
    %store/vec4 v0x55a471ea2f90_0, 0, 1;
    %delay 10, 0;
    %pushi/vec4 1, 0, 32;
    %store/vec4 v0x55a471ea3080_0, 0, 32;
    %pushi/vec4 0, 0, 1;
    %store/vec4 v0x55a471ea2c30_0, 0, 1;
    %pushi/vec4 0, 0, 1;
    %store/vec4 v0x55a471ea2d20_0, 0, 1;
    %pushi/vec4 0, 0, 1;
    %store/vec4 v0x55a471ea2df0_0, 0, 1;
    %pushi/vec4 1, 0, 1;
    %store/vec4 v0x55a471ea2f90_0, 0, 1;
    %delay 10, 0;
    %pushi/vec4 2, 0, 32;
    %store/vec4 v0x55a471ea3080_0, 0, 32;
    %pushi/vec4 0, 0, 1;
    %store/vec4 v0x55a471ea2c30_0, 0, 1;
    %pushi/vec4 0, 0, 1;
    %store/vec4 v0x55a471ea2d20_0, 0, 1;
    %pushi/vec4 1, 0, 1;
    %store/vec4 v0x55a471ea2df0_0, 0, 1;
    %pushi/vec4 0, 0, 1;
    %store/vec4 v0x55a471ea2f90_0, 0, 1;
    %delay 10, 0;
    %pushi/vec4 3, 0, 32;
    %store/vec4 v0x55a471ea3080_0, 0, 32;
    %pushi/vec4 0, 0, 1;
    %store/vec4 v0x55a471ea2c30_0, 0, 1;
    %pushi/vec4 0, 0, 1;
    %store/vec4 v0x55a471ea2d20_0, 0, 1;
    %pushi/vec4 1, 0, 1;
    %store/vec4 v0x55a471ea2df0_0, 0, 1;
    %pushi/vec4 1, 0, 1;
    %store/vec4 v0x55a471ea2f90_0, 0, 1;
    %delay 10, 0;
    %pushi/vec4 4, 0, 32;
    %store/vec4 v0x55a471ea3080_0, 0, 32;
    %pushi/vec4 0, 0, 1;
    %store/vec4 v0x55a471ea2c30_0, 0, 1;
    %pushi/vec4 1, 0, 1;
    %store/vec4 v0x55a471ea2d20_0, 0, 1;
    %pushi/vec4 0, 0, 1;
    %store/vec4 v0x55a471ea2df0_0, 0, 1;
    %pushi/vec4 0, 0, 1;
    %store/vec4 v0x55a471ea2f90_0, 0, 1;
    %delay 10, 0;
    %pushi/vec4 5, 0, 32;
    %store/vec4 v0x55a471ea3080_0, 0, 32;
    %pushi/vec4 0, 0, 1;
    %store/vec4 v0x55a471ea2c30_0, 0, 1;
    %pushi/vec4 1, 0, 1;
    %store/vec4 v0x55a471ea2d20_0, 0, 1;
    %pushi/vec4 0, 0, 1;
    %store/vec4 v0x55a471ea2df0_0, 0, 1;
    %pushi/vec4 1, 0, 1;
    %store/vec4 v0x55a471ea2f90_0, 0, 1;
    %delay 10, 0;
    %pushi/vec4 6, 0, 32;
    %store/vec4 v0x55a471ea3080_0, 0, 32;
    %pushi/vec4 0, 0, 1;
    %store/vec4 v0x55a471ea2c30_0, 0, 1;
    %pushi/vec4 1, 0, 1;
    %store/vec4 v0x55a471ea2d20_0, 0, 1;
    %pushi/vec4 1, 0, 1;
    %store/vec4 v0x55a471ea2df0_0, 0, 1;
    %pushi/vec4 0, 0, 1;
    %store/vec4 v0x55a471ea2f90_0, 0, 1;
    %delay 10, 0;
    %pushi/vec4 7, 0, 32;
    %store/vec4 v0x55a471ea3080_0, 0, 32;
    %pushi/vec4 0, 0, 1;
    %store/vec4 v0x55a471ea2c30_0, 0, 1;
    %pushi/vec4 1, 0, 1;
    %store/vec4 v0x55a471ea2d20_0, 0, 1;
    %pushi/vec4 1, 0, 1;
    %store/vec4 v0x55a471ea2df0_0, 0, 1;
    %pushi/vec4 1, 0, 1;
    %store/vec4 v0x55a471ea2f90_0, 0, 1;
    %delay 10, 0;
    %pushi/vec4 8, 0, 32;
    %store/vec4 v0x55a471ea3080_0, 0, 32;
    %pushi/vec4 1, 0, 1;
    %store/vec4 v0x55a471ea2c30_0, 0, 1;
    %pushi/vec4 0, 0, 1;
    %store/vec4 v0x55a471ea2d20_0, 0, 1;
    %pushi/vec4 0, 0, 1;
    %store/vec4 v0x55a471ea2df0_0, 0, 1;
    %pushi/vec4 0, 0, 1;
    %store/vec4 v0x55a471ea2f90_0, 0, 1;
    %delay 10, 0;
    %pushi/vec4 9, 0, 32;
    %store/vec4 v0x55a471ea3080_0, 0, 32;
    %pushi/vec4 1, 0, 1;
    %store/vec4 v0x55a471ea2c30_0, 0, 1;
    %pushi/vec4 0, 0, 1;
    %store/vec4 v0x55a471ea2d20_0, 0, 1;
    %pushi/vec4 0, 0, 1;
    %store/vec4 v0x55a471ea2df0_0, 0, 1;
    %pushi/vec4 1, 0, 1;
    %store/vec4 v0x55a471ea2f90_0, 0, 1;
    %delay 10, 0;
    %pushi/vec4 10, 0, 32;
    %store/vec4 v0x55a471ea3080_0, 0, 32;
    %pushi/vec4 1, 0, 1;
    %store/vec4 v0x55a471ea2c30_0, 0, 1;
    %pushi/vec4 0, 0, 1;
    %store/vec4 v0x55a471ea2d20_0, 0, 1;
    %pushi/vec4 1, 0, 1;
    %store/vec4 v0x55a471ea2df0_0, 0, 1;
    %pushi/vec4 0, 0, 1;
    %store/vec4 v0x55a471ea2f90_0, 0, 1;
    %delay 10, 0;
    %pushi/vec4 11, 0, 32;
    %store/vec4 v0x55a471ea3080_0, 0, 32;
    %pushi/vec4 1, 0, 1;
    %store/vec4 v0x55a471ea2c30_0, 0, 1;
    %pushi/vec4 0, 0, 1;
    %store/vec4 v0x55a471ea2d20_0, 0, 1;
    %pushi/vec4 1, 0, 1;
    %store/vec4 v0x55a471ea2df0_0, 0, 1;
    %pushi/vec4 1, 0, 1;
    %store/vec4 v0x55a471ea2f90_0, 0, 1;
    %delay 10, 0;
    %pushi/vec4 12, 0, 32;
    %store/vec4 v0x55a471ea3080_0, 0, 32;
    %pushi/vec4 1, 0, 1;
    %store/vec4 v0x55a471ea2c30_0, 0, 1;
    %pushi/vec4 1, 0, 1;
    %store/vec4 v0x55a471ea2d20_0, 0, 1;
    %pushi/vec4 0, 0, 1;
    %store/vec4 v0x55a471ea2df0_0, 0, 1;
    %pushi/vec4 0, 0, 1;
    %store/vec4 v0x55a471ea2f90_0, 0, 1;
    %delay 10, 0;
    %pushi/vec4 13, 0, 32;
    %store/vec4 v0x55a471ea3080_0, 0, 32;
    %pushi/vec4 1, 0, 1;
    %store/vec4 v0x55a471ea2c30_0, 0, 1;
    %pushi/vec4 1, 0, 1;
    %store/vec4 v0x55a471ea2d20_0, 0, 1;
    %pushi/vec4 0, 0, 1;
    %store/vec4 v0x55a471ea2df0_0, 0, 1;
    %pushi/vec4 1, 0, 1;
    %store/vec4 v0x55a471ea2f90_0, 0, 1;
    %delay 10, 0;
    %pushi/vec4 14, 0, 32;
    %store/vec4 v0x55a471ea3080_0, 0, 32;
    %pushi/vec4 1, 0, 1;
    %store/vec4 v0x55a471ea2c30_0, 0, 1;
    %pushi/vec4 1, 0, 1;
    %store/vec4 v0x55a471ea2d20_0, 0, 1;
    %pushi/vec4 1, 0, 1;
    %store/vec4 v0x55a471ea2df0_0, 0, 1;
    %pushi/vec4 0, 0, 1;
    %store/vec4 v0x55a471ea2f90_0, 0, 1;
    %delay 10, 0;
    %pushi/vec4 15, 0, 32;
    %store/vec4 v0x55a471ea3080_0, 0, 32;
    %pushi/vec4 1, 0, 1;
    %store/vec4 v0x55a471ea2c30_0, 0, 1;
    %pushi/vec4 1, 0, 1;
    %store/vec4 v0x55a471ea2d20_0, 0, 1;
    %pushi/vec4 1, 0, 1;
    %store/vec4 v0x55a471ea2df0_0, 0, 1;
    %pushi/vec4 1, 0, 1;
    %store/vec4 v0x55a471ea2f90_0, 0, 1;
    %delay 10, 0;
    %vpi_call 2 67 "$finish" {0 0 0};
    %end;
    .thread T_3;
    .scope S_0x55a471e742d0;
T_4 ;
    %wait E_0x55a471e77c10;
    %load/vec4 v0x55a471ea33d0_0;
    %inv;
    %flag_set/vec4 8;
    %jmp/0xz  T_4.0, 8;
    %pushi/vec4 0, 0, 1;
    %assign/vec4 v0x55a471ea3640_0, 0;
    %pushi/vec4 1, 0, 1;
    %assign/vec4 v0x55a471ea3700_0, 0;
    %jmp T_4.1;
T_4.0 ;
    %load/vec4 v0x55a471ea3530_0;
    %inv;
    %flag_set/vec4 8;
    %jmp/0xz  T_4.2, 8;
    %pushi/vec4 1, 0, 1;
    %assign/vec4 v0x55a471ea3640_0, 0;
    %pushi/vec4 0, 0, 1;
    %assign/vec4 v0x55a471ea3700_0, 0;
    %jmp T_4.3;
T_4.2 ;
    %load/vec4 v0x55a471ea37c0_0;
    %flag_set/vec4 8;
    %jmp/0xz  T_4.4, 8;
    %load/vec4 v0x55a471ea3640_0;
    %inv;
    %assign/vec4 v0x55a471ea3640_0, 0;
    %load/vec4 v0x55a471ea3700_0;
    %inv;
    %assign/vec4 v0x55a471ea3700_0, 0;
T_4.4 ;
T_4.3 ;
T_4.1 ;
    %jmp T_4;
    .thread T_4;
# The file index is used to find the file name in the following table.
:file_names 5;
    "N/A";
    "<interactive>";
    "R02a_Da.v";
    "./Flip_Flop_D.v";
    "./Flip_Flop_T.v";
