#! /usr/bin/vvp
:ivl_version "11.0 (stable)";
:ivl_delay_selection "TYPICAL";
:vpi_time_precision + 0;
:vpi_module "/usr/lib/x86_64-linux-gnu/ivl/system.vpi";
:vpi_module "/usr/lib/x86_64-linux-gnu/ivl/vhdl_sys.vpi";
:vpi_module "/usr/lib/x86_64-linux-gnu/ivl/vhdl_textio.vpi";
:vpi_module "/usr/lib/x86_64-linux-gnu/ivl/v2005_math.vpi";
:vpi_module "/usr/lib/x86_64-linux-gnu/ivl/va_math.vpi";
S_0x557b80b051b0 .scope module, "R02a_Tb" "R02a_Tb" 2 26;
 .timescale 0 0;
v0x557b80b30ea0_0 .var "a", 0 0;
v0x557b80b30f90_0 .var "b", 0 0;
v0x557b80b31060_0 .var "c", 0 0;
v0x557b80b31160_0 .var "clk", 0 0;
v0x557b80b31200_0 .var "d", 0 0;
v0x557b80b312f0_0 .var/i "m", 31 0;
v0x557b80b31390_0 .net "out", 0 0, v0x557b80b2fca0_0;  1 drivers
S_0x557b80b05340 .scope module, "tb" "SimplificacaoTb" 2 32, 2 16 0, S_0x557b80b051b0;
 .timescale 0 0;
    .port_info 0 /OUTPUT 1 "Qa";
    .port_info 1 /INPUT 1 "clk";
    .port_info 2 /INPUT 1 "A";
    .port_info 3 /INPUT 1 "B";
    .port_info 4 /INPUT 1 "C";
    .port_info 5 /INPUT 1 "D";
L_0x557b80af59b0 .functor OR 1, v0x557b80b31060_0, v0x557b80b31200_0, C4<0>, C4<0>;
L_0x557b80b31520 .functor OR 1, v0x557b80b30f90_0, v0x557b80b31060_0, C4<0>, C4<0>;
L_0x557b80b315e0 .functor AND 1, L_0x557b80af59b0, L_0x557b80b31520, C4<1>, C4<1>;
L_0x557b80b316f0 .functor OR 1, v0x557b80b30f90_0, v0x557b80b31200_0, C4<0>, C4<0>;
L_0x557b80b31790 .functor AND 1, L_0x557b80b315e0, L_0x557b80b316f0, C4<1>, C4<1>;
L_0x557b80b318a0 .functor NOT 1, v0x557b80b30f90_0, C4<0>, C4<0>, C4<0>;
L_0x557b80b31950 .functor NOT 1, v0x557b80b31060_0, C4<0>, C4<0>, C4<0>;
L_0x557b80b319c0 .functor OR 1, L_0x557b80b318a0, L_0x557b80b31950, C4<0>, C4<0>;
L_0x557b80b31a80 .functor NOT 1, v0x557b80b31200_0, C4<0>, C4<0>, C4<0>;
L_0x557b80b31b80 .functor OR 1, L_0x557b80b319c0, L_0x557b80b31a80, C4<0>, C4<0>;
L_0x557b80b31ca0 .functor AND 1, L_0x557b80b31790, L_0x557b80b31b80, C4<1>, C4<1>;
v0x557b80b2ffa0_0 .net "A", 0 0, v0x557b80b30ea0_0;  1 drivers
v0x557b80b30080_0 .net "B", 0 0, v0x557b80b30f90_0;  1 drivers
v0x557b80b30140_0 .net "C", 0 0, v0x557b80b31060_0;  1 drivers
v0x557b80b301e0_0 .net "D", 0 0, v0x557b80b31200_0;  1 drivers
v0x557b80b302a0_0 .net "QNot_a", 0 0, v0x557b80b2fd60_0;  1 drivers
v0x557b80b30390_0 .net "Qa", 0 0, v0x557b80b2fca0_0;  alias, 1 drivers
v0x557b80b30430_0 .net *"_ivl_0", 0 0, L_0x557b80af59b0;  1 drivers
v0x557b80b304d0_0 .net *"_ivl_10", 0 0, L_0x557b80b318a0;  1 drivers
v0x557b80b305b0_0 .net *"_ivl_12", 0 0, L_0x557b80b31950;  1 drivers
v0x557b80b30690_0 .net *"_ivl_14", 0 0, L_0x557b80b319c0;  1 drivers
v0x557b80b30770_0 .net *"_ivl_16", 0 0, L_0x557b80b31a80;  1 drivers
v0x557b80b30850_0 .net *"_ivl_18", 0 0, L_0x557b80b31b80;  1 drivers
v0x557b80b30930_0 .net *"_ivl_2", 0 0, L_0x557b80b31520;  1 drivers
v0x557b80b30a10_0 .net *"_ivl_4", 0 0, L_0x557b80b315e0;  1 drivers
v0x557b80b30af0_0 .net *"_ivl_6", 0 0, L_0x557b80b316f0;  1 drivers
v0x557b80b30bd0_0 .net *"_ivl_8", 0 0, L_0x557b80b31790;  1 drivers
v0x557b80b30cb0_0 .net "clk", 0 0, v0x557b80b31160_0;  1 drivers
v0x557b80b30d50_0 .net "simp", 0 0, L_0x557b80b31ca0;  1 drivers
S_0x557b80ac9cf0 .scope module, "Flip_Flop_Tb" "tff" 2 22, 3 12 0, S_0x557b80b05340;
 .timescale 0 0;
    .port_info 0 /OUTPUT 1 "q";
    .port_info 1 /OUTPUT 1 "qnot";
    .port_info 2 /INPUT 1 "t";
    .port_info 3 /INPUT 1 "clk";
    .port_info 4 /INPUT 1 "preset";
    .port_info 5 /INPUT 1 "clear";
L_0x7fd1ddb0e018 .functor BUFT 1, C4<0>, C4<0>, C4<0>, C4<0>;
L_0x557b80b31db0 .functor NOT 1, L_0x7fd1ddb0e018, C4<0>, C4<0>, C4<0>;
L_0x7fd1ddb0e060 .functor BUFT 1, C4<0>, C4<0>, C4<0>, C4<0>;
L_0x557b80b31e20 .functor NOT 1, L_0x7fd1ddb0e060, C4<0>, C4<0>, C4<0>;
v0x557b80ac9f70_0 .net *"_ivl_2", 0 0, L_0x557b80b31db0;  1 drivers
v0x557b80b2f950_0 .net *"_ivl_5", 0 0, L_0x557b80b31e20;  1 drivers
v0x557b80b2fa30_0 .net "clear", 0 0, L_0x7fd1ddb0e060;  1 drivers
v0x557b80b2fad0_0 .net "clk", 0 0, v0x557b80b31160_0;  alias, 1 drivers
v0x557b80b2fb90_0 .net "preset", 0 0, L_0x7fd1ddb0e018;  1 drivers
v0x557b80b2fca0_0 .var "q", 0 0;
v0x557b80b2fd60_0 .var "qnot", 0 0;
v0x557b80b2fe20_0 .net "t", 0 0, L_0x557b80b31ca0;  alias, 1 drivers
E_0x557b80b08a50/0 .event edge, L_0x557b80b31e20, L_0x557b80b31db0;
E_0x557b80b08a50/1 .event posedge, v0x557b80b2fad0_0;
E_0x557b80b08a50 .event/or E_0x557b80b08a50/0, E_0x557b80b08a50/1;
    .scope S_0x557b80ac9cf0;
T_0 ;
    %wait E_0x557b80b08a50;
    %load/vec4 v0x557b80b2fa30_0;
    %inv;
    %flag_set/vec4 8;
    %jmp/0xz  T_0.0, 8;
    %pushi/vec4 0, 0, 1;
    %assign/vec4 v0x557b80b2fca0_0, 0;
    %pushi/vec4 1, 0, 1;
    %assign/vec4 v0x557b80b2fd60_0, 0;
    %jmp T_0.1;
T_0.0 ;
    %load/vec4 v0x557b80b2fb90_0;
    %inv;
    %flag_set/vec4 8;
    %jmp/0xz  T_0.2, 8;
    %pushi/vec4 1, 0, 1;
    %assign/vec4 v0x557b80b2fca0_0, 0;
    %pushi/vec4 0, 0, 1;
    %assign/vec4 v0x557b80b2fd60_0, 0;
    %jmp T_0.3;
T_0.2 ;
    %load/vec4 v0x557b80b2fe20_0;
    %flag_set/vec4 8;
    %jmp/0xz  T_0.4, 8;
    %load/vec4 v0x557b80b2fca0_0;
    %inv;
    %assign/vec4 v0x557b80b2fca0_0, 0;
    %load/vec4 v0x557b80b2fd60_0;
    %inv;
    %assign/vec4 v0x557b80b2fd60_0, 0;
T_0.4 ;
T_0.3 ;
T_0.1 ;
    %jmp T_0;
    .thread T_0;
    .scope S_0x557b80b051b0;
T_1 ;
    %vpi_call 2 35 "$display", "           Simplificacao tb:\012 Time -  m -   a    b    c    d = out" {0 0 0};
    %end;
    .thread T_1;
    .scope S_0x557b80b051b0;
T_2 ;
    %pushi/vec4 0, 0, 1;
    %store/vec4 v0x557b80b31160_0, 0, 1;
T_2.0 ;
    %delay 5, 0;
    %load/vec4 v0x557b80b31160_0;
    %inv;
    %store/vec4 v0x557b80b31160_0, 0, 1;
    %jmp T_2.0;
    %end;
    .thread T_2;
    .scope S_0x557b80b051b0;
T_3 ;
    %vpi_call 2 47 "$monitor", "%4d  %4d  %4b %4b %4b %4b %4b", $time, v0x557b80b312f0_0, v0x557b80b30ea0_0, v0x557b80b30f90_0, v0x557b80b31060_0, v0x557b80b31200_0, v0x557b80b31390_0 {0 0 0};
    %pushi/vec4 0, 0, 32;
    %store/vec4 v0x557b80b312f0_0, 0, 32;
    %pushi/vec4 0, 0, 1;
    %store/vec4 v0x557b80b30ea0_0, 0, 1;
    %pushi/vec4 0, 0, 1;
    %store/vec4 v0x557b80b30f90_0, 0, 1;
    %pushi/vec4 0, 0, 1;
    %store/vec4 v0x557b80b31060_0, 0, 1;
    %pushi/vec4 0, 0, 1;
    %store/vec4 v0x557b80b31200_0, 0, 1;
    %delay 20, 0;
    %pushi/vec4 1, 0, 32;
    %store/vec4 v0x557b80b312f0_0, 0, 32;
    %pushi/vec4 0, 0, 1;
    %store/vec4 v0x557b80b30ea0_0, 0, 1;
    %pushi/vec4 0, 0, 1;
    %store/vec4 v0x557b80b30f90_0, 0, 1;
    %pushi/vec4 0, 0, 1;
    %store/vec4 v0x557b80b31060_0, 0, 1;
    %pushi/vec4 1, 0, 1;
    %store/vec4 v0x557b80b31200_0, 0, 1;
    %delay 20, 0;
    %pushi/vec4 2, 0, 32;
    %store/vec4 v0x557b80b312f0_0, 0, 32;
    %pushi/vec4 0, 0, 1;
    %store/vec4 v0x557b80b30ea0_0, 0, 1;
    %pushi/vec4 0, 0, 1;
    %store/vec4 v0x557b80b30f90_0, 0, 1;
    %pushi/vec4 1, 0, 1;
    %store/vec4 v0x557b80b31060_0, 0, 1;
    %pushi/vec4 0, 0, 1;
    %store/vec4 v0x557b80b31200_0, 0, 1;
    %delay 20, 0;
    %pushi/vec4 3, 0, 32;
    %store/vec4 v0x557b80b312f0_0, 0, 32;
    %pushi/vec4 0, 0, 1;
    %store/vec4 v0x557b80b30ea0_0, 0, 1;
    %pushi/vec4 0, 0, 1;
    %store/vec4 v0x557b80b30f90_0, 0, 1;
    %pushi/vec4 1, 0, 1;
    %store/vec4 v0x557b80b31060_0, 0, 1;
    %pushi/vec4 1, 0, 1;
    %store/vec4 v0x557b80b31200_0, 0, 1;
    %delay 20, 0;
    %pushi/vec4 4, 0, 32;
    %store/vec4 v0x557b80b312f0_0, 0, 32;
    %pushi/vec4 0, 0, 1;
    %store/vec4 v0x557b80b30ea0_0, 0, 1;
    %pushi/vec4 1, 0, 1;
    %store/vec4 v0x557b80b30f90_0, 0, 1;
    %pushi/vec4 0, 0, 1;
    %store/vec4 v0x557b80b31060_0, 0, 1;
    %pushi/vec4 0, 0, 1;
    %store/vec4 v0x557b80b31200_0, 0, 1;
    %delay 20, 0;
    %pushi/vec4 5, 0, 32;
    %store/vec4 v0x557b80b312f0_0, 0, 32;
    %pushi/vec4 0, 0, 1;
    %store/vec4 v0x557b80b30ea0_0, 0, 1;
    %pushi/vec4 1, 0, 1;
    %store/vec4 v0x557b80b30f90_0, 0, 1;
    %pushi/vec4 0, 0, 1;
    %store/vec4 v0x557b80b31060_0, 0, 1;
    %pushi/vec4 1, 0, 1;
    %store/vec4 v0x557b80b31200_0, 0, 1;
    %delay 20, 0;
    %pushi/vec4 6, 0, 32;
    %store/vec4 v0x557b80b312f0_0, 0, 32;
    %pushi/vec4 0, 0, 1;
    %store/vec4 v0x557b80b30ea0_0, 0, 1;
    %pushi/vec4 1, 0, 1;
    %store/vec4 v0x557b80b30f90_0, 0, 1;
    %pushi/vec4 1, 0, 1;
    %store/vec4 v0x557b80b31060_0, 0, 1;
    %pushi/vec4 0, 0, 1;
    %store/vec4 v0x557b80b31200_0, 0, 1;
    %delay 20, 0;
    %pushi/vec4 7, 0, 32;
    %store/vec4 v0x557b80b312f0_0, 0, 32;
    %pushi/vec4 0, 0, 1;
    %store/vec4 v0x557b80b30ea0_0, 0, 1;
    %pushi/vec4 1, 0, 1;
    %store/vec4 v0x557b80b30f90_0, 0, 1;
    %pushi/vec4 1, 0, 1;
    %store/vec4 v0x557b80b31060_0, 0, 1;
    %pushi/vec4 1, 0, 1;
    %store/vec4 v0x557b80b31200_0, 0, 1;
    %delay 20, 0;
    %pushi/vec4 8, 0, 32;
    %store/vec4 v0x557b80b312f0_0, 0, 32;
    %pushi/vec4 1, 0, 1;
    %store/vec4 v0x557b80b30ea0_0, 0, 1;
    %pushi/vec4 0, 0, 1;
    %store/vec4 v0x557b80b30f90_0, 0, 1;
    %pushi/vec4 0, 0, 1;
    %store/vec4 v0x557b80b31060_0, 0, 1;
    %pushi/vec4 0, 0, 1;
    %store/vec4 v0x557b80b31200_0, 0, 1;
    %delay 20, 0;
    %pushi/vec4 9, 0, 32;
    %store/vec4 v0x557b80b312f0_0, 0, 32;
    %pushi/vec4 1, 0, 1;
    %store/vec4 v0x557b80b30ea0_0, 0, 1;
    %pushi/vec4 0, 0, 1;
    %store/vec4 v0x557b80b30f90_0, 0, 1;
    %pushi/vec4 0, 0, 1;
    %store/vec4 v0x557b80b31060_0, 0, 1;
    %pushi/vec4 1, 0, 1;
    %store/vec4 v0x557b80b31200_0, 0, 1;
    %delay 20, 0;
    %pushi/vec4 10, 0, 32;
    %store/vec4 v0x557b80b312f0_0, 0, 32;
    %pushi/vec4 1, 0, 1;
    %store/vec4 v0x557b80b30ea0_0, 0, 1;
    %pushi/vec4 0, 0, 1;
    %store/vec4 v0x557b80b30f90_0, 0, 1;
    %pushi/vec4 1, 0, 1;
    %store/vec4 v0x557b80b31060_0, 0, 1;
    %pushi/vec4 0, 0, 1;
    %store/vec4 v0x557b80b31200_0, 0, 1;
    %delay 20, 0;
    %pushi/vec4 11, 0, 32;
    %store/vec4 v0x557b80b312f0_0, 0, 32;
    %pushi/vec4 1, 0, 1;
    %store/vec4 v0x557b80b30ea0_0, 0, 1;
    %pushi/vec4 0, 0, 1;
    %store/vec4 v0x557b80b30f90_0, 0, 1;
    %pushi/vec4 1, 0, 1;
    %store/vec4 v0x557b80b31060_0, 0, 1;
    %pushi/vec4 1, 0, 1;
    %store/vec4 v0x557b80b31200_0, 0, 1;
    %delay 20, 0;
    %pushi/vec4 12, 0, 32;
    %store/vec4 v0x557b80b312f0_0, 0, 32;
    %pushi/vec4 1, 0, 1;
    %store/vec4 v0x557b80b30ea0_0, 0, 1;
    %pushi/vec4 1, 0, 1;
    %store/vec4 v0x557b80b30f90_0, 0, 1;
    %pushi/vec4 0, 0, 1;
    %store/vec4 v0x557b80b31060_0, 0, 1;
    %pushi/vec4 0, 0, 1;
    %store/vec4 v0x557b80b31200_0, 0, 1;
    %delay 20, 0;
    %pushi/vec4 13, 0, 32;
    %store/vec4 v0x557b80b312f0_0, 0, 32;
    %pushi/vec4 1, 0, 1;
    %store/vec4 v0x557b80b30ea0_0, 0, 1;
    %pushi/vec4 1, 0, 1;
    %store/vec4 v0x557b80b30f90_0, 0, 1;
    %pushi/vec4 0, 0, 1;
    %store/vec4 v0x557b80b31060_0, 0, 1;
    %pushi/vec4 1, 0, 1;
    %store/vec4 v0x557b80b31200_0, 0, 1;
    %delay 20, 0;
    %pushi/vec4 14, 0, 32;
    %store/vec4 v0x557b80b312f0_0, 0, 32;
    %pushi/vec4 1, 0, 1;
    %store/vec4 v0x557b80b30ea0_0, 0, 1;
    %pushi/vec4 1, 0, 1;
    %store/vec4 v0x557b80b30f90_0, 0, 1;
    %pushi/vec4 1, 0, 1;
    %store/vec4 v0x557b80b31060_0, 0, 1;
    %pushi/vec4 0, 0, 1;
    %store/vec4 v0x557b80b31200_0, 0, 1;
    %delay 20, 0;
    %pushi/vec4 15, 0, 32;
    %store/vec4 v0x557b80b312f0_0, 0, 32;
    %pushi/vec4 1, 0, 1;
    %store/vec4 v0x557b80b30ea0_0, 0, 1;
    %pushi/vec4 1, 0, 1;
    %store/vec4 v0x557b80b30f90_0, 0, 1;
    %pushi/vec4 1, 0, 1;
    %store/vec4 v0x557b80b31060_0, 0, 1;
    %pushi/vec4 1, 0, 1;
    %store/vec4 v0x557b80b31200_0, 0, 1;
    %delay 10, 0;
    %vpi_call 2 66 "$finish" {0 0 0};
    %end;
    .thread T_3;
# The file index is used to find the file name in the following table.
:file_names 4;
    "N/A";
    "<interactive>";
    "R02a_Tb.v";
    "./Flip_Flop_T.v";
