#! /usr/bin/vvp
:ivl_version "11.0 (stable)";
:ivl_delay_selection "TYPICAL";
:vpi_time_precision + 0;
:vpi_module "/usr/lib/x86_64-linux-gnu/ivl/system.vpi";
:vpi_module "/usr/lib/x86_64-linux-gnu/ivl/vhdl_sys.vpi";
:vpi_module "/usr/lib/x86_64-linux-gnu/ivl/vhdl_textio.vpi";
:vpi_module "/usr/lib/x86_64-linux-gnu/ivl/v2005_math.vpi";
:vpi_module "/usr/lib/x86_64-linux-gnu/ivl/va_math.vpi";
S_0x557cb86e2140 .scope module, "R02a_Db" "R02a_Db" 2 27;
 .timescale 0 0;
v0x557cb8711690_0 .var "a", 0 0;
v0x557cb8711780_0 .var "b", 0 0;
v0x557cb8711850_0 .var "c", 0 0;
v0x557cb8711950_0 .var "clk", 0 0;
v0x557cb87119f0_0 .var "d", 0 0;
v0x557cb8711ae0_0 .var/i "m", 31 0;
v0x557cb8711b80_0 .net "out", 0 0, v0x557cb870fe80_0;  1 drivers
S_0x557cb86a3cf0 .scope module, "Db" "SimplificacaoDb" 2 33, 2 17 0, S_0x557cb86e2140;
 .timescale 0 0;
    .port_info 0 /OUTPUT 1 "Qa";
    .port_info 1 /INPUT 1 "clk";
    .port_info 2 /INPUT 1 "A";
    .port_info 3 /INPUT 1 "B";
    .port_info 4 /INPUT 1 "C";
    .port_info 5 /INPUT 1 "D";
L_0x557cb87123a0 .functor OR 1, v0x557cb8711850_0, v0x557cb87119f0_0, C4<0>, C4<0>;
L_0x557cb87124d0 .functor OR 1, v0x557cb8711690_0, v0x557cb8711780_0, C4<0>, C4<0>;
L_0x557cb8712600 .functor OR 1, L_0x557cb87124d0, v0x557cb8711850_0, C4<0>, C4<0>;
L_0x557cb87126c0 .functor AND 1, L_0x557cb87123a0, L_0x557cb8712600, C4<1>, C4<1>;
L_0x557cb8712800 .functor NOT 1, v0x557cb8711690_0, C4<0>, C4<0>, C4<0>;
L_0x557cb8712870 .functor OR 1, L_0x557cb8712800, v0x557cb8711780_0, C4<0>, C4<0>;
L_0x557cb8712970 .functor OR 1, L_0x557cb8712870, v0x557cb8711850_0, C4<0>, C4<0>;
L_0x557cb8712a30 .functor AND 1, L_0x557cb87126c0, L_0x557cb8712970, C4<1>, C4<1>;
L_0x557cb8712b40 .functor NOT 1, v0x557cb8711780_0, C4<0>, C4<0>, C4<0>;
L_0x557cb8712bb0 .functor NOT 1, v0x557cb8711850_0, C4<0>, C4<0>, C4<0>;
L_0x557cb8712c80 .functor OR 1, L_0x557cb8712b40, L_0x557cb8712bb0, C4<0>, C4<0>;
L_0x557cb8712cf0 .functor NOT 1, v0x557cb87119f0_0, C4<0>, C4<0>, C4<0>;
L_0x557cb8712dd0 .functor OR 1, L_0x557cb8712c80, L_0x557cb8712cf0, C4<0>, C4<0>;
L_0x557cb8712ee0 .functor AND 1, L_0x557cb8712a30, L_0x557cb8712dd0, C4<1>, C4<1>;
L_0x557cb8712d60 .functor NOT 1, v0x557cb8711690_0, C4<0>, C4<0>, C4<0>;
L_0x557cb8713100 .functor OR 1, L_0x557cb8712d60, v0x557cb8711780_0, C4<0>, C4<0>;
L_0x557cb8713200 .functor OR 1, L_0x557cb8713100, v0x557cb87119f0_0, C4<0>, C4<0>;
L_0x557cb8713350 .functor AND 1, L_0x557cb8712ee0, L_0x557cb8713200, C4<1>, C4<1>;
v0x557cb8710110_0 .net "A", 0 0, v0x557cb8711690_0;  1 drivers
v0x557cb87101f0_0 .net "B", 0 0, v0x557cb8711780_0;  1 drivers
v0x557cb87102b0_0 .net "C", 0 0, v0x557cb8711850_0;  1 drivers
v0x557cb8710350_0 .net "D", 0 0, v0x557cb87119f0_0;  1 drivers
v0x557cb8710410_0 .net "QNot_a", 0 0, v0x557cb870ff90_0;  1 drivers
v0x557cb8710500_0 .net "Qa", 0 0, v0x557cb870fe80_0;  alias, 1 drivers
v0x557cb87105d0_0 .net *"_ivl_0", 0 0, L_0x557cb87123a0;  1 drivers
v0x557cb8710670_0 .net *"_ivl_10", 0 0, L_0x557cb8712870;  1 drivers
v0x557cb8710750_0 .net *"_ivl_12", 0 0, L_0x557cb8712970;  1 drivers
v0x557cb8710830_0 .net *"_ivl_14", 0 0, L_0x557cb8712a30;  1 drivers
v0x557cb8710910_0 .net *"_ivl_16", 0 0, L_0x557cb8712b40;  1 drivers
v0x557cb87109f0_0 .net *"_ivl_18", 0 0, L_0x557cb8712bb0;  1 drivers
v0x557cb8710ad0_0 .net *"_ivl_2", 0 0, L_0x557cb87124d0;  1 drivers
v0x557cb8710bb0_0 .net *"_ivl_20", 0 0, L_0x557cb8712c80;  1 drivers
v0x557cb8710c90_0 .net *"_ivl_22", 0 0, L_0x557cb8712cf0;  1 drivers
v0x557cb8710d70_0 .net *"_ivl_24", 0 0, L_0x557cb8712dd0;  1 drivers
v0x557cb8710e50_0 .net *"_ivl_26", 0 0, L_0x557cb8712ee0;  1 drivers
v0x557cb8710f30_0 .net *"_ivl_28", 0 0, L_0x557cb8712d60;  1 drivers
v0x557cb8711010_0 .net *"_ivl_30", 0 0, L_0x557cb8713100;  1 drivers
v0x557cb87110f0_0 .net *"_ivl_32", 0 0, L_0x557cb8713200;  1 drivers
v0x557cb87111d0_0 .net *"_ivl_4", 0 0, L_0x557cb8712600;  1 drivers
v0x557cb87112b0_0 .net *"_ivl_6", 0 0, L_0x557cb87126c0;  1 drivers
v0x557cb8711390_0 .net *"_ivl_8", 0 0, L_0x557cb8712800;  1 drivers
v0x557cb8711470_0 .net "clk", 0 0, v0x557cb8711950_0;  1 drivers
v0x557cb8711540_0 .net "simp", 0 0, L_0x557cb8713350;  1 drivers
S_0x557cb86a3f70 .scope module, "Flip_Flop_Db" "dff" 2 23, 3 13 0, S_0x557cb86a3cf0;
 .timescale 0 0;
    .port_info 0 /OUTPUT 1 "q";
    .port_info 1 /OUTPUT 1 "qnot";
    .port_info 2 /INPUT 1 "d";
    .port_info 3 /INPUT 1 "clk";
    .port_info 4 /INPUT 1 "preset";
    .port_info 5 /INPUT 1 "clear";
L_0x7f5ab192b060 .functor BUFT 1, C4<0>, C4<0>, C4<0>, C4<0>;
v0x557cb86e33c0_0 .net "clear", 0 0, L_0x7f5ab192b060;  1 drivers
v0x557cb870fc60_0 .net "clk", 0 0, v0x557cb8711950_0;  alias, 1 drivers
v0x557cb870fd20_0 .net "d", 0 0, L_0x557cb8713350;  alias, 1 drivers
L_0x7f5ab192b018 .functor BUFT 1, C4<0>, C4<0>, C4<0>, C4<0>;
v0x557cb870fdc0_0 .net "preset", 0 0, L_0x7f5ab192b018;  1 drivers
v0x557cb870fe80_0 .var "q", 0 0;
v0x557cb870ff90_0 .var "qnot", 0 0;
E_0x557cb86c7a30 .event posedge, v0x557cb870fc60_0;
S_0x557cb86e22d0 .scope module, "tff" "tff" 4 12;
 .timescale 0 0;
    .port_info 0 /OUTPUT 1 "q";
    .port_info 1 /OUTPUT 1 "qnot";
    .port_info 2 /INPUT 1 "t";
    .port_info 3 /INPUT 1 "clk";
    .port_info 4 /INPUT 1 "preset";
    .port_info 5 /INPUT 1 "clear";
o0x7f5ab1974858 .functor BUFZ 1, C4<z>; HiZ drive
L_0x557cb8713500 .functor NOT 1, o0x7f5ab1974858, C4<0>, C4<0>, C4<0>;
o0x7f5ab19747f8 .functor BUFZ 1, C4<z>; HiZ drive
L_0x557cb8713570 .functor NOT 1, o0x7f5ab19747f8, C4<0>, C4<0>, C4<0>;
v0x557cb8711c90_0 .net *"_ivl_2", 0 0, L_0x557cb8713500;  1 drivers
v0x557cb8711d50_0 .net *"_ivl_5", 0 0, L_0x557cb8713570;  1 drivers
v0x557cb8711e30_0 .net "clear", 0 0, o0x7f5ab19747f8;  0 drivers
o0x7f5ab1974828 .functor BUFZ 1, C4<z>; HiZ drive
v0x557cb8711ed0_0 .net "clk", 0 0, o0x7f5ab1974828;  0 drivers
v0x557cb8711f90_0 .net "preset", 0 0, o0x7f5ab1974858;  0 drivers
v0x557cb87120a0_0 .var "q", 0 0;
v0x557cb8712160_0 .var "qnot", 0 0;
o0x7f5ab19748e8 .functor BUFZ 1, C4<z>; HiZ drive
v0x557cb8712220_0 .net "t", 0 0, o0x7f5ab19748e8;  0 drivers
E_0x557cb86e5d30/0 .event edge, L_0x557cb8713570, L_0x557cb8713500;
E_0x557cb86e5d30/1 .event posedge, v0x557cb8711ed0_0;
E_0x557cb86e5d30 .event/or E_0x557cb86e5d30/0, E_0x557cb86e5d30/1;
    .scope S_0x557cb86a3f70;
T_0 ;
    %wait E_0x557cb86c7a30;
    %load/vec4 v0x557cb86e33c0_0;
    %flag_set/vec4 8;
    %jmp/0xz  T_0.0, 8;
    %pushi/vec4 0, 0, 1;
    %assign/vec4 v0x557cb870fe80_0, 0;
    %pushi/vec4 1, 0, 1;
    %assign/vec4 v0x557cb870ff90_0, 0;
    %jmp T_0.1;
T_0.0 ;
    %load/vec4 v0x557cb870fdc0_0;
    %flag_set/vec4 8;
    %jmp/0xz  T_0.2, 8;
    %pushi/vec4 1, 0, 1;
    %assign/vec4 v0x557cb870fe80_0, 0;
    %pushi/vec4 0, 0, 1;
    %assign/vec4 v0x557cb870ff90_0, 0;
    %jmp T_0.3;
T_0.2 ;
    %load/vec4 v0x557cb870fd20_0;
    %assign/vec4 v0x557cb870fe80_0, 0;
    %load/vec4 v0x557cb870fd20_0;
    %inv;
    %assign/vec4 v0x557cb870ff90_0, 0;
T_0.3 ;
T_0.1 ;
    %jmp T_0;
    .thread T_0;
    .scope S_0x557cb86e2140;
T_1 ;
    %vpi_call 2 36 "$display", "           Simplificacao Db:\012 Time -  m -   a    b    c    d = out" {0 0 0};
    %end;
    .thread T_1;
    .scope S_0x557cb86e2140;
T_2 ;
    %pushi/vec4 0, 0, 1;
    %store/vec4 v0x557cb8711950_0, 0, 1;
T_2.0 ;
    %delay 5, 0;
    %load/vec4 v0x557cb8711950_0;
    %inv;
    %store/vec4 v0x557cb8711950_0, 0, 1;
    %jmp T_2.0;
    %end;
    .thread T_2;
    .scope S_0x557cb86e2140;
T_3 ;
    %vpi_call 2 48 "$monitor", "%4d  %4d  %4b %4b %4b %4b %4b", $time, v0x557cb8711ae0_0, v0x557cb8711690_0, v0x557cb8711780_0, v0x557cb8711850_0, v0x557cb87119f0_0, v0x557cb8711b80_0 {0 0 0};
    %pushi/vec4 0, 0, 32;
    %store/vec4 v0x557cb8711ae0_0, 0, 32;
    %pushi/vec4 0, 0, 1;
    %store/vec4 v0x557cb8711690_0, 0, 1;
    %pushi/vec4 0, 0, 1;
    %store/vec4 v0x557cb8711780_0, 0, 1;
    %pushi/vec4 0, 0, 1;
    %store/vec4 v0x557cb8711850_0, 0, 1;
    %pushi/vec4 0, 0, 1;
    %store/vec4 v0x557cb87119f0_0, 0, 1;
    %delay 10, 0;
    %pushi/vec4 1, 0, 32;
    %store/vec4 v0x557cb8711ae0_0, 0, 32;
    %pushi/vec4 0, 0, 1;
    %store/vec4 v0x557cb8711690_0, 0, 1;
    %pushi/vec4 0, 0, 1;
    %store/vec4 v0x557cb8711780_0, 0, 1;
    %pushi/vec4 0, 0, 1;
    %store/vec4 v0x557cb8711850_0, 0, 1;
    %pushi/vec4 1, 0, 1;
    %store/vec4 v0x557cb87119f0_0, 0, 1;
    %delay 10, 0;
    %pushi/vec4 2, 0, 32;
    %store/vec4 v0x557cb8711ae0_0, 0, 32;
    %pushi/vec4 0, 0, 1;
    %store/vec4 v0x557cb8711690_0, 0, 1;
    %pushi/vec4 0, 0, 1;
    %store/vec4 v0x557cb8711780_0, 0, 1;
    %pushi/vec4 1, 0, 1;
    %store/vec4 v0x557cb8711850_0, 0, 1;
    %pushi/vec4 0, 0, 1;
    %store/vec4 v0x557cb87119f0_0, 0, 1;
    %delay 10, 0;
    %pushi/vec4 3, 0, 32;
    %store/vec4 v0x557cb8711ae0_0, 0, 32;
    %pushi/vec4 0, 0, 1;
    %store/vec4 v0x557cb8711690_0, 0, 1;
    %pushi/vec4 0, 0, 1;
    %store/vec4 v0x557cb8711780_0, 0, 1;
    %pushi/vec4 1, 0, 1;
    %store/vec4 v0x557cb8711850_0, 0, 1;
    %pushi/vec4 1, 0, 1;
    %store/vec4 v0x557cb87119f0_0, 0, 1;
    %delay 10, 0;
    %pushi/vec4 4, 0, 32;
    %store/vec4 v0x557cb8711ae0_0, 0, 32;
    %pushi/vec4 0, 0, 1;
    %store/vec4 v0x557cb8711690_0, 0, 1;
    %pushi/vec4 1, 0, 1;
    %store/vec4 v0x557cb8711780_0, 0, 1;
    %pushi/vec4 0, 0, 1;
    %store/vec4 v0x557cb8711850_0, 0, 1;
    %pushi/vec4 0, 0, 1;
    %store/vec4 v0x557cb87119f0_0, 0, 1;
    %delay 10, 0;
    %pushi/vec4 5, 0, 32;
    %store/vec4 v0x557cb8711ae0_0, 0, 32;
    %pushi/vec4 0, 0, 1;
    %store/vec4 v0x557cb8711690_0, 0, 1;
    %pushi/vec4 1, 0, 1;
    %store/vec4 v0x557cb8711780_0, 0, 1;
    %pushi/vec4 0, 0, 1;
    %store/vec4 v0x557cb8711850_0, 0, 1;
    %pushi/vec4 1, 0, 1;
    %store/vec4 v0x557cb87119f0_0, 0, 1;
    %delay 10, 0;
    %pushi/vec4 6, 0, 32;
    %store/vec4 v0x557cb8711ae0_0, 0, 32;
    %pushi/vec4 0, 0, 1;
    %store/vec4 v0x557cb8711690_0, 0, 1;
    %pushi/vec4 1, 0, 1;
    %store/vec4 v0x557cb8711780_0, 0, 1;
    %pushi/vec4 1, 0, 1;
    %store/vec4 v0x557cb8711850_0, 0, 1;
    %pushi/vec4 0, 0, 1;
    %store/vec4 v0x557cb87119f0_0, 0, 1;
    %delay 10, 0;
    %pushi/vec4 7, 0, 32;
    %store/vec4 v0x557cb8711ae0_0, 0, 32;
    %pushi/vec4 0, 0, 1;
    %store/vec4 v0x557cb8711690_0, 0, 1;
    %pushi/vec4 1, 0, 1;
    %store/vec4 v0x557cb8711780_0, 0, 1;
    %pushi/vec4 1, 0, 1;
    %store/vec4 v0x557cb8711850_0, 0, 1;
    %pushi/vec4 1, 0, 1;
    %store/vec4 v0x557cb87119f0_0, 0, 1;
    %delay 10, 0;
    %pushi/vec4 8, 0, 32;
    %store/vec4 v0x557cb8711ae0_0, 0, 32;
    %pushi/vec4 1, 0, 1;
    %store/vec4 v0x557cb8711690_0, 0, 1;
    %pushi/vec4 0, 0, 1;
    %store/vec4 v0x557cb8711780_0, 0, 1;
    %pushi/vec4 0, 0, 1;
    %store/vec4 v0x557cb8711850_0, 0, 1;
    %pushi/vec4 0, 0, 1;
    %store/vec4 v0x557cb87119f0_0, 0, 1;
    %delay 10, 0;
    %pushi/vec4 9, 0, 32;
    %store/vec4 v0x557cb8711ae0_0, 0, 32;
    %pushi/vec4 1, 0, 1;
    %store/vec4 v0x557cb8711690_0, 0, 1;
    %pushi/vec4 0, 0, 1;
    %store/vec4 v0x557cb8711780_0, 0, 1;
    %pushi/vec4 0, 0, 1;
    %store/vec4 v0x557cb8711850_0, 0, 1;
    %pushi/vec4 1, 0, 1;
    %store/vec4 v0x557cb87119f0_0, 0, 1;
    %delay 10, 0;
    %pushi/vec4 10, 0, 32;
    %store/vec4 v0x557cb8711ae0_0, 0, 32;
    %pushi/vec4 1, 0, 1;
    %store/vec4 v0x557cb8711690_0, 0, 1;
    %pushi/vec4 0, 0, 1;
    %store/vec4 v0x557cb8711780_0, 0, 1;
    %pushi/vec4 1, 0, 1;
    %store/vec4 v0x557cb8711850_0, 0, 1;
    %pushi/vec4 0, 0, 1;
    %store/vec4 v0x557cb87119f0_0, 0, 1;
    %delay 10, 0;
    %pushi/vec4 11, 0, 32;
    %store/vec4 v0x557cb8711ae0_0, 0, 32;
    %pushi/vec4 1, 0, 1;
    %store/vec4 v0x557cb8711690_0, 0, 1;
    %pushi/vec4 0, 0, 1;
    %store/vec4 v0x557cb8711780_0, 0, 1;
    %pushi/vec4 1, 0, 1;
    %store/vec4 v0x557cb8711850_0, 0, 1;
    %pushi/vec4 1, 0, 1;
    %store/vec4 v0x557cb87119f0_0, 0, 1;
    %delay 10, 0;
    %pushi/vec4 12, 0, 32;
    %store/vec4 v0x557cb8711ae0_0, 0, 32;
    %pushi/vec4 1, 0, 1;
    %store/vec4 v0x557cb8711690_0, 0, 1;
    %pushi/vec4 1, 0, 1;
    %store/vec4 v0x557cb8711780_0, 0, 1;
    %pushi/vec4 0, 0, 1;
    %store/vec4 v0x557cb8711850_0, 0, 1;
    %pushi/vec4 0, 0, 1;
    %store/vec4 v0x557cb87119f0_0, 0, 1;
    %delay 10, 0;
    %pushi/vec4 13, 0, 32;
    %store/vec4 v0x557cb8711ae0_0, 0, 32;
    %pushi/vec4 1, 0, 1;
    %store/vec4 v0x557cb8711690_0, 0, 1;
    %pushi/vec4 1, 0, 1;
    %store/vec4 v0x557cb8711780_0, 0, 1;
    %pushi/vec4 0, 0, 1;
    %store/vec4 v0x557cb8711850_0, 0, 1;
    %pushi/vec4 1, 0, 1;
    %store/vec4 v0x557cb87119f0_0, 0, 1;
    %delay 10, 0;
    %pushi/vec4 14, 0, 32;
    %store/vec4 v0x557cb8711ae0_0, 0, 32;
    %pushi/vec4 1, 0, 1;
    %store/vec4 v0x557cb8711690_0, 0, 1;
    %pushi/vec4 1, 0, 1;
    %store/vec4 v0x557cb8711780_0, 0, 1;
    %pushi/vec4 1, 0, 1;
    %store/vec4 v0x557cb8711850_0, 0, 1;
    %pushi/vec4 0, 0, 1;
    %store/vec4 v0x557cb87119f0_0, 0, 1;
    %delay 10, 0;
    %pushi/vec4 15, 0, 32;
    %store/vec4 v0x557cb8711ae0_0, 0, 32;
    %pushi/vec4 1, 0, 1;
    %store/vec4 v0x557cb8711690_0, 0, 1;
    %pushi/vec4 1, 0, 1;
    %store/vec4 v0x557cb8711780_0, 0, 1;
    %pushi/vec4 1, 0, 1;
    %store/vec4 v0x557cb8711850_0, 0, 1;
    %pushi/vec4 1, 0, 1;
    %store/vec4 v0x557cb87119f0_0, 0, 1;
    %delay 10, 0;
    %vpi_call 2 67 "$finish" {0 0 0};
    %end;
    .thread T_3;
    .scope S_0x557cb86e22d0;
T_4 ;
    %wait E_0x557cb86e5d30;
    %load/vec4 v0x557cb8711e30_0;
    %inv;
    %flag_set/vec4 8;
    %jmp/0xz  T_4.0, 8;
    %pushi/vec4 0, 0, 1;
    %assign/vec4 v0x557cb87120a0_0, 0;
    %pushi/vec4 1, 0, 1;
    %assign/vec4 v0x557cb8712160_0, 0;
    %jmp T_4.1;
T_4.0 ;
    %load/vec4 v0x557cb8711f90_0;
    %inv;
    %flag_set/vec4 8;
    %jmp/0xz  T_4.2, 8;
    %pushi/vec4 1, 0, 1;
    %assign/vec4 v0x557cb87120a0_0, 0;
    %pushi/vec4 0, 0, 1;
    %assign/vec4 v0x557cb8712160_0, 0;
    %jmp T_4.3;
T_4.2 ;
    %load/vec4 v0x557cb8712220_0;
    %flag_set/vec4 8;
    %jmp/0xz  T_4.4, 8;
    %load/vec4 v0x557cb87120a0_0;
    %inv;
    %assign/vec4 v0x557cb87120a0_0, 0;
    %load/vec4 v0x557cb8712160_0;
    %inv;
    %assign/vec4 v0x557cb8712160_0, 0;
T_4.4 ;
T_4.3 ;
T_4.1 ;
    %jmp T_4;
    .thread T_4;
# The file index is used to find the file name in the following table.
:file_names 5;
    "N/A";
    "<interactive>";
    "R02a_Db.v";
    "./Flip_Flop_D.v";
    "./Flip_Flop_T.v";
