#! /usr/bin/vvp
:ivl_version "11.0 (stable)";
:ivl_delay_selection "TYPICAL";
:vpi_time_precision + 0;
:vpi_module "/usr/lib/x86_64-linux-gnu/ivl/system.vpi";
:vpi_module "/usr/lib/x86_64-linux-gnu/ivl/vhdl_sys.vpi";
:vpi_module "/usr/lib/x86_64-linux-gnu/ivl/vhdl_textio.vpi";
:vpi_module "/usr/lib/x86_64-linux-gnu/ivl/v2005_math.vpi";
:vpi_module "/usr/lib/x86_64-linux-gnu/ivl/va_math.vpi";
S_0x55ab852b9920 .scope module, "test_ContadorSincronoCrescente" "test_ContadorSincronoCrescente" 2 14;
 .timescale 0 0;
v0x55ab852db500_0 .var "clear", 0 0;
v0x55ab852db5f0_0 .var "clk", 0 0;
v0x55ab852db690_0 .var "in1", 0 0;
v0x55ab852db760_0 .net "out_a", 0 0, v0x55ab852da8f0_0;  1 drivers
v0x55ab852db800_0 .net "out_b", 0 0, v0x55ab852d9e80_0;  1 drivers
v0x55ab852db8f0_0 .net "out_c", 0 0, v0x55ab852d9480_0;  1 drivers
v0x55ab852db990_0 .var "pulse", 0 0;
S_0x55ab852b9ab0 .scope module, "contador" "ContadorSincronoCrescente" 2 22, 3 14 0, S_0x55ab852b9920;
 .timescale 0 0;
    .port_info 0 /OUTPUT 1 "Qc";
    .port_info 1 /OUTPUT 1 "Qb";
    .port_info 2 /OUTPUT 1 "Qa";
    .port_info 3 /INPUT 1 "pulse";
    .port_info 4 /INPUT 1 "clk";
    .port_info 5 /INPUT 1 "clr";
L_0x55ab852a9b70 .functor NAND 1, v0x55ab852d9480_0, v0x55ab852d9e80_0, v0x55ab852da8f0_0, C4<1>;
L_0x55ab852dbb10 .functor NAND 1, v0x55ab852db500_0, L_0x55ab852a9b70, C4<1>, C4<1>;
L_0x55ab852dbee0 .functor AND 1, v0x55ab852d9480_0, v0x55ab852d9e80_0, C4<1>, C4<1>;
v0x55ab852dac30_0 .net "QNot_a", 0 0, v0x55ab852d9540_0;  1 drivers
v0x55ab852dacf0_0 .net "QNot_b", 0 0, v0x55ab852d9f20_0;  1 drivers
v0x55ab852dad90_0 .net "QNot_c", 0 0, v0x55ab852da9b0_0;  1 drivers
v0x55ab852dae60_0 .net "Qa", 0 0, v0x55ab852d9480_0;  alias, 1 drivers
v0x55ab852daf50_0 .net "Qb", 0 0, v0x55ab852d9e80_0;  alias, 1 drivers
v0x55ab852db040_0 .net "Qc", 0 0, v0x55ab852da8f0_0;  alias, 1 drivers
v0x55ab852db0e0_0 .net "and1", 0 0, L_0x55ab852dbee0;  1 drivers
v0x55ab852db1b0_0 .net "clk", 0 0, v0x55ab852db5f0_0;  1 drivers
v0x55ab852db250_0 .net "clr", 0 0, v0x55ab852db500_0;  1 drivers
v0x55ab852db2f0_0 .net "nand1", 0 0, L_0x55ab852a9b70;  1 drivers
v0x55ab852db390_0 .net "nand2", 0 0, L_0x55ab852dbb10;  1 drivers
v0x55ab852db430_0 .net "pulse", 0 0, v0x55ab852db990_0;  1 drivers
S_0x55ab8527acf0 .scope module, "Flip_Flop_T_a" "tff" 3 26, 4 12 0, S_0x55ab852b9ab0;
 .timescale 0 0;
    .port_info 0 /OUTPUT 1 "q";
    .port_info 1 /OUTPUT 1 "qnot";
    .port_info 2 /INPUT 1 "t";
    .port_info 3 /INPUT 1 "clk";
    .port_info 4 /INPUT 1 "preset";
    .port_info 5 /INPUT 1 "clear";
L_0x7f03c48f6018 .functor BUFT 1, C4<0>, C4<0>, C4<0>, C4<0>;
L_0x55ab852dbc10 .functor NOT 1, L_0x7f03c48f6018, C4<0>, C4<0>, C4<0>;
L_0x55ab852dbca0 .functor NOT 1, L_0x55ab852dbb10, C4<0>, C4<0>, C4<0>;
v0x55ab8527af70_0 .net *"_ivl_2", 0 0, L_0x55ab852dbc10;  1 drivers
v0x55ab852d9130_0 .net *"_ivl_5", 0 0, L_0x55ab852dbca0;  1 drivers
v0x55ab852d9210_0 .net "clear", 0 0, L_0x55ab852dbb10;  alias, 1 drivers
v0x55ab852d92b0_0 .net "clk", 0 0, v0x55ab852db5f0_0;  alias, 1 drivers
v0x55ab852d9370_0 .net "preset", 0 0, L_0x7f03c48f6018;  1 drivers
v0x55ab852d9480_0 .var "q", 0 0;
v0x55ab852d9540_0 .var "qnot", 0 0;
v0x55ab852d9600_0 .net "t", 0 0, v0x55ab852db990_0;  alias, 1 drivers
E_0x55ab8529ea10/0 .event edge, L_0x55ab852dbca0, L_0x55ab852dbc10;
E_0x55ab8529ea10/1 .event posedge, v0x55ab852d92b0_0;
E_0x55ab8529ea10 .event/or E_0x55ab8529ea10/0, E_0x55ab8529ea10/1;
S_0x55ab852d9780 .scope module, "Flip_Flop_T_b" "tff" 3 27, 4 12 0, S_0x55ab852b9ab0;
 .timescale 0 0;
    .port_info 0 /OUTPUT 1 "q";
    .port_info 1 /OUTPUT 1 "qnot";
    .port_info 2 /INPUT 1 "t";
    .port_info 3 /INPUT 1 "clk";
    .port_info 4 /INPUT 1 "preset";
    .port_info 5 /INPUT 1 "clear";
L_0x7f03c48f6060 .functor BUFT 1, C4<0>, C4<0>, C4<0>, C4<0>;
L_0x55ab852dbd60 .functor NOT 1, L_0x7f03c48f6060, C4<0>, C4<0>, C4<0>;
L_0x55ab852dbdf0 .functor NOT 1, L_0x55ab852dbb10, C4<0>, C4<0>, C4<0>;
v0x55ab852d9a40_0 .net *"_ivl_2", 0 0, L_0x55ab852dbd60;  1 drivers
v0x55ab852d9b40_0 .net *"_ivl_5", 0 0, L_0x55ab852dbdf0;  1 drivers
v0x55ab852d9c20_0 .net "clear", 0 0, L_0x55ab852dbb10;  alias, 1 drivers
v0x55ab852d9cc0_0 .net "clk", 0 0, v0x55ab852db5f0_0;  alias, 1 drivers
v0x55ab852d9d90_0 .net "preset", 0 0, L_0x7f03c48f6060;  1 drivers
v0x55ab852d9e80_0 .var "q", 0 0;
v0x55ab852d9f20_0 .var "qnot", 0 0;
v0x55ab852d9fc0_0 .net "t", 0 0, v0x55ab852d9480_0;  alias, 1 drivers
E_0x55ab852ac910/0 .event edge, L_0x55ab852dbdf0, L_0x55ab852dbd60;
E_0x55ab852ac910/1 .event posedge, v0x55ab852d92b0_0;
E_0x55ab852ac910 .event/or E_0x55ab852ac910/0, E_0x55ab852ac910/1;
S_0x55ab852da100 .scope module, "Flip_Flop_T_c" "tff" 3 31, 4 12 0, S_0x55ab852b9ab0;
 .timescale 0 0;
    .port_info 0 /OUTPUT 1 "q";
    .port_info 1 /OUTPUT 1 "qnot";
    .port_info 2 /INPUT 1 "t";
    .port_info 3 /INPUT 1 "clk";
    .port_info 4 /INPUT 1 "preset";
    .port_info 5 /INPUT 1 "clear";
L_0x7f03c48f60a8 .functor BUFT 1, C4<0>, C4<0>, C4<0>, C4<0>;
L_0x55ab852dc030 .functor NOT 1, L_0x7f03c48f60a8, C4<0>, C4<0>, C4<0>;
L_0x55ab852dc0c0 .functor NOT 1, L_0x55ab852dbb10, C4<0>, C4<0>, C4<0>;
v0x55ab852da410_0 .net *"_ivl_2", 0 0, L_0x55ab852dc030;  1 drivers
v0x55ab852da510_0 .net *"_ivl_5", 0 0, L_0x55ab852dc0c0;  1 drivers
v0x55ab852da5f0_0 .net "clear", 0 0, L_0x55ab852dbb10;  alias, 1 drivers
v0x55ab852da710_0 .net "clk", 0 0, v0x55ab852db5f0_0;  alias, 1 drivers
v0x55ab852da800_0 .net "preset", 0 0, L_0x7f03c48f60a8;  1 drivers
v0x55ab852da8f0_0 .var "q", 0 0;
v0x55ab852da9b0_0 .var "qnot", 0 0;
v0x55ab852daa70_0 .net "t", 0 0, L_0x55ab852dbee0;  alias, 1 drivers
E_0x55ab852da3b0/0 .event edge, L_0x55ab852dc0c0, L_0x55ab852dc030;
E_0x55ab852da3b0/1 .event posedge, v0x55ab852d92b0_0;
E_0x55ab852da3b0 .event/or E_0x55ab852da3b0/0, E_0x55ab852da3b0/1;
    .scope S_0x55ab8527acf0;
T_0 ;
    %wait E_0x55ab8529ea10;
    %load/vec4 v0x55ab852d9210_0;
    %inv;
    %flag_set/vec4 8;
    %jmp/0xz  T_0.0, 8;
    %pushi/vec4 0, 0, 1;
    %assign/vec4 v0x55ab852d9480_0, 0;
    %pushi/vec4 1, 0, 1;
    %assign/vec4 v0x55ab852d9540_0, 0;
    %jmp T_0.1;
T_0.0 ;
    %load/vec4 v0x55ab852d9370_0;
    %inv;
    %flag_set/vec4 8;
    %jmp/0xz  T_0.2, 8;
    %pushi/vec4 1, 0, 1;
    %assign/vec4 v0x55ab852d9480_0, 0;
    %pushi/vec4 0, 0, 1;
    %assign/vec4 v0x55ab852d9540_0, 0;
    %jmp T_0.3;
T_0.2 ;
    %load/vec4 v0x55ab852d9600_0;
    %flag_set/vec4 8;
    %jmp/0xz  T_0.4, 8;
    %load/vec4 v0x55ab852d9480_0;
    %inv;
    %assign/vec4 v0x55ab852d9480_0, 0;
    %load/vec4 v0x55ab852d9540_0;
    %inv;
    %assign/vec4 v0x55ab852d9540_0, 0;
T_0.4 ;
T_0.3 ;
T_0.1 ;
    %jmp T_0;
    .thread T_0;
    .scope S_0x55ab852d9780;
T_1 ;
    %wait E_0x55ab852ac910;
    %load/vec4 v0x55ab852d9c20_0;
    %inv;
    %flag_set/vec4 8;
    %jmp/0xz  T_1.0, 8;
    %pushi/vec4 0, 0, 1;
    %assign/vec4 v0x55ab852d9e80_0, 0;
    %pushi/vec4 1, 0, 1;
    %assign/vec4 v0x55ab852d9f20_0, 0;
    %jmp T_1.1;
T_1.0 ;
    %load/vec4 v0x55ab852d9d90_0;
    %inv;
    %flag_set/vec4 8;
    %jmp/0xz  T_1.2, 8;
    %pushi/vec4 1, 0, 1;
    %assign/vec4 v0x55ab852d9e80_0, 0;
    %pushi/vec4 0, 0, 1;
    %assign/vec4 v0x55ab852d9f20_0, 0;
    %jmp T_1.3;
T_1.2 ;
    %load/vec4 v0x55ab852d9fc0_0;
    %flag_set/vec4 8;
    %jmp/0xz  T_1.4, 8;
    %load/vec4 v0x55ab852d9e80_0;
    %inv;
    %assign/vec4 v0x55ab852d9e80_0, 0;
    %load/vec4 v0x55ab852d9f20_0;
    %inv;
    %assign/vec4 v0x55ab852d9f20_0, 0;
T_1.4 ;
T_1.3 ;
T_1.1 ;
    %jmp T_1;
    .thread T_1;
    .scope S_0x55ab852da100;
T_2 ;
    %wait E_0x55ab852da3b0;
    %load/vec4 v0x55ab852da5f0_0;
    %inv;
    %flag_set/vec4 8;
    %jmp/0xz  T_2.0, 8;
    %pushi/vec4 0, 0, 1;
    %assign/vec4 v0x55ab852da8f0_0, 0;
    %pushi/vec4 1, 0, 1;
    %assign/vec4 v0x55ab852da9b0_0, 0;
    %jmp T_2.1;
T_2.0 ;
    %load/vec4 v0x55ab852da800_0;
    %inv;
    %flag_set/vec4 8;
    %jmp/0xz  T_2.2, 8;
    %pushi/vec4 1, 0, 1;
    %assign/vec4 v0x55ab852da8f0_0, 0;
    %pushi/vec4 0, 0, 1;
    %assign/vec4 v0x55ab852da9b0_0, 0;
    %jmp T_2.3;
T_2.2 ;
    %load/vec4 v0x55ab852daa70_0;
    %flag_set/vec4 8;
    %jmp/0xz  T_2.4, 8;
    %load/vec4 v0x55ab852da8f0_0;
    %inv;
    %assign/vec4 v0x55ab852da8f0_0, 0;
    %load/vec4 v0x55ab852da9b0_0;
    %inv;
    %assign/vec4 v0x55ab852da9b0_0, 0;
T_2.4 ;
T_2.3 ;
T_2.1 ;
    %jmp T_2;
    .thread T_2;
    .scope S_0x55ab852b9920;
T_3 ;
    %pushi/vec4 0, 0, 1;
    %store/vec4 v0x55ab852db5f0_0, 0, 1;
T_3.0 ;
    %delay 5, 0;
    %load/vec4 v0x55ab852db5f0_0;
    %inv;
    %store/vec4 v0x55ab852db5f0_0, 0, 1;
    %jmp T_3.0;
    %end;
    .thread T_3;
    .scope S_0x55ab852b9920;
T_4 ;
    %vpi_call 2 32 "$monitor", "Tempo=%0t | clock=%b | clear=%b | pulse = %b | out=%b%b%b", $time, v0x55ab852db5f0_0, v0x55ab852db500_0, v0x55ab852db990_0, v0x55ab852db760_0, v0x55ab852db800_0, v0x55ab852db8f0_0 {0 0 0};
    %pushi/vec4 0, 0, 1;
    %store/vec4 v0x55ab852db690_0, 0, 1;
    %pushi/vec4 0, 0, 1;
    %store/vec4 v0x55ab852db990_0, 0, 1;
    %pushi/vec4 1, 0, 1;
    %store/vec4 v0x55ab852db500_0, 0, 1;
    %delay 10, 0;
    %pushi/vec4 0, 0, 1;
    %store/vec4 v0x55ab852db500_0, 0, 1;
    %delay 10, 0;
    %pushi/vec4 1, 0, 1;
    %store/vec4 v0x55ab852db500_0, 0, 1;
    %pushi/vec4 1, 0, 1;
    %store/vec4 v0x55ab852db690_0, 0, 1;
    %delay 5, 0;
    %pushi/vec4 1, 0, 1;
    %store/vec4 v0x55ab852db990_0, 0, 1;
    %delay 5, 0;
    %pushi/vec4 1, 0, 1;
    %store/vec4 v0x55ab852db990_0, 0, 1;
    %delay 5, 0;
    %pushi/vec4 1, 0, 1;
    %store/vec4 v0x55ab852db990_0, 0, 1;
    %delay 5, 0;
    %pushi/vec4 0, 0, 1;
    %store/vec4 v0x55ab852db690_0, 0, 1;
    %delay 5, 0;
    %pushi/vec4 1, 0, 1;
    %store/vec4 v0x55ab852db990_0, 0, 1;
    %delay 5, 0;
    %pushi/vec4 0, 0, 1;
    %store/vec4 v0x55ab852db690_0, 0, 1;
    %delay 5, 0;
    %pushi/vec4 1, 0, 1;
    %store/vec4 v0x55ab852db990_0, 0, 1;
    %delay 5, 0;
    %pushi/vec4 1, 0, 1;
    %store/vec4 v0x55ab852db690_0, 0, 1;
    %delay 5, 0;
    %pushi/vec4 1, 0, 1;
    %store/vec4 v0x55ab852db990_0, 0, 1;
    %delay 5, 0;
    %pushi/vec4 1, 0, 1;
    %store/vec4 v0x55ab852db990_0, 0, 1;
    %delay 5, 0;
    %pushi/vec4 1, 0, 1;
    %store/vec4 v0x55ab852db990_0, 0, 1;
    %delay 5, 0;
    %pushi/vec4 1, 0, 1;
    %store/vec4 v0x55ab852db990_0, 0, 1;
    %delay 5, 0;
    %pushi/vec4 1, 0, 1;
    %store/vec4 v0x55ab852db990_0, 0, 1;
    %delay 5, 0;
    %pushi/vec4 1, 0, 1;
    %store/vec4 v0x55ab852db990_0, 0, 1;
    %delay 5, 0;
    %pushi/vec4 1, 0, 1;
    %store/vec4 v0x55ab852db990_0, 0, 1;
    %delay 5, 0;
    %pushi/vec4 1, 0, 1;
    %store/vec4 v0x55ab852db990_0, 0, 1;
    %delay 5, 0;
    %pushi/vec4 1, 0, 1;
    %store/vec4 v0x55ab852db990_0, 0, 1;
    %delay 5, 0;
    %pushi/vec4 0, 0, 1;
    %store/vec4 v0x55ab852db500_0, 0, 1;
    %vpi_call 2 85 "$finish" {0 0 0};
    %end;
    .thread T_4;
# The file index is used to find the file name in the following table.
:file_names 5;
    "N/A";
    "<interactive>";
    "Guia_1305.v";
    "./ContadorSincronoCrescente.v";
    "./Flip_Flop_T.v";
