#! /usr/bin/vvp
:ivl_version "11.0 (stable)";
:ivl_delay_selection "TYPICAL";
:vpi_time_precision + 0;
:vpi_module "/usr/lib/x86_64-linux-gnu/ivl/system.vpi";
:vpi_module "/usr/lib/x86_64-linux-gnu/ivl/vhdl_sys.vpi";
:vpi_module "/usr/lib/x86_64-linux-gnu/ivl/vhdl_textio.vpi";
:vpi_module "/usr/lib/x86_64-linux-gnu/ivl/v2005_math.vpi";
:vpi_module "/usr/lib/x86_64-linux-gnu/ivl/va_math.vpi";
S_0x55b272dbb140 .scope module, "R02a_Ta" "R02a_Ta" 2 27;
 .timescale 0 0;
v0x55b272de6d40_0 .var "a", 0 0;
v0x55b272de6e30_0 .var "b", 0 0;
v0x55b272de6f00_0 .var "c", 0 0;
v0x55b272de7000_0 .var "clk", 0 0;
v0x55b272de70a0_0 .var "d", 0 0;
v0x55b272de7190_0 .var/i "m", 31 0;
v0x55b272de7230_0 .net "out", 0 0, v0x55b272de5e90_0;  1 drivers
S_0x55b272d7ccf0 .scope module, "Ta" "SimplificacaoTa" 2 33, 2 17 0, S_0x55b272dbb140;
 .timescale 0 0;
    .port_info 0 /OUTPUT 1 "Qa";
    .port_info 1 /INPUT 1 "clk";
    .port_info 2 /INPUT 1 "a";
    .port_info 3 /INPUT 1 "b";
    .port_info 4 /INPUT 1 "c";
    .port_info 5 /INPUT 1 "d";
L_0x55b272de7890 .functor NOT 1, v0x55b272de6f00_0, C4<0>, C4<0>, C4<0>;
L_0x55b272de7970 .functor AND 1, v0x55b272de6d40_0, L_0x55b272de7890, C4<1>, C4<1>;
L_0x55b272de7aa0 .functor NOT 1, v0x55b272de70a0_0, C4<0>, C4<0>, C4<0>;
L_0x55b272de7c00 .functor AND 1, L_0x55b272de7970, L_0x55b272de7b60, C4<1>, C4<1>;
L_0x55b272de7de0 .functor AND 1, L_0x55b272de7c00, v0x55b272de6f00_0, C4<1>, C4<1>;
L_0x55b272de7ea0 .functor AND 1, L_0x55b272de7de0, v0x55b272de70a0_0, C4<1>, C4<1>;
v0x55b272de6190_0 .net "QNot_a", 0 0, v0x55b272de5f50_0;  1 drivers
v0x55b272de6250_0 .net "Qa", 0 0, v0x55b272de5e90_0;  alias, 1 drivers
v0x55b272de62f0_0 .net *"_ivl_0", 0 0, L_0x55b272de7890;  1 drivers
v0x55b272de63c0_0 .net *"_ivl_10", 0 0, L_0x55b272de7de0;  1 drivers
v0x55b272de6480_0 .net *"_ivl_2", 0 0, L_0x55b272de7970;  1 drivers
v0x55b272de65b0_0 .net *"_ivl_4", 0 0, L_0x55b272de7aa0;  1 drivers
v0x55b272de6690_0 .net *"_ivl_6", 0 0, L_0x55b272de7b60;  1 drivers
v0x55b272de6770_0 .net *"_ivl_8", 0 0, L_0x55b272de7c00;  1 drivers
v0x55b272de6850_0 .net "a", 0 0, v0x55b272de6d40_0;  1 drivers
v0x55b272de6910_0 .net "b", 0 0, v0x55b272de6e30_0;  1 drivers
v0x55b272de69d0_0 .net "c", 0 0, v0x55b272de6f00_0;  1 drivers
v0x55b272de6a90_0 .net "clk", 0 0, v0x55b272de7000_0;  1 drivers
v0x55b272de6b30_0 .net "d", 0 0, v0x55b272de70a0_0;  1 drivers
v0x55b272de6bd0_0 .net "simp", 0 0, L_0x55b272de7ea0;  1 drivers
L_0x55b272de7b60 .arith/sum 1, L_0x55b272de7aa0, v0x55b272de6e30_0;
S_0x55b272d7cf70 .scope module, "Flip_Flop_Tc" "tff" 2 23, 3 12 0, S_0x55b272d7ccf0;
 .timescale 0 0;
    .port_info 0 /OUTPUT 1 "q";
    .port_info 1 /OUTPUT 1 "qnot";
    .port_info 2 /INPUT 1 "t";
    .port_info 3 /INPUT 1 "clk";
    .port_info 4 /INPUT 1 "preset";
    .port_info 5 /INPUT 1 "clear";
L_0x7f4c6c16d018 .functor BUFT 1, C4<0>, C4<0>, C4<0>, C4<0>;
L_0x55b272de7ff0 .functor NOT 1, L_0x7f4c6c16d018, C4<0>, C4<0>, C4<0>;
L_0x7f4c6c16d060 .functor BUFT 1, C4<0>, C4<0>, C4<0>, C4<0>;
L_0x55b272de8060 .functor NOT 1, L_0x7f4c6c16d060, C4<0>, C4<0>, C4<0>;
v0x55b272dbc3c0_0 .net *"_ivl_2", 0 0, L_0x55b272de7ff0;  1 drivers
v0x55b272de5b40_0 .net *"_ivl_5", 0 0, L_0x55b272de8060;  1 drivers
v0x55b272de5c20_0 .net "clear", 0 0, L_0x7f4c6c16d060;  1 drivers
v0x55b272de5cc0_0 .net "clk", 0 0, v0x55b272de7000_0;  alias, 1 drivers
v0x55b272de5d80_0 .net "preset", 0 0, L_0x7f4c6c16d018;  1 drivers
v0x55b272de5e90_0 .var "q", 0 0;
v0x55b272de5f50_0 .var "qnot", 0 0;
v0x55b272de6010_0 .net "t", 0 0, L_0x55b272de7ea0;  alias, 1 drivers
E_0x55b272db0b80/0 .event edge, L_0x55b272de8060, L_0x55b272de7ff0;
E_0x55b272db0b80/1 .event posedge, v0x55b272de5cc0_0;
E_0x55b272db0b80 .event/or E_0x55b272db0b80/0, E_0x55b272db0b80/1;
S_0x55b272dbb2d0 .scope module, "dff" "dff" 4 13;
 .timescale 0 0;
    .port_info 0 /OUTPUT 1 "q";
    .port_info 1 /OUTPUT 1 "qnot";
    .port_info 2 /INPUT 1 "d";
    .port_info 3 /INPUT 1 "clk";
    .port_info 4 /INPUT 1 "preset";
    .port_info 5 /INPUT 1 "clear";
o0x7f4c6c1b65e8 .functor BUFZ 1, C4<z>; HiZ drive
v0x55b272de7340_0 .net "clear", 0 0, o0x7f4c6c1b65e8;  0 drivers
o0x7f4c6c1b6618 .functor BUFZ 1, C4<z>; HiZ drive
v0x55b272de73e0_0 .net "clk", 0 0, o0x7f4c6c1b6618;  0 drivers
o0x7f4c6c1b6648 .functor BUFZ 1, C4<z>; HiZ drive
v0x55b272de74a0_0 .net "d", 0 0, o0x7f4c6c1b6648;  0 drivers
o0x7f4c6c1b6678 .functor BUFZ 1, C4<z>; HiZ drive
v0x55b272de7540_0 .net "preset", 0 0, o0x7f4c6c1b6678;  0 drivers
v0x55b272de7600_0 .var "q", 0 0;
v0x55b272de7710_0 .var "qnot", 0 0;
E_0x55b272dbe700 .event posedge, v0x55b272de73e0_0;
    .scope S_0x55b272d7cf70;
T_0 ;
    %wait E_0x55b272db0b80;
    %load/vec4 v0x55b272de5c20_0;
    %inv;
    %flag_set/vec4 8;
    %jmp/0xz  T_0.0, 8;
    %pushi/vec4 0, 0, 1;
    %assign/vec4 v0x55b272de5e90_0, 0;
    %pushi/vec4 1, 0, 1;
    %assign/vec4 v0x55b272de5f50_0, 0;
    %jmp T_0.1;
T_0.0 ;
    %load/vec4 v0x55b272de5d80_0;
    %inv;
    %flag_set/vec4 8;
    %jmp/0xz  T_0.2, 8;
    %pushi/vec4 1, 0, 1;
    %assign/vec4 v0x55b272de5e90_0, 0;
    %pushi/vec4 0, 0, 1;
    %assign/vec4 v0x55b272de5f50_0, 0;
    %jmp T_0.3;
T_0.2 ;
    %load/vec4 v0x55b272de6010_0;
    %flag_set/vec4 8;
    %jmp/0xz  T_0.4, 8;
    %load/vec4 v0x55b272de5e90_0;
    %inv;
    %assign/vec4 v0x55b272de5e90_0, 0;
    %load/vec4 v0x55b272de5f50_0;
    %inv;
    %assign/vec4 v0x55b272de5f50_0, 0;
T_0.4 ;
T_0.3 ;
T_0.1 ;
    %jmp T_0;
    .thread T_0;
    .scope S_0x55b272dbb140;
T_1 ;
    %vpi_call 2 36 "$display", "           Simplificacao Ta:\012 Time -  m -   a    b    c    d = out" {0 0 0};
    %end;
    .thread T_1;
    .scope S_0x55b272dbb140;
T_2 ;
    %pushi/vec4 0, 0, 1;
    %store/vec4 v0x55b272de7000_0, 0, 1;
T_2.0 ;
    %delay 5, 0;
    %load/vec4 v0x55b272de7000_0;
    %inv;
    %store/vec4 v0x55b272de7000_0, 0, 1;
    %jmp T_2.0;
    %end;
    .thread T_2;
    .scope S_0x55b272dbb140;
T_3 ;
    %vpi_call 2 48 "$monitor", "%4d  %4d  %4b %4b %4b %4b %4b", $time, v0x55b272de7190_0, v0x55b272de6d40_0, v0x55b272de6e30_0, v0x55b272de6f00_0, v0x55b272de70a0_0, v0x55b272de7230_0 {0 0 0};
    %pushi/vec4 0, 0, 32;
    %store/vec4 v0x55b272de7190_0, 0, 32;
    %pushi/vec4 0, 0, 1;
    %store/vec4 v0x55b272de6d40_0, 0, 1;
    %pushi/vec4 0, 0, 1;
    %store/vec4 v0x55b272de6e30_0, 0, 1;
    %pushi/vec4 0, 0, 1;
    %store/vec4 v0x55b272de6f00_0, 0, 1;
    %pushi/vec4 0, 0, 1;
    %store/vec4 v0x55b272de70a0_0, 0, 1;
    %delay 20, 0;
    %pushi/vec4 1, 0, 32;
    %store/vec4 v0x55b272de7190_0, 0, 32;
    %pushi/vec4 0, 0, 1;
    %store/vec4 v0x55b272de6d40_0, 0, 1;
    %pushi/vec4 0, 0, 1;
    %store/vec4 v0x55b272de6e30_0, 0, 1;
    %pushi/vec4 0, 0, 1;
    %store/vec4 v0x55b272de6f00_0, 0, 1;
    %pushi/vec4 1, 0, 1;
    %store/vec4 v0x55b272de70a0_0, 0, 1;
    %delay 20, 0;
    %pushi/vec4 2, 0, 32;
    %store/vec4 v0x55b272de7190_0, 0, 32;
    %pushi/vec4 0, 0, 1;
    %store/vec4 v0x55b272de6d40_0, 0, 1;
    %pushi/vec4 0, 0, 1;
    %store/vec4 v0x55b272de6e30_0, 0, 1;
    %pushi/vec4 1, 0, 1;
    %store/vec4 v0x55b272de6f00_0, 0, 1;
    %pushi/vec4 0, 0, 1;
    %store/vec4 v0x55b272de70a0_0, 0, 1;
    %delay 20, 0;
    %pushi/vec4 3, 0, 32;
    %store/vec4 v0x55b272de7190_0, 0, 32;
    %pushi/vec4 0, 0, 1;
    %store/vec4 v0x55b272de6d40_0, 0, 1;
    %pushi/vec4 0, 0, 1;
    %store/vec4 v0x55b272de6e30_0, 0, 1;
    %pushi/vec4 1, 0, 1;
    %store/vec4 v0x55b272de6f00_0, 0, 1;
    %pushi/vec4 1, 0, 1;
    %store/vec4 v0x55b272de70a0_0, 0, 1;
    %delay 20, 0;
    %pushi/vec4 4, 0, 32;
    %store/vec4 v0x55b272de7190_0, 0, 32;
    %pushi/vec4 0, 0, 1;
    %store/vec4 v0x55b272de6d40_0, 0, 1;
    %pushi/vec4 1, 0, 1;
    %store/vec4 v0x55b272de6e30_0, 0, 1;
    %pushi/vec4 0, 0, 1;
    %store/vec4 v0x55b272de6f00_0, 0, 1;
    %pushi/vec4 0, 0, 1;
    %store/vec4 v0x55b272de70a0_0, 0, 1;
    %delay 20, 0;
    %pushi/vec4 5, 0, 32;
    %store/vec4 v0x55b272de7190_0, 0, 32;
    %pushi/vec4 0, 0, 1;
    %store/vec4 v0x55b272de6d40_0, 0, 1;
    %pushi/vec4 1, 0, 1;
    %store/vec4 v0x55b272de6e30_0, 0, 1;
    %pushi/vec4 0, 0, 1;
    %store/vec4 v0x55b272de6f00_0, 0, 1;
    %pushi/vec4 1, 0, 1;
    %store/vec4 v0x55b272de70a0_0, 0, 1;
    %delay 20, 0;
    %pushi/vec4 6, 0, 32;
    %store/vec4 v0x55b272de7190_0, 0, 32;
    %pushi/vec4 0, 0, 1;
    %store/vec4 v0x55b272de6d40_0, 0, 1;
    %pushi/vec4 1, 0, 1;
    %store/vec4 v0x55b272de6e30_0, 0, 1;
    %pushi/vec4 1, 0, 1;
    %store/vec4 v0x55b272de6f00_0, 0, 1;
    %pushi/vec4 0, 0, 1;
    %store/vec4 v0x55b272de70a0_0, 0, 1;
    %delay 20, 0;
    %pushi/vec4 7, 0, 32;
    %store/vec4 v0x55b272de7190_0, 0, 32;
    %pushi/vec4 0, 0, 1;
    %store/vec4 v0x55b272de6d40_0, 0, 1;
    %pushi/vec4 1, 0, 1;
    %store/vec4 v0x55b272de6e30_0, 0, 1;
    %pushi/vec4 1, 0, 1;
    %store/vec4 v0x55b272de6f00_0, 0, 1;
    %pushi/vec4 1, 0, 1;
    %store/vec4 v0x55b272de70a0_0, 0, 1;
    %delay 20, 0;
    %pushi/vec4 8, 0, 32;
    %store/vec4 v0x55b272de7190_0, 0, 32;
    %pushi/vec4 1, 0, 1;
    %store/vec4 v0x55b272de6d40_0, 0, 1;
    %pushi/vec4 0, 0, 1;
    %store/vec4 v0x55b272de6e30_0, 0, 1;
    %pushi/vec4 0, 0, 1;
    %store/vec4 v0x55b272de6f00_0, 0, 1;
    %pushi/vec4 0, 0, 1;
    %store/vec4 v0x55b272de70a0_0, 0, 1;
    %delay 20, 0;
    %pushi/vec4 9, 0, 32;
    %store/vec4 v0x55b272de7190_0, 0, 32;
    %pushi/vec4 1, 0, 1;
    %store/vec4 v0x55b272de6d40_0, 0, 1;
    %pushi/vec4 0, 0, 1;
    %store/vec4 v0x55b272de6e30_0, 0, 1;
    %pushi/vec4 0, 0, 1;
    %store/vec4 v0x55b272de6f00_0, 0, 1;
    %pushi/vec4 1, 0, 1;
    %store/vec4 v0x55b272de70a0_0, 0, 1;
    %delay 20, 0;
    %pushi/vec4 10, 0, 32;
    %store/vec4 v0x55b272de7190_0, 0, 32;
    %pushi/vec4 1, 0, 1;
    %store/vec4 v0x55b272de6d40_0, 0, 1;
    %pushi/vec4 0, 0, 1;
    %store/vec4 v0x55b272de6e30_0, 0, 1;
    %pushi/vec4 1, 0, 1;
    %store/vec4 v0x55b272de6f00_0, 0, 1;
    %pushi/vec4 0, 0, 1;
    %store/vec4 v0x55b272de70a0_0, 0, 1;
    %delay 20, 0;
    %pushi/vec4 11, 0, 32;
    %store/vec4 v0x55b272de7190_0, 0, 32;
    %pushi/vec4 1, 0, 1;
    %store/vec4 v0x55b272de6d40_0, 0, 1;
    %pushi/vec4 0, 0, 1;
    %store/vec4 v0x55b272de6e30_0, 0, 1;
    %pushi/vec4 1, 0, 1;
    %store/vec4 v0x55b272de6f00_0, 0, 1;
    %pushi/vec4 1, 0, 1;
    %store/vec4 v0x55b272de70a0_0, 0, 1;
    %delay 20, 0;
    %pushi/vec4 12, 0, 32;
    %store/vec4 v0x55b272de7190_0, 0, 32;
    %pushi/vec4 1, 0, 1;
    %store/vec4 v0x55b272de6d40_0, 0, 1;
    %pushi/vec4 1, 0, 1;
    %store/vec4 v0x55b272de6e30_0, 0, 1;
    %pushi/vec4 0, 0, 1;
    %store/vec4 v0x55b272de6f00_0, 0, 1;
    %pushi/vec4 0, 0, 1;
    %store/vec4 v0x55b272de70a0_0, 0, 1;
    %delay 20, 0;
    %pushi/vec4 13, 0, 32;
    %store/vec4 v0x55b272de7190_0, 0, 32;
    %pushi/vec4 1, 0, 1;
    %store/vec4 v0x55b272de6d40_0, 0, 1;
    %pushi/vec4 1, 0, 1;
    %store/vec4 v0x55b272de6e30_0, 0, 1;
    %pushi/vec4 0, 0, 1;
    %store/vec4 v0x55b272de6f00_0, 0, 1;
    %pushi/vec4 1, 0, 1;
    %store/vec4 v0x55b272de70a0_0, 0, 1;
    %delay 20, 0;
    %pushi/vec4 14, 0, 32;
    %store/vec4 v0x55b272de7190_0, 0, 32;
    %pushi/vec4 1, 0, 1;
    %store/vec4 v0x55b272de6d40_0, 0, 1;
    %pushi/vec4 1, 0, 1;
    %store/vec4 v0x55b272de6e30_0, 0, 1;
    %pushi/vec4 1, 0, 1;
    %store/vec4 v0x55b272de6f00_0, 0, 1;
    %pushi/vec4 0, 0, 1;
    %store/vec4 v0x55b272de70a0_0, 0, 1;
    %delay 20, 0;
    %pushi/vec4 15, 0, 32;
    %store/vec4 v0x55b272de7190_0, 0, 32;
    %pushi/vec4 1, 0, 1;
    %store/vec4 v0x55b272de6d40_0, 0, 1;
    %pushi/vec4 1, 0, 1;
    %store/vec4 v0x55b272de6e30_0, 0, 1;
    %pushi/vec4 1, 0, 1;
    %store/vec4 v0x55b272de6f00_0, 0, 1;
    %pushi/vec4 1, 0, 1;
    %store/vec4 v0x55b272de70a0_0, 0, 1;
    %delay 10, 0;
    %vpi_call 2 67 "$finish" {0 0 0};
    %end;
    .thread T_3;
    .scope S_0x55b272dbb2d0;
T_4 ;
    %wait E_0x55b272dbe700;
    %load/vec4 v0x55b272de7340_0;
    %flag_set/vec4 8;
    %jmp/0xz  T_4.0, 8;
    %pushi/vec4 0, 0, 1;
    %assign/vec4 v0x55b272de7600_0, 0;
    %pushi/vec4 1, 0, 1;
    %assign/vec4 v0x55b272de7710_0, 0;
    %jmp T_4.1;
T_4.0 ;
    %load/vec4 v0x55b272de7540_0;
    %flag_set/vec4 8;
    %jmp/0xz  T_4.2, 8;
    %pushi/vec4 1, 0, 1;
    %assign/vec4 v0x55b272de7600_0, 0;
    %pushi/vec4 0, 0, 1;
    %assign/vec4 v0x55b272de7710_0, 0;
    %jmp T_4.3;
T_4.2 ;
    %load/vec4 v0x55b272de74a0_0;
    %assign/vec4 v0x55b272de7600_0, 0;
    %load/vec4 v0x55b272de74a0_0;
    %inv;
    %assign/vec4 v0x55b272de7710_0, 0;
T_4.3 ;
T_4.1 ;
    %jmp T_4;
    .thread T_4;
# The file index is used to find the file name in the following table.
:file_names 5;
    "N/A";
    "<interactive>";
    "R02a_Ta.v";
    "./Flip_Flop_T.v";
    "./Flip_Flop_D.v";
