#! /usr/bin/vvp
:ivl_version "11.0 (stable)";
:ivl_delay_selection "TYPICAL";
:vpi_time_precision + 0;
:vpi_module "/usr/lib/x86_64-linux-gnu/ivl/system.vpi";
:vpi_module "/usr/lib/x86_64-linux-gnu/ivl/vhdl_sys.vpi";
:vpi_module "/usr/lib/x86_64-linux-gnu/ivl/vhdl_textio.vpi";
:vpi_module "/usr/lib/x86_64-linux-gnu/ivl/v2005_math.vpi";
:vpi_module "/usr/lib/x86_64-linux-gnu/ivl/va_math.vpi";
S_0x55b563588140 .scope module, "R02a_Dc" "R02a_Dc" 2 27;
 .timescale 0 0;
v0x55b5635b4fd0_0 .var "a", 0 0;
v0x55b5635b50c0_0 .var "b", 0 0;
v0x55b5635b5190_0 .var "c", 0 0;
v0x55b5635b5290_0 .var "clk", 0 0;
v0x55b5635b5330_0 .var "d", 0 0;
v0x55b5635b5420_0 .var/i "m", 31 0;
v0x55b5635b54c0_0 .net "out", 0 0, v0x55b5635b3de0_0;  1 drivers
S_0x55b563549cf0 .scope module, "Dc" "SimplificacaoDc" 2 33, 2 17 0, S_0x55b563588140;
 .timescale 0 0;
    .port_info 0 /OUTPUT 1 "Qa";
    .port_info 1 /INPUT 1 "clk";
    .port_info 2 /INPUT 1 "a";
    .port_info 3 /INPUT 1 "b";
    .port_info 4 /INPUT 1 "c";
    .port_info 5 /INPUT 1 "d";
L_0x55b5635b5ce0 .functor NOT 1, v0x55b5635b5190_0, C4<0>, C4<0>, C4<0>;
L_0x55b5635b5dc0 .functor AND 1, L_0x55b5635b5ce0, v0x55b5635b5330_0, C4<1>, C4<1>;
L_0x55b5635b5ef0 .functor NOT 1, v0x55b5635b5330_0, C4<0>, C4<0>, C4<0>;
L_0x55b5635b5f60 .functor AND 1, v0x55b5635b5190_0, L_0x55b5635b5ef0, C4<1>, C4<1>;
L_0x55b5635b6050 .functor OR 1, L_0x55b5635b5dc0, L_0x55b5635b5f60, C4<0>, C4<0>;
L_0x55b5635b6160 .functor NOT 1, v0x55b5635b4fd0_0, C4<0>, C4<0>, C4<0>;
L_0x55b5635b6260 .functor AND 1, L_0x55b5635b6160, v0x55b5635b5330_0, C4<1>, C4<1>;
L_0x55b5635b6320 .functor OR 1, L_0x55b5635b6050, L_0x55b5635b6260, C4<0>, C4<0>;
L_0x55b5635b6430 .functor NOT 1, v0x55b5635b50c0_0, C4<0>, C4<0>, C4<0>;
L_0x55b5635b64f0 .functor AND 1, L_0x55b5635b6430, v0x55b5635b5330_0, C4<1>, C4<1>;
L_0x55b5635b6610 .functor OR 1, L_0x55b5635b6320, L_0x55b5635b64f0, C4<0>, C4<0>;
v0x55b5635b4070_0 .net "QNot_a", 0 0, v0x55b5635b3ef0_0;  1 drivers
v0x55b5635b4130_0 .net "Qa", 0 0, v0x55b5635b3de0_0;  alias, 1 drivers
v0x55b5635b4200_0 .net *"_ivl_0", 0 0, L_0x55b5635b5ce0;  1 drivers
v0x55b5635b42d0_0 .net *"_ivl_10", 0 0, L_0x55b5635b6160;  1 drivers
v0x55b5635b4390_0 .net *"_ivl_12", 0 0, L_0x55b5635b6260;  1 drivers
v0x55b5635b44c0_0 .net *"_ivl_14", 0 0, L_0x55b5635b6320;  1 drivers
v0x55b5635b45a0_0 .net *"_ivl_16", 0 0, L_0x55b5635b6430;  1 drivers
v0x55b5635b4680_0 .net *"_ivl_18", 0 0, L_0x55b5635b64f0;  1 drivers
v0x55b5635b4760_0 .net *"_ivl_2", 0 0, L_0x55b5635b5dc0;  1 drivers
v0x55b5635b4840_0 .net *"_ivl_4", 0 0, L_0x55b5635b5ef0;  1 drivers
v0x55b5635b4920_0 .net *"_ivl_6", 0 0, L_0x55b5635b5f60;  1 drivers
v0x55b5635b4a00_0 .net *"_ivl_8", 0 0, L_0x55b5635b6050;  1 drivers
v0x55b5635b4ae0_0 .net "a", 0 0, v0x55b5635b4fd0_0;  1 drivers
v0x55b5635b4ba0_0 .net "b", 0 0, v0x55b5635b50c0_0;  1 drivers
v0x55b5635b4c60_0 .net "c", 0 0, v0x55b5635b5190_0;  1 drivers
v0x55b5635b4d20_0 .net "clk", 0 0, v0x55b5635b5290_0;  1 drivers
v0x55b5635b4dc0_0 .net "d", 0 0, v0x55b5635b5330_0;  1 drivers
v0x55b5635b4e60_0 .net "simp", 0 0, L_0x55b5635b6610;  1 drivers
S_0x55b563549f70 .scope module, "Flip_Flop_Dc" "dff" 2 23, 3 13 0, S_0x55b563549cf0;
 .timescale 0 0;
    .port_info 0 /OUTPUT 1 "q";
    .port_info 1 /OUTPUT 1 "qnot";
    .port_info 2 /INPUT 1 "d";
    .port_info 3 /INPUT 1 "clk";
    .port_info 4 /INPUT 1 "preset";
    .port_info 5 /INPUT 1 "clear";
L_0x7f4cca231060 .functor BUFT 1, C4<0>, C4<0>, C4<0>, C4<0>;
v0x55b5635893c0_0 .net "clear", 0 0, L_0x7f4cca231060;  1 drivers
v0x55b5635b3bc0_0 .net "clk", 0 0, v0x55b5635b5290_0;  alias, 1 drivers
v0x55b5635b3c80_0 .net "d", 0 0, L_0x55b5635b6610;  alias, 1 drivers
L_0x7f4cca231018 .functor BUFT 1, C4<0>, C4<0>, C4<0>, C4<0>;
v0x55b5635b3d20_0 .net "preset", 0 0, L_0x7f4cca231018;  1 drivers
v0x55b5635b3de0_0 .var "q", 0 0;
v0x55b5635b3ef0_0 .var "qnot", 0 0;
E_0x55b56356da30 .event posedge, v0x55b5635b3bc0_0;
S_0x55b5635882d0 .scope module, "tff" "tff" 4 12;
 .timescale 0 0;
    .port_info 0 /OUTPUT 1 "q";
    .port_info 1 /OUTPUT 1 "qnot";
    .port_info 2 /INPUT 1 "t";
    .port_info 3 /INPUT 1 "clk";
    .port_info 4 /INPUT 1 "preset";
    .port_info 5 /INPUT 1 "clear";
o0x7f4cca27a708 .functor BUFZ 1, C4<z>; HiZ drive
L_0x55b5635b6720 .functor NOT 1, o0x7f4cca27a708, C4<0>, C4<0>, C4<0>;
o0x7f4cca27a6a8 .functor BUFZ 1, C4<z>; HiZ drive
L_0x55b5635b6790 .functor NOT 1, o0x7f4cca27a6a8, C4<0>, C4<0>, C4<0>;
v0x55b5635b55d0_0 .net *"_ivl_2", 0 0, L_0x55b5635b6720;  1 drivers
v0x55b5635b5690_0 .net *"_ivl_5", 0 0, L_0x55b5635b6790;  1 drivers
v0x55b5635b5770_0 .net "clear", 0 0, o0x7f4cca27a6a8;  0 drivers
o0x7f4cca27a6d8 .functor BUFZ 1, C4<z>; HiZ drive
v0x55b5635b5810_0 .net "clk", 0 0, o0x7f4cca27a6d8;  0 drivers
v0x55b5635b58d0_0 .net "preset", 0 0, o0x7f4cca27a708;  0 drivers
v0x55b5635b59e0_0 .var "q", 0 0;
v0x55b5635b5aa0_0 .var "qnot", 0 0;
o0x7f4cca27a798 .functor BUFZ 1, C4<z>; HiZ drive
v0x55b5635b5b60_0 .net "t", 0 0, o0x7f4cca27a798;  0 drivers
E_0x55b56358b7b0/0 .event edge, L_0x55b5635b6790, L_0x55b5635b6720;
E_0x55b56358b7b0/1 .event posedge, v0x55b5635b5810_0;
E_0x55b56358b7b0 .event/or E_0x55b56358b7b0/0, E_0x55b56358b7b0/1;
    .scope S_0x55b563549f70;
T_0 ;
    %wait E_0x55b56356da30;
    %load/vec4 v0x55b5635893c0_0;
    %flag_set/vec4 8;
    %jmp/0xz  T_0.0, 8;
    %pushi/vec4 0, 0, 1;
    %assign/vec4 v0x55b5635b3de0_0, 0;
    %pushi/vec4 1, 0, 1;
    %assign/vec4 v0x55b5635b3ef0_0, 0;
    %jmp T_0.1;
T_0.0 ;
    %load/vec4 v0x55b5635b3d20_0;
    %flag_set/vec4 8;
    %jmp/0xz  T_0.2, 8;
    %pushi/vec4 1, 0, 1;
    %assign/vec4 v0x55b5635b3de0_0, 0;
    %pushi/vec4 0, 0, 1;
    %assign/vec4 v0x55b5635b3ef0_0, 0;
    %jmp T_0.3;
T_0.2 ;
    %load/vec4 v0x55b5635b3c80_0;
    %assign/vec4 v0x55b5635b3de0_0, 0;
    %load/vec4 v0x55b5635b3c80_0;
    %inv;
    %assign/vec4 v0x55b5635b3ef0_0, 0;
T_0.3 ;
T_0.1 ;
    %jmp T_0;
    .thread T_0;
    .scope S_0x55b563588140;
T_1 ;
    %vpi_call 2 36 "$display", "           Simplificacao Dc:\012 Time -  m -   a    b    c    d = out" {0 0 0};
    %end;
    .thread T_1;
    .scope S_0x55b563588140;
T_2 ;
    %pushi/vec4 0, 0, 1;
    %store/vec4 v0x55b5635b5290_0, 0, 1;
T_2.0 ;
    %delay 5, 0;
    %load/vec4 v0x55b5635b5290_0;
    %inv;
    %store/vec4 v0x55b5635b5290_0, 0, 1;
    %jmp T_2.0;
    %end;
    .thread T_2;
    .scope S_0x55b563588140;
T_3 ;
    %vpi_call 2 48 "$monitor", "%4d  %4d  %4b %4b %4b %4b %4b", $time, v0x55b5635b5420_0, v0x55b5635b4fd0_0, v0x55b5635b50c0_0, v0x55b5635b5190_0, v0x55b5635b5330_0, v0x55b5635b54c0_0 {0 0 0};
    %pushi/vec4 0, 0, 32;
    %store/vec4 v0x55b5635b5420_0, 0, 32;
    %pushi/vec4 0, 0, 1;
    %store/vec4 v0x55b5635b4fd0_0, 0, 1;
    %pushi/vec4 0, 0, 1;
    %store/vec4 v0x55b5635b50c0_0, 0, 1;
    %pushi/vec4 0, 0, 1;
    %store/vec4 v0x55b5635b5190_0, 0, 1;
    %pushi/vec4 0, 0, 1;
    %store/vec4 v0x55b5635b5330_0, 0, 1;
    %delay 10, 0;
    %pushi/vec4 1, 0, 32;
    %store/vec4 v0x55b5635b5420_0, 0, 32;
    %pushi/vec4 0, 0, 1;
    %store/vec4 v0x55b5635b4fd0_0, 0, 1;
    %pushi/vec4 0, 0, 1;
    %store/vec4 v0x55b5635b50c0_0, 0, 1;
    %pushi/vec4 0, 0, 1;
    %store/vec4 v0x55b5635b5190_0, 0, 1;
    %pushi/vec4 1, 0, 1;
    %store/vec4 v0x55b5635b5330_0, 0, 1;
    %delay 10, 0;
    %pushi/vec4 2, 0, 32;
    %store/vec4 v0x55b5635b5420_0, 0, 32;
    %pushi/vec4 0, 0, 1;
    %store/vec4 v0x55b5635b4fd0_0, 0, 1;
    %pushi/vec4 0, 0, 1;
    %store/vec4 v0x55b5635b50c0_0, 0, 1;
    %pushi/vec4 1, 0, 1;
    %store/vec4 v0x55b5635b5190_0, 0, 1;
    %pushi/vec4 0, 0, 1;
    %store/vec4 v0x55b5635b5330_0, 0, 1;
    %delay 10, 0;
    %pushi/vec4 3, 0, 32;
    %store/vec4 v0x55b5635b5420_0, 0, 32;
    %pushi/vec4 0, 0, 1;
    %store/vec4 v0x55b5635b4fd0_0, 0, 1;
    %pushi/vec4 0, 0, 1;
    %store/vec4 v0x55b5635b50c0_0, 0, 1;
    %pushi/vec4 1, 0, 1;
    %store/vec4 v0x55b5635b5190_0, 0, 1;
    %pushi/vec4 1, 0, 1;
    %store/vec4 v0x55b5635b5330_0, 0, 1;
    %delay 10, 0;
    %pushi/vec4 4, 0, 32;
    %store/vec4 v0x55b5635b5420_0, 0, 32;
    %pushi/vec4 0, 0, 1;
    %store/vec4 v0x55b5635b4fd0_0, 0, 1;
    %pushi/vec4 1, 0, 1;
    %store/vec4 v0x55b5635b50c0_0, 0, 1;
    %pushi/vec4 0, 0, 1;
    %store/vec4 v0x55b5635b5190_0, 0, 1;
    %pushi/vec4 0, 0, 1;
    %store/vec4 v0x55b5635b5330_0, 0, 1;
    %delay 10, 0;
    %pushi/vec4 5, 0, 32;
    %store/vec4 v0x55b5635b5420_0, 0, 32;
    %pushi/vec4 0, 0, 1;
    %store/vec4 v0x55b5635b4fd0_0, 0, 1;
    %pushi/vec4 1, 0, 1;
    %store/vec4 v0x55b5635b50c0_0, 0, 1;
    %pushi/vec4 0, 0, 1;
    %store/vec4 v0x55b5635b5190_0, 0, 1;
    %pushi/vec4 1, 0, 1;
    %store/vec4 v0x55b5635b5330_0, 0, 1;
    %delay 10, 0;
    %pushi/vec4 6, 0, 32;
    %store/vec4 v0x55b5635b5420_0, 0, 32;
    %pushi/vec4 0, 0, 1;
    %store/vec4 v0x55b5635b4fd0_0, 0, 1;
    %pushi/vec4 1, 0, 1;
    %store/vec4 v0x55b5635b50c0_0, 0, 1;
    %pushi/vec4 1, 0, 1;
    %store/vec4 v0x55b5635b5190_0, 0, 1;
    %pushi/vec4 0, 0, 1;
    %store/vec4 v0x55b5635b5330_0, 0, 1;
    %delay 10, 0;
    %pushi/vec4 7, 0, 32;
    %store/vec4 v0x55b5635b5420_0, 0, 32;
    %pushi/vec4 0, 0, 1;
    %store/vec4 v0x55b5635b4fd0_0, 0, 1;
    %pushi/vec4 1, 0, 1;
    %store/vec4 v0x55b5635b50c0_0, 0, 1;
    %pushi/vec4 1, 0, 1;
    %store/vec4 v0x55b5635b5190_0, 0, 1;
    %pushi/vec4 1, 0, 1;
    %store/vec4 v0x55b5635b5330_0, 0, 1;
    %delay 10, 0;
    %pushi/vec4 8, 0, 32;
    %store/vec4 v0x55b5635b5420_0, 0, 32;
    %pushi/vec4 1, 0, 1;
    %store/vec4 v0x55b5635b4fd0_0, 0, 1;
    %pushi/vec4 0, 0, 1;
    %store/vec4 v0x55b5635b50c0_0, 0, 1;
    %pushi/vec4 0, 0, 1;
    %store/vec4 v0x55b5635b5190_0, 0, 1;
    %pushi/vec4 0, 0, 1;
    %store/vec4 v0x55b5635b5330_0, 0, 1;
    %delay 10, 0;
    %pushi/vec4 9, 0, 32;
    %store/vec4 v0x55b5635b5420_0, 0, 32;
    %pushi/vec4 1, 0, 1;
    %store/vec4 v0x55b5635b4fd0_0, 0, 1;
    %pushi/vec4 0, 0, 1;
    %store/vec4 v0x55b5635b50c0_0, 0, 1;
    %pushi/vec4 0, 0, 1;
    %store/vec4 v0x55b5635b5190_0, 0, 1;
    %pushi/vec4 1, 0, 1;
    %store/vec4 v0x55b5635b5330_0, 0, 1;
    %delay 10, 0;
    %pushi/vec4 10, 0, 32;
    %store/vec4 v0x55b5635b5420_0, 0, 32;
    %pushi/vec4 1, 0, 1;
    %store/vec4 v0x55b5635b4fd0_0, 0, 1;
    %pushi/vec4 0, 0, 1;
    %store/vec4 v0x55b5635b50c0_0, 0, 1;
    %pushi/vec4 1, 0, 1;
    %store/vec4 v0x55b5635b5190_0, 0, 1;
    %pushi/vec4 0, 0, 1;
    %store/vec4 v0x55b5635b5330_0, 0, 1;
    %delay 10, 0;
    %pushi/vec4 11, 0, 32;
    %store/vec4 v0x55b5635b5420_0, 0, 32;
    %pushi/vec4 1, 0, 1;
    %store/vec4 v0x55b5635b4fd0_0, 0, 1;
    %pushi/vec4 0, 0, 1;
    %store/vec4 v0x55b5635b50c0_0, 0, 1;
    %pushi/vec4 1, 0, 1;
    %store/vec4 v0x55b5635b5190_0, 0, 1;
    %pushi/vec4 1, 0, 1;
    %store/vec4 v0x55b5635b5330_0, 0, 1;
    %delay 10, 0;
    %pushi/vec4 12, 0, 32;
    %store/vec4 v0x55b5635b5420_0, 0, 32;
    %pushi/vec4 1, 0, 1;
    %store/vec4 v0x55b5635b4fd0_0, 0, 1;
    %pushi/vec4 1, 0, 1;
    %store/vec4 v0x55b5635b50c0_0, 0, 1;
    %pushi/vec4 0, 0, 1;
    %store/vec4 v0x55b5635b5190_0, 0, 1;
    %pushi/vec4 0, 0, 1;
    %store/vec4 v0x55b5635b5330_0, 0, 1;
    %delay 10, 0;
    %pushi/vec4 13, 0, 32;
    %store/vec4 v0x55b5635b5420_0, 0, 32;
    %pushi/vec4 1, 0, 1;
    %store/vec4 v0x55b5635b4fd0_0, 0, 1;
    %pushi/vec4 1, 0, 1;
    %store/vec4 v0x55b5635b50c0_0, 0, 1;
    %pushi/vec4 0, 0, 1;
    %store/vec4 v0x55b5635b5190_0, 0, 1;
    %pushi/vec4 1, 0, 1;
    %store/vec4 v0x55b5635b5330_0, 0, 1;
    %delay 10, 0;
    %pushi/vec4 14, 0, 32;
    %store/vec4 v0x55b5635b5420_0, 0, 32;
    %pushi/vec4 1, 0, 1;
    %store/vec4 v0x55b5635b4fd0_0, 0, 1;
    %pushi/vec4 1, 0, 1;
    %store/vec4 v0x55b5635b50c0_0, 0, 1;
    %pushi/vec4 1, 0, 1;
    %store/vec4 v0x55b5635b5190_0, 0, 1;
    %pushi/vec4 0, 0, 1;
    %store/vec4 v0x55b5635b5330_0, 0, 1;
    %delay 10, 0;
    %pushi/vec4 15, 0, 32;
    %store/vec4 v0x55b5635b5420_0, 0, 32;
    %pushi/vec4 1, 0, 1;
    %store/vec4 v0x55b5635b4fd0_0, 0, 1;
    %pushi/vec4 1, 0, 1;
    %store/vec4 v0x55b5635b50c0_0, 0, 1;
    %pushi/vec4 1, 0, 1;
    %store/vec4 v0x55b5635b5190_0, 0, 1;
    %pushi/vec4 1, 0, 1;
    %store/vec4 v0x55b5635b5330_0, 0, 1;
    %delay 10, 0;
    %vpi_call 2 67 "$finish" {0 0 0};
    %end;
    .thread T_3;
    .scope S_0x55b5635882d0;
T_4 ;
    %wait E_0x55b56358b7b0;
    %load/vec4 v0x55b5635b5770_0;
    %inv;
    %flag_set/vec4 8;
    %jmp/0xz  T_4.0, 8;
    %pushi/vec4 0, 0, 1;
    %assign/vec4 v0x55b5635b59e0_0, 0;
    %pushi/vec4 1, 0, 1;
    %assign/vec4 v0x55b5635b5aa0_0, 0;
    %jmp T_4.1;
T_4.0 ;
    %load/vec4 v0x55b5635b58d0_0;
    %inv;
    %flag_set/vec4 8;
    %jmp/0xz  T_4.2, 8;
    %pushi/vec4 1, 0, 1;
    %assign/vec4 v0x55b5635b59e0_0, 0;
    %pushi/vec4 0, 0, 1;
    %assign/vec4 v0x55b5635b5aa0_0, 0;
    %jmp T_4.3;
T_4.2 ;
    %load/vec4 v0x55b5635b5b60_0;
    %flag_set/vec4 8;
    %jmp/0xz  T_4.4, 8;
    %load/vec4 v0x55b5635b59e0_0;
    %inv;
    %assign/vec4 v0x55b5635b59e0_0, 0;
    %load/vec4 v0x55b5635b5aa0_0;
    %inv;
    %assign/vec4 v0x55b5635b5aa0_0, 0;
T_4.4 ;
T_4.3 ;
T_4.1 ;
    %jmp T_4;
    .thread T_4;
# The file index is used to find the file name in the following table.
:file_names 5;
    "N/A";
    "<interactive>";
    "R02a_Dc.v";
    "./Flip_Flop_D.v";
    "./Flip_Flop_T.v";
