#! /usr/bin/vvp
:ivl_version "11.0 (stable)";
:ivl_delay_selection "TYPICAL";
:vpi_time_precision + 0;
:vpi_module "/usr/lib/x86_64-linux-gnu/ivl/system.vpi";
:vpi_module "/usr/lib/x86_64-linux-gnu/ivl/vhdl_sys.vpi";
:vpi_module "/usr/lib/x86_64-linux-gnu/ivl/vhdl_textio.vpi";
:vpi_module "/usr/lib/x86_64-linux-gnu/ivl/v2005_math.vpi";
:vpi_module "/usr/lib/x86_64-linux-gnu/ivl/va_math.vpi";
S_0x55d5d93dade0 .scope module, "R0102" "R0102" 2 43;
 .timescale 0 0;
v0x55d5d93f9cc0_0 .var "a", 0 0;
v0x55d5d93f9d60_0 .var "b", 0 0;
v0x55d5d93f9e20_0 .var "c", 0 0;
v0x55d5d93f9ef0_0 .net "sA", 0 0, L_0x55d5d93fa140;  1 drivers
v0x55d5d93f9f90_0 .net "sB", 0 0, L_0x55d5d93fa590;  1 drivers
S_0x55d5d93daf70 .scope module, "f01a" "f_MUX_a" 2 52, 2 17 0, S_0x55d5d93dade0;
 .timescale 0 0;
    .port_info 0 /OUTPUT 1 "s";
    .port_info 1 /INPUT 1 "a";
    .port_info 2 /INPUT 1 "b";
    .port_info 3 /INPUT 1 "c";
L_0x55d5d93fa080 .functor NOT 1, v0x55d5d93f9cc0_0, C4<0>, C4<0>, C4<0>;
v0x55d5d93f8180_0 .net "a", 0 0, v0x55d5d93f9cc0_0;  1 drivers
v0x55d5d93f8240_0 .net "b", 0 0, v0x55d5d93f9d60_0;  1 drivers
v0x55d5d93f82e0_0 .net "c", 0 0, v0x55d5d93f9e20_0;  1 drivers
v0x55d5d93f83b0_0 .net "not_a", 0 0, L_0x55d5d93fa080;  1 drivers
v0x55d5d93f8480_0 .net "s", 0 0, L_0x55d5d93fa140;  alias, 1 drivers
S_0x55d5d93dc4d0 .scope module, "MUX_01" "MUX" 2 22, 2 11 0, S_0x55d5d93daf70;
 .timescale 0 0;
    .port_info 0 /OUTPUT 1 "s";
    .port_info 1 /INPUT 1 "d0";
    .port_info 2 /INPUT 1 "d1";
    .port_info 3 /INPUT 1 "sel";
v0x55d5d93dc720_0 .net "d0", 0 0, v0x55d5d93f9cc0_0;  alias, 1 drivers
v0x55d5d93f7ee0_0 .net "d1", 0 0, L_0x55d5d93fa080;  alias, 1 drivers
v0x55d5d93f7fa0_0 .net "s", 0 0, L_0x55d5d93fa140;  alias, 1 drivers
v0x55d5d93f8040_0 .net "sel", 0 0, v0x55d5d93f9e20_0;  alias, 1 drivers
L_0x55d5d93fa140 .functor MUXZ 1, v0x55d5d93f9cc0_0, L_0x55d5d93fa080, v0x55d5d93f9e20_0, C4<>;
S_0x55d5d93f85a0 .scope module, "f01b" "f_MUX_b" 2 53, 2 27 0, S_0x55d5d93dade0;
 .timescale 0 0;
    .port_info 0 /OUTPUT 1 "s";
    .port_info 1 /INPUT 1 "a";
    .port_info 2 /INPUT 1 "b";
    .port_info 3 /INPUT 1 "c";
L_0x55d5d93fa220 .functor NOT 1, v0x55d5d93f9cc0_0, C4<0>, C4<0>, C4<0>;
L_0x55d5d93fa320 .functor NOT 1, v0x55d5d93f9d60_0, C4<0>, C4<0>, C4<0>;
L_0x55d5d93fa440 .functor NOT 1, v0x55d5d93f9e20_0, C4<0>, C4<0>, C4<0>;
v0x55d5d93f9480_0 .net "a", 0 0, v0x55d5d93f9cc0_0;  alias, 1 drivers
v0x55d5d93f9540_0 .net "b", 0 0, v0x55d5d93f9d60_0;  alias, 1 drivers
v0x55d5d93f9650_0 .net "c", 0 0, v0x55d5d93f9e20_0;  alias, 1 drivers
v0x55d5d93f96f0_0 .net "not_a", 0 0, L_0x55d5d93fa220;  1 drivers
v0x55d5d93f9790_0 .net "not_b", 0 0, L_0x55d5d93fa320;  1 drivers
v0x55d5d93f9880_0 .net "not_c", 0 0, L_0x55d5d93fa440;  1 drivers
v0x55d5d93f9920_0 .net "s", 0 0, L_0x55d5d93fa590;  alias, 1 drivers
v0x55d5d93f99f0_0 .net "s_01", 0 0, L_0x55d5d93fa4b0;  1 drivers
S_0x55d5d93f8810 .scope module, "MUX_01" "MUX" 2 34, 2 11 0, S_0x55d5d93f85a0;
 .timescale 0 0;
    .port_info 0 /OUTPUT 1 "s";
    .port_info 1 /INPUT 1 "d0";
    .port_info 2 /INPUT 1 "d1";
    .port_info 3 /INPUT 1 "sel";
v0x55d5d93f8a90_0 .net "d0", 0 0, v0x55d5d93f9cc0_0;  alias, 1 drivers
v0x55d5d93f8ba0_0 .net "d1", 0 0, L_0x55d5d93fa220;  alias, 1 drivers
v0x55d5d93f8c60_0 .net "s", 0 0, L_0x55d5d93fa4b0;  alias, 1 drivers
v0x55d5d93f8d00_0 .net "sel", 0 0, v0x55d5d93f9d60_0;  alias, 1 drivers
L_0x55d5d93fa4b0 .functor MUXZ 1, v0x55d5d93f9cc0_0, L_0x55d5d93fa220, v0x55d5d93f9d60_0, C4<>;
S_0x55d5d93f8e60 .scope module, "MUX_02" "MUX" 2 36, 2 11 0, S_0x55d5d93f85a0;
 .timescale 0 0;
    .port_info 0 /OUTPUT 1 "s";
    .port_info 1 /INPUT 1 "d0";
    .port_info 2 /INPUT 1 "d1";
    .port_info 3 /INPUT 1 "sel";
v0x55d5d93f90d0_0 .net "d0", 0 0, v0x55d5d93f9e20_0;  alias, 1 drivers
v0x55d5d93f91c0_0 .net "d1", 0 0, L_0x55d5d93fa440;  alias, 1 drivers
v0x55d5d93f9280_0 .net "s", 0 0, L_0x55d5d93fa590;  alias, 1 drivers
v0x55d5d93f9320_0 .net "sel", 0 0, L_0x55d5d93fa4b0;  alias, 1 drivers
L_0x55d5d93fa590 .functor MUXZ 1, v0x55d5d93f9e20_0, L_0x55d5d93fa440, L_0x55d5d93fa4b0, C4<>;
S_0x55d5d93f9ae0 .scope begin, "main" "main" 2 55, 2 55 0, S_0x55d5d93dade0;
 .timescale 0 0;
    .scope S_0x55d5d93dade0;
T_0 ;
    %fork t_1, S_0x55d5d93f9ae0;
    %jmp t_0;
    .scope S_0x55d5d93f9ae0;
t_1 ;
    %vpi_call 2 56 "$display", "R0102 - Tests" {0 0 0};
    %vpi_call 2 57 "$display", "   a    b    c    sA   sB" {0 0 0};
    %vpi_call 2 58 "$monitor", "%4b %4b %4b %4b %4b", v0x55d5d93f9cc0_0, v0x55d5d93f9d60_0, v0x55d5d93f9e20_0, v0x55d5d93f9ef0_0, v0x55d5d93f9f90_0 {0 0 0};
    %pushi/vec4 0, 0, 1;
    %store/vec4 v0x55d5d93f9cc0_0, 0, 1;
    %pushi/vec4 0, 0, 1;
    %store/vec4 v0x55d5d93f9d60_0, 0, 1;
    %pushi/vec4 0, 0, 1;
    %store/vec4 v0x55d5d93f9e20_0, 0, 1;
    %delay 1, 0;
    %pushi/vec4 0, 0, 1;
    %store/vec4 v0x55d5d93f9cc0_0, 0, 1;
    %pushi/vec4 1, 0, 1;
    %store/vec4 v0x55d5d93f9d60_0, 0, 1;
    %pushi/vec4 0, 0, 1;
    %store/vec4 v0x55d5d93f9e20_0, 0, 1;
    %delay 1, 0;
    %pushi/vec4 1, 0, 1;
    %store/vec4 v0x55d5d93f9cc0_0, 0, 1;
    %pushi/vec4 0, 0, 1;
    %store/vec4 v0x55d5d93f9d60_0, 0, 1;
    %pushi/vec4 0, 0, 1;
    %store/vec4 v0x55d5d93f9e20_0, 0, 1;
    %delay 1, 0;
    %pushi/vec4 1, 0, 1;
    %store/vec4 v0x55d5d93f9cc0_0, 0, 1;
    %pushi/vec4 1, 0, 1;
    %store/vec4 v0x55d5d93f9d60_0, 0, 1;
    %pushi/vec4 0, 0, 1;
    %store/vec4 v0x55d5d93f9e20_0, 0, 1;
    %delay 1, 0;
    %pushi/vec4 0, 0, 1;
    %store/vec4 v0x55d5d93f9cc0_0, 0, 1;
    %pushi/vec4 0, 0, 1;
    %store/vec4 v0x55d5d93f9d60_0, 0, 1;
    %pushi/vec4 1, 0, 1;
    %store/vec4 v0x55d5d93f9e20_0, 0, 1;
    %delay 1, 0;
    %pushi/vec4 0, 0, 1;
    %store/vec4 v0x55d5d93f9cc0_0, 0, 1;
    %pushi/vec4 1, 0, 1;
    %store/vec4 v0x55d5d93f9d60_0, 0, 1;
    %pushi/vec4 1, 0, 1;
    %store/vec4 v0x55d5d93f9e20_0, 0, 1;
    %delay 1, 0;
    %pushi/vec4 1, 0, 1;
    %store/vec4 v0x55d5d93f9cc0_0, 0, 1;
    %pushi/vec4 0, 0, 1;
    %store/vec4 v0x55d5d93f9d60_0, 0, 1;
    %pushi/vec4 1, 0, 1;
    %store/vec4 v0x55d5d93f9e20_0, 0, 1;
    %delay 1, 0;
    %pushi/vec4 1, 0, 1;
    %store/vec4 v0x55d5d93f9cc0_0, 0, 1;
    %pushi/vec4 1, 0, 1;
    %store/vec4 v0x55d5d93f9d60_0, 0, 1;
    %pushi/vec4 1, 0, 1;
    %store/vec4 v0x55d5d93f9e20_0, 0, 1;
    %end;
    .scope S_0x55d5d93dade0;
t_0 %join;
    %end;
    .thread T_0;
# The file index is used to find the file name in the following table.
:file_names 3;
    "N/A";
    "<interactive>";
    "R0102.v";
