#! /usr/bin/vvp
:ivl_version "11.0 (stable)";
:ivl_delay_selection "TYPICAL";
:vpi_time_precision + 0;
:vpi_module "/usr/lib/x86_64-linux-gnu/ivl/system.vpi";
:vpi_module "/usr/lib/x86_64-linux-gnu/ivl/vhdl_sys.vpi";
:vpi_module "/usr/lib/x86_64-linux-gnu/ivl/vhdl_textio.vpi";
:vpi_module "/usr/lib/x86_64-linux-gnu/ivl/v2005_math.vpi";
:vpi_module "/usr/lib/x86_64-linux-gnu/ivl/va_math.vpi";
S_0x5611a21dfd50 .scope module, "DeslocadorEsquera6Bit" "DeslocadorEsquera6Bit" 2 14;
 .timescale 0 0;
    .port_info 0 /OUTPUT 1 "out0";
    .port_info 1 /OUTPUT 1 "out1";
    .port_info 2 /OUTPUT 1 "out2";
    .port_info 3 /OUTPUT 1 "out3";
    .port_info 4 /OUTPUT 1 "out4";
    .port_info 5 /OUTPUT 1 "out5";
    .port_info 6 /INPUT 1 "input0";
    .port_info 7 /INPUT 1 "input1";
    .port_info 8 /INPUT 1 "input2";
    .port_info 9 /INPUT 1 "input3";
    .port_info 10 /INPUT 1 "input4";
    .port_info 11 /INPUT 1 "input5";
    .port_info 12 /INPUT 1 "clock";
    .port_info 13 /INPUT 1 "clear";
    .port_info 14 /INPUT 1 "load";
o0x7f23724abbe8 .functor BUFZ 1, C4<z>; HiZ drive
o0x7f23724abac8 .functor BUFZ 1, C4<z>; HiZ drive
L_0x5611a220d8b0 .functor AND 1, o0x7f23724abbe8, o0x7f23724abac8, C4<1>, C4<1>;
o0x7f23724abaf8 .functor BUFZ 1, C4<z>; HiZ drive
L_0x5611a220e970 .functor AND 1, o0x7f23724abbe8, o0x7f23724abaf8, C4<1>, C4<1>;
o0x7f23724abb28 .functor BUFZ 1, C4<z>; HiZ drive
L_0x5611a220f6c0 .functor AND 1, o0x7f23724abbe8, o0x7f23724abb28, C4<1>, C4<1>;
o0x7f23724abb58 .functor BUFZ 1, C4<z>; HiZ drive
L_0x5611a22103b0 .functor AND 1, o0x7f23724abbe8, o0x7f23724abb58, C4<1>, C4<1>;
o0x7f23724abb88 .functor BUFZ 1, C4<z>; HiZ drive
L_0x5611a22110a0 .functor AND 1, o0x7f23724abbe8, o0x7f23724abb88, C4<1>, C4<1>;
o0x7f23724abbb8 .functor BUFZ 1, C4<z>; HiZ drive
L_0x5611a223f3d0 .functor AND 1, o0x7f23724abbe8, o0x7f23724abbb8, C4<1>, C4<1>;
v0x5611a223d9d0_0 .net "QNot_0", 0 0, v0x5611a2211200_0;  1 drivers
v0x5611a223dac0_0 .net "QNot_1", 0 0, v0x5611a223b880_0;  1 drivers
v0x5611a223db90_0 .net "QNot_2", 0 0, v0x5611a223c070_0;  1 drivers
v0x5611a223dc90_0 .net "QNot_3", 0 0, v0x5611a223c800_0;  1 drivers
v0x5611a223dd60_0 .net "QNot_4", 0 0, v0x5611a223d0b0_0;  1 drivers
v0x5611a223de50_0 .net "QNot_5", 0 0, v0x5611a223d830_0;  1 drivers
o0x7f23724ab018 .functor BUFZ 1, C4<z>; HiZ drive
v0x5611a223df20_0 .net "clear", 0 0, o0x7f23724ab018;  0 drivers
o0x7f23724ab048 .functor BUFZ 1, C4<z>; HiZ drive
v0x5611a223dfc0_0 .net "clock", 0 0, o0x7f23724ab048;  0 drivers
v0x5611a223e060_0 .net "input0", 0 0, o0x7f23724abac8;  0 drivers
v0x5611a223e190_0 .net "input1", 0 0, o0x7f23724abaf8;  0 drivers
v0x5611a223e230_0 .net "input2", 0 0, o0x7f23724abb28;  0 drivers
v0x5611a223e2d0_0 .net "input3", 0 0, o0x7f23724abb58;  0 drivers
v0x5611a223e370_0 .net "input4", 0 0, o0x7f23724abb88;  0 drivers
v0x5611a223e410_0 .net "input5", 0 0, o0x7f23724abbb8;  0 drivers
v0x5611a223e4b0_0 .net "load", 0 0, o0x7f23724abbe8;  0 drivers
v0x5611a223e550_0 .net "load_0", 0 0, L_0x5611a220d8b0;  1 drivers
v0x5611a223e620_0 .net "load_1", 0 0, L_0x5611a220e970;  1 drivers
v0x5611a223e800_0 .net "load_2", 0 0, L_0x5611a220f6c0;  1 drivers
v0x5611a223e8d0_0 .net "load_3", 0 0, L_0x5611a22103b0;  1 drivers
v0x5611a223e9a0_0 .net "load_4", 0 0, L_0x5611a22110a0;  1 drivers
v0x5611a223ea70_0 .net "load_5", 0 0, L_0x5611a223f3d0;  1 drivers
v0x5611a223eb40_0 .net "out0", 0 0, v0x5611a2210510_0;  1 drivers
v0x5611a223ec10_0 .net "out1", 0 0, v0x5611a223b790_0;  1 drivers
v0x5611a223ecb0_0 .net "out2", 0 0, v0x5611a223bf80_0;  1 drivers
v0x5611a223eda0_0 .net "out3", 0 0, v0x5611a223c710_0;  1 drivers
v0x5611a223ee90_0 .net "out4", 0 0, v0x5611a223d010_0;  1 drivers
v0x5611a223ef80_0 .net "out5", 0 0, v0x5611a223d740_0;  1 drivers
S_0x5611a221aa90 .scope module, "Flip_Flop_D_0" "dff" 2 36, 3 13 0, S_0x5611a21dfd50;
 .timescale 0 0;
    .port_info 0 /OUTPUT 1 "q";
    .port_info 1 /OUTPUT 1 "qnot";
    .port_info 2 /INPUT 1 "d";
    .port_info 3 /INPUT 1 "clk";
    .port_info 4 /INPUT 1 "preset";
    .port_info 5 /INPUT 1 "clear";
v0x5611a221da50_0 .net "clear", 0 0, o0x7f23724ab018;  alias, 0 drivers
v0x5611a220da10_0 .net "clk", 0 0, o0x7f23724ab048;  alias, 0 drivers
v0x5611a220ead0_0 .net "d", 0 0, v0x5611a223b790_0;  alias, 1 drivers
v0x5611a220f820_0 .net "preset", 0 0, L_0x5611a220d8b0;  alias, 1 drivers
v0x5611a2210510_0 .var "q", 0 0;
v0x5611a2211200_0 .var "qnot", 0 0;
E_0x5611a22039f0 .event posedge, v0x5611a220da10_0;
S_0x5611a223b270 .scope module, "Flip_Flop_D_1" "dff" 2 35, 3 13 0, S_0x5611a21dfd50;
 .timescale 0 0;
    .port_info 0 /OUTPUT 1 "q";
    .port_info 1 /OUTPUT 1 "qnot";
    .port_info 2 /INPUT 1 "d";
    .port_info 3 /INPUT 1 "clk";
    .port_info 4 /INPUT 1 "preset";
    .port_info 5 /INPUT 1 "clear";
v0x5611a223b510_0 .net "clear", 0 0, o0x7f23724ab018;  alias, 0 drivers
v0x5611a223b5b0_0 .net "clk", 0 0, o0x7f23724ab048;  alias, 0 drivers
v0x5611a223b650_0 .net "d", 0 0, v0x5611a223bf80_0;  alias, 1 drivers
v0x5611a223b6f0_0 .net "preset", 0 0, L_0x5611a220e970;  alias, 1 drivers
v0x5611a223b790_0 .var "q", 0 0;
v0x5611a223b880_0 .var "qnot", 0 0;
S_0x5611a223b9c0 .scope module, "Flip_Flop_D_2" "dff" 2 34, 3 13 0, S_0x5611a21dfd50;
 .timescale 0 0;
    .port_info 0 /OUTPUT 1 "q";
    .port_info 1 /OUTPUT 1 "qnot";
    .port_info 2 /INPUT 1 "d";
    .port_info 3 /INPUT 1 "clk";
    .port_info 4 /INPUT 1 "preset";
    .port_info 5 /INPUT 1 "clear";
v0x5611a223bc40_0 .net "clear", 0 0, o0x7f23724ab018;  alias, 0 drivers
v0x5611a223bd30_0 .net "clk", 0 0, o0x7f23724ab048;  alias, 0 drivers
v0x5611a223be40_0 .net "d", 0 0, v0x5611a223c710_0;  alias, 1 drivers
v0x5611a223bee0_0 .net "preset", 0 0, L_0x5611a220f6c0;  alias, 1 drivers
v0x5611a223bf80_0 .var "q", 0 0;
v0x5611a223c070_0 .var "qnot", 0 0;
S_0x5611a223c1d0 .scope module, "Flip_Flop_D_3" "dff" 2 33, 3 13 0, S_0x5611a21dfd50;
 .timescale 0 0;
    .port_info 0 /OUTPUT 1 "q";
    .port_info 1 /OUTPUT 1 "qnot";
    .port_info 2 /INPUT 1 "d";
    .port_info 3 /INPUT 1 "clk";
    .port_info 4 /INPUT 1 "preset";
    .port_info 5 /INPUT 1 "clear";
v0x5611a223c450_0 .net "clear", 0 0, o0x7f23724ab018;  alias, 0 drivers
v0x5611a223c510_0 .net "clk", 0 0, o0x7f23724ab048;  alias, 0 drivers
v0x5611a223c5d0_0 .net "d", 0 0, v0x5611a223d010_0;  alias, 1 drivers
v0x5611a223c670_0 .net "preset", 0 0, L_0x5611a22103b0;  alias, 1 drivers
v0x5611a223c710_0 .var "q", 0 0;
v0x5611a223c800_0 .var "qnot", 0 0;
S_0x5611a223c960 .scope module, "Flip_Flop_D_4" "dff" 2 32, 3 13 0, S_0x5611a21dfd50;
 .timescale 0 0;
    .port_info 0 /OUTPUT 1 "q";
    .port_info 1 /OUTPUT 1 "qnot";
    .port_info 2 /INPUT 1 "d";
    .port_info 3 /INPUT 1 "clk";
    .port_info 4 /INPUT 1 "preset";
    .port_info 5 /INPUT 1 "clear";
v0x5611a223cc30_0 .net "clear", 0 0, o0x7f23724ab018;  alias, 0 drivers
v0x5611a223cd80_0 .net "clk", 0 0, o0x7f23724ab048;  alias, 0 drivers
v0x5611a223ced0_0 .net "d", 0 0, v0x5611a223d740_0;  alias, 1 drivers
v0x5611a223cf70_0 .net "preset", 0 0, L_0x5611a22110a0;  alias, 1 drivers
v0x5611a223d010_0 .var "q", 0 0;
v0x5611a223d0b0_0 .var "qnot", 0 0;
S_0x5611a223d250 .scope module, "Flip_Flop_D_5" "dff" 2 31, 3 13 0, S_0x5611a21dfd50;
 .timescale 0 0;
    .port_info 0 /OUTPUT 1 "q";
    .port_info 1 /OUTPUT 1 "qnot";
    .port_info 2 /INPUT 1 "d";
    .port_info 3 /INPUT 1 "clk";
    .port_info 4 /INPUT 1 "preset";
    .port_info 5 /INPUT 1 "clear";
v0x5611a223d480_0 .net "clear", 0 0, o0x7f23724ab018;  alias, 0 drivers
v0x5611a223d540_0 .net "clk", 0 0, o0x7f23724ab048;  alias, 0 drivers
L_0x7f2372462018 .functor BUFT 1, C4<0>, C4<0>, C4<0>, C4<0>;
v0x5611a223d600_0 .net "d", 0 0, L_0x7f2372462018;  1 drivers
v0x5611a223d6a0_0 .net "preset", 0 0, L_0x5611a223f3d0;  alias, 1 drivers
v0x5611a223d740_0 .var "q", 0 0;
v0x5611a223d830_0 .var "qnot", 0 0;
    .scope S_0x5611a223d250;
T_0 ;
    %wait E_0x5611a22039f0;
    %load/vec4 v0x5611a223d480_0;
    %flag_set/vec4 8;
    %jmp/0xz  T_0.0, 8;
    %pushi/vec4 0, 0, 1;
    %assign/vec4 v0x5611a223d740_0, 0;
    %pushi/vec4 1, 0, 1;
    %assign/vec4 v0x5611a223d830_0, 0;
    %jmp T_0.1;
T_0.0 ;
    %load/vec4 v0x5611a223d6a0_0;
    %flag_set/vec4 8;
    %jmp/0xz  T_0.2, 8;
    %pushi/vec4 1, 0, 1;
    %assign/vec4 v0x5611a223d740_0, 0;
    %pushi/vec4 0, 0, 1;
    %assign/vec4 v0x5611a223d830_0, 0;
    %jmp T_0.3;
T_0.2 ;
    %load/vec4 v0x5611a223d600_0;
    %assign/vec4 v0x5611a223d740_0, 0;
    %load/vec4 v0x5611a223d600_0;
    %inv;
    %assign/vec4 v0x5611a223d830_0, 0;
T_0.3 ;
T_0.1 ;
    %jmp T_0;
    .thread T_0;
    .scope S_0x5611a223c960;
T_1 ;
    %wait E_0x5611a22039f0;
    %load/vec4 v0x5611a223cc30_0;
    %flag_set/vec4 8;
    %jmp/0xz  T_1.0, 8;
    %pushi/vec4 0, 0, 1;
    %assign/vec4 v0x5611a223d010_0, 0;
    %pushi/vec4 1, 0, 1;
    %assign/vec4 v0x5611a223d0b0_0, 0;
    %jmp T_1.1;
T_1.0 ;
    %load/vec4 v0x5611a223cf70_0;
    %flag_set/vec4 8;
    %jmp/0xz  T_1.2, 8;
    %pushi/vec4 1, 0, 1;
    %assign/vec4 v0x5611a223d010_0, 0;
    %pushi/vec4 0, 0, 1;
    %assign/vec4 v0x5611a223d0b0_0, 0;
    %jmp T_1.3;
T_1.2 ;
    %load/vec4 v0x5611a223ced0_0;
    %assign/vec4 v0x5611a223d010_0, 0;
    %load/vec4 v0x5611a223ced0_0;
    %inv;
    %assign/vec4 v0x5611a223d0b0_0, 0;
T_1.3 ;
T_1.1 ;
    %jmp T_1;
    .thread T_1;
    .scope S_0x5611a223c1d0;
T_2 ;
    %wait E_0x5611a22039f0;
    %load/vec4 v0x5611a223c450_0;
    %flag_set/vec4 8;
    %jmp/0xz  T_2.0, 8;
    %pushi/vec4 0, 0, 1;
    %assign/vec4 v0x5611a223c710_0, 0;
    %pushi/vec4 1, 0, 1;
    %assign/vec4 v0x5611a223c800_0, 0;
    %jmp T_2.1;
T_2.0 ;
    %load/vec4 v0x5611a223c670_0;
    %flag_set/vec4 8;
    %jmp/0xz  T_2.2, 8;
    %pushi/vec4 1, 0, 1;
    %assign/vec4 v0x5611a223c710_0, 0;
    %pushi/vec4 0, 0, 1;
    %assign/vec4 v0x5611a223c800_0, 0;
    %jmp T_2.3;
T_2.2 ;
    %load/vec4 v0x5611a223c5d0_0;
    %assign/vec4 v0x5611a223c710_0, 0;
    %load/vec4 v0x5611a223c5d0_0;
    %inv;
    %assign/vec4 v0x5611a223c800_0, 0;
T_2.3 ;
T_2.1 ;
    %jmp T_2;
    .thread T_2;
    .scope S_0x5611a223b9c0;
T_3 ;
    %wait E_0x5611a22039f0;
    %load/vec4 v0x5611a223bc40_0;
    %flag_set/vec4 8;
    %jmp/0xz  T_3.0, 8;
    %pushi/vec4 0, 0, 1;
    %assign/vec4 v0x5611a223bf80_0, 0;
    %pushi/vec4 1, 0, 1;
    %assign/vec4 v0x5611a223c070_0, 0;
    %jmp T_3.1;
T_3.0 ;
    %load/vec4 v0x5611a223bee0_0;
    %flag_set/vec4 8;
    %jmp/0xz  T_3.2, 8;
    %pushi/vec4 1, 0, 1;
    %assign/vec4 v0x5611a223bf80_0, 0;
    %pushi/vec4 0, 0, 1;
    %assign/vec4 v0x5611a223c070_0, 0;
    %jmp T_3.3;
T_3.2 ;
    %load/vec4 v0x5611a223be40_0;
    %assign/vec4 v0x5611a223bf80_0, 0;
    %load/vec4 v0x5611a223be40_0;
    %inv;
    %assign/vec4 v0x5611a223c070_0, 0;
T_3.3 ;
T_3.1 ;
    %jmp T_3;
    .thread T_3;
    .scope S_0x5611a223b270;
T_4 ;
    %wait E_0x5611a22039f0;
    %load/vec4 v0x5611a223b510_0;
    %flag_set/vec4 8;
    %jmp/0xz  T_4.0, 8;
    %pushi/vec4 0, 0, 1;
    %assign/vec4 v0x5611a223b790_0, 0;
    %pushi/vec4 1, 0, 1;
    %assign/vec4 v0x5611a223b880_0, 0;
    %jmp T_4.1;
T_4.0 ;
    %load/vec4 v0x5611a223b6f0_0;
    %flag_set/vec4 8;
    %jmp/0xz  T_4.2, 8;
    %pushi/vec4 1, 0, 1;
    %assign/vec4 v0x5611a223b790_0, 0;
    %pushi/vec4 0, 0, 1;
    %assign/vec4 v0x5611a223b880_0, 0;
    %jmp T_4.3;
T_4.2 ;
    %load/vec4 v0x5611a223b650_0;
    %assign/vec4 v0x5611a223b790_0, 0;
    %load/vec4 v0x5611a223b650_0;
    %inv;
    %assign/vec4 v0x5611a223b880_0, 0;
T_4.3 ;
T_4.1 ;
    %jmp T_4;
    .thread T_4;
    .scope S_0x5611a221aa90;
T_5 ;
    %wait E_0x5611a22039f0;
    %load/vec4 v0x5611a221da50_0;
    %flag_set/vec4 8;
    %jmp/0xz  T_5.0, 8;
    %pushi/vec4 0, 0, 1;
    %assign/vec4 v0x5611a2210510_0, 0;
    %pushi/vec4 1, 0, 1;
    %assign/vec4 v0x5611a2211200_0, 0;
    %jmp T_5.1;
T_5.0 ;
    %load/vec4 v0x5611a220f820_0;
    %flag_set/vec4 8;
    %jmp/0xz  T_5.2, 8;
    %pushi/vec4 1, 0, 1;
    %assign/vec4 v0x5611a2210510_0, 0;
    %pushi/vec4 0, 0, 1;
    %assign/vec4 v0x5611a2211200_0, 0;
    %jmp T_5.3;
T_5.2 ;
    %load/vec4 v0x5611a220ead0_0;
    %assign/vec4 v0x5611a2210510_0, 0;
    %load/vec4 v0x5611a220ead0_0;
    %inv;
    %assign/vec4 v0x5611a2211200_0, 0;
T_5.3 ;
T_5.1 ;
    %jmp T_5;
    .thread T_5;
# The file index is used to find the file name in the following table.
:file_names 4;
    "N/A";
    "<interactive>";
    "DeslocadorEsquera6Bit.v";
    "./Flip_Flop_D.v";
