#! /usr/bin/vvp
:ivl_version "11.0 (stable)";
:ivl_delay_selection "TYPICAL";
:vpi_time_precision + 0;
:vpi_module "/usr/lib/x86_64-linux-gnu/ivl/system.vpi";
:vpi_module "/usr/lib/x86_64-linux-gnu/ivl/vhdl_sys.vpi";
:vpi_module "/usr/lib/x86_64-linux-gnu/ivl/vhdl_textio.vpi";
:vpi_module "/usr/lib/x86_64-linux-gnu/ivl/v2005_math.vpi";
:vpi_module "/usr/lib/x86_64-linux-gnu/ivl/va_math.vpi";
S_0x561309576850 .scope module, "Guia_1405" "Guia_1405" 2 14;
 .timescale 0 0;
v0x5613095a41a0_0 .var "clear", 0 0;
v0x5613095a4260_0 .var "clock", 0 0;
v0x5613095a4320_0 .var "input0", 0 0;
v0x5613095a43c0_0 .var "input1", 0 0;
v0x5613095a4460_0 .var "input2", 0 0;
v0x5613095a4550_0 .var "input3", 0 0;
v0x5613095a45f0_0 .var "input4", 0 0;
v0x5613095a46c0_0 .var "input5", 0 0;
v0x5613095a4790_0 .var "load", 0 0;
v0x5613095a4860_0 .net "out_0", 0 0, v0x561309569c40_0;  1 drivers
v0x5613095a4900_0 .net "out_1", 0 0, v0x5613095a0a20_0;  1 drivers
v0x5613095a49a0_0 .net "out_2", 0 0, v0x5613095a1210_0;  1 drivers
v0x5613095a4a40_0 .net "out_3", 0 0, v0x5613095a19a0_0;  1 drivers
v0x5613095a4ae0_0 .net "out_4", 0 0, v0x5613095a2180_0;  1 drivers
v0x5613095a4b80_0 .net "out_5", 0 0, v0x5613095a28e0_0;  1 drivers
S_0x5613095769e0 .scope module, "deslocador" "ConversorParalelo6Bits" 2 22, 3 14 0, S_0x561309576850;
 .timescale 0 0;
    .port_info 0 /OUTPUT 1 "out0";
    .port_info 1 /OUTPUT 1 "out1";
    .port_info 2 /OUTPUT 1 "out2";
    .port_info 3 /OUTPUT 1 "out3";
    .port_info 4 /OUTPUT 1 "out4";
    .port_info 5 /OUTPUT 1 "out5";
    .port_info 6 /INPUT 1 "input0";
    .port_info 7 /INPUT 1 "input1";
    .port_info 8 /INPUT 1 "input2";
    .port_info 9 /INPUT 1 "input3";
    .port_info 10 /INPUT 1 "input4";
    .port_info 11 /INPUT 1 "input5";
    .port_info 12 /INPUT 1 "clock";
    .port_info 13 /INPUT 1 "clear";
    .port_info 14 /INPUT 1 "load";
L_0x561309568b30 .functor AND 1, v0x5613095a4790_0, v0x5613095a4320_0, C4<1>, C4<1>;
L_0x561309567e40 .functor AND 1, v0x5613095a4790_0, v0x5613095a43c0_0, C4<1>, C4<1>;
L_0x561309567150 .functor AND 1, v0x5613095a4790_0, v0x5613095a4460_0, C4<1>, C4<1>;
L_0x561309566460 .functor AND 1, v0x5613095a4790_0, v0x5613095a4550_0, C4<1>, C4<1>;
L_0x561309565710 .functor AND 1, v0x5613095a4790_0, v0x5613095a45f0_0, C4<1>, C4<1>;
L_0x561309569ac0 .functor AND 1, v0x5613095a4790_0, v0x5613095a46c0_0, C4<1>, C4<1>;
v0x5613095a2b70_0 .net "QNot_0", 0 0, v0x561309569ce0_0;  1 drivers
v0x5613095a2c30_0 .net "QNot_1", 0 0, v0x5613095a0b10_0;  1 drivers
v0x5613095a2d00_0 .net "QNot_2", 0 0, v0x5613095a1300_0;  1 drivers
v0x5613095a2e00_0 .net "QNot_3", 0 0, v0x5613095a1a90_0;  1 drivers
v0x5613095a2ed0_0 .net "QNot_4", 0 0, v0x5613095a2220_0;  1 drivers
v0x5613095a2fc0_0 .net "QNot_5", 0 0, v0x5613095a29d0_0;  1 drivers
v0x5613095a3090_0 .net "clear", 0 0, v0x5613095a41a0_0;  1 drivers
v0x5613095a3130_0 .net "clock", 0 0, v0x5613095a4260_0;  1 drivers
v0x5613095a31d0_0 .net "input0", 0 0, v0x5613095a4320_0;  1 drivers
v0x5613095a3300_0 .net "input1", 0 0, v0x5613095a43c0_0;  1 drivers
v0x5613095a33a0_0 .net "input2", 0 0, v0x5613095a4460_0;  1 drivers
v0x5613095a3440_0 .net "input3", 0 0, v0x5613095a4550_0;  1 drivers
v0x5613095a34e0_0 .net "input4", 0 0, v0x5613095a45f0_0;  1 drivers
v0x5613095a3580_0 .net "input5", 0 0, v0x5613095a46c0_0;  1 drivers
v0x5613095a3620_0 .net "load", 0 0, v0x5613095a4790_0;  1 drivers
v0x5613095a36c0_0 .net "load_0", 0 0, L_0x561309568b30;  1 drivers
v0x5613095a3790_0 .net "load_1", 0 0, L_0x561309567e40;  1 drivers
v0x5613095a3860_0 .net "load_2", 0 0, L_0x561309567150;  1 drivers
v0x5613095a3930_0 .net "load_3", 0 0, L_0x561309566460;  1 drivers
v0x5613095a3a00_0 .net "load_4", 0 0, L_0x561309565710;  1 drivers
v0x5613095a3ad0_0 .net "load_5", 0 0, L_0x561309569ac0;  1 drivers
v0x5613095a3ba0_0 .net "out0", 0 0, v0x561309569c40_0;  alias, 1 drivers
v0x5613095a3c40_0 .net "out1", 0 0, v0x5613095a0a20_0;  alias, 1 drivers
v0x5613095a3d30_0 .net "out2", 0 0, v0x5613095a1210_0;  alias, 1 drivers
v0x5613095a3e20_0 .net "out3", 0 0, v0x5613095a19a0_0;  alias, 1 drivers
v0x5613095a3f10_0 .net "out4", 0 0, v0x5613095a2180_0;  alias, 1 drivers
v0x5613095a4000_0 .net "out5", 0 0, v0x5613095a28e0_0;  alias, 1 drivers
S_0x561309534e60 .scope module, "Flip_Flop_D_0" "dff" 3 31, 4 13 0, S_0x5613095769e0;
 .timescale 0 0;
    .port_info 0 /OUTPUT 1 "q";
    .port_info 1 /OUTPUT 1 "qnot";
    .port_info 2 /INPUT 1 "d";
    .port_info 3 /INPUT 1 "clk";
    .port_info 4 /INPUT 1 "preset";
    .port_info 5 /INPUT 1 "clear";
v0x561309567fa0_0 .net "clear", 0 0, v0x5613095a41a0_0;  alias, 1 drivers
v0x5613095672b0_0 .net "clk", 0 0, v0x5613095a4260_0;  alias, 1 drivers
L_0x7f1b54499018 .functor BUFT 1, C4<0>, C4<0>, C4<0>, C4<0>;
v0x5613095665c0_0 .net "d", 0 0, L_0x7f1b54499018;  1 drivers
v0x561309565870_0 .net "preset", 0 0, L_0x561309568b30;  alias, 1 drivers
v0x561309569c40_0 .var "q", 0 0;
v0x561309569ce0_0 .var "qnot", 0 0;
E_0x561309581720 .event posedge, v0x5613095672b0_0;
S_0x5613095a0500 .scope module, "Flip_Flop_D_1" "dff" 3 32, 4 13 0, S_0x5613095769e0;
 .timescale 0 0;
    .port_info 0 /OUTPUT 1 "q";
    .port_info 1 /OUTPUT 1 "qnot";
    .port_info 2 /INPUT 1 "d";
    .port_info 3 /INPUT 1 "clk";
    .port_info 4 /INPUT 1 "preset";
    .port_info 5 /INPUT 1 "clear";
v0x5613095a07a0_0 .net "clear", 0 0, v0x5613095a41a0_0;  alias, 1 drivers
v0x5613095a0840_0 .net "clk", 0 0, v0x5613095a4260_0;  alias, 1 drivers
v0x5613095a08e0_0 .net "d", 0 0, v0x561309569c40_0;  alias, 1 drivers
v0x5613095a0980_0 .net "preset", 0 0, L_0x561309567e40;  alias, 1 drivers
v0x5613095a0a20_0 .var "q", 0 0;
v0x5613095a0b10_0 .var "qnot", 0 0;
S_0x5613095a0c50 .scope module, "Flip_Flop_D_2" "dff" 3 33, 4 13 0, S_0x5613095769e0;
 .timescale 0 0;
    .port_info 0 /OUTPUT 1 "q";
    .port_info 1 /OUTPUT 1 "qnot";
    .port_info 2 /INPUT 1 "d";
    .port_info 3 /INPUT 1 "clk";
    .port_info 4 /INPUT 1 "preset";
    .port_info 5 /INPUT 1 "clear";
v0x5613095a0ed0_0 .net "clear", 0 0, v0x5613095a41a0_0;  alias, 1 drivers
v0x5613095a0fc0_0 .net "clk", 0 0, v0x5613095a4260_0;  alias, 1 drivers
v0x5613095a10d0_0 .net "d", 0 0, v0x5613095a0a20_0;  alias, 1 drivers
v0x5613095a1170_0 .net "preset", 0 0, L_0x561309567150;  alias, 1 drivers
v0x5613095a1210_0 .var "q", 0 0;
v0x5613095a1300_0 .var "qnot", 0 0;
S_0x5613095a1460 .scope module, "Flip_Flop_D_3" "dff" 3 34, 4 13 0, S_0x5613095769e0;
 .timescale 0 0;
    .port_info 0 /OUTPUT 1 "q";
    .port_info 1 /OUTPUT 1 "qnot";
    .port_info 2 /INPUT 1 "d";
    .port_info 3 /INPUT 1 "clk";
    .port_info 4 /INPUT 1 "preset";
    .port_info 5 /INPUT 1 "clear";
v0x5613095a16e0_0 .net "clear", 0 0, v0x5613095a41a0_0;  alias, 1 drivers
v0x5613095a17a0_0 .net "clk", 0 0, v0x5613095a4260_0;  alias, 1 drivers
v0x5613095a1860_0 .net "d", 0 0, v0x5613095a1210_0;  alias, 1 drivers
v0x5613095a1900_0 .net "preset", 0 0, L_0x561309566460;  alias, 1 drivers
v0x5613095a19a0_0 .var "q", 0 0;
v0x5613095a1a90_0 .var "qnot", 0 0;
S_0x5613095a1bf0 .scope module, "Flip_Flop_D_4" "dff" 3 35, 4 13 0, S_0x5613095769e0;
 .timescale 0 0;
    .port_info 0 /OUTPUT 1 "q";
    .port_info 1 /OUTPUT 1 "qnot";
    .port_info 2 /INPUT 1 "d";
    .port_info 3 /INPUT 1 "clk";
    .port_info 4 /INPUT 1 "preset";
    .port_info 5 /INPUT 1 "clear";
v0x5613095a1ec0_0 .net "clear", 0 0, v0x5613095a41a0_0;  alias, 1 drivers
v0x5613095a1f80_0 .net "clk", 0 0, v0x5613095a4260_0;  alias, 1 drivers
v0x5613095a2040_0 .net "d", 0 0, v0x5613095a19a0_0;  alias, 1 drivers
v0x5613095a20e0_0 .net "preset", 0 0, L_0x561309565710;  alias, 1 drivers
v0x5613095a2180_0 .var "q", 0 0;
v0x5613095a2220_0 .var "qnot", 0 0;
S_0x5613095a23c0 .scope module, "Flip_Flop_D_5" "dff" 3 36, 4 13 0, S_0x5613095769e0;
 .timescale 0 0;
    .port_info 0 /OUTPUT 1 "q";
    .port_info 1 /OUTPUT 1 "qnot";
    .port_info 2 /INPUT 1 "d";
    .port_info 3 /INPUT 1 "clk";
    .port_info 4 /INPUT 1 "preset";
    .port_info 5 /INPUT 1 "clear";
v0x5613095a25f0_0 .net "clear", 0 0, v0x5613095a41a0_0;  alias, 1 drivers
v0x5613095a26b0_0 .net "clk", 0 0, v0x5613095a4260_0;  alias, 1 drivers
v0x5613095a2770_0 .net "d", 0 0, v0x5613095a2180_0;  alias, 1 drivers
v0x5613095a2840_0 .net "preset", 0 0, L_0x561309569ac0;  alias, 1 drivers
v0x5613095a28e0_0 .var "q", 0 0;
v0x5613095a29d0_0 .var "qnot", 0 0;
    .scope S_0x561309534e60;
T_0 ;
    %wait E_0x561309581720;
    %load/vec4 v0x561309567fa0_0;
    %flag_set/vec4 8;
    %jmp/0xz  T_0.0, 8;
    %pushi/vec4 0, 0, 1;
    %assign/vec4 v0x561309569c40_0, 0;
    %pushi/vec4 1, 0, 1;
    %assign/vec4 v0x561309569ce0_0, 0;
    %jmp T_0.1;
T_0.0 ;
    %load/vec4 v0x561309565870_0;
    %flag_set/vec4 8;
    %jmp/0xz  T_0.2, 8;
    %pushi/vec4 1, 0, 1;
    %assign/vec4 v0x561309569c40_0, 0;
    %pushi/vec4 0, 0, 1;
    %assign/vec4 v0x561309569ce0_0, 0;
    %jmp T_0.3;
T_0.2 ;
    %load/vec4 v0x5613095665c0_0;
    %assign/vec4 v0x561309569c40_0, 0;
    %load/vec4 v0x5613095665c0_0;
    %inv;
    %assign/vec4 v0x561309569ce0_0, 0;
T_0.3 ;
T_0.1 ;
    %jmp T_0;
    .thread T_0;
    .scope S_0x5613095a0500;
T_1 ;
    %wait E_0x561309581720;
    %load/vec4 v0x5613095a07a0_0;
    %flag_set/vec4 8;
    %jmp/0xz  T_1.0, 8;
    %pushi/vec4 0, 0, 1;
    %assign/vec4 v0x5613095a0a20_0, 0;
    %pushi/vec4 1, 0, 1;
    %assign/vec4 v0x5613095a0b10_0, 0;
    %jmp T_1.1;
T_1.0 ;
    %load/vec4 v0x5613095a0980_0;
    %flag_set/vec4 8;
    %jmp/0xz  T_1.2, 8;
    %pushi/vec4 1, 0, 1;
    %assign/vec4 v0x5613095a0a20_0, 0;
    %pushi/vec4 0, 0, 1;
    %assign/vec4 v0x5613095a0b10_0, 0;
    %jmp T_1.3;
T_1.2 ;
    %load/vec4 v0x5613095a08e0_0;
    %assign/vec4 v0x5613095a0a20_0, 0;
    %load/vec4 v0x5613095a08e0_0;
    %inv;
    %assign/vec4 v0x5613095a0b10_0, 0;
T_1.3 ;
T_1.1 ;
    %jmp T_1;
    .thread T_1;
    .scope S_0x5613095a0c50;
T_2 ;
    %wait E_0x561309581720;
    %load/vec4 v0x5613095a0ed0_0;
    %flag_set/vec4 8;
    %jmp/0xz  T_2.0, 8;
    %pushi/vec4 0, 0, 1;
    %assign/vec4 v0x5613095a1210_0, 0;
    %pushi/vec4 1, 0, 1;
    %assign/vec4 v0x5613095a1300_0, 0;
    %jmp T_2.1;
T_2.0 ;
    %load/vec4 v0x5613095a1170_0;
    %flag_set/vec4 8;
    %jmp/0xz  T_2.2, 8;
    %pushi/vec4 1, 0, 1;
    %assign/vec4 v0x5613095a1210_0, 0;
    %pushi/vec4 0, 0, 1;
    %assign/vec4 v0x5613095a1300_0, 0;
    %jmp T_2.3;
T_2.2 ;
    %load/vec4 v0x5613095a10d0_0;
    %assign/vec4 v0x5613095a1210_0, 0;
    %load/vec4 v0x5613095a10d0_0;
    %inv;
    %assign/vec4 v0x5613095a1300_0, 0;
T_2.3 ;
T_2.1 ;
    %jmp T_2;
    .thread T_2;
    .scope S_0x5613095a1460;
T_3 ;
    %wait E_0x561309581720;
    %load/vec4 v0x5613095a16e0_0;
    %flag_set/vec4 8;
    %jmp/0xz  T_3.0, 8;
    %pushi/vec4 0, 0, 1;
    %assign/vec4 v0x5613095a19a0_0, 0;
    %pushi/vec4 1, 0, 1;
    %assign/vec4 v0x5613095a1a90_0, 0;
    %jmp T_3.1;
T_3.0 ;
    %load/vec4 v0x5613095a1900_0;
    %flag_set/vec4 8;
    %jmp/0xz  T_3.2, 8;
    %pushi/vec4 1, 0, 1;
    %assign/vec4 v0x5613095a19a0_0, 0;
    %pushi/vec4 0, 0, 1;
    %assign/vec4 v0x5613095a1a90_0, 0;
    %jmp T_3.3;
T_3.2 ;
    %load/vec4 v0x5613095a1860_0;
    %assign/vec4 v0x5613095a19a0_0, 0;
    %load/vec4 v0x5613095a1860_0;
    %inv;
    %assign/vec4 v0x5613095a1a90_0, 0;
T_3.3 ;
T_3.1 ;
    %jmp T_3;
    .thread T_3;
    .scope S_0x5613095a1bf0;
T_4 ;
    %wait E_0x561309581720;
    %load/vec4 v0x5613095a1ec0_0;
    %flag_set/vec4 8;
    %jmp/0xz  T_4.0, 8;
    %pushi/vec4 0, 0, 1;
    %assign/vec4 v0x5613095a2180_0, 0;
    %pushi/vec4 1, 0, 1;
    %assign/vec4 v0x5613095a2220_0, 0;
    %jmp T_4.1;
T_4.0 ;
    %load/vec4 v0x5613095a20e0_0;
    %flag_set/vec4 8;
    %jmp/0xz  T_4.2, 8;
    %pushi/vec4 1, 0, 1;
    %assign/vec4 v0x5613095a2180_0, 0;
    %pushi/vec4 0, 0, 1;
    %assign/vec4 v0x5613095a2220_0, 0;
    %jmp T_4.3;
T_4.2 ;
    %load/vec4 v0x5613095a2040_0;
    %assign/vec4 v0x5613095a2180_0, 0;
    %load/vec4 v0x5613095a2040_0;
    %inv;
    %assign/vec4 v0x5613095a2220_0, 0;
T_4.3 ;
T_4.1 ;
    %jmp T_4;
    .thread T_4;
    .scope S_0x5613095a23c0;
T_5 ;
    %wait E_0x561309581720;
    %load/vec4 v0x5613095a25f0_0;
    %flag_set/vec4 8;
    %jmp/0xz  T_5.0, 8;
    %pushi/vec4 0, 0, 1;
    %assign/vec4 v0x5613095a28e0_0, 0;
    %pushi/vec4 1, 0, 1;
    %assign/vec4 v0x5613095a29d0_0, 0;
    %jmp T_5.1;
T_5.0 ;
    %load/vec4 v0x5613095a2840_0;
    %flag_set/vec4 8;
    %jmp/0xz  T_5.2, 8;
    %pushi/vec4 1, 0, 1;
    %assign/vec4 v0x5613095a28e0_0, 0;
    %pushi/vec4 0, 0, 1;
    %assign/vec4 v0x5613095a29d0_0, 0;
    %jmp T_5.3;
T_5.2 ;
    %load/vec4 v0x5613095a2770_0;
    %assign/vec4 v0x5613095a28e0_0, 0;
    %load/vec4 v0x5613095a2770_0;
    %inv;
    %assign/vec4 v0x5613095a29d0_0, 0;
T_5.3 ;
T_5.1 ;
    %jmp T_5;
    .thread T_5;
    .scope S_0x561309576850;
T_6 ;
    %pushi/vec4 0, 0, 1;
    %store/vec4 v0x5613095a4260_0, 0, 1;
T_6.0 ;
    %delay 5, 0;
    %load/vec4 v0x5613095a4260_0;
    %inv;
    %store/vec4 v0x5613095a4260_0, 0, 1;
    %jmp T_6.0;
    %end;
    .thread T_6;
    .scope S_0x561309576850;
T_7 ;
    %vpi_call 2 32 "$monitor", "Tempo=%0t | clear=%b | load=%b | input = %b%b%b%b%b%b | out=%b%b%b%b%b%b", $time, v0x5613095a41a0_0, v0x5613095a4790_0, v0x5613095a4320_0, v0x5613095a43c0_0, v0x5613095a4460_0, v0x5613095a4550_0, v0x5613095a45f0_0, v0x5613095a46c0_0, v0x5613095a4860_0, v0x5613095a4900_0, v0x5613095a49a0_0, v0x5613095a4a40_0, v0x5613095a4ae0_0, v0x5613095a4b80_0 {0 0 0};
    %pushi/vec4 0, 0, 1;
    %store/vec4 v0x5613095a4320_0, 0, 1;
    %pushi/vec4 1, 0, 1;
    %store/vec4 v0x5613095a41a0_0, 0, 1;
    %pushi/vec4 0, 0, 1;
    %store/vec4 v0x5613095a4790_0, 0, 1;
    %delay 10, 0;
    %pushi/vec4 0, 0, 1;
    %store/vec4 v0x5613095a41a0_0, 0, 1;
    %pushi/vec4 1, 0, 1;
    %store/vec4 v0x5613095a4790_0, 0, 1;
    %pushi/vec4 1, 0, 1;
    %store/vec4 v0x5613095a4320_0, 0, 1;
    %pushi/vec4 1, 0, 1;
    %store/vec4 v0x5613095a43c0_0, 0, 1;
    %pushi/vec4 0, 0, 1;
    %store/vec4 v0x5613095a4460_0, 0, 1;
    %pushi/vec4 0, 0, 1;
    %store/vec4 v0x5613095a4550_0, 0, 1;
    %pushi/vec4 0, 0, 1;
    %store/vec4 v0x5613095a45f0_0, 0, 1;
    %delay 5, 0;
    %pushi/vec4 0, 0, 1;
    %store/vec4 v0x5613095a46c0_0, 0, 1;
    %delay 10, 0;
    %pushi/vec4 0, 0, 1;
    %store/vec4 v0x5613095a4320_0, 0, 1;
    %pushi/vec4 0, 0, 1;
    %store/vec4 v0x5613095a43c0_0, 0, 1;
    %pushi/vec4 0, 0, 1;
    %store/vec4 v0x5613095a4460_0, 0, 1;
    %pushi/vec4 0, 0, 1;
    %store/vec4 v0x5613095a4550_0, 0, 1;
    %pushi/vec4 0, 0, 1;
    %store/vec4 v0x5613095a45f0_0, 0, 1;
    %delay 5, 0;
    %pushi/vec4 0, 0, 1;
    %store/vec4 v0x5613095a46c0_0, 0, 1;
    %delay 10, 0;
    %pushi/vec4 0, 0, 1;
    %store/vec4 v0x5613095a4790_0, 0, 1;
    %delay 10, 0;
    %delay 10, 0;
    %delay 10, 0;
    %delay 10, 0;
    %delay 10, 0;
    %delay 10, 0;
    %pushi/vec4 1, 0, 1;
    %store/vec4 v0x5613095a4790_0, 0, 1;
    %delay 10, 0;
    %pushi/vec4 1, 0, 1;
    %store/vec4 v0x5613095a4550_0, 0, 1;
    %delay 10, 0;
    %pushi/vec4 0, 0, 1;
    %store/vec4 v0x5613095a4550_0, 0, 1;
    %delay 10, 0;
    %pushi/vec4 0, 0, 1;
    %store/vec4 v0x5613095a4790_0, 0, 1;
    %delay 10, 0;
    %pushi/vec4 1, 0, 1;
    %store/vec4 v0x5613095a41a0_0, 0, 1;
    %delay 10, 0;
    %pushi/vec4 0, 0, 1;
    %store/vec4 v0x5613095a41a0_0, 0, 1;
    %pushi/vec4 1, 0, 1;
    %store/vec4 v0x5613095a4790_0, 0, 1;
    %pushi/vec4 1, 0, 1;
    %store/vec4 v0x5613095a4320_0, 0, 1;
    %pushi/vec4 1, 0, 1;
    %store/vec4 v0x5613095a43c0_0, 0, 1;
    %pushi/vec4 1, 0, 1;
    %store/vec4 v0x5613095a4460_0, 0, 1;
    %pushi/vec4 1, 0, 1;
    %store/vec4 v0x5613095a4550_0, 0, 1;
    %pushi/vec4 1, 0, 1;
    %store/vec4 v0x5613095a45f0_0, 0, 1;
    %delay 5, 0;
    %pushi/vec4 1, 0, 1;
    %store/vec4 v0x5613095a46c0_0, 0, 1;
    %delay 10, 0;
    %pushi/vec4 0, 0, 1;
    %store/vec4 v0x5613095a4320_0, 0, 1;
    %pushi/vec4 0, 0, 1;
    %store/vec4 v0x5613095a43c0_0, 0, 1;
    %pushi/vec4 0, 0, 1;
    %store/vec4 v0x5613095a4460_0, 0, 1;
    %pushi/vec4 0, 0, 1;
    %store/vec4 v0x5613095a4550_0, 0, 1;
    %pushi/vec4 0, 0, 1;
    %store/vec4 v0x5613095a45f0_0, 0, 1;
    %delay 5, 0;
    %pushi/vec4 0, 0, 1;
    %store/vec4 v0x5613095a46c0_0, 0, 1;
    %delay 10, 0;
    %pushi/vec4 0, 0, 1;
    %store/vec4 v0x5613095a4790_0, 0, 1;
    %delay 10, 0;
    %delay 10, 0;
    %delay 10, 0;
    %delay 10, 0;
    %delay 10, 0;
    %vpi_call 2 104 "$finish" {0 0 0};
    %end;
    .thread T_7;
# The file index is used to find the file name in the following table.
:file_names 5;
    "N/A";
    "<interactive>";
    "Guia_1405.v";
    "./ConversorParalelo6Bits.v";
    "./Flip_Flop_D.v";
