#! /usr/bin/vvp
:ivl_version "11.0 (stable)";
:ivl_delay_selection "TYPICAL";
:vpi_time_precision + 0;
:vpi_module "/usr/lib/x86_64-linux-gnu/ivl/system.vpi";
:vpi_module "/usr/lib/x86_64-linux-gnu/ivl/vhdl_sys.vpi";
:vpi_module "/usr/lib/x86_64-linux-gnu/ivl/vhdl_textio.vpi";
:vpi_module "/usr/lib/x86_64-linux-gnu/ivl/v2005_math.vpi";
:vpi_module "/usr/lib/x86_64-linux-gnu/ivl/va_math.vpi";
S_0x55ce7722d050 .scope module, "Guia_1403" "Guia_1403" 2 14;
 .timescale 0 0;
v0x55ce77251610_0 .var "clear", 0 0;
v0x55ce772516d0_0 .var "clock", 0 0;
v0x55ce77251790_0 .var "input0", 0 0;
v0x55ce77251830_0 .net "out_0", 0 0, v0x55ce7724dfa0_0;  1 drivers
v0x55ce772518d0_0 .net "out_1", 0 0, v0x55ce7724e750_0;  1 drivers
v0x55ce772519c0_0 .net "out_2", 0 0, v0x55ce7724ef40_0;  1 drivers
v0x55ce77251a60_0 .net "out_3", 0 0, v0x55ce7724f6d0_0;  1 drivers
v0x55ce77251b00_0 .net "out_4", 0 0, v0x55ce7724feb0_0;  1 drivers
v0x55ce77251ba0_0 .net "out_5", 0 0, v0x55ce77250610_0;  1 drivers
S_0x55ce7722d1e0 .scope module, "deslocador" "DeslocadorAnelDireita1Bit" 2 22, 3 14 0, S_0x55ce7722d050;
 .timescale 0 0;
    .port_info 0 /OUTPUT 1 "out0";
    .port_info 1 /OUTPUT 1 "out1";
    .port_info 2 /OUTPUT 1 "out2";
    .port_info 3 /OUTPUT 1 "out3";
    .port_info 4 /OUTPUT 1 "out4";
    .port_info 5 /OUTPUT 1 "out5";
    .port_info 6 /INPUT 1 "input0";
    .port_info 7 /INPUT 1 "clock";
    .port_info 8 /INPUT 1 "clear";
v0x55ce77250860_0 .net "QNot_0", 0 0, v0x55ce7724e0b0_0;  1 drivers
v0x55ce77250950_0 .net "QNot_1", 0 0, v0x55ce7724e840_0;  1 drivers
v0x55ce77250a20_0 .net "QNot_2", 0 0, v0x55ce7724f030_0;  1 drivers
v0x55ce77250b20_0 .net "QNot_3", 0 0, v0x55ce7724f7c0_0;  1 drivers
v0x55ce77250bf0_0 .net "QNot_4", 0 0, v0x55ce7724ff50_0;  1 drivers
v0x55ce77250ce0_0 .net "QNot_5", 0 0, v0x55ce77250700_0;  1 drivers
v0x55ce77250db0_0 .net "clear", 0 0, v0x55ce77251610_0;  1 drivers
v0x55ce77250e50_0 .net "clock", 0 0, v0x55ce772516d0_0;  1 drivers
v0x55ce77250ef0_0 .net "input0", 0 0, v0x55ce77251790_0;  1 drivers
v0x55ce77251050_0 .net "out0", 0 0, v0x55ce7724dfa0_0;  alias, 1 drivers
v0x55ce772510f0_0 .net "out1", 0 0, v0x55ce7724e750_0;  alias, 1 drivers
v0x55ce772511e0_0 .net "out2", 0 0, v0x55ce7724ef40_0;  alias, 1 drivers
v0x55ce772512d0_0 .net "out3", 0 0, v0x55ce7724f6d0_0;  alias, 1 drivers
v0x55ce772513c0_0 .net "out4", 0 0, v0x55ce7724feb0_0;  alias, 1 drivers
v0x55ce772514b0_0 .net "out5", 0 0, v0x55ce77250610_0;  alias, 1 drivers
S_0x55ce771edcf0 .scope module, "Flip_Flop_D_0" "dff" 3 24, 4 13 0, S_0x55ce7722d1e0;
 .timescale 0 0;
    .port_info 0 /OUTPUT 1 "q";
    .port_info 1 /OUTPUT 1 "qnot";
    .port_info 2 /INPUT 1 "d";
    .port_info 3 /INPUT 1 "clk";
    .port_info 4 /INPUT 1 "preset";
    .port_info 5 /INPUT 1 "clear";
v0x55ce7721ed40_0 .net "clear", 0 0, v0x55ce77251610_0;  alias, 1 drivers
v0x55ce7721dd10_0 .net "clk", 0 0, v0x55ce772516d0_0;  alias, 1 drivers
v0x55ce7721cce0_0 .net "d", 0 0, v0x55ce77250610_0;  alias, 1 drivers
v0x55ce771efba0_0 .net "preset", 0 0, v0x55ce77251790_0;  alias, 1 drivers
v0x55ce7724dfa0_0 .var "q", 0 0;
v0x55ce7724e0b0_0 .var "qnot", 0 0;
E_0x55ce77222420 .event posedge, v0x55ce7721dd10_0;
S_0x55ce7724e230 .scope module, "Flip_Flop_D_1" "dff" 3 25, 4 13 0, S_0x55ce7722d1e0;
 .timescale 0 0;
    .port_info 0 /OUTPUT 1 "q";
    .port_info 1 /OUTPUT 1 "qnot";
    .port_info 2 /INPUT 1 "d";
    .port_info 3 /INPUT 1 "clk";
    .port_info 4 /INPUT 1 "preset";
    .port_info 5 /INPUT 1 "clear";
v0x55ce7724e4d0_0 .net "clear", 0 0, v0x55ce77251610_0;  alias, 1 drivers
v0x55ce7724e570_0 .net "clk", 0 0, v0x55ce772516d0_0;  alias, 1 drivers
v0x55ce7724e610_0 .net "d", 0 0, v0x55ce7724dfa0_0;  alias, 1 drivers
L_0x7f971ec93018 .functor BUFT 1, C4<0>, C4<0>, C4<0>, C4<0>;
v0x55ce7724e6b0_0 .net "preset", 0 0, L_0x7f971ec93018;  1 drivers
v0x55ce7724e750_0 .var "q", 0 0;
v0x55ce7724e840_0 .var "qnot", 0 0;
S_0x55ce7724e980 .scope module, "Flip_Flop_D_2" "dff" 3 26, 4 13 0, S_0x55ce7722d1e0;
 .timescale 0 0;
    .port_info 0 /OUTPUT 1 "q";
    .port_info 1 /OUTPUT 1 "qnot";
    .port_info 2 /INPUT 1 "d";
    .port_info 3 /INPUT 1 "clk";
    .port_info 4 /INPUT 1 "preset";
    .port_info 5 /INPUT 1 "clear";
v0x55ce7724ec00_0 .net "clear", 0 0, v0x55ce77251610_0;  alias, 1 drivers
v0x55ce7724ecf0_0 .net "clk", 0 0, v0x55ce772516d0_0;  alias, 1 drivers
v0x55ce7724ee00_0 .net "d", 0 0, v0x55ce7724e750_0;  alias, 1 drivers
L_0x7f971ec93060 .functor BUFT 1, C4<0>, C4<0>, C4<0>, C4<0>;
v0x55ce7724eea0_0 .net "preset", 0 0, L_0x7f971ec93060;  1 drivers
v0x55ce7724ef40_0 .var "q", 0 0;
v0x55ce7724f030_0 .var "qnot", 0 0;
S_0x55ce7724f190 .scope module, "Flip_Flop_D_3" "dff" 3 27, 4 13 0, S_0x55ce7722d1e0;
 .timescale 0 0;
    .port_info 0 /OUTPUT 1 "q";
    .port_info 1 /OUTPUT 1 "qnot";
    .port_info 2 /INPUT 1 "d";
    .port_info 3 /INPUT 1 "clk";
    .port_info 4 /INPUT 1 "preset";
    .port_info 5 /INPUT 1 "clear";
v0x55ce7724f410_0 .net "clear", 0 0, v0x55ce77251610_0;  alias, 1 drivers
v0x55ce7724f4d0_0 .net "clk", 0 0, v0x55ce772516d0_0;  alias, 1 drivers
v0x55ce7724f590_0 .net "d", 0 0, v0x55ce7724ef40_0;  alias, 1 drivers
L_0x7f971ec930a8 .functor BUFT 1, C4<0>, C4<0>, C4<0>, C4<0>;
v0x55ce7724f630_0 .net "preset", 0 0, L_0x7f971ec930a8;  1 drivers
v0x55ce7724f6d0_0 .var "q", 0 0;
v0x55ce7724f7c0_0 .var "qnot", 0 0;
S_0x55ce7724f920 .scope module, "Flip_Flop_D_4" "dff" 3 28, 4 13 0, S_0x55ce7722d1e0;
 .timescale 0 0;
    .port_info 0 /OUTPUT 1 "q";
    .port_info 1 /OUTPUT 1 "qnot";
    .port_info 2 /INPUT 1 "d";
    .port_info 3 /INPUT 1 "clk";
    .port_info 4 /INPUT 1 "preset";
    .port_info 5 /INPUT 1 "clear";
v0x55ce7724fbf0_0 .net "clear", 0 0, v0x55ce77251610_0;  alias, 1 drivers
v0x55ce7724fcb0_0 .net "clk", 0 0, v0x55ce772516d0_0;  alias, 1 drivers
v0x55ce7724fd70_0 .net "d", 0 0, v0x55ce7724f6d0_0;  alias, 1 drivers
L_0x7f971ec930f0 .functor BUFT 1, C4<0>, C4<0>, C4<0>, C4<0>;
v0x55ce7724fe10_0 .net "preset", 0 0, L_0x7f971ec930f0;  1 drivers
v0x55ce7724feb0_0 .var "q", 0 0;
v0x55ce7724ff50_0 .var "qnot", 0 0;
S_0x55ce772500f0 .scope module, "Flip_Flop_D_5" "dff" 3 29, 4 13 0, S_0x55ce7722d1e0;
 .timescale 0 0;
    .port_info 0 /OUTPUT 1 "q";
    .port_info 1 /OUTPUT 1 "qnot";
    .port_info 2 /INPUT 1 "d";
    .port_info 3 /INPUT 1 "clk";
    .port_info 4 /INPUT 1 "preset";
    .port_info 5 /INPUT 1 "clear";
v0x55ce77250320_0 .net "clear", 0 0, v0x55ce77251610_0;  alias, 1 drivers
v0x55ce772503e0_0 .net "clk", 0 0, v0x55ce772516d0_0;  alias, 1 drivers
v0x55ce772504a0_0 .net "d", 0 0, v0x55ce7724feb0_0;  alias, 1 drivers
L_0x7f971ec93138 .functor BUFT 1, C4<0>, C4<0>, C4<0>, C4<0>;
v0x55ce77250570_0 .net "preset", 0 0, L_0x7f971ec93138;  1 drivers
v0x55ce77250610_0 .var "q", 0 0;
v0x55ce77250700_0 .var "qnot", 0 0;
    .scope S_0x55ce771edcf0;
T_0 ;
    %wait E_0x55ce77222420;
    %load/vec4 v0x55ce7721ed40_0;
    %flag_set/vec4 8;
    %jmp/0xz  T_0.0, 8;
    %pushi/vec4 0, 0, 1;
    %assign/vec4 v0x55ce7724dfa0_0, 0;
    %pushi/vec4 1, 0, 1;
    %assign/vec4 v0x55ce7724e0b0_0, 0;
    %jmp T_0.1;
T_0.0 ;
    %load/vec4 v0x55ce771efba0_0;
    %flag_set/vec4 8;
    %jmp/0xz  T_0.2, 8;
    %pushi/vec4 1, 0, 1;
    %assign/vec4 v0x55ce7724dfa0_0, 0;
    %pushi/vec4 0, 0, 1;
    %assign/vec4 v0x55ce7724e0b0_0, 0;
    %jmp T_0.3;
T_0.2 ;
    %load/vec4 v0x55ce7721cce0_0;
    %assign/vec4 v0x55ce7724dfa0_0, 0;
    %load/vec4 v0x55ce7721cce0_0;
    %inv;
    %assign/vec4 v0x55ce7724e0b0_0, 0;
T_0.3 ;
T_0.1 ;
    %jmp T_0;
    .thread T_0;
    .scope S_0x55ce7724e230;
T_1 ;
    %wait E_0x55ce77222420;
    %load/vec4 v0x55ce7724e4d0_0;
    %flag_set/vec4 8;
    %jmp/0xz  T_1.0, 8;
    %pushi/vec4 0, 0, 1;
    %assign/vec4 v0x55ce7724e750_0, 0;
    %pushi/vec4 1, 0, 1;
    %assign/vec4 v0x55ce7724e840_0, 0;
    %jmp T_1.1;
T_1.0 ;
    %load/vec4 v0x55ce7724e6b0_0;
    %flag_set/vec4 8;
    %jmp/0xz  T_1.2, 8;
    %pushi/vec4 1, 0, 1;
    %assign/vec4 v0x55ce7724e750_0, 0;
    %pushi/vec4 0, 0, 1;
    %assign/vec4 v0x55ce7724e840_0, 0;
    %jmp T_1.3;
T_1.2 ;
    %load/vec4 v0x55ce7724e610_0;
    %assign/vec4 v0x55ce7724e750_0, 0;
    %load/vec4 v0x55ce7724e610_0;
    %inv;
    %assign/vec4 v0x55ce7724e840_0, 0;
T_1.3 ;
T_1.1 ;
    %jmp T_1;
    .thread T_1;
    .scope S_0x55ce7724e980;
T_2 ;
    %wait E_0x55ce77222420;
    %load/vec4 v0x55ce7724ec00_0;
    %flag_set/vec4 8;
    %jmp/0xz  T_2.0, 8;
    %pushi/vec4 0, 0, 1;
    %assign/vec4 v0x55ce7724ef40_0, 0;
    %pushi/vec4 1, 0, 1;
    %assign/vec4 v0x55ce7724f030_0, 0;
    %jmp T_2.1;
T_2.0 ;
    %load/vec4 v0x55ce7724eea0_0;
    %flag_set/vec4 8;
    %jmp/0xz  T_2.2, 8;
    %pushi/vec4 1, 0, 1;
    %assign/vec4 v0x55ce7724ef40_0, 0;
    %pushi/vec4 0, 0, 1;
    %assign/vec4 v0x55ce7724f030_0, 0;
    %jmp T_2.3;
T_2.2 ;
    %load/vec4 v0x55ce7724ee00_0;
    %assign/vec4 v0x55ce7724ef40_0, 0;
    %load/vec4 v0x55ce7724ee00_0;
    %inv;
    %assign/vec4 v0x55ce7724f030_0, 0;
T_2.3 ;
T_2.1 ;
    %jmp T_2;
    .thread T_2;
    .scope S_0x55ce7724f190;
T_3 ;
    %wait E_0x55ce77222420;
    %load/vec4 v0x55ce7724f410_0;
    %flag_set/vec4 8;
    %jmp/0xz  T_3.0, 8;
    %pushi/vec4 0, 0, 1;
    %assign/vec4 v0x55ce7724f6d0_0, 0;
    %pushi/vec4 1, 0, 1;
    %assign/vec4 v0x55ce7724f7c0_0, 0;
    %jmp T_3.1;
T_3.0 ;
    %load/vec4 v0x55ce7724f630_0;
    %flag_set/vec4 8;
    %jmp/0xz  T_3.2, 8;
    %pushi/vec4 1, 0, 1;
    %assign/vec4 v0x55ce7724f6d0_0, 0;
    %pushi/vec4 0, 0, 1;
    %assign/vec4 v0x55ce7724f7c0_0, 0;
    %jmp T_3.3;
T_3.2 ;
    %load/vec4 v0x55ce7724f590_0;
    %assign/vec4 v0x55ce7724f6d0_0, 0;
    %load/vec4 v0x55ce7724f590_0;
    %inv;
    %assign/vec4 v0x55ce7724f7c0_0, 0;
T_3.3 ;
T_3.1 ;
    %jmp T_3;
    .thread T_3;
    .scope S_0x55ce7724f920;
T_4 ;
    %wait E_0x55ce77222420;
    %load/vec4 v0x55ce7724fbf0_0;
    %flag_set/vec4 8;
    %jmp/0xz  T_4.0, 8;
    %pushi/vec4 0, 0, 1;
    %assign/vec4 v0x55ce7724feb0_0, 0;
    %pushi/vec4 1, 0, 1;
    %assign/vec4 v0x55ce7724ff50_0, 0;
    %jmp T_4.1;
T_4.0 ;
    %load/vec4 v0x55ce7724fe10_0;
    %flag_set/vec4 8;
    %jmp/0xz  T_4.2, 8;
    %pushi/vec4 1, 0, 1;
    %assign/vec4 v0x55ce7724feb0_0, 0;
    %pushi/vec4 0, 0, 1;
    %assign/vec4 v0x55ce7724ff50_0, 0;
    %jmp T_4.3;
T_4.2 ;
    %load/vec4 v0x55ce7724fd70_0;
    %assign/vec4 v0x55ce7724feb0_0, 0;
    %load/vec4 v0x55ce7724fd70_0;
    %inv;
    %assign/vec4 v0x55ce7724ff50_0, 0;
T_4.3 ;
T_4.1 ;
    %jmp T_4;
    .thread T_4;
    .scope S_0x55ce772500f0;
T_5 ;
    %wait E_0x55ce77222420;
    %load/vec4 v0x55ce77250320_0;
    %flag_set/vec4 8;
    %jmp/0xz  T_5.0, 8;
    %pushi/vec4 0, 0, 1;
    %assign/vec4 v0x55ce77250610_0, 0;
    %pushi/vec4 1, 0, 1;
    %assign/vec4 v0x55ce77250700_0, 0;
    %jmp T_5.1;
T_5.0 ;
    %load/vec4 v0x55ce77250570_0;
    %flag_set/vec4 8;
    %jmp/0xz  T_5.2, 8;
    %pushi/vec4 1, 0, 1;
    %assign/vec4 v0x55ce77250610_0, 0;
    %pushi/vec4 0, 0, 1;
    %assign/vec4 v0x55ce77250700_0, 0;
    %jmp T_5.3;
T_5.2 ;
    %load/vec4 v0x55ce772504a0_0;
    %assign/vec4 v0x55ce77250610_0, 0;
    %load/vec4 v0x55ce772504a0_0;
    %inv;
    %assign/vec4 v0x55ce77250700_0, 0;
T_5.3 ;
T_5.1 ;
    %jmp T_5;
    .thread T_5;
    .scope S_0x55ce7722d050;
T_6 ;
    %pushi/vec4 0, 0, 1;
    %store/vec4 v0x55ce772516d0_0, 0, 1;
T_6.0 ;
    %delay 5, 0;
    %load/vec4 v0x55ce772516d0_0;
    %inv;
    %store/vec4 v0x55ce772516d0_0, 0, 1;
    %jmp T_6.0;
    %end;
    .thread T_6;
    .scope S_0x55ce7722d050;
T_7 ;
    %vpi_call 2 32 "$monitor", "Tempo=%0t | clear=%b | input0 = %b | out=%b%b%b%b%b%b", $time, v0x55ce77251610_0, v0x55ce77251790_0, v0x55ce77251830_0, v0x55ce772518d0_0, v0x55ce772519c0_0, v0x55ce77251a60_0, v0x55ce77251b00_0, v0x55ce77251ba0_0 {0 0 0};
    %pushi/vec4 0, 0, 1;
    %store/vec4 v0x55ce77251790_0, 0, 1;
    %pushi/vec4 1, 0, 1;
    %store/vec4 v0x55ce77251610_0, 0, 1;
    %delay 10, 0;
    %pushi/vec4 0, 0, 1;
    %store/vec4 v0x55ce77251610_0, 0, 1;
    %delay 5, 0;
    %pushi/vec4 1, 0, 1;
    %store/vec4 v0x55ce77251790_0, 0, 1;
    %delay 5, 0;
    %pushi/vec4 0, 0, 1;
    %store/vec4 v0x55ce77251790_0, 0, 1;
    %delay 10, 0;
    %delay 10, 0;
    %delay 10, 0;
    %delay 10, 0;
    %delay 10, 0;
    %delay 5, 0;
    %delay 5, 0;
    %pushi/vec4 1, 0, 1;
    %store/vec4 v0x55ce77251790_0, 0, 1;
    %delay 5, 0;
    %pushi/vec4 0, 0, 1;
    %store/vec4 v0x55ce77251790_0, 0, 1;
    %delay 10, 0;
    %delay 10, 0;
    %delay 10, 0;
    %pushi/vec4 1, 0, 1;
    %store/vec4 v0x55ce77251610_0, 0, 1;
    %delay 10, 0;
    %delay 10, 0;
    %vpi_call 2 63 "$finish" {0 0 0};
    %end;
    .thread T_7;
# The file index is used to find the file name in the following table.
:file_names 5;
    "N/A";
    "<interactive>";
    "Guia_1403.v";
    "./DeslocadorAnelDireita1Bit.v";
    "./Flip_Flop_D.v";
