#! /usr/bin/vvp
:ivl_version "11.0 (stable)";
:ivl_delay_selection "TYPICAL";
:vpi_time_precision + 0;
:vpi_module "/usr/lib/x86_64-linux-gnu/ivl/system.vpi";
:vpi_module "/usr/lib/x86_64-linux-gnu/ivl/vhdl_sys.vpi";
:vpi_module "/usr/lib/x86_64-linux-gnu/ivl/vhdl_textio.vpi";
:vpi_module "/usr/lib/x86_64-linux-gnu/ivl/v2005_math.vpi";
:vpi_module "/usr/lib/x86_64-linux-gnu/ivl/va_math.vpi";
S_0x562f39774050 .scope module, "Guia_1403" "Guia_1403" 2 14;
 .timescale 0 0;
v0x562f39798b00_0 .var "clear", 0 0;
v0x562f39798bc0_0 .var "clock", 0 0;
v0x562f39798c80_0 .var "input0", 0 0;
v0x562f39798d20_0 .net "out_0", 0 0, v0x562f397954c0_0;  1 drivers
v0x562f39798e10_0 .net "out_1", 0 0, v0x562f39795c70_0;  1 drivers
v0x562f39798f00_0 .net "out_2", 0 0, v0x562f39796460_0;  1 drivers
v0x562f39798fa0_0 .net "out_3", 0 0, v0x562f39796bf0_0;  1 drivers
v0x562f39799040_0 .net "out_4", 0 0, v0x562f397973d0_0;  1 drivers
v0x562f397990e0_0 .net "out_5", 0 0, v0x562f39797b30_0;  1 drivers
S_0x562f397741e0 .scope module, "deslocador" "DeslocadorAnelTorcidoEsquerda1Bit" 2 22, 3 14 0, S_0x562f39774050;
 .timescale 0 0;
    .port_info 0 /OUTPUT 1 "out0";
    .port_info 1 /OUTPUT 1 "out1";
    .port_info 2 /OUTPUT 1 "out2";
    .port_info 3 /OUTPUT 1 "out3";
    .port_info 4 /OUTPUT 1 "out4";
    .port_info 5 /OUTPUT 1 "out5";
    .port_info 6 /INPUT 1 "input0";
    .port_info 7 /INPUT 1 "clock";
    .port_info 8 /INPUT 1 "clear";
v0x562f39797d80_0 .net "QNot_0", 0 0, v0x562f397955d0_0;  1 drivers
v0x562f39797e90_0 .net "QNot_1", 0 0, v0x562f39795d60_0;  1 drivers
v0x562f39797f50_0 .net "QNot_2", 0 0, v0x562f39796550_0;  1 drivers
v0x562f39798050_0 .net "QNot_3", 0 0, v0x562f39796ce0_0;  1 drivers
v0x562f39798120_0 .net "QNot_4", 0 0, v0x562f39797470_0;  1 drivers
v0x562f39798210_0 .net "QNot_5", 0 0, v0x562f39797c20_0;  1 drivers
v0x562f397982e0_0 .net "clear", 0 0, v0x562f39798b00_0;  1 drivers
v0x562f39798380_0 .net "clock", 0 0, v0x562f39798bc0_0;  1 drivers
v0x562f39798420_0 .net "input0", 0 0, v0x562f39798c80_0;  1 drivers
v0x562f39798580_0 .net "out0", 0 0, v0x562f397954c0_0;  alias, 1 drivers
v0x562f39798650_0 .net "out1", 0 0, v0x562f39795c70_0;  alias, 1 drivers
v0x562f397986f0_0 .net "out2", 0 0, v0x562f39796460_0;  alias, 1 drivers
v0x562f397987e0_0 .net "out3", 0 0, v0x562f39796bf0_0;  alias, 1 drivers
v0x562f397988d0_0 .net "out4", 0 0, v0x562f397973d0_0;  alias, 1 drivers
v0x562f397989c0_0 .net "out5", 0 0, v0x562f39797b30_0;  alias, 1 drivers
S_0x562f39734cf0 .scope module, "Flip_Flop_D_0" "dff" 3 29, 4 13 0, S_0x562f397741e0;
 .timescale 0 0;
    .port_info 0 /OUTPUT 1 "q";
    .port_info 1 /OUTPUT 1 "qnot";
    .port_info 2 /INPUT 1 "d";
    .port_info 3 /INPUT 1 "clk";
    .port_info 4 /INPUT 1 "preset";
    .port_info 5 /INPUT 1 "clear";
v0x562f39736ba0_0 .net "clear", 0 0, v0x562f39798b00_0;  alias, 1 drivers
v0x562f39763c20_0 .net "clk", 0 0, v0x562f39798bc0_0;  alias, 1 drivers
v0x562f39764c50_0 .net "d", 0 0, v0x562f39795c70_0;  alias, 1 drivers
L_0x7f9df9673138 .functor BUFT 1, C4<0>, C4<0>, C4<0>, C4<0>;
v0x562f39765c80_0 .net "preset", 0 0, L_0x7f9df9673138;  1 drivers
v0x562f397954c0_0 .var "q", 0 0;
v0x562f397955d0_0 .var "qnot", 0 0;
E_0x562f39769bf0 .event posedge, v0x562f39763c20_0;
S_0x562f39795750 .scope module, "Flip_Flop_D_1" "dff" 3 28, 4 13 0, S_0x562f397741e0;
 .timescale 0 0;
    .port_info 0 /OUTPUT 1 "q";
    .port_info 1 /OUTPUT 1 "qnot";
    .port_info 2 /INPUT 1 "d";
    .port_info 3 /INPUT 1 "clk";
    .port_info 4 /INPUT 1 "preset";
    .port_info 5 /INPUT 1 "clear";
v0x562f397959f0_0 .net "clear", 0 0, v0x562f39798b00_0;  alias, 1 drivers
v0x562f39795a90_0 .net "clk", 0 0, v0x562f39798bc0_0;  alias, 1 drivers
v0x562f39795b30_0 .net "d", 0 0, v0x562f39796460_0;  alias, 1 drivers
L_0x7f9df96730f0 .functor BUFT 1, C4<0>, C4<0>, C4<0>, C4<0>;
v0x562f39795bd0_0 .net "preset", 0 0, L_0x7f9df96730f0;  1 drivers
v0x562f39795c70_0 .var "q", 0 0;
v0x562f39795d60_0 .var "qnot", 0 0;
S_0x562f39795ea0 .scope module, "Flip_Flop_D_2" "dff" 3 27, 4 13 0, S_0x562f397741e0;
 .timescale 0 0;
    .port_info 0 /OUTPUT 1 "q";
    .port_info 1 /OUTPUT 1 "qnot";
    .port_info 2 /INPUT 1 "d";
    .port_info 3 /INPUT 1 "clk";
    .port_info 4 /INPUT 1 "preset";
    .port_info 5 /INPUT 1 "clear";
v0x562f39796120_0 .net "clear", 0 0, v0x562f39798b00_0;  alias, 1 drivers
v0x562f39796210_0 .net "clk", 0 0, v0x562f39798bc0_0;  alias, 1 drivers
v0x562f39796320_0 .net "d", 0 0, v0x562f39796bf0_0;  alias, 1 drivers
L_0x7f9df96730a8 .functor BUFT 1, C4<0>, C4<0>, C4<0>, C4<0>;
v0x562f397963c0_0 .net "preset", 0 0, L_0x7f9df96730a8;  1 drivers
v0x562f39796460_0 .var "q", 0 0;
v0x562f39796550_0 .var "qnot", 0 0;
S_0x562f397966b0 .scope module, "Flip_Flop_D_3" "dff" 3 26, 4 13 0, S_0x562f397741e0;
 .timescale 0 0;
    .port_info 0 /OUTPUT 1 "q";
    .port_info 1 /OUTPUT 1 "qnot";
    .port_info 2 /INPUT 1 "d";
    .port_info 3 /INPUT 1 "clk";
    .port_info 4 /INPUT 1 "preset";
    .port_info 5 /INPUT 1 "clear";
v0x562f39796930_0 .net "clear", 0 0, v0x562f39798b00_0;  alias, 1 drivers
v0x562f397969f0_0 .net "clk", 0 0, v0x562f39798bc0_0;  alias, 1 drivers
v0x562f39796ab0_0 .net "d", 0 0, v0x562f397973d0_0;  alias, 1 drivers
L_0x7f9df9673060 .functor BUFT 1, C4<0>, C4<0>, C4<0>, C4<0>;
v0x562f39796b50_0 .net "preset", 0 0, L_0x7f9df9673060;  1 drivers
v0x562f39796bf0_0 .var "q", 0 0;
v0x562f39796ce0_0 .var "qnot", 0 0;
S_0x562f39796e40 .scope module, "Flip_Flop_D_4" "dff" 3 25, 4 13 0, S_0x562f397741e0;
 .timescale 0 0;
    .port_info 0 /OUTPUT 1 "q";
    .port_info 1 /OUTPUT 1 "qnot";
    .port_info 2 /INPUT 1 "d";
    .port_info 3 /INPUT 1 "clk";
    .port_info 4 /INPUT 1 "preset";
    .port_info 5 /INPUT 1 "clear";
v0x562f39797110_0 .net "clear", 0 0, v0x562f39798b00_0;  alias, 1 drivers
v0x562f397971d0_0 .net "clk", 0 0, v0x562f39798bc0_0;  alias, 1 drivers
v0x562f39797290_0 .net "d", 0 0, v0x562f39797b30_0;  alias, 1 drivers
L_0x7f9df9673018 .functor BUFT 1, C4<0>, C4<0>, C4<0>, C4<0>;
v0x562f39797330_0 .net "preset", 0 0, L_0x7f9df9673018;  1 drivers
v0x562f397973d0_0 .var "q", 0 0;
v0x562f39797470_0 .var "qnot", 0 0;
S_0x562f39797610 .scope module, "Flip_Flop_D_5" "dff" 3 24, 4 13 0, S_0x562f397741e0;
 .timescale 0 0;
    .port_info 0 /OUTPUT 1 "q";
    .port_info 1 /OUTPUT 1 "qnot";
    .port_info 2 /INPUT 1 "d";
    .port_info 3 /INPUT 1 "clk";
    .port_info 4 /INPUT 1 "preset";
    .port_info 5 /INPUT 1 "clear";
v0x562f39797840_0 .net "clear", 0 0, v0x562f39798b00_0;  alias, 1 drivers
v0x562f39797900_0 .net "clk", 0 0, v0x562f39798bc0_0;  alias, 1 drivers
v0x562f397979c0_0 .net "d", 0 0, v0x562f397955d0_0;  alias, 1 drivers
v0x562f39797a90_0 .net "preset", 0 0, v0x562f39798c80_0;  alias, 1 drivers
v0x562f39797b30_0 .var "q", 0 0;
v0x562f39797c20_0 .var "qnot", 0 0;
    .scope S_0x562f39797610;
T_0 ;
    %wait E_0x562f39769bf0;
    %load/vec4 v0x562f39797840_0;
    %flag_set/vec4 8;
    %jmp/0xz  T_0.0, 8;
    %pushi/vec4 0, 0, 1;
    %assign/vec4 v0x562f39797b30_0, 0;
    %pushi/vec4 1, 0, 1;
    %assign/vec4 v0x562f39797c20_0, 0;
    %jmp T_0.1;
T_0.0 ;
    %load/vec4 v0x562f39797a90_0;
    %flag_set/vec4 8;
    %jmp/0xz  T_0.2, 8;
    %pushi/vec4 1, 0, 1;
    %assign/vec4 v0x562f39797b30_0, 0;
    %pushi/vec4 0, 0, 1;
    %assign/vec4 v0x562f39797c20_0, 0;
    %jmp T_0.3;
T_0.2 ;
    %load/vec4 v0x562f397979c0_0;
    %assign/vec4 v0x562f39797b30_0, 0;
    %load/vec4 v0x562f397979c0_0;
    %inv;
    %assign/vec4 v0x562f39797c20_0, 0;
T_0.3 ;
T_0.1 ;
    %jmp T_0;
    .thread T_0;
    .scope S_0x562f39796e40;
T_1 ;
    %wait E_0x562f39769bf0;
    %load/vec4 v0x562f39797110_0;
    %flag_set/vec4 8;
    %jmp/0xz  T_1.0, 8;
    %pushi/vec4 0, 0, 1;
    %assign/vec4 v0x562f397973d0_0, 0;
    %pushi/vec4 1, 0, 1;
    %assign/vec4 v0x562f39797470_0, 0;
    %jmp T_1.1;
T_1.0 ;
    %load/vec4 v0x562f39797330_0;
    %flag_set/vec4 8;
    %jmp/0xz  T_1.2, 8;
    %pushi/vec4 1, 0, 1;
    %assign/vec4 v0x562f397973d0_0, 0;
    %pushi/vec4 0, 0, 1;
    %assign/vec4 v0x562f39797470_0, 0;
    %jmp T_1.3;
T_1.2 ;
    %load/vec4 v0x562f39797290_0;
    %assign/vec4 v0x562f397973d0_0, 0;
    %load/vec4 v0x562f39797290_0;
    %inv;
    %assign/vec4 v0x562f39797470_0, 0;
T_1.3 ;
T_1.1 ;
    %jmp T_1;
    .thread T_1;
    .scope S_0x562f397966b0;
T_2 ;
    %wait E_0x562f39769bf0;
    %load/vec4 v0x562f39796930_0;
    %flag_set/vec4 8;
    %jmp/0xz  T_2.0, 8;
    %pushi/vec4 0, 0, 1;
    %assign/vec4 v0x562f39796bf0_0, 0;
    %pushi/vec4 1, 0, 1;
    %assign/vec4 v0x562f39796ce0_0, 0;
    %jmp T_2.1;
T_2.0 ;
    %load/vec4 v0x562f39796b50_0;
    %flag_set/vec4 8;
    %jmp/0xz  T_2.2, 8;
    %pushi/vec4 1, 0, 1;
    %assign/vec4 v0x562f39796bf0_0, 0;
    %pushi/vec4 0, 0, 1;
    %assign/vec4 v0x562f39796ce0_0, 0;
    %jmp T_2.3;
T_2.2 ;
    %load/vec4 v0x562f39796ab0_0;
    %assign/vec4 v0x562f39796bf0_0, 0;
    %load/vec4 v0x562f39796ab0_0;
    %inv;
    %assign/vec4 v0x562f39796ce0_0, 0;
T_2.3 ;
T_2.1 ;
    %jmp T_2;
    .thread T_2;
    .scope S_0x562f39795ea0;
T_3 ;
    %wait E_0x562f39769bf0;
    %load/vec4 v0x562f39796120_0;
    %flag_set/vec4 8;
    %jmp/0xz  T_3.0, 8;
    %pushi/vec4 0, 0, 1;
    %assign/vec4 v0x562f39796460_0, 0;
    %pushi/vec4 1, 0, 1;
    %assign/vec4 v0x562f39796550_0, 0;
    %jmp T_3.1;
T_3.0 ;
    %load/vec4 v0x562f397963c0_0;
    %flag_set/vec4 8;
    %jmp/0xz  T_3.2, 8;
    %pushi/vec4 1, 0, 1;
    %assign/vec4 v0x562f39796460_0, 0;
    %pushi/vec4 0, 0, 1;
    %assign/vec4 v0x562f39796550_0, 0;
    %jmp T_3.3;
T_3.2 ;
    %load/vec4 v0x562f39796320_0;
    %assign/vec4 v0x562f39796460_0, 0;
    %load/vec4 v0x562f39796320_0;
    %inv;
    %assign/vec4 v0x562f39796550_0, 0;
T_3.3 ;
T_3.1 ;
    %jmp T_3;
    .thread T_3;
    .scope S_0x562f39795750;
T_4 ;
    %wait E_0x562f39769bf0;
    %load/vec4 v0x562f397959f0_0;
    %flag_set/vec4 8;
    %jmp/0xz  T_4.0, 8;
    %pushi/vec4 0, 0, 1;
    %assign/vec4 v0x562f39795c70_0, 0;
    %pushi/vec4 1, 0, 1;
    %assign/vec4 v0x562f39795d60_0, 0;
    %jmp T_4.1;
T_4.0 ;
    %load/vec4 v0x562f39795bd0_0;
    %flag_set/vec4 8;
    %jmp/0xz  T_4.2, 8;
    %pushi/vec4 1, 0, 1;
    %assign/vec4 v0x562f39795c70_0, 0;
    %pushi/vec4 0, 0, 1;
    %assign/vec4 v0x562f39795d60_0, 0;
    %jmp T_4.3;
T_4.2 ;
    %load/vec4 v0x562f39795b30_0;
    %assign/vec4 v0x562f39795c70_0, 0;
    %load/vec4 v0x562f39795b30_0;
    %inv;
    %assign/vec4 v0x562f39795d60_0, 0;
T_4.3 ;
T_4.1 ;
    %jmp T_4;
    .thread T_4;
    .scope S_0x562f39734cf0;
T_5 ;
    %wait E_0x562f39769bf0;
    %load/vec4 v0x562f39736ba0_0;
    %flag_set/vec4 8;
    %jmp/0xz  T_5.0, 8;
    %pushi/vec4 0, 0, 1;
    %assign/vec4 v0x562f397954c0_0, 0;
    %pushi/vec4 1, 0, 1;
    %assign/vec4 v0x562f397955d0_0, 0;
    %jmp T_5.1;
T_5.0 ;
    %load/vec4 v0x562f39765c80_0;
    %flag_set/vec4 8;
    %jmp/0xz  T_5.2, 8;
    %pushi/vec4 1, 0, 1;
    %assign/vec4 v0x562f397954c0_0, 0;
    %pushi/vec4 0, 0, 1;
    %assign/vec4 v0x562f397955d0_0, 0;
    %jmp T_5.3;
T_5.2 ;
    %load/vec4 v0x562f39764c50_0;
    %assign/vec4 v0x562f397954c0_0, 0;
    %load/vec4 v0x562f39764c50_0;
    %inv;
    %assign/vec4 v0x562f397955d0_0, 0;
T_5.3 ;
T_5.1 ;
    %jmp T_5;
    .thread T_5;
    .scope S_0x562f39774050;
T_6 ;
    %pushi/vec4 0, 0, 1;
    %store/vec4 v0x562f39798bc0_0, 0, 1;
T_6.0 ;
    %delay 5, 0;
    %load/vec4 v0x562f39798bc0_0;
    %inv;
    %store/vec4 v0x562f39798bc0_0, 0, 1;
    %jmp T_6.0;
    %end;
    .thread T_6;
    .scope S_0x562f39774050;
T_7 ;
    %vpi_call 2 32 "$monitor", "Tempo=%0t | clear=%b | input0 = %b | out=%b%b%b%b%b%b", $time, v0x562f39798b00_0, v0x562f39798c80_0, v0x562f39798d20_0, v0x562f39798e10_0, v0x562f39798f00_0, v0x562f39798fa0_0, v0x562f39799040_0, v0x562f397990e0_0 {0 0 0};
    %pushi/vec4 0, 0, 1;
    %store/vec4 v0x562f39798c80_0, 0, 1;
    %pushi/vec4 1, 0, 1;
    %store/vec4 v0x562f39798b00_0, 0, 1;
    %delay 10, 0;
    %pushi/vec4 0, 0, 1;
    %store/vec4 v0x562f39798b00_0, 0, 1;
    %delay 5, 0;
    %pushi/vec4 1, 0, 1;
    %store/vec4 v0x562f39798c80_0, 0, 1;
    %delay 5, 0;
    %pushi/vec4 0, 0, 1;
    %store/vec4 v0x562f39798c80_0, 0, 1;
    %delay 10, 0;
    %delay 10, 0;
    %delay 10, 0;
    %delay 10, 0;
    %delay 10, 0;
    %delay 5, 0;
    %delay 5, 0;
    %pushi/vec4 1, 0, 1;
    %store/vec4 v0x562f39798c80_0, 0, 1;
    %delay 5, 0;
    %pushi/vec4 0, 0, 1;
    %store/vec4 v0x562f39798c80_0, 0, 1;
    %delay 10, 0;
    %delay 10, 0;
    %delay 10, 0;
    %delay 10, 0;
    %delay 10, 0;
    %delay 10, 0;
    %delay 10, 0;
    %pushi/vec4 1, 0, 1;
    %store/vec4 v0x562f39798b00_0, 0, 1;
    %delay 10, 0;
    %delay 10, 0;
    %vpi_call 2 67 "$finish" {0 0 0};
    %end;
    .thread T_7;
# The file index is used to find the file name in the following table.
:file_names 5;
    "N/A";
    "<interactive>";
    "Guia_1404.v";
    "./DeslocadorAnelTorcidoEsquerda1Bit.v";
    "./Flip_Flop_D.v";
