#! /usr/bin/vvp
:ivl_version "11.0 (stable)";
:ivl_delay_selection "TYPICAL";
:vpi_time_precision + 0;
:vpi_module "/usr/lib/x86_64-linux-gnu/ivl/system.vpi";
:vpi_module "/usr/lib/x86_64-linux-gnu/ivl/vhdl_sys.vpi";
:vpi_module "/usr/lib/x86_64-linux-gnu/ivl/vhdl_textio.vpi";
:vpi_module "/usr/lib/x86_64-linux-gnu/ivl/v2005_math.vpi";
:vpi_module "/usr/lib/x86_64-linux-gnu/ivl/va_math.vpi";
S_0x55a50566fcf0 .scope module, "Mealy_1101" "Mealy_1101" 2 93;
 .timescale 0 0;
v0x55a5056cbb60_0 .var "clk", 0 0;
v0x55a5056cbc20_0 .var "entrada", 7 0;
v0x55a5056cbce0_0 .var "reset", 0 0;
v0x55a5056cbde0_0 .var "x", 0 0;
v0x55a5056cbeb0_0 .net "y", 0 0, v0x55a5056cba20_0;  1 drivers
S_0x55a50566fe80 .scope module, "uut" "mealy_1101" 2 104, 2 33 0, S_0x55a50566fcf0;
 .timescale 0 0;
    .port_info 0 /OUTPUT 1 "y";
    .port_info 1 /INPUT 1 "x";
    .port_info 2 /INPUT 1 "clk";
    .port_info 3 /INPUT 1 "reset";
P_0x55a5056b0cc0 .param/l "id1" 0 2 41, C4<01>;
P_0x55a5056b0d00 .param/l "id11" 0 2 42, C4<11>;
P_0x55a5056b0d40 .param/l "id110" 0 2 43, C4<10>;
P_0x55a5056b0d80 .param/l "start" 0 2 40, C4<00>;
v0x55a5056ad5e0_0 .var "E1", 1 0;
v0x55a5056cb6d0_0 .var "E2", 1 0;
v0x55a5056cb7b0_0 .net "clk", 0 0, v0x55a5056cbb60_0;  1 drivers
v0x55a5056cb850_0 .net "reset", 0 0, v0x55a5056cbce0_0;  1 drivers
v0x55a5056cb910_0 .net "x", 0 0, v0x55a5056cbde0_0;  1 drivers
v0x55a5056cba20_0 .var "y", 0 0;
E_0x55a5056adc70 .event posedge, v0x55a5056cb850_0, v0x55a5056cb7b0_0;
E_0x55a5056ae4d0 .event edge, v0x55a5056ad5e0_0, v0x55a5056cb910_0;
    .scope S_0x55a50566fe80;
T_0 ;
    %wait E_0x55a5056ae4d0;
    %load/vec4 v0x55a5056ad5e0_0;
    %dup/vec4;
    %pushi/vec4 0, 0, 2;
    %cmp/u;
    %jmp/1 T_0.0, 6;
    %dup/vec4;
    %pushi/vec4 1, 0, 2;
    %cmp/u;
    %jmp/1 T_0.1, 6;
    %dup/vec4;
    %pushi/vec4 3, 0, 2;
    %cmp/u;
    %jmp/1 T_0.2, 6;
    %dup/vec4;
    %pushi/vec4 2, 0, 2;
    %cmp/u;
    %jmp/1 T_0.3, 6;
    %pushi/vec4 3, 3, 2;
    %store/vec4 v0x55a5056cb6d0_0, 0, 2;
    %jmp T_0.5;
T_0.0 ;
    %load/vec4 v0x55a5056cb910_0;
    %flag_set/vec4 8;
    %jmp/0xz  T_0.6, 8;
    %pushi/vec4 1, 0, 2;
    %store/vec4 v0x55a5056cb6d0_0, 0, 2;
    %jmp T_0.7;
T_0.6 ;
    %pushi/vec4 0, 0, 2;
    %store/vec4 v0x55a5056cb6d0_0, 0, 2;
T_0.7 ;
    %jmp T_0.5;
T_0.1 ;
    %load/vec4 v0x55a5056cb910_0;
    %flag_set/vec4 8;
    %jmp/0xz  T_0.8, 8;
    %pushi/vec4 3, 0, 2;
    %store/vec4 v0x55a5056cb6d0_0, 0, 2;
    %jmp T_0.9;
T_0.8 ;
    %pushi/vec4 0, 0, 2;
    %store/vec4 v0x55a5056cb6d0_0, 0, 2;
T_0.9 ;
    %jmp T_0.5;
T_0.2 ;
    %load/vec4 v0x55a5056cb910_0;
    %flag_set/vec4 8;
    %jmp/0xz  T_0.10, 8;
    %pushi/vec4 3, 0, 2;
    %store/vec4 v0x55a5056cb6d0_0, 0, 2;
    %jmp T_0.11;
T_0.10 ;
    %pushi/vec4 2, 0, 2;
    %store/vec4 v0x55a5056cb6d0_0, 0, 2;
T_0.11 ;
    %jmp T_0.5;
T_0.3 ;
    %load/vec4 v0x55a5056cb910_0;
    %flag_set/vec4 8;
    %jmp/0xz  T_0.12, 8;
    %pushi/vec4 1, 0, 2;
    %store/vec4 v0x55a5056cb6d0_0, 0, 2;
    %jmp T_0.13;
T_0.12 ;
    %pushi/vec4 0, 0, 2;
    %store/vec4 v0x55a5056cb6d0_0, 0, 2;
T_0.13 ;
    %jmp T_0.5;
T_0.5 ;
    %pop/vec4 1;
    %jmp T_0;
    .thread T_0, $push;
    .scope S_0x55a50566fe80;
T_1 ;
    %wait E_0x55a5056adc70;
    %load/vec4 v0x55a5056cb850_0;
    %flag_set/vec4 8;
    %jmp/0xz  T_1.0, 8;
    %pushi/vec4 0, 0, 2;
    %assign/vec4 v0x55a5056ad5e0_0, 0;
    %pushi/vec4 0, 0, 1;
    %assign/vec4 v0x55a5056cba20_0, 0;
    %jmp T_1.1;
T_1.0 ;
    %load/vec4 v0x55a5056cb6d0_0;
    %assign/vec4 v0x55a5056ad5e0_0, 0;
    %load/vec4 v0x55a5056ad5e0_0;
    %pushi/vec4 2, 0, 2;
    %cmp/e;
    %flag_get/vec4 4;
    %load/vec4 v0x55a5056cb910_0;
    %and;
    %flag_set/vec4 8;
    %jmp/0xz  T_1.2, 8;
    %pushi/vec4 1, 0, 1;
    %assign/vec4 v0x55a5056cba20_0, 0;
    %jmp T_1.3;
T_1.2 ;
    %pushi/vec4 0, 0, 1;
    %assign/vec4 v0x55a5056cba20_0, 0;
T_1.3 ;
T_1.1 ;
    %jmp T_1;
    .thread T_1;
    .scope S_0x55a50566fcf0;
T_2 ;
    %delay 10, 0;
    %load/vec4 v0x55a5056cbb60_0;
    %inv;
    %store/vec4 v0x55a5056cbb60_0, 0, 1;
    %jmp T_2;
    .thread T_2;
    .scope S_0x55a50566fcf0;
T_3 ;
    %pushi/vec4 0, 0, 1;
    %store/vec4 v0x55a5056cbb60_0, 0, 1;
    %pushi/vec4 0, 0, 1;
    %store/vec4 v0x55a5056cbce0_0, 0, 1;
    %pushi/vec4 0, 0, 1;
    %store/vec4 v0x55a5056cbde0_0, 0, 1;
    %pushi/vec4 1, 0, 1;
    %store/vec4 v0x55a5056cbce0_0, 0, 1;
    %delay 15, 0;
    %pushi/vec4 0, 0, 1;
    %store/vec4 v0x55a5056cbce0_0, 0, 1;
    %pushi/vec4 13, 0, 8;
    %store/vec4 v0x55a5056cbc20_0, 0, 8;
    %load/vec4 v0x55a5056cbc20_0;
    %parti/s 1, 3, 3;
    %store/vec4 v0x55a5056cbde0_0, 0, 1;
    %delay 20, 0;
    %load/vec4 v0x55a5056cbc20_0;
    %parti/s 1, 2, 3;
    %store/vec4 v0x55a5056cbde0_0, 0, 1;
    %delay 20, 0;
    %load/vec4 v0x55a5056cbc20_0;
    %parti/s 1, 1, 2;
    %store/vec4 v0x55a5056cbde0_0, 0, 1;
    %delay 20, 0;
    %load/vec4 v0x55a5056cbc20_0;
    %parti/s 1, 0, 2;
    %store/vec4 v0x55a5056cbde0_0, 0, 1;
    %delay 20, 0;
    %pushi/vec4 1, 0, 1;
    %store/vec4 v0x55a5056cbce0_0, 0, 1;
    %delay 15, 0;
    %pushi/vec4 0, 0, 1;
    %store/vec4 v0x55a5056cbce0_0, 0, 1;
    %pushi/vec4 14, 0, 8;
    %store/vec4 v0x55a5056cbc20_0, 0, 8;
    %load/vec4 v0x55a5056cbc20_0;
    %parti/s 1, 3, 3;
    %store/vec4 v0x55a5056cbde0_0, 0, 1;
    %delay 20, 0;
    %load/vec4 v0x55a5056cbc20_0;
    %parti/s 1, 2, 3;
    %store/vec4 v0x55a5056cbde0_0, 0, 1;
    %delay 20, 0;
    %load/vec4 v0x55a5056cbc20_0;
    %parti/s 1, 1, 2;
    %store/vec4 v0x55a5056cbde0_0, 0, 1;
    %delay 20, 0;
    %load/vec4 v0x55a5056cbc20_0;
    %parti/s 1, 0, 2;
    %store/vec4 v0x55a5056cbde0_0, 0, 1;
    %delay 20, 0;
    %pushi/vec4 1, 0, 1;
    %store/vec4 v0x55a5056cbce0_0, 0, 1;
    %delay 15, 0;
    %pushi/vec4 0, 0, 1;
    %store/vec4 v0x55a5056cbce0_0, 0, 1;
    %pushi/vec4 5, 0, 8;
    %store/vec4 v0x55a5056cbc20_0, 0, 8;
    %load/vec4 v0x55a5056cbc20_0;
    %parti/s 1, 2, 3;
    %store/vec4 v0x55a5056cbde0_0, 0, 1;
    %delay 20, 0;
    %load/vec4 v0x55a5056cbc20_0;
    %parti/s 1, 1, 2;
    %store/vec4 v0x55a5056cbde0_0, 0, 1;
    %delay 20, 0;
    %load/vec4 v0x55a5056cbc20_0;
    %parti/s 1, 0, 2;
    %store/vec4 v0x55a5056cbde0_0, 0, 1;
    %delay 20, 0;
    %pushi/vec4 1, 0, 1;
    %store/vec4 v0x55a5056cbce0_0, 0, 1;
    %delay 15, 0;
    %pushi/vec4 0, 0, 1;
    %store/vec4 v0x55a5056cbce0_0, 0, 1;
    %pushi/vec4 109, 0, 8;
    %store/vec4 v0x55a5056cbc20_0, 0, 8;
    %load/vec4 v0x55a5056cbc20_0;
    %parti/s 1, 7, 4;
    %store/vec4 v0x55a5056cbde0_0, 0, 1;
    %delay 20, 0;
    %load/vec4 v0x55a5056cbc20_0;
    %parti/s 1, 6, 4;
    %store/vec4 v0x55a5056cbde0_0, 0, 1;
    %delay 20, 0;
    %load/vec4 v0x55a5056cbc20_0;
    %parti/s 1, 5, 4;
    %store/vec4 v0x55a5056cbde0_0, 0, 1;
    %delay 20, 0;
    %load/vec4 v0x55a5056cbc20_0;
    %parti/s 1, 4, 4;
    %store/vec4 v0x55a5056cbde0_0, 0, 1;
    %delay 20, 0;
    %load/vec4 v0x55a5056cbc20_0;
    %parti/s 1, 3, 3;
    %store/vec4 v0x55a5056cbde0_0, 0, 1;
    %delay 20, 0;
    %load/vec4 v0x55a5056cbc20_0;
    %parti/s 1, 2, 3;
    %store/vec4 v0x55a5056cbde0_0, 0, 1;
    %delay 20, 0;
    %load/vec4 v0x55a5056cbc20_0;
    %parti/s 1, 1, 2;
    %store/vec4 v0x55a5056cbde0_0, 0, 1;
    %delay 20, 0;
    %load/vec4 v0x55a5056cbc20_0;
    %parti/s 1, 0, 2;
    %store/vec4 v0x55a5056cbde0_0, 0, 1;
    %delay 20, 0;
    %vpi_call 2 164 "$finish" {0 0 0};
    %end;
    .thread T_3;
    .scope S_0x55a50566fcf0;
T_4 ;
    %vpi_call 2 169 "$monitor", "Time = %5d, x = %b, y = %b, entrada = %4b, reset = %b", $time, v0x55a5056cbde0_0, v0x55a5056cbeb0_0, v0x55a5056cbc20_0, v0x55a5056cbce0_0 {0 0 0};
    %end;
    .thread T_4;
# The file index is used to find the file name in the following table.
:file_names 3;
    "N/A";
    "<interactive>";
    "Mealy_1101.v";
